[0.035s] Invoking command in '/home/arian/Framework/build/framework': CMAKE_PREFIX_PATH=${CMAKE_PREFIX_PATH}:/home/arian/ros2_foxy/install/ros2bag:/home/arian/ros2_foxy/install/tracetools_launch:/home/arian/ros2_foxy/install/topic_monitor:/home/arian/ros2_foxy/install/examples_tf2_py:/home/arian/ros2_foxy/install/sros2:/home/arian/ros2_foxy/install/rqt_topic:/home/arian/ros2_foxy/install/rqt_reconfigure:/home/arian/ros2_foxy/install/rqt_action:/home/arian/ros2_foxy/install/rqt:/home/arian/ros2_foxy/install/rqt_graph:/home/arian/ros2_foxy/install/rqt_gui_py:/home/arian/ros2_foxy/install/rqt_gui:/home/arian/ros2_foxy/install/ros2trace:/home/arian/ros2_foxy/install/ros2topic:/home/arian/ros2_foxy/install/ros2test:/home/arian/ros2_foxy/install/ros2component:/home/arian/ros2_foxy/install/ros2param:/home/arian/ros2_foxy/install/ros2lifecycle:/home/arian/ros2_foxy/install/ros2service:/home/arian/ros2_foxy/install/ros2run:/home/arian/ros2_foxy/install/ros2launch:/home/arian/ros2_foxy/install/ros2pkg:/home/arian/ros2_foxy/install/ros2node:/home/arian/ros2_foxy/install/ros2multicast:/home/arian/ros2_foxy/install/ros2interface:/home/arian/ros2_foxy/install/ros2doctor:/home/arian/ros2_foxy/install/ros2action:/home/arian/ros2_foxy/install/ros2cli:/home/arian/ros2_foxy/install/quality_of_service_demo_py:/home/arian/ros2_foxy/install/launch_testing_ros:/home/arian/ros2_foxy/install/launch_ros:/home/arian/ros2_foxy/install/examples_rclpy_minimal_subscriber:/home/arian/ros2_foxy/install/examples_rclpy_minimal_service:/home/arian/ros2_foxy/install/examples_rclpy_minimal_publisher:/home/arian/ros2_foxy/install/examples_rclpy_minimal_client:/home/arian/ros2_foxy/install/examples_rclpy_minimal_action_server:/home/arian/ros2_foxy/install/examples_rclpy_minimal_action_client:/home/arian/ros2_foxy/install/examples_rclpy_executors:/home/arian/ros2_foxy/install/demo_nodes_py:/home/arian/ros2_foxy/install/action_tutorials_py:/home/arian/ros2_foxy/install/ament_uncrustify:/home/arian/ros2_foxy/install/tracetools_trace:/home/arian/ros2_foxy/install/tracetools_read:/home/arian/ros2_foxy/install/test_launch_ros:/home/arian/ros2_foxy/install/rpyutils:/home/arian/ros2_foxy/install/rosidl_runtime_py:/home/arian/ros2_foxy/install/launch_yaml:/home/arian/ros2_foxy/install/launch_xml:/home/arian/ros2_foxy/install/launch_testing:/home/arian/ros2_foxy/install/launch:/home/arian/ros2_foxy/install/osrf_pycommon:/home/arian/ros2_foxy/install/domain_coordinator:/home/arian/ros2_foxy/install/ament_xmllint:/home/arian/ros2_foxy/install/ament_pyflakes:/home/arian/ros2_foxy/install/ament_pycodestyle:/home/arian/ros2_foxy/install/ament_pep257:/home/arian/ros2_foxy/install/ament_pclint:/home/arian/ros2_foxy/install/ament_package:/home/arian/ros2_foxy/install/ament_mypy:/home/arian/ros2_foxy/install/ament_lint_cmake:/home/arian/ros2_foxy/install/ament_flake8:/home/arian/ros2_foxy/install/ament_copyright:/home/arian/ros2_foxy/install/ament_lint:/home/arian/ros2_foxy/install/ament_index_python:/home/arian/ros2_foxy/install/ament_cpplint:/home/arian/ros2_foxy/install/ament_cppcheck:/home/arian/ros2_foxy/install/ament_clang_tidy:/home/arian/ros2_foxy/install/ament_clang_format /usr/bin/cmake --build /home/arian/Framework/build/framework -- -j12 -l12
[0.116s] [35m[1mScanning dependencies of target main[0m
[0.154s] [ 50%] [32mBuilding CXX object CMakeFiles/main.dir/src/main.cpp.o[0m
[0.302s] In file included from [01m[K/home/arian/Framework/src/framework/src/main.cpp:12[m[K:
[0.302s] [01m[K/home/arian/Framework/src/framework/include/framework/multiply_parallel.hpp:381:[m[K [01;35m[Kwarning: [m[Kignoring #pragma omp parallel [[01;35m[K-Wunknown-pragmas[m[K]
[0.302s]   381 |             #pragma omp parallel num_threads(settings_.THREAD_NUMBER)
[0.302s]       | 
[1.526s] /home/arian/Framework/src/framework/include/framework/multiply_parallel.hpp: In instantiation of ‘[01m[Kvoid summation_parallel<T>::execute(const std::vector<BufferT>&, const std::vector<BufferT>&, std::vector<BufferT>&, const settings&) [with T = int][m[K’:
[1.526s] [01m[K/home/arian/Framework/src/framework/include/framework/multiply_parallel.hpp:431:14:[m[K   required from here
[1.526s] [01m[K/home/arian/Framework/src/framework/include/framework/multiply_parallel.hpp:431:44:[m[K [01;35m[Kwarning: [m[Kunused parameter ‘[01m[Kmatrix_a_[m[K’ [[01;35m[K-Wunused-parameter[m[K]
[1.526s]   431 |         void execute([01;35m[Kconst std::vector<T>& matrix_a_[m[K, const std::vector<T>& matrix_b_, std::vector<T>& matrix_c_, const settings & settings_)
[1.526s]       |                      [01;35m[K~~~~~~~~~~~~~~~~~~~~~~^~~~~~~~~[m[K
[1.527s] [01m[K/home/arian/Framework/src/framework/include/framework/multiply_parallel.hpp:431:77:[m[K [01;35m[Kwarning: [m[Kunused parameter ‘[01m[Kmatrix_b_[m[K’ [[01;35m[K-Wunused-parameter[m[K]
[1.527s]   431 |         void execute(const std::vector<T>& matrix_a_, [01;35m[Kconst std::vector<T>& matrix_b_[m[K, std::vector<T>& matrix_c_, const settings & settings_)
[1.527s]       |                                                       [01;35m[K~~~~~~~~~~~~~~~~~~~~~~^~~~~~~~~[m[K
[1.527s] [01m[K/home/arian/Framework/src/framework/include/framework/multiply_parallel.hpp:431:104:[m[K [01;35m[Kwarning: [m[Kunused parameter ‘[01m[Kmatrix_c_[m[K’ [[01;35m[K-Wunused-parameter[m[K]
[1.527s]   431 |         void execute(const std::vector<T>& matrix_a_, const std::vector<T>& matrix_b_, [01;35m[Kstd::vector<T>& matrix_c_[m[K, const settings & settings_)
[1.527s]       |                                                                                        [01;35m[K~~~~~~~~~~~~~~~~^~~~~~~~~[m[K
[1.527s] [01m[K/home/arian/Framework/src/framework/include/framework/multiply_parallel.hpp:431:132:[m[K [01;35m[Kwarning: [m[Kunused parameter ‘[01m[Ksettings_[m[K’ [[01;35m[K-Wunused-parameter[m[K]
[1.527s]   431 |         void execute(const std::vector<T>& matrix_a_, const std::vector<T>& matrix_b_, std::vector<T>& matrix_c_, [01;35m[Kconst settings & settings_[m[K)
[1.527s]       |                                                                                                                   [01;35m[K~~~~~~~~~~~~~~~~~^~~~~~~~~[m[K
[1.528s] /home/arian/Framework/src/framework/include/framework/multiply_parallel.hpp: In instantiation of ‘[01m[Kvoid summation_parallel<T>::execute_pthread(const std::vector<BufferT>&, const std::vector<BufferT>&, std::vector<BufferT>&, const settings&) [with T = int][m[K’:
[1.528s] [01m[K/home/arian/Framework/src/framework/include/framework/multiply_parallel.hpp:436:14:[m[K   required from here
[1.528s] [01m[K/home/arian/Framework/src/framework/include/framework/multiply_parallel.hpp:436:52:[m[K [01;35m[Kwarning: [m[Kunused parameter ‘[01m[Kmatrix_a_[m[K’ [[01;35m[K-Wunused-parameter[m[K]
[1.528s]   436 |         void execute_pthread([01;35m[Kconst std::vector<T>& matrix_a_[m[K, const std::vector<T>& matrix_b_, std::vector<T>& matrix_c_, const settings & settings_)
[1.528s]       |                              [01;35m[K~~~~~~~~~~~~~~~~~~~~~~^~~~~~~~~[m[K
[1.528s] [01m[K/home/arian/Framework/src/framework/include/framework/multiply_parallel.hpp:436:85:[m[K [01;35m[Kwarning: [m[Kunused parameter ‘[01m[Kmatrix_b_[m[K’ [[01;35m[K-Wunused-parameter[m[K]
[1.528s]   436 |         void execute_pthread(const std::vector<T>& matrix_a_, [01;35m[Kconst std::vector<T>& matrix_b_[m[K, std::vector<T>& matrix_c_, const settings & settings_)
[1.528s]       |                                                               [01;35m[K~~~~~~~~~~~~~~~~~~~~~~^~~~~~~~~[m[K
[1.528s] [01m[K/home/arian/Framework/src/framework/include/framework/multiply_parallel.hpp:436:112:[m[K [01;35m[Kwarning: [m[Kunused parameter ‘[01m[Kmatrix_c_[m[K’ [[01;35m[K-Wunused-parameter[m[K]
[1.528s]   436 |         void execute_pthread(const std::vector<T>& matrix_a_, const std::vector<T>& matrix_b_, [01;35m[Kstd::vector<T>& matrix_c_[m[K, const settings & settings_)
[1.528s]       |                                                                                                [01;35m[K~~~~~~~~~~~~~~~~^~~~~~~~~[m[K
[1.529s] [01m[K/home/arian/Framework/src/framework/include/framework/multiply_parallel.hpp:436:140:[m[K [01;35m[Kwarning: [m[Kunused parameter ‘[01m[Ksettings_[m[K’ [[01;35m[K-Wunused-parameter[m[K]
[1.529s]   436 |         void execute_pthread(const std::vector<T>& matrix_a_, const std::vector<T>& matrix_b_, std::vector<T>& matrix_c_, [01;35m[Kconst settings & settings_[m[K)
[1.529s]       |                                                                                                                           [01;35m[K~~~~~~~~~~~~~~~~~^~~~~~~~~[m[K
[1.529s] /home/arian/Framework/src/framework/include/framework/multiply_parallel.hpp: In instantiation of ‘[01m[Kvoid summation_parallel<T>::execute_pthread_affine(const std::vector<BufferT>&, const std::vector<BufferT>&, std::vector<BufferT>&, const settings&) [with T = int][m[K’:
[1.529s] [01m[K/home/arian/Framework/src/framework/include/framework/multiply_parallel.hpp:441:14:[m[K   required from here
[1.529s] [01m[K/home/arian/Framework/src/framework/include/framework/multiply_parallel.hpp:441:59:[m[K [01;35m[Kwarning: [m[Kunused parameter ‘[01m[Kmatrix_a_[m[K’ [[01;35m[K-Wunused-parameter[m[K]
[1.529s]   441 |         void execute_pthread_affine([01;35m[Kconst std::vector<T>& matrix_a_[m[K, const std::vector<T>& matrix_b_, std::vector<T>& matrix_c_, const settings & settings_)
[1.529s]       |                                     [01;35m[K~~~~~~~~~~~~~~~~~~~~~~^~~~~~~~~[m[K
[1.530s] [01m[K/home/arian/Framework/src/framework/include/framework/multiply_parallel.hpp:441:92:[m[K [01;35m[Kwarning: [m[Kunused parameter ‘[01m[Kmatrix_b_[m[K’ [[01;35m[K-Wunused-parameter[m[K]
[1.530s]   441 |         void execute_pthread_affine(const std::vector<T>& matrix_a_, [01;35m[Kconst std::vector<T>& matrix_b_[m[K, std::vector<T>& matrix_c_, const settings & settings_)
[1.530s]       |                                                                      [01;35m[K~~~~~~~~~~~~~~~~~~~~~~^~~~~~~~~[m[K
[1.530s] [01m[K/home/arian/Framework/src/framework/include/framework/multiply_parallel.hpp:441:119:[m[K [01;35m[Kwarning: [m[Kunused parameter ‘[01m[Kmatrix_c_[m[K’ [[01;35m[K-Wunused-parameter[m[K]
[1.530s]   441 |         void execute_pthread_affine(const std::vector<T>& matrix_a_, const std::vector<T>& matrix_b_, [01;35m[Kstd::vector<T>& matrix_c_[m[K, const settings & settings_)
[1.530s]       |                                                                                                       [01;35m[K~~~~~~~~~~~~~~~~^~~~~~~~~[m[K
[1.530s] [01m[K/home/arian/Framework/src/framework/include/framework/multiply_parallel.hpp:441:147:[m[K [01;35m[Kwarning: [m[Kunused parameter ‘[01m[Ksettings_[m[K’ [[01;35m[K-Wunused-parameter[m[K]
[1.530s]   441 |         void execute_pthread_affine(const std::vector<T>& matrix_a_, const std::vector<T>& matrix_b_, std::vector<T>& matrix_c_, [01;35m[Kconst settings & settings_[m[K)
[1.530s]       |                                                                                                                                  [01;35m[K~~~~~~~~~~~~~~~~~^~~~~~~~~[m[K
[1.530s] /home/arian/Framework/src/framework/include/framework/multiply_parallel.hpp: In instantiation of ‘[01m[Kvoid summation_parallel<T>::execute_pthread_sched(const std::vector<BufferT>&, const std::vector<BufferT>&, std::vector<BufferT>&, const settings&) [with T = int][m[K’:
[1.531s] [01m[K/home/arian/Framework/src/framework/include/framework/multiply_parallel.hpp:446:14:[m[K   required from here
[1.531s] [01m[K/home/arian/Framework/src/framework/include/framework/multiply_parallel.hpp:446:58:[m[K [01;35m[Kwarning: [m[Kunused parameter ‘[01m[Kmatrix_a_[m[K’ [[01;35m[K-Wunused-parameter[m[K]
[1.531s]   446 |         void execute_pthread_sched([01;35m[Kconst std::vector<T>& matrix_a_[m[K, const std::vector<T>& matrix_b_, std::vector<T>& matrix_c_, const settings & settings_)
[1.531s]       |                                    [01;35m[K~~~~~~~~~~~~~~~~~~~~~~^~~~~~~~~[m[K
[1.531s] [01m[K/home/arian/Framework/src/framework/include/framework/multiply_parallel.hpp:446:91:[m[K [01;35m[Kwarning: [m[Kunused parameter ‘[01m[Kmatrix_b_[m[K’ [[01;35m[K-Wunused-parameter[m[K]
[1.531s]   446 |         void execute_pthread_sched(const std::vector<T>& matrix_a_, [01;35m[Kconst std::vector<T>& matrix_b_[m[K, std::vector<T>& matrix_c_, const settings & settings_)
[1.531s]       |                                                                     [01;35m[K~~~~~~~~~~~~~~~~~~~~~~^~~~~~~~~[m[K
[1.531s] [01m[K/home/arian/Framework/src/framework/include/framework/multiply_parallel.hpp:446:118:[m[K [01;35m[Kwarning: [m[Kunused parameter ‘[01m[Kmatrix_c_[m[K’ [[01;35m[K-Wunused-parameter[m[K]
[1.531s]   446 |         void execute_pthread_sched(const std::vector<T>& matrix_a_, const std::vector<T>& matrix_b_, [01;35m[Kstd::vector<T>& matrix_c_[m[K, const settings & settings_)
[1.531s]       |                                                                                                      [01;35m[K~~~~~~~~~~~~~~~~^~~~~~~~~[m[K
[1.531s] [01m[K/home/arian/Framework/src/framework/include/framework/multiply_parallel.hpp:446:146:[m[K [01;35m[Kwarning: [m[Kunused parameter ‘[01m[Ksettings_[m[K’ [[01;35m[K-Wunused-parameter[m[K]
[1.532s]   446 |         void execute_pthread_sched(const std::vector<T>& matrix_a_, const std::vector<T>& matrix_b_, std::vector<T>& matrix_c_, [01;35m[Kconst settings & settings_[m[K)
[1.532s]       |                                                                                                                                 [01;35m[K~~~~~~~~~~~~~~~~~^~~~~~~~~[m[K
[1.532s] /home/arian/Framework/src/framework/include/framework/multiply_parallel.hpp: In instantiation of ‘[01m[Kvoid summation_parallel<T>::execute_pthread_affine_sched(const std::vector<BufferT>&, const std::vector<BufferT>&, std::vector<BufferT>&, const settings&) [with T = int][m[K’:
[1.532s] [01m[K/home/arian/Framework/src/framework/include/framework/multiply_parallel.hpp:451:14:[m[K   required from here
[1.532s] [01m[K/home/arian/Framework/src/framework/include/framework/multiply_parallel.hpp:451:65:[m[K [01;35m[Kwarning: [m[Kunused parameter ‘[01m[Kmatrix_a_[m[K’ [[01;35m[K-Wunused-parameter[m[K]
[1.532s]   451 |         void execute_pthread_affine_sched([01;35m[Kconst std::vector<T>& matrix_a_[m[K, const std::vector<T>& matrix_b_, std::vector<T>& matrix_c_, const settings & settings_)
[1.532s]       |                                           [01;35m[K~~~~~~~~~~~~~~~~~~~~~~^~~~~~~~~[m[K
[1.532s] [01m[K/home/arian/Framework/src/framework/include/framework/multiply_parallel.hpp:451:98:[m[K [01;35m[Kwarning: [m[Kunused parameter ‘[01m[Kmatrix_b_[m[K’ [[01;35m[K-Wunused-parameter[m[K]
[1.532s]   451 |         void execute_pthread_affine_sched(const std::vector<T>& matrix_a_, [01;35m[Kconst std::vector<T>& matrix_b_[m[K, std::vector<T>& matrix_c_, const settings & settings_)
[1.532s]       |                                                                            [01;35m[K~~~~~~~~~~~~~~~~~~~~~~^~~~~~~~~[m[K
[1.533s] [01m[K/home/arian/Framework/src/framework/include/framework/multiply_parallel.hpp:451:125:[m[K [01;35m[Kwarning: [m[Kunused parameter ‘[01m[Kmatrix_c_[m[K’ [[01;35m[K-Wunused-parameter[m[K]
[1.533s]   451 |         void execute_pthread_affine_sched(const std::vector<T>& matrix_a_, const std::vector<T>& matrix_b_, [01;35m[Kstd::vector<T>& matrix_c_[m[K, const settings & settings_)
[1.533s]       |                                                                                                             [01;35m[K~~~~~~~~~~~~~~~~^~~~~~~~~[m[K
[1.533s] [01m[K/home/arian/Framework/src/framework/include/framework/multiply_parallel.hpp:451:153:[m[K [01;35m[Kwarning: [m[Kunused parameter ‘[01m[Ksettings_[m[K’ [[01;35m[K-Wunused-parameter[m[K]
[1.533s]   451 |         void execute_pthread_affine_sched(const std::vector<T>& matrix_a_, const std::vector<T>& matrix_b_, std::vector<T>& matrix_c_, [01;35m[Kconst settings & settings_[m[K)
[1.533s]       |                                                                                                                                        [01;35m[K~~~~~~~~~~~~~~~~~^~~~~~~~~[m[K
[1.533s] /home/arian/Framework/src/framework/include/framework/multiply_parallel.hpp: In instantiation of ‘[01m[Kvoid summation_parallel<T>::execute_openmp(const std::vector<BufferT>&, const std::vector<BufferT>&, std::vector<BufferT>&, const settings&) [with T = int][m[K’:
[1.533s] [01m[K/home/arian/Framework/src/framework/include/framework/multiply_parallel.hpp:456:14:[m[K   required from here
[1.533s] [01m[K/home/arian/Framework/src/framework/include/framework/multiply_parallel.hpp:456:51:[m[K [01;35m[Kwarning: [m[Kunused parameter ‘[01m[Kmatrix_a_[m[K’ [[01;35m[K-Wunused-parameter[m[K]
[1.533s]   456 |         void execute_openmp([01;35m[Kconst std::vector<T>& matrix_a_[m[K, const std::vector<T>& matrix_b_, std::vector<T>& matrix_c_, const settings & settings_ )
[1.533s]       |                             [01;35m[K~~~~~~~~~~~~~~~~~~~~~~^~~~~~~~~[m[K
[1.534s] [01m[K/home/arian/Framework/src/framework/include/framework/multiply_parallel.hpp:456:84:[m[K [01;35m[Kwarning: [m[Kunused parameter ‘[01m[Kmatrix_b_[m[K’ [[01;35m[K-Wunused-parameter[m[K]
[1.534s]   456 |         void execute_openmp(const std::vector<T>& matrix_a_, [01;35m[Kconst std::vector<T>& matrix_b_[m[K, std::vector<T>& matrix_c_, const settings & settings_ )
[1.534s]       |                                                              [01;35m[K~~~~~~~~~~~~~~~~~~~~~~^~~~~~~~~[m[K
[1.534s] [01m[K/home/arian/Framework/src/framework/include/framework/multiply_parallel.hpp:456:111:[m[K [01;35m[Kwarning: [m[Kunused parameter ‘[01m[Kmatrix_c_[m[K’ [[01;35m[K-Wunused-parameter[m[K]
[1.534s]   456 |         void execute_openmp(const std::vector<T>& matrix_a_, const std::vector<T>& matrix_b_, [01;35m[Kstd::vector<T>& matrix_c_[m[K, const settings & settings_ )
[1.534s]       |                                                                                               [01;35m[K~~~~~~~~~~~~~~~~^~~~~~~~~[m[K
[1.534s] [01m[K/home/arian/Framework/src/framework/include/framework/multiply_parallel.hpp:456:139:[m[K [01;35m[Kwarning: [m[Kunused parameter ‘[01m[Ksettings_[m[K’ [[01;35m[K-Wunused-parameter[m[K]
[1.534s]   456 |         void execute_openmp(const std::vector<T>& matrix_a_, const std::vector<T>& matrix_b_, std::vector<T>& matrix_c_, [01;35m[Kconst settings & settings_[m[K )
[1.534s]       |                                                                                                                          [01;35m[K~~~~~~~~~~~~~~~~~^~~~~~~~~[m[K
[1.623s] [100%] [32m[1mLinking CXX executable main[0m
[1.742s] [100%] Built target main
[1.760s] Invoked command in '/home/arian/Framework/build/framework' returned '0': CMAKE_PREFIX_PATH=${CMAKE_PREFIX_PATH}:/home/arian/ros2_foxy/install/ros2bag:/home/arian/ros2_foxy/install/tracetools_launch:/home/arian/ros2_foxy/install/topic_monitor:/home/arian/ros2_foxy/install/examples_tf2_py:/home/arian/ros2_foxy/install/sros2:/home/arian/ros2_foxy/install/rqt_topic:/home/arian/ros2_foxy/install/rqt_reconfigure:/home/arian/ros2_foxy/install/rqt_action:/home/arian/ros2_foxy/install/rqt:/home/arian/ros2_foxy/install/rqt_graph:/home/arian/ros2_foxy/install/rqt_gui_py:/home/arian/ros2_foxy/install/rqt_gui:/home/arian/ros2_foxy/install/ros2trace:/home/arian/ros2_foxy/install/ros2topic:/home/arian/ros2_foxy/install/ros2test:/home/arian/ros2_foxy/install/ros2component:/home/arian/ros2_foxy/install/ros2param:/home/arian/ros2_foxy/install/ros2lifecycle:/home/arian/ros2_foxy/install/ros2service:/home/arian/ros2_foxy/install/ros2run:/home/arian/ros2_foxy/install/ros2launch:/home/arian/ros2_foxy/install/ros2pkg:/home/arian/ros2_foxy/install/ros2node:/home/arian/ros2_foxy/install/ros2multicast:/home/arian/ros2_foxy/install/ros2interface:/home/arian/ros2_foxy/install/ros2doctor:/home/arian/ros2_foxy/install/ros2action:/home/arian/ros2_foxy/install/ros2cli:/home/arian/ros2_foxy/install/quality_of_service_demo_py:/home/arian/ros2_foxy/install/launch_testing_ros:/home/arian/ros2_foxy/install/launch_ros:/home/arian/ros2_foxy/install/examples_rclpy_minimal_subscriber:/home/arian/ros2_foxy/install/examples_rclpy_minimal_service:/home/arian/ros2_foxy/install/examples_rclpy_minimal_publisher:/home/arian/ros2_foxy/install/examples_rclpy_minimal_client:/home/arian/ros2_foxy/install/examples_rclpy_minimal_action_server:/home/arian/ros2_foxy/install/examples_rclpy_minimal_action_client:/home/arian/ros2_foxy/install/examples_rclpy_executors:/home/arian/ros2_foxy/install/demo_nodes_py:/home/arian/ros2_foxy/install/action_tutorials_py:/home/arian/ros2_foxy/install/ament_uncrustify:/home/arian/ros2_foxy/install/tracetools_trace:/home/arian/ros2_foxy/install/tracetools_read:/home/arian/ros2_foxy/install/test_launch_ros:/home/arian/ros2_foxy/install/rpyutils:/home/arian/ros2_foxy/install/rosidl_runtime_py:/home/arian/ros2_foxy/install/launch_yaml:/home/arian/ros2_foxy/install/launch_xml:/home/arian/ros2_foxy/install/launch_testing:/home/arian/ros2_foxy/install/launch:/home/arian/ros2_foxy/install/osrf_pycommon:/home/arian/ros2_foxy/install/domain_coordinator:/home/arian/ros2_foxy/install/ament_xmllint:/home/arian/ros2_foxy/install/ament_pyflakes:/home/arian/ros2_foxy/install/ament_pycodestyle:/home/arian/ros2_foxy/install/ament_pep257:/home/arian/ros2_foxy/install/ament_pclint:/home/arian/ros2_foxy/install/ament_package:/home/arian/ros2_foxy/install/ament_mypy:/home/arian/ros2_foxy/install/ament_lint_cmake:/home/arian/ros2_foxy/install/ament_flake8:/home/arian/ros2_foxy/install/ament_copyright:/home/arian/ros2_foxy/install/ament_lint:/home/arian/ros2_foxy/install/ament_index_python:/home/arian/ros2_foxy/install/ament_cpplint:/home/arian/ros2_foxy/install/ament_cppcheck:/home/arian/ros2_foxy/install/ament_clang_tidy:/home/arian/ros2_foxy/install/ament_clang_format /usr/bin/cmake --build /home/arian/Framework/build/framework -- -j12 -l12
[1.833s] Invoking command in '/home/arian/Framework/build/framework': CMAKE_PREFIX_PATH=${CMAKE_PREFIX_PATH}:/home/arian/ros2_foxy/install/ros2bag:/home/arian/ros2_foxy/install/tracetools_launch:/home/arian/ros2_foxy/install/topic_monitor:/home/arian/ros2_foxy/install/examples_tf2_py:/home/arian/ros2_foxy/install/sros2:/home/arian/ros2_foxy/install/rqt_topic:/home/arian/ros2_foxy/install/rqt_reconfigure:/home/arian/ros2_foxy/install/rqt_action:/home/arian/ros2_foxy/install/rqt:/home/arian/ros2_foxy/install/rqt_graph:/home/arian/ros2_foxy/install/rqt_gui_py:/home/arian/ros2_foxy/install/rqt_gui:/home/arian/ros2_foxy/install/ros2trace:/home/arian/ros2_foxy/install/ros2topic:/home/arian/ros2_foxy/install/ros2test:/home/arian/ros2_foxy/install/ros2component:/home/arian/ros2_foxy/install/ros2param:/home/arian/ros2_foxy/install/ros2lifecycle:/home/arian/ros2_foxy/install/ros2service:/home/arian/ros2_foxy/install/ros2run:/home/arian/ros2_foxy/install/ros2launch:/home/arian/ros2_foxy/install/ros2pkg:/home/arian/ros2_foxy/install/ros2node:/home/arian/ros2_foxy/install/ros2multicast:/home/arian/ros2_foxy/install/ros2interface:/home/arian/ros2_foxy/install/ros2doctor:/home/arian/ros2_foxy/install/ros2action:/home/arian/ros2_foxy/install/ros2cli:/home/arian/ros2_foxy/install/quality_of_service_demo_py:/home/arian/ros2_foxy/install/launch_testing_ros:/home/arian/ros2_foxy/install/launch_ros:/home/arian/ros2_foxy/install/examples_rclpy_minimal_subscriber:/home/arian/ros2_foxy/install/examples_rclpy_minimal_service:/home/arian/ros2_foxy/install/examples_rclpy_minimal_publisher:/home/arian/ros2_foxy/install/examples_rclpy_minimal_client:/home/arian/ros2_foxy/install/examples_rclpy_minimal_action_server:/home/arian/ros2_foxy/install/examples_rclpy_minimal_action_client:/home/arian/ros2_foxy/install/examples_rclpy_executors:/home/arian/ros2_foxy/install/demo_nodes_py:/home/arian/ros2_foxy/install/action_tutorials_py:/home/arian/ros2_foxy/install/ament_uncrustify:/home/arian/ros2_foxy/install/tracetools_trace:/home/arian/ros2_foxy/install/tracetools_read:/home/arian/ros2_foxy/install/test_launch_ros:/home/arian/ros2_foxy/install/rpyutils:/home/arian/ros2_foxy/install/rosidl_runtime_py:/home/arian/ros2_foxy/install/launch_yaml:/home/arian/ros2_foxy/install/launch_xml:/home/arian/ros2_foxy/install/launch_testing:/home/arian/ros2_foxy/install/launch:/home/arian/ros2_foxy/install/osrf_pycommon:/home/arian/ros2_foxy/install/domain_coordinator:/home/arian/ros2_foxy/install/ament_xmllint:/home/arian/ros2_foxy/install/ament_pyflakes:/home/arian/ros2_foxy/install/ament_pycodestyle:/home/arian/ros2_foxy/install/ament_pep257:/home/arian/ros2_foxy/install/ament_pclint:/home/arian/ros2_foxy/install/ament_package:/home/arian/ros2_foxy/install/ament_mypy:/home/arian/ros2_foxy/install/ament_lint_cmake:/home/arian/ros2_foxy/install/ament_flake8:/home/arian/ros2_foxy/install/ament_copyright:/home/arian/ros2_foxy/install/ament_lint:/home/arian/ros2_foxy/install/ament_index_python:/home/arian/ros2_foxy/install/ament_cpplint:/home/arian/ros2_foxy/install/ament_cppcheck:/home/arian/ros2_foxy/install/ament_clang_tidy:/home/arian/ros2_foxy/install/ament_clang_format /usr/bin/cmake --install /home/arian/Framework/build/framework
[1.848s] -- Install configuration: ""
[1.848s] -- Up-to-date: /home/arian/Framework/install/framework/share/ament_index/resource_index/package_run_dependencies/framework
[1.848s] -- Up-to-date: /home/arian/Framework/install/framework/share/ament_index/resource_index/parent_prefix_path/framework
[1.848s] -- Up-to-date: /home/arian/Framework/install/framework/share/framework/environment/ament_prefix_path.dsv
[1.848s] -- Up-to-date: /home/arian/Framework/install/framework/share/framework/environment/path.dsv
[1.848s] -- Up-to-date: /home/arian/Framework/install/framework/share/framework/local_setup.bash
[1.848s] -- Up-to-date: /home/arian/Framework/install/framework/share/framework/local_setup.sh
[1.848s] -- Up-to-date: /home/arian/Framework/install/framework/share/framework/local_setup.zsh
[1.848s] -- Up-to-date: /home/arian/Framework/install/framework/share/framework/local_setup.dsv
[1.849s] -- Installing: /home/arian/Framework/install/framework/share/framework/package.dsv
[1.849s] -- Up-to-date: /home/arian/Framework/install/framework/share/ament_index/resource_index/packages/framework
[1.849s] -- Up-to-date: /home/arian/Framework/install/framework/share/framework/cmake/frameworkConfig.cmake
[1.849s] -- Up-to-date: /home/arian/Framework/install/framework/share/framework/cmake/frameworkConfig-version.cmake
[1.849s] -- Up-to-date: /home/arian/Framework/install/framework/share/framework/package.xml
[1.850s] Invoked command in '/home/arian/Framework/build/framework' returned '0': CMAKE_PREFIX_PATH=${CMAKE_PREFIX_PATH}:/home/arian/ros2_foxy/install/ros2bag:/home/arian/ros2_foxy/install/tracetools_launch:/home/arian/ros2_foxy/install/topic_monitor:/home/arian/ros2_foxy/install/examples_tf2_py:/home/arian/ros2_foxy/install/sros2:/home/arian/ros2_foxy/install/rqt_topic:/home/arian/ros2_foxy/install/rqt_reconfigure:/home/arian/ros2_foxy/install/rqt_action:/home/arian/ros2_foxy/install/rqt:/home/arian/ros2_foxy/install/rqt_graph:/home/arian/ros2_foxy/install/rqt_gui_py:/home/arian/ros2_foxy/install/rqt_gui:/home/arian/ros2_foxy/install/ros2trace:/home/arian/ros2_foxy/install/ros2topic:/home/arian/ros2_foxy/install/ros2test:/home/arian/ros2_foxy/install/ros2component:/home/arian/ros2_foxy/install/ros2param:/home/arian/ros2_foxy/install/ros2lifecycle:/home/arian/ros2_foxy/install/ros2service:/home/arian/ros2_foxy/install/ros2run:/home/arian/ros2_foxy/install/ros2launch:/home/arian/ros2_foxy/install/ros2pkg:/home/arian/ros2_foxy/install/ros2node:/home/arian/ros2_foxy/install/ros2multicast:/home/arian/ros2_foxy/install/ros2interface:/home/arian/ros2_foxy/install/ros2doctor:/home/arian/ros2_foxy/install/ros2action:/home/arian/ros2_foxy/install/ros2cli:/home/arian/ros2_foxy/install/quality_of_service_demo_py:/home/arian/ros2_foxy/install/launch_testing_ros:/home/arian/ros2_foxy/install/launch_ros:/home/arian/ros2_foxy/install/examples_rclpy_minimal_subscriber:/home/arian/ros2_foxy/install/examples_rclpy_minimal_service:/home/arian/ros2_foxy/install/examples_rclpy_minimal_publisher:/home/arian/ros2_foxy/install/examples_rclpy_minimal_client:/home/arian/ros2_foxy/install/examples_rclpy_minimal_action_server:/home/arian/ros2_foxy/install/examples_rclpy_minimal_action_client:/home/arian/ros2_foxy/install/examples_rclpy_executors:/home/arian/ros2_foxy/install/demo_nodes_py:/home/arian/ros2_foxy/install/action_tutorials_py:/home/arian/ros2_foxy/install/ament_uncrustify:/home/arian/ros2_foxy/install/tracetools_trace:/home/arian/ros2_foxy/install/tracetools_read:/home/arian/ros2_foxy/install/test_launch_ros:/home/arian/ros2_foxy/install/rpyutils:/home/arian/ros2_foxy/install/rosidl_runtime_py:/home/arian/ros2_foxy/install/launch_yaml:/home/arian/ros2_foxy/install/launch_xml:/home/arian/ros2_foxy/install/launch_testing:/home/arian/ros2_foxy/install/launch:/home/arian/ros2_foxy/install/osrf_pycommon:/home/arian/ros2_foxy/install/domain_coordinator:/home/arian/ros2_foxy/install/ament_xmllint:/home/arian/ros2_foxy/install/ament_pyflakes:/home/arian/ros2_foxy/install/ament_pycodestyle:/home/arian/ros2_foxy/install/ament_pep257:/home/arian/ros2_foxy/install/ament_pclint:/home/arian/ros2_foxy/install/ament_package:/home/arian/ros2_foxy/install/ament_mypy:/home/arian/ros2_foxy/install/ament_lint_cmake:/home/arian/ros2_foxy/install/ament_flake8:/home/arian/ros2_foxy/install/ament_copyright:/home/arian/ros2_foxy/install/ament_lint:/home/arian/ros2_foxy/install/ament_index_python:/home/arian/ros2_foxy/install/ament_cpplint:/home/arian/ros2_foxy/install/ament_cppcheck:/home/arian/ros2_foxy/install/ament_clang_tidy:/home/arian/ros2_foxy/install/ament_clang_format /usr/bin/cmake --install /home/arian/Framework/build/framework
