[35m[1mScanning dependencies of target main[0m
[ 50%] [32mBuilding CXX object CMakeFiles/main.dir/src/main.cpp.o[0m
In file included from [01m[K/home/arian/Framework/src/framework/src/main.cpp:12[m[K:
[01m[K/home/arian/Framework/src/framework/include/framework/multiply_parallel.hpp:374:[m[K [01;35m[Kwarning: [m[Kignoring #pragma omp parallel [[01;35m[K-Wunknown-pragmas[m[K]
  374 |             #pragma omp parallel num_threads(settings_.THREAD_NUMBER)
      | 
/home/arian/Framework/src/framework/include/framework/multiply_parallel.hpp: In instantiation of ‘[01m[Kclass test<int>[m[K’:
[01m[K/home/arian/Framework/src/framework/src/main.cpp:90:20:[m[K   required from here
[01m[K/home/arian/Framework/src/framework/include/framework/multiply_parallel.hpp:396:9:[m[K [01;31m[Kerror: [m[Kinvalid abstract parameter type ‘[01m[Kbase_parallel<int>[m[K’
  396 |         [01;31m[Ktest[m[K(base_parallel<T> base_parallel_)
      |         [01;31m[K^~~~[m[K
In file included from [01m[K/home/arian/Framework/src/framework/src/main.cpp:12[m[K:
[01m[K/home/arian/Framework/src/framework/include/framework/multiply_parallel.hpp:127:7:[m[K [01;36m[Knote: [m[K  because the following virtual functions are pure within ‘[01m[Kbase_parallel<int>[m[K’:
  127 | class [01;36m[Kbase_parallel[m[K
      |       [01;36m[K^~~~~~~~~~~~~[m[K
[01m[K/home/arian/Framework/src/framework/include/framework/multiply_parallel.hpp:130:22:[m[K [01;36m[Knote: [m[K	‘[01m[Kvoid base_parallel<T>::execute(const std::vector<BufferT>&, const std::vector<BufferT>&, std::vector<BufferT>&, const settings&) [with T = int][m[K’
  130 |         virtual void [01;36m[Kexecute[m[K(const std::vector<T>& matrix_a_, const std::vector<T>& matrix_b_, std::vector<T>& matrix_c_, const settings & settings_) = 0;
      |                      [01;36m[K^~~~~~~[m[K
In file included from [01m[K/home/arian/Framework/src/framework/src/main.cpp:12[m[K:
[01m[K/home/arian/Framework/src/framework/include/framework/multiply_parallel.hpp:131:22:[m[K [01;36m[Knote: [m[K	‘[01m[Kvoid base_parallel<T>::execute_pthread(const std::vector<BufferT>&, const std::vector<BufferT>&, std::vector<BufferT>&, const settings&) [with T = int][m[K’
  131 |         virtual void [01;36m[Kexecute_pthread[m[K(const std::vector<T>& matrix_a_, const std::vector<T>& matrix_b_, std::vector<T>& matrix_c_, const settings & settings_) = 0;
      |                      [01;36m[K^~~~~~~~~~~~~~~[m[K
[01m[K/home/arian/Framework/src/framework/include/framework/multiply_parallel.hpp:132:22:[m[K [01;36m[Knote: [m[K	‘[01m[Kvoid base_parallel<T>::execute_pthread_affine(const std::vector<BufferT>&, const std::vector<BufferT>&, std::vector<BufferT>&, const settings&) [with T = int][m[K’
  132 |         virtual void [01;36m[Kexecute_pthread_affine[m[K(const std::vector<T>& matrix_a_, const std::vector<T>& matrix_b_, std::vector<T>& matrix_c_, const settings & settings_) = 0;
      |                      [01;36m[K^~~~~~~~~~~~~~~~~~~~~~[m[K
[01m[K/home/arian/Framework/src/framework/include/framework/multiply_parallel.hpp:133:22:[m[K [01;36m[Knote: [m[K	‘[01m[Kvoid base_parallel<T>::execute_pthread_sched(const std::vector<BufferT>&, const std::vector<BufferT>&, std::vector<BufferT>&, const settings&) [with T = int][m[K’
  133 |         virtual void [01;36m[Kexecute_pthread_sched[m[K(const std::vector<T>& matrix_a_, const std::vector<T>& matrix_b_, std::vector<T>& matrix_c_, const settings & settings_) = 0;
      |                      [01;36m[K^~~~~~~~~~~~~~~~~~~~~[m[K
[01m[K/home/arian/Framework/src/framework/include/framework/multiply_parallel.hpp:134:22:[m[K [01;36m[Knote: [m[K	‘[01m[Kvoid base_parallel<T>::execute_pthread_affine_sched(const std::vector<BufferT>&, const std::vector<BufferT>&, std::vector<BufferT>&, const settings&) [with T = int][m[K’
  134 |         virtual void [01;36m[Kexecute_pthread_affine_sched[m[K(const std::vector<T>& matrix_a_, const std::vector<T>& matrix_b_, std::vector<T>& matrix_c_, const settings & settings_) = 0;
      |                      [01;36m[K^~~~~~~~~~~~~~~~~~~~~~~~~~~~[m[K
[01m[K/home/arian/Framework/src/framework/include/framework/multiply_parallel.hpp:135:22:[m[K [01;36m[Knote: [m[K	‘[01m[Kvoid base_parallel<T>::execute_openmp(const std::vector<BufferT>&, const std::vector<BufferT>&, std::vector<BufferT>&, const settings&) [with T = int][m[K’
  135 |         virtual void [01;36m[Kexecute_openmp[m[K(const std::vector<T>& matrix_a_, const std::vector<T>& matrix_b_, std::vector<T>& matrix_c_, const settings & settings_ ) = 0;
      |                      [01;36m[K^~~~~~~~~~~~~~[m[K
[01m[K/home/arian/Framework/src/framework/src/main.cpp:[m[K In function ‘[01m[Kint main()[m[K’:
[01m[K/home/arian/Framework/src/framework/src/main.cpp:90:20:[m[K [01;31m[Kerror: [m[Kno matching function for call to ‘[01m[Ktest<int>::test(multiply_parallel<int>&)[m[K’
   90 |   test<int> test_(b[01;31m[K)[m[K;
      |                    [01;31m[K^[m[K
In file included from [01m[K/home/arian/Framework/src/framework/src/main.cpp:12[m[K:
[01m[K/home/arian/Framework/src/framework/include/framework/multiply_parallel.hpp:393:7:[m[K [01;36m[Knote: [m[Kcandidate: ‘[01m[Kconstexpr test<int>::test()[m[K’
  393 | class [01;36m[Ktest[m[K
      |       [01;36m[K^~~~[m[K
[01m[K/home/arian/Framework/src/framework/include/framework/multiply_parallel.hpp:393:7:[m[K [01;36m[Knote: [m[K  candidate expects 0 arguments, 1 provided
[01m[K/home/arian/Framework/src/framework/include/framework/multiply_parallel.hpp:393:7:[m[K [01;36m[Knote: [m[Kcandidate: ‘[01m[Kconstexpr test<int>::test(const test<int>&)[m[K’
[01m[K/home/arian/Framework/src/framework/include/framework/multiply_parallel.hpp:393:7:[m[K [01;36m[Knote: [m[K  no known conversion for argument 1 from ‘[01m[Kmultiply_parallel<int>[m[K’ to ‘[01m[Kconst test<int>&[m[K’
[01m[K/home/arian/Framework/src/framework/include/framework/multiply_parallel.hpp:393:7:[m[K [01;36m[Knote: [m[Kcandidate: ‘[01m[Kconstexpr test<int>::test(test<int>&&)[m[K’
[01m[K/home/arian/Framework/src/framework/include/framework/multiply_parallel.hpp:393:7:[m[K [01;36m[Knote: [m[K  no known conversion for argument 1 from ‘[01m[Kmultiply_parallel<int>[m[K’ to ‘[01m[Ktest<int>&&[m[K’
[01m[K/home/arian/Framework/src/framework/src/main.cpp:90:13:[m[K [01;35m[Kwarning: [m[Kunused variable ‘[01m[Ktest_[m[K’ [[01;35m[K-Wunused-variable[m[K]
   90 |   test<int> [01;35m[Ktest_[m[K(b);
      |             [01;35m[K^~~~~[m[K
In file included from [01m[K/home/arian/Framework/src/framework/src/main.cpp:12[m[K:
/home/arian/Framework/src/framework/include/framework/multiply_parallel.hpp: In instantiation of ‘[01m[Kvoid multiply_parallel<T>::execute_openmp(const std::vector<BufferT>&, const std::vector<BufferT>&, std::vector<BufferT>&, const settings&) [with T = int][m[K’:
[01m[K/home/arian/Framework/src/framework/include/framework/multiply_parallel.hpp:372:14:[m[K   required from here
[01m[K/home/arian/Framework/src/framework/include/framework/multiply_parallel.hpp:372:139:[m[K [01;35m[Kwarning: [m[Kunused parameter ‘[01m[Ksettings_[m[K’ [[01;35m[K-Wunused-parameter[m[K]
  372 |         void execute_openmp(const std::vector<T>& matrix_a_, const std::vector<T>& matrix_b_, std::vector<T>& matrix_c_, [01;35m[Kconst settings & settings_[m[K )
      |                                                                                                                          [01;35m[K~~~~~~~~~~~~~~~~~^~~~~~~~~[m[K
make[2]: *** [CMakeFiles/main.dir/build.make:63: CMakeFiles/main.dir/src/main.cpp.o] Error 1
make[1]: *** [CMakeFiles/Makefile2:78: CMakeFiles/main.dir/all] Error 2
make: *** [Makefile:141: all] Error 2
