-- The C compiler identification is GNU 9.3.0
-- The CXX compiler identification is GNU 9.3.0
-- Check for working C compiler: /usr/bin/cc
-- Check for working C compiler: /usr/bin/cc -- works
-- Detecting C compiler ABI info
-- Detecting C compiler ABI info - done
-- Detecting C compile features
-- Detecting C compile features - done
-- Check for working CXX compiler: /usr/bin/c++
-- Check for working CXX compiler: /usr/bin/c++ -- works
-- Detecting CXX compiler ABI info
-- Detecting CXX compiler ABI info - done
-- Detecting CXX compile features
-- Detecting CXX compile features - done
-- Found ament_cmake: 0.9.7 (/home/arian/ros2_foxy/install/ament_cmake/share/ament_cmake/cmake)
-- Found PythonInterp: /usr/bin/python3 (found suitable version "3.8.5", minimum required is "3") 
-- Using PYTHON_EXECUTABLE: /usr/bin/python3
-- Found ament_lint_auto: 0.9.5 (/home/arian/ros2_foxy/install/ament_lint_auto/share/ament_lint_auto/cmake)
-- Added test 'copyright' to check source files copyright and LICENSE
-- Added test 'cppcheck' to perform static code analysis on C / C++ code
-- Configured cppcheck include dirs: 
-- Configured cppcheck exclude dirs and/or files: 
-- Added test 'cpplint' to check C / C++ code against the Google style
-- Configured cpplint exclude dirs and/or files: 
-- Added test 'lint_cmake' to check CMake code style
-- Added test 'uncrustify' to check C / C++ code style
-- Configured uncrustify additional arguments: 
-- Added test 'xmllint' to check XML markup files
-- Configuring done
-- Generating done
-- Build files have been written to: /home/arian/Framework/build/framework
-- Install configuration: ""
-- Installing: /home/arian/Framework/install/framework/share/ament_index/resource_index/package_run_dependencies/framework
-- Installing: /home/arian/Framework/install/framework/share/ament_index/resource_index/parent_prefix_path/framework
-- Installing: /home/arian/Framework/install/framework/share/framework/environment/ament_prefix_path.sh
-- Installing: /home/arian/Framework/install/framework/share/framework/environment/ament_prefix_path.dsv
-- Installing: /home/arian/Framework/install/framework/share/framework/environment/path.sh
-- Installing: /home/arian/Framework/install/framework/share/framework/environment/path.dsv
-- Installing: /home/arian/Framework/install/framework/share/framework/local_setup.bash
-- Installing: /home/arian/Framework/install/framework/share/framework/local_setup.sh
-- Installing: /home/arian/Framework/install/framework/share/framework/local_setup.zsh
-- Installing: /home/arian/Framework/install/framework/share/framework/local_setup.dsv
-- Installing: /home/arian/Framework/install/framework/share/framework/package.dsv
-- Installing: /home/arian/Framework/install/framework/share/ament_index/resource_index/packages/framework
-- Installing: /home/arian/Framework/install/framework/share/framework/cmake/frameworkConfig.cmake
-- Installing: /home/arian/Framework/install/framework/share/framework/cmake/frameworkConfig-version.cmake
-- Installing: /home/arian/Framework/install/framework/share/framework/package.xml
