[35m[1mScanning dependencies of target main[0m
[ 50%] [32mBuilding CXX object CMakeFiles/main.dir/src/main.cpp.o[0m
In file included from [01m[K/home/arian/Framework/src/framework/include/framework/base/inverse_parallel.hpp:15[m[K,
                 from [01m[K/home/arian/Framework/src/framework/src/main.cpp:10[m[K:
[01m[K/home/arian/Framework/src/framework/include/framework/base/adjoint_parallel.hpp:24:6:[m[K [01;31m[Kerror: [m[Kredefinition of ‘[01m[Ktemplate<class T> void framework::base::getCofactor(std::vector<T>&, std::vector<T>&, int, int, int, int)[m[K’
   24 | void [01;31m[KgetCofactor[m[K(std::vector<T> & A, std::vector<T> & temp, int p, int q, int n, int width)
      |      [01;31m[K^~~~~~~~~~~[m[K
In file included from [01m[K/home/arian/Framework/src/framework/src/main.cpp:9[m[K:
[01m[K/home/arian/Framework/src/framework/include/framework/base/determinant_parallel.hpp:24:6:[m[K [01;36m[Knote: [m[K‘[01m[Ktemplate<class T> void framework::base::getCofactor(std::vector<T>&, std::vector<T>&, int, int, int, int)[m[K’ previously declared here
   24 | void [01;36m[KgetCofactor[m[K(std::vector<T> & A, std::vector<T> & temp, int p, int q, int n, int width)
      |      [01;36m[K^~~~~~~~~~~[m[K
In file included from [01m[K/home/arian/Framework/src/framework/include/framework/base/inverse_parallel.hpp:15[m[K,
                 from [01m[K/home/arian/Framework/src/framework/src/main.cpp:10[m[K:
[01m[K/home/arian/Framework/src/framework/include/framework/base/adjoint_parallel.hpp:47:3:[m[K [01;31m[Kerror: [m[Kredefinition of ‘[01m[Ktemplate<class T> T framework::base::determinant(std::vector<T>&, int, int, int)[m[K’
   47 | T [01;31m[Kdeterminant[m[K(std::vector<T> & A, int n, int size, int width)
      |   [01;31m[K^~~~~~~~~~~[m[K
In file included from [01m[K/home/arian/Framework/src/framework/src/main.cpp:9[m[K:
[01m[K/home/arian/Framework/src/framework/include/framework/base/determinant_parallel.hpp:47:3:[m[K [01;36m[Knote: [m[K‘[01m[Ktemplate<class T> T framework::base::determinant(std::vector<T>&, int, int, int)[m[K’ previously declared here
   47 | T [01;36m[Kdeterminant[m[K(std::vector<T> & A, int n, int size, int width)
      |   [01;36m[K^~~~~~~~~~~[m[K
In file included from [01m[K/home/arian/Framework/src/framework/src/main.cpp:10[m[K:
[01m[K/home/arian/Framework/src/framework/include/framework/base/inverse_parallel.hpp:[m[K In member function ‘[01m[Kvoid framework::base::inverse_parallel<T>::execute(const std::vector<T>&, const std::vector<T>&, std::vector<T>&, const framework::settings&)[m[K’:
[01m[K/home/arian/Framework/src/framework/include/framework/base/inverse_parallel.hpp:72:34:[m[K [01;31m[Kerror: [m[Kmissing template arguments before ‘[01m[Kdeterminant_parallel_[m[K’
   72 |             determinant_parallel [01;31m[Kdeterminant_parallel_[m[K(matrix_a_, matrix_b_, determinant, settings(PARALLELIZATION_STRATEGY::SERIAL));
      |                                  [01;31m[K^~~~~~~~~~~~~~~~~~~~~[m[K
[01m[K/home/arian/Framework/src/framework/include/framework/base/inverse_parallel.hpp:74:30:[m[K [01;31m[Kerror: [m[Kmissing template arguments before ‘[01m[Kadjoint_parallel_[m[K’
   74 |             adjoint_parallel [01;31m[Kadjoint_parallel_[m[K(matrix_a_, matrix_b_, adjoint, settings_);
      |                              [01;31m[K^~~~~~~~~~~~~~~~~[m[K
[01m[K/home/arian/Framework/src/framework/include/framework/base/inverse_parallel.hpp:80:59:[m[K [01;31m[Kerror: [m[K‘[01m[Kadj[m[K’ was not declared in this scope
   80 |                     matrix_c_[i * matrix_delimeter + j] = [01;31m[Kadj[m[K[i * matrix_delimeter + j]/float(det);
      |                                                           [01;31m[K^~~[m[K
[01m[K/home/arian/Framework/src/framework/include/framework/base/inverse_parallel.hpp:80:95:[m[K [01;31m[Kerror: [m[K‘[01m[Kdet[m[K’ was not declared in this scope
   80 |                     matrix_c_[i * matrix_delimeter + j] = adj[i * matrix_delimeter + j]/float([01;31m[Kdet[m[K);
      |                                                                                               [01;31m[K^~~[m[K
In file included from [01m[K/home/arian/Framework/src/framework/src/main.cpp:8[m[K:
/home/arian/Framework/src/framework/include/framework/generators/generator.hpp: In instantiation of ‘[01m[Kstatic std::vector<std::vector<T> > framework::generator::generate_inputs(std::initializer_list<int>) [with T = int][m[K’:
[01m[K/home/arian/Framework/src/framework/src/main.cpp:15:92:[m[K   required from here
[01m[K/home/arian/Framework/src/framework/include/framework/generators/generator.hpp:27:34:[m[K [01;35m[Kwarning: [m[Kcomparison of integer expressions of different signedness: ‘[01m[Kint[m[K’ and ‘[01m[Kstd::vector<int>::size_type[m[K’ {aka ‘[01m[Klong unsigned int[m[K’} [[01;35m[K-Wsign-compare[m[K]
   27 |                 for(int i = 0; i < temp.capacity(); i++)
In file included from [01m[K/home/arian/Framework/src/framework/src/main.cpp:7[m[K:
/home/arian/Framework/src/framework/include/framework/benchmark/benchmark.hpp: In instantiation of ‘[01m[Kvoid framework::benchmark<T>::execute_all() [with K = std::ratio<1, 1000>; T = int][m[K’:
[01m[K/home/arian/Framework/src/framework/src/main.cpp:26:62:[m[K   required from here
[01m[K/home/arian/Framework/src/framework/include/framework/benchmark/benchmark.hpp:65:30:[m[K [01;35m[Kwarning: [m[Kcomparison of integer expressions of different signedness: ‘[01m[Kint[m[K’ and ‘[01m[Kstd::vector<framework::settings>::size_type[m[K’ {aka ‘[01m[Klong unsigned int[m[K’} [[01;35m[K-Wsign-compare[m[K]
   65 |             for(int i = 0; [01;35m[Ki < settingss_.size()[m[K; i++)
      |                            [01;35m[K~~^~~~~~~~~~~~~~~~~~~[m[K
[01m[K/home/arian/Framework/src/framework/include/framework/benchmark/benchmark.hpp:76:34:[m[K [01;35m[Kwarning: [m[Kcomparison of integer expressions of different signedness: ‘[01m[Kint[m[K’ and ‘[01m[Kstd::vector<std::vector<int>, std::allocator<std::vector<int> > >::size_type[m[K’ {aka ‘[01m[Klong unsigned int[m[K’} [[01;35m[K-Wsign-compare[m[K]
   76 |                 for(int j = 0; j < inputs_a_.size(); j++)
[01m[K/home/arian/Framework/src/framework/include/framework/benchmark/benchmark.hpp:90:26:[m[K [01;35m[Kwarning: [m[Kcomparison of integer expressions of different signedness: ‘[01m[Kint[m[K’ and ‘[01m[Kstd::vector<std::vector<int>, std::allocator<std::vector<int> > >::size_type[m[K’ {aka ‘[01m[Klong unsigned int[m[K’} [[01;35m[K-Wsign-compare[m[K]
   90 |                     if([01;35m[Kj != inputs_a_.size() - 1[m[K)
      |                        [01;35m[K~~^~~~~~~~~~~~~~~~~~~~~~~[m[K
[01m[K/home/arian/Framework/src/framework/include/framework/benchmark/benchmark.hpp:98:22:[m[K [01;35m[Kwarning: [m[Kcomparison of integer expressions of different signedness: ‘[01m[Kint[m[K’ and ‘[01m[Kstd::vector<framework::settings>::size_type[m[K’ {aka ‘[01m[Klong unsigned int[m[K’} [[01;35m[K-Wsign-compare[m[K]
   98 |                 if([01;35m[Ki == settingss_.size() - 1[m[K)
      |                    [01;35m[K~~^~~~~~~~~~~~~~~~~~~~~~~~[m[K
In file included from [01m[K/home/arian/Framework/src/framework/include/framework/benchmark/benchmark.hpp:11[m[K,
                 from [01m[K/home/arian/Framework/src/framework/src/main.cpp:7[m[K:
/home/arian/Framework/src/framework/include/framework/generators/json_generator.hpp: In instantiation of ‘[01m[Kframework::json_generator& framework::json_generator::add(const std::chrono::duration<long int, T>&) [with T = std::ratio<1, 1000>][m[K’:
[01m[K/home/arian/Framework/src/framework/include/framework/benchmark/benchmark.hpp:62:29:[m[K   required from ‘[01m[Kvoid framework::benchmark<T>::execute_all() [with K = std::ratio<1, 1000>; T = int][m[K’
[01m[K/home/arian/Framework/src/framework/src/main.cpp:26:62:[m[K   required from here
[01m[K/home/arian/Framework/src/framework/include/framework/generators/json_generator.hpp:44:70:[m[K [01;35m[Kwarning: [m[Kunused parameter ‘[01m[Kduration[m[K’ [[01;35m[K-Wunused-parameter[m[K]
   44 |         json_generator& add([01;35m[Kconst std::chrono::duration<int64_t, T>& duration[m[K)
      |                             [01;35m[K~~~~~~~~~~~~~~~~~~~~~~~~~~~~~~~~~~~~~~~~~^~~~~~~~[m[K
In file included from [01m[K/home/arian/Framework/src/framework/src/main.cpp:4[m[K:
/home/arian/Framework/src/framework/include/framework/base/grayscale_parallel.hpp: In instantiation of ‘[01m[Kvoid framework::base::grayscale_parallel_openmp(const std::vector<T>&, const std::vector<T>&, std::vector<T>&, const framework::settings&) [with T = int][m[K’:
[01m[K/home/arian/Framework/src/framework/include/framework/base/grayscale_parallel.hpp:129:45:[m[K   required from ‘[01m[Kvoid framework::base::grayscale_parallel<T>::execute(const std::vector<T>&, const std::vector<T>&, std::vector<T>&, const framework::settings&) [with T = int][m[K’
[01m[K/home/arian/Framework/src/framework/include/framework/base/grayscale_parallel.hpp:107:14:[m[K   required from here
[01m[K/home/arian/Framework/src/framework/include/framework/base/grayscale_parallel.hpp:34:87:[m[K [01;35m[Kwarning: [m[Kunused parameter ‘[01m[Kmatrix_b_[m[K’ [[01;35m[K-Wunused-parameter[m[K]
   34 | void grayscale_parallel_openmp(const std::vector<T>& matrix_a_, [01;35m[Kconst std::vector<T>& matrix_b_[m[K, std::vector<T>& matrix_c_, const settings & settings_ )
      |                                                                 [01;35m[K~~~~~~~~~~~~~~~~~~~~~~^~~~~~~~~[m[K
/home/arian/Framework/src/framework/include/framework/base/grayscale_parallel.hpp: In instantiation of ‘[01m[Kvoid framework::base::grayscale_serial(const std::vector<T>&, const std::vector<T>&, std::vector<T>&, const framework::settings&) [with T = int][m[K’:
[01m[K/home/arian/Framework/src/framework/include/framework/base/grayscale_parallel.hpp:133:36:[m[K   required from ‘[01m[Kvoid framework::base::grayscale_parallel<T>::execute(const std::vector<T>&, const std::vector<T>&, std::vector<T>&, const framework::settings&) [with T = int][m[K’
[01m[K/home/arian/Framework/src/framework/include/framework/base/grayscale_parallel.hpp:107:14:[m[K   required from here
[01m[K/home/arian/Framework/src/framework/include/framework/base/grayscale_parallel.hpp:51:78:[m[K [01;35m[Kwarning: [m[Kunused parameter ‘[01m[Kmatrix_b_[m[K’ [[01;35m[K-Wunused-parameter[m[K]
   51 | void grayscale_serial(const std::vector<T>& matrix_a_, [01;35m[Kconst std::vector<T>& matrix_b_[m[K, std::vector<T>& matrix_c_, const settings & settings_ )
      |                                                        [01;35m[K~~~~~~~~~~~~~~~~~~~~~~^~~~~~~~~[m[K
[01m[K/home/arian/Framework/src/framework/include/framework/base/grayscale_parallel.hpp:51:133:[m[K [01;35m[Kwarning: [m[Kunused parameter ‘[01m[Ksettings_[m[K’ [[01;35m[K-Wunused-parameter[m[K]
   51 | void grayscale_serial(const std::vector<T>& matrix_a_, const std::vector<T>& matrix_b_, std::vector<T>& matrix_c_, [01;35m[Kconst settings & settings_[m[K )
      |                                                                                                                    [01;35m[K~~~~~~~~~~~~~~~~~^~~~~~~~~[m[K
make[2]: *** [CMakeFiles/main.dir/build.make:63: CMakeFiles/main.dir/src/main.cpp.o] Error 1
make[1]: *** [CMakeFiles/Makefile2:78: CMakeFiles/main.dir/all] Error 2
make: *** [Makefile:141: all] Error 2
