[35m[1mScanning dependencies of target main[0m
[ 50%] [32mBuilding CXX object CMakeFiles/main.dir/src/main.cpp.o[0m
In file included from [01m[K/home/arian/Framework/src/framework/include/framework/multiply_parallel.hpp:10[m[K,
                 from [01m[K/home/arian/Framework/src/framework/src/main.cpp:7[m[K:
[01m[K/home/arian/Framework/src/framework/include/framework/types/matrix.hpp:[m[K In constructor ‘[01m[Kframework::types::matrix::matrix(int**)[m[K’:
[01m[K/home/arian/Framework/src/framework/include/framework/types/matrix.hpp:17:26:[m[K [01;35m[Kwarning: [m[Kunused parameter ‘[01m[Kmatrix[m[K’ [[01;35m[K-Wunused-parameter[m[K]
   17 |             matrix([01;35m[Kint** matrix[m[K)
      |                    [01;35m[K~~~~~~^~~~~~[m[K
In file included from [01m[K/home/arian/Framework/src/framework/src/main.cpp:7[m[K:
[01m[K/home/arian/Framework/src/framework/include/framework/multiply_parallel.hpp:[m[K In function ‘[01m[Kvoid* framework::matrix_utilities::parallel_multiply_pthread_2(void*)[m[K’:
[01m[K/home/arian/Framework/src/framework/include/framework/multiply_parallel.hpp:22:53:[m[K [01;35m[Kwarning: [m[Kunused variable ‘[01m[Kmatrices[m[K’ [[01;35m[K-Wunused-variable[m[K]
   22 |             framework::container::matrix_container* [01;35m[Kmatrices[m[K = (framework::container::matrix_container*)container;
      |                                                     [01;35m[K^~~~~~~~[m[K
In file included from [01m[K/home/arian/Framework/src/framework/src/main.cpp:7[m[K:
[01m[K/home/arian/Framework/src/framework/include/framework/multiply_parallel.hpp:[m[K In member function ‘[01m[Kvoid framework::matrix_multiply_parallel::execute()[m[K’:
[01m[K/home/arian/Framework/src/framework/include/framework/multiply_parallel.hpp:84:51:[m[K [01;31m[Kerror: [m[Klvalue required as unary ‘[01m[K&[m[K’ operand
   84 |                 pthread_join(threads[0], (&(void*)[01;31m[Kreturn_value_1[m[K))
      |                                                   [01;31m[K^~~~~~~~~~~~~~[m[K
[01m[K/home/arian/Framework/src/framework/include/framework/multiply_parallel.hpp:80:22:[m[K [01;35m[Kwarning: [m[Kunused variable ‘[01m[Kreturn_value_2[m[K’ [[01;35m[K-Wunused-variable[m[K]
   80 |                 int* [01;35m[Kreturn_value_2[m[K;
      |                      [01;35m[K^~~~~~~~~~~~~~[m[K
[01m[K/home/arian/Framework/src/framework/include/framework/multiply_parallel.hpp:81:22:[m[K [01;35m[Kwarning: [m[Kunused variable ‘[01m[Kreturn_value_3[m[K’ [[01;35m[K-Wunused-variable[m[K]
   81 |                 int* [01;35m[Kreturn_value_3[m[K;
      |                      [01;35m[K^~~~~~~~~~~~~~[m[K
make[2]: *** [CMakeFiles/main.dir/build.make:63: CMakeFiles/main.dir/src/main.cpp.o] Error 1
make[1]: *** [CMakeFiles/Makefile2:78: CMakeFiles/main.dir/all] Error 2
make: *** [Makefile:141: all] Error 2
