[0.042s] Invoking command in '/home/arian/Framework/build/framework': CMAKE_PREFIX_PATH=${CMAKE_PREFIX_PATH}:/home/arian/ros2_foxy/install/ros2bag:/home/arian/ros2_foxy/install/tracetools_launch:/home/arian/ros2_foxy/install/topic_monitor:/home/arian/ros2_foxy/install/examples_tf2_py:/home/arian/ros2_foxy/install/sros2:/home/arian/ros2_foxy/install/rqt_topic:/home/arian/ros2_foxy/install/rqt_reconfigure:/home/arian/ros2_foxy/install/rqt_action:/home/arian/ros2_foxy/install/rqt:/home/arian/ros2_foxy/install/rqt_graph:/home/arian/ros2_foxy/install/rqt_gui_py:/home/arian/ros2_foxy/install/rqt_gui:/home/arian/ros2_foxy/install/ros2trace:/home/arian/ros2_foxy/install/ros2topic:/home/arian/ros2_foxy/install/ros2test:/home/arian/ros2_foxy/install/ros2component:/home/arian/ros2_foxy/install/ros2param:/home/arian/ros2_foxy/install/ros2lifecycle:/home/arian/ros2_foxy/install/ros2service:/home/arian/ros2_foxy/install/ros2run:/home/arian/ros2_foxy/install/ros2launch:/home/arian/ros2_foxy/install/ros2pkg:/home/arian/ros2_foxy/install/ros2node:/home/arian/ros2_foxy/install/ros2multicast:/home/arian/ros2_foxy/install/ros2interface:/home/arian/ros2_foxy/install/ros2doctor:/home/arian/ros2_foxy/install/ros2action:/home/arian/ros2_foxy/install/ros2cli:/home/arian/ros2_foxy/install/quality_of_service_demo_py:/home/arian/ros2_foxy/install/launch_testing_ros:/home/arian/ros2_foxy/install/launch_ros:/home/arian/ros2_foxy/install/examples_rclpy_minimal_subscriber:/home/arian/ros2_foxy/install/examples_rclpy_minimal_service:/home/arian/ros2_foxy/install/examples_rclpy_minimal_publisher:/home/arian/ros2_foxy/install/examples_rclpy_minimal_client:/home/arian/ros2_foxy/install/examples_rclpy_minimal_action_server:/home/arian/ros2_foxy/install/examples_rclpy_minimal_action_client:/home/arian/ros2_foxy/install/examples_rclpy_executors:/home/arian/ros2_foxy/install/demo_nodes_py:/home/arian/ros2_foxy/install/action_tutorials_py:/home/arian/ros2_foxy/install/ament_uncrustify:/home/arian/ros2_foxy/install/tracetools_trace:/home/arian/ros2_foxy/install/tracetools_read:/home/arian/ros2_foxy/install/test_launch_ros:/home/arian/ros2_foxy/install/rpyutils:/home/arian/ros2_foxy/install/rosidl_runtime_py:/home/arian/ros2_foxy/install/launch_yaml:/home/arian/ros2_foxy/install/launch_xml:/home/arian/ros2_foxy/install/launch_testing:/home/arian/ros2_foxy/install/launch:/home/arian/ros2_foxy/install/osrf_pycommon:/home/arian/ros2_foxy/install/domain_coordinator:/home/arian/ros2_foxy/install/ament_xmllint:/home/arian/ros2_foxy/install/ament_pyflakes:/home/arian/ros2_foxy/install/ament_pycodestyle:/home/arian/ros2_foxy/install/ament_pep257:/home/arian/ros2_foxy/install/ament_pclint:/home/arian/ros2_foxy/install/ament_package:/home/arian/ros2_foxy/install/ament_mypy:/home/arian/ros2_foxy/install/ament_lint_cmake:/home/arian/ros2_foxy/install/ament_flake8:/home/arian/ros2_foxy/install/ament_copyright:/home/arian/ros2_foxy/install/ament_lint:/home/arian/ros2_foxy/install/ament_index_python:/home/arian/ros2_foxy/install/ament_cpplint:/home/arian/ros2_foxy/install/ament_cppcheck:/home/arian/ros2_foxy/install/ament_clang_tidy:/home/arian/ros2_foxy/install/ament_clang_format /usr/bin/cmake --build /home/arian/Framework/build/framework -- -j12 -l12
[0.126s] [35m[1mScanning dependencies of target main[0m
[0.165s] [ 50%] [32mBuilding CXX object CMakeFiles/main.dir/src/main.cpp.o[0m
[0.324s] In file included from [01m[K/home/arian/Framework/src/framework/src/main.cpp:12[m[K:
[0.324s] [01m[K/home/arian/Framework/src/framework/include/framework/multiply_parallel.hpp:381:[m[K [01;35m[Kwarning: [m[Kignoring #pragma omp parallel [[01;35m[K-Wunknown-pragmas[m[K]
[0.324s]   381 |             #pragma omp parallel num_threads(settings_.THREAD_NUMBER)
[0.325s]       | 
[1.298s] [01m[K/home/arian/Framework/src/framework/include/framework/multiply_parallel.hpp:403:27:[m[K [01;31m[Kerror: [m[KISO C++ forbids declaration of ‘[01m[Kmultiply_parallel[m[K’ with no type [[01;31m[K-fpermissive[m[K]
[1.298s]   403 |         multiply_parallel([01;31m[K)[m[K
[1.298s]       |                           [01;31m[K^[m[K
[1.298s] [01m[K/home/arian/Framework/src/framework/include/framework/multiply_parallel.hpp:408:146:[m[K [01;31m[Kerror: [m[KISO C++ forbids declaration of ‘[01m[Kmultiply_parallel[m[K’ with no type [[01;31m[K-fpermissive[m[K]
[1.299s]   408 |         multiply_parallel(const std::vector<T>& matrix_a_, const std::vector<T>& matrix_b_, std::vector<T>& matrix_c_, const settings & settings_[01;31m[K)[m[K
[1.299s]       |                                                                                                                                                  [01;31m[K^[m[K
[1.299s] [01m[K/home/arian/Framework/src/framework/include/framework/multiply_parallel.hpp:414:113:[m[K [01;31m[Kerror: [m[KISO C++ forbids declaration of ‘[01m[Kmultiply_parallel[m[K’ with no type [[01;31m[K-fpermissive[m[K]
[1.299s]   414 |         multiply_parallel(const std::vector<T>& matrix_a_, std::vector<T>& matrix_c_, const settings & settings_[01;31m[K)[m[K
[1.299s]       |                                                                                                                 [01;31m[K^[m[K
[1.299s] [01m[K/home/arian/Framework/src/framework/include/framework/multiply_parallel.hpp:[m[K In member function ‘[01m[Kint summation_parallel<T>::multiply_parallel()[m[K’:
[1.299s] [01m[K/home/arian/Framework/src/framework/include/framework/multiply_parallel.hpp:406:9:[m[K [01;35m[Kwarning: [m[Kno return statement in function returning non-void [[01;35m[K-Wreturn-type[m[K]
[1.299s]   406 |         [01;35m[K}[m[K
[1.299s]       |         [01;35m[K^[m[K
[1.299s] [01m[K/home/arian/Framework/src/framework/include/framework/multiply_parallel.hpp:[m[K In member function ‘[01m[Kint summation_parallel<T>::multiply_parallel(const std::vector<BufferT>&, const std::vector<BufferT>&, std::vector<BufferT>&, const settings&)[m[K’:
[1.299s] [01m[K/home/arian/Framework/src/framework/include/framework/multiply_parallel.hpp:412:9:[m[K [01;35m[Kwarning: [m[Kno return statement in function returning non-void [[01;35m[K-Wreturn-type[m[K]
[1.299s]   412 |         [01;35m[K}[m[K
[1.299s]       |         [01;35m[K^[m[K
[1.299s] [01m[K/home/arian/Framework/src/framework/include/framework/multiply_parallel.hpp:[m[K In member function ‘[01m[Kint summation_parallel<T>::multiply_parallel(const std::vector<BufferT>&, std::vector<BufferT>&, const settings&)[m[K’:
[1.299s] [01m[K/home/arian/Framework/src/framework/include/framework/multiply_parallel.hpp:421:9:[m[K [01;35m[Kwarning: [m[Kno return statement in function returning non-void [[01;35m[K-Wreturn-type[m[K]
[1.299s]   421 |         [01;35m[K}[m[K
[1.299s]       |         [01;35m[K^[m[K
[1.560s] /home/arian/Framework/src/framework/include/framework/multiply_parallel.hpp: In instantiation of ‘[01m[Kvoid summation_parallel<T>::execute(const std::vector<BufferT>&, const std::vector<BufferT>&, std::vector<BufferT>&, const settings&) [with T = int][m[K’:
[1.560s] [01m[K/home/arian/Framework/src/framework/include/framework/multiply_parallel.hpp:431:14:[m[K   required from here
[1.561s] [01m[K/home/arian/Framework/src/framework/include/framework/multiply_parallel.hpp:431:44:[m[K [01;35m[Kwarning: [m[Kunused parameter ‘[01m[Kmatrix_a_[m[K’ [[01;35m[K-Wunused-parameter[m[K]
[1.561s]   431 |         void execute([01;35m[Kconst std::vector<T>& matrix_a_[m[K, const std::vector<T>& matrix_b_, std::vector<T>& matrix_c_, const settings & settings_)
[1.561s]       |                      [01;35m[K~~~~~~~~~~~~~~~~~~~~~~^~~~~~~~~[m[K
[1.561s] [01m[K/home/arian/Framework/src/framework/include/framework/multiply_parallel.hpp:431:77:[m[K [01;35m[Kwarning: [m[Kunused parameter ‘[01m[Kmatrix_b_[m[K’ [[01;35m[K-Wunused-parameter[m[K]
[1.561s]   431 |         void execute(const std::vector<T>& matrix_a_, [01;35m[Kconst std::vector<T>& matrix_b_[m[K, std::vector<T>& matrix_c_, const settings & settings_)
[1.561s]       |                                                       [01;35m[K~~~~~~~~~~~~~~~~~~~~~~^~~~~~~~~[m[K
[1.561s] [01m[K/home/arian/Framework/src/framework/include/framework/multiply_parallel.hpp:431:104:[m[K [01;35m[Kwarning: [m[Kunused parameter ‘[01m[Kmatrix_c_[m[K’ [[01;35m[K-Wunused-parameter[m[K]
[1.561s]   431 |         void execute(const std::vector<T>& matrix_a_, const std::vector<T>& matrix_b_, [01;35m[Kstd::vector<T>& matrix_c_[m[K, const settings & settings_)
[1.561s]       |                                                                                        [01;35m[K~~~~~~~~~~~~~~~~^~~~~~~~~[m[K
[1.561s] [01m[K/home/arian/Framework/src/framework/include/framework/multiply_parallel.hpp:431:132:[m[K [01;35m[Kwarning: [m[Kunused parameter ‘[01m[Ksettings_[m[K’ [[01;35m[K-Wunused-parameter[m[K]
[1.561s]   431 |         void execute(const std::vector<T>& matrix_a_, const std::vector<T>& matrix_b_, std::vector<T>& matrix_c_, [01;35m[Kconst settings & settings_[m[K)
[1.561s]       |                                                                                                                   [01;35m[K~~~~~~~~~~~~~~~~~^~~~~~~~~[m[K
[1.561s] /home/arian/Framework/src/framework/include/framework/multiply_parallel.hpp: In instantiation of ‘[01m[Kvoid summation_parallel<T>::execute_pthread(const std::vector<BufferT>&, const std::vector<BufferT>&, std::vector<BufferT>&, const settings&) [with T = int][m[K’:
[1.561s] [01m[K/home/arian/Framework/src/framework/include/framework/multiply_parallel.hpp:436:14:[m[K   required from here
[1.562s] [01m[K/home/arian/Framework/src/framework/include/framework/multiply_parallel.hpp:436:52:[m[K [01;35m[Kwarning: [m[Kunused parameter ‘[01m[Kmatrix_a_[m[K’ [[01;35m[K-Wunused-parameter[m[K]
[1.562s]   436 |         void execute_pthread([01;35m[Kconst std::vector<T>& matrix_a_[m[K, const std::vector<T>& matrix_b_, std::vector<T>& matrix_c_, const settings & settings_)
[1.562s]       |                              [01;35m[K~~~~~~~~~~~~~~~~~~~~~~^~~~~~~~~[m[K
[1.562s] [01m[K/home/arian/Framework/src/framework/include/framework/multiply_parallel.hpp:436:85:[m[K [01;35m[Kwarning: [m[Kunused parameter ‘[01m[Kmatrix_b_[m[K’ [[01;35m[K-Wunused-parameter[m[K]
[1.562s]   436 |         void execute_pthread(const std::vector<T>& matrix_a_, [01;35m[Kconst std::vector<T>& matrix_b_[m[K, std::vector<T>& matrix_c_, const settings & settings_)
[1.562s]       |                                                               [01;35m[K~~~~~~~~~~~~~~~~~~~~~~^~~~~~~~~[m[K
[1.562s] [01m[K/home/arian/Framework/src/framework/include/framework/multiply_parallel.hpp:436:112:[m[K [01;35m[Kwarning: [m[Kunused parameter ‘[01m[Kmatrix_c_[m[K’ [[01;35m[K-Wunused-parameter[m[K]
[1.562s]   436 |         void execute_pthread(const std::vector<T>& matrix_a_, const std::vector<T>& matrix_b_, [01;35m[Kstd::vector<T>& matrix_c_[m[K, const settings & settings_)
[1.562s]       |                                                                                                [01;35m[K~~~~~~~~~~~~~~~~^~~~~~~~~[m[K
[1.562s] [01m[K/home/arian/Framework/src/framework/include/framework/multiply_parallel.hpp:436:140:[m[K [01;35m[Kwarning: [m[Kunused parameter ‘[01m[Ksettings_[m[K’ [[01;35m[K-Wunused-parameter[m[K]
[1.562s]   436 |         void execute_pthread(const std::vector<T>& matrix_a_, const std::vector<T>& matrix_b_, std::vector<T>& matrix_c_, [01;35m[Kconst settings & settings_[m[K)
[1.562s]       |                                                                                                                           [01;35m[K~~~~~~~~~~~~~~~~~^~~~~~~~~[m[K
[1.562s] /home/arian/Framework/src/framework/include/framework/multiply_parallel.hpp: In instantiation of ‘[01m[Kvoid summation_parallel<T>::execute_pthread_affine(const std::vector<BufferT>&, const std::vector<BufferT>&, std::vector<BufferT>&, const settings&) [with T = int][m[K’:
[1.562s] [01m[K/home/arian/Framework/src/framework/include/framework/multiply_parallel.hpp:441:14:[m[K   required from here
[1.562s] [01m[K/home/arian/Framework/src/framework/include/framework/multiply_parallel.hpp:441:59:[m[K [01;35m[Kwarning: [m[Kunused parameter ‘[01m[Kmatrix_a_[m[K’ [[01;35m[K-Wunused-parameter[m[K]
[1.563s]   441 |         void execute_pthread_affine([01;35m[Kconst std::vector<T>& matrix_a_[m[K, const std::vector<T>& matrix_b_, std::vector<T>& matrix_c_, const settings & settings_)
[1.563s]       |                                     [01;35m[K~~~~~~~~~~~~~~~~~~~~~~^~~~~~~~~[m[K
[1.563s] [01m[K/home/arian/Framework/src/framework/include/framework/multiply_parallel.hpp:441:92:[m[K [01;35m[Kwarning: [m[Kunused parameter ‘[01m[Kmatrix_b_[m[K’ [[01;35m[K-Wunused-parameter[m[K]
[1.563s]   441 |         void execute_pthread_affine(const std::vector<T>& matrix_a_, [01;35m[Kconst std::vector<T>& matrix_b_[m[K, std::vector<T>& matrix_c_, const settings & settings_)
[1.563s]       |                                                                      [01;35m[K~~~~~~~~~~~~~~~~~~~~~~^~~~~~~~~[m[K
[1.563s] [01m[K/home/arian/Framework/src/framework/include/framework/multiply_parallel.hpp:441:119:[m[K [01;35m[Kwarning: [m[Kunused parameter ‘[01m[Kmatrix_c_[m[K’ [[01;35m[K-Wunused-parameter[m[K]
[1.563s]   441 |         void execute_pthread_affine(const std::vector<T>& matrix_a_, const std::vector<T>& matrix_b_, [01;35m[Kstd::vector<T>& matrix_c_[m[K, const settings & settings_)
[1.563s]       |                                                                                                       [01;35m[K~~~~~~~~~~~~~~~~^~~~~~~~~[m[K
[1.563s] [01m[K/home/arian/Framework/src/framework/include/framework/multiply_parallel.hpp:441:147:[m[K [01;35m[Kwarning: [m[Kunused parameter ‘[01m[Ksettings_[m[K’ [[01;35m[K-Wunused-parameter[m[K]
[1.563s]   441 |         void execute_pthread_affine(const std::vector<T>& matrix_a_, const std::vector<T>& matrix_b_, std::vector<T>& matrix_c_, [01;35m[Kconst settings & settings_[m[K)
[1.563s]       |                                                                                                                                  [01;35m[K~~~~~~~~~~~~~~~~~^~~~~~~~~[m[K
[1.563s] /home/arian/Framework/src/framework/include/framework/multiply_parallel.hpp: In instantiation of ‘[01m[Kvoid summation_parallel<T>::execute_pthread_sched(const std::vector<BufferT>&, const std::vector<BufferT>&, std::vector<BufferT>&, const settings&) [with T = int][m[K’:
[1.563s] [01m[K/home/arian/Framework/src/framework/include/framework/multiply_parallel.hpp:446:14:[m[K   required from here
[1.563s] [01m[K/home/arian/Framework/src/framework/include/framework/multiply_parallel.hpp:446:58:[m[K [01;35m[Kwarning: [m[Kunused parameter ‘[01m[Kmatrix_a_[m[K’ [[01;35m[K-Wunused-parameter[m[K]
[1.563s]   446 |         void execute_pthread_sched([01;35m[Kconst std::vector<T>& matrix_a_[m[K, const std::vector<T>& matrix_b_, std::vector<T>& matrix_c_, const settings & settings_)
[1.563s]       |                                    [01;35m[K~~~~~~~~~~~~~~~~~~~~~~^~~~~~~~~[m[K
[1.564s] [01m[K/home/arian/Framework/src/framework/include/framework/multiply_parallel.hpp:446:91:[m[K [01;35m[Kwarning: [m[Kunused parameter ‘[01m[Kmatrix_b_[m[K’ [[01;35m[K-Wunused-parameter[m[K]
[1.564s]   446 |         void execute_pthread_sched(const std::vector<T>& matrix_a_, [01;35m[Kconst std::vector<T>& matrix_b_[m[K, std::vector<T>& matrix_c_, const settings & settings_)
[1.564s]       |                                                                     [01;35m[K~~~~~~~~~~~~~~~~~~~~~~^~~~~~~~~[m[K
[1.564s] [01m[K/home/arian/Framework/src/framework/include/framework/multiply_parallel.hpp:446:118:[m[K [01;35m[Kwarning: [m[Kunused parameter ‘[01m[Kmatrix_c_[m[K’ [[01;35m[K-Wunused-parameter[m[K]
[1.564s]   446 |         void execute_pthread_sched(const std::vector<T>& matrix_a_, const std::vector<T>& matrix_b_, [01;35m[Kstd::vector<T>& matrix_c_[m[K, const settings & settings_)
[1.564s]       |                                                                                                      [01;35m[K~~~~~~~~~~~~~~~~^~~~~~~~~[m[K
[1.564s] [01m[K/home/arian/Framework/src/framework/include/framework/multiply_parallel.hpp:446:146:[m[K [01;35m[Kwarning: [m[Kunused parameter ‘[01m[Ksettings_[m[K’ [[01;35m[K-Wunused-parameter[m[K]
[1.564s]   446 |         void execute_pthread_sched(const std::vector<T>& matrix_a_, const std::vector<T>& matrix_b_, std::vector<T>& matrix_c_, [01;35m[Kconst settings & settings_[m[K)
[1.564s]       |                                                                                                                                 [01;35m[K~~~~~~~~~~~~~~~~~^~~~~~~~~[m[K
[1.564s] /home/arian/Framework/src/framework/include/framework/multiply_parallel.hpp: In instantiation of ‘[01m[Kvoid summation_parallel<T>::execute_pthread_affine_sched(const std::vector<BufferT>&, const std::vector<BufferT>&, std::vector<BufferT>&, const settings&) [with T = int][m[K’:
[1.564s] [01m[K/home/arian/Framework/src/framework/include/framework/multiply_parallel.hpp:451:14:[m[K   required from here
[1.564s] [01m[K/home/arian/Framework/src/framework/include/framework/multiply_parallel.hpp:451:65:[m[K [01;35m[Kwarning: [m[Kunused parameter ‘[01m[Kmatrix_a_[m[K’ [[01;35m[K-Wunused-parameter[m[K]
[1.564s]   451 |         void execute_pthread_affine_sched([01;35m[Kconst std::vector<T>& matrix_a_[m[K, const std::vector<T>& matrix_b_, std::vector<T>& matrix_c_, const settings & settings_)
[1.564s]       |                                           [01;35m[K~~~~~~~~~~~~~~~~~~~~~~^~~~~~~~~[m[K
[1.564s] [01m[K/home/arian/Framework/src/framework/include/framework/multiply_parallel.hpp:451:98:[m[K [01;35m[Kwarning: [m[Kunused parameter ‘[01m[Kmatrix_b_[m[K’ [[01;35m[K-Wunused-parameter[m[K]
[1.564s]   451 |         void execute_pthread_affine_sched(const std::vector<T>& matrix_a_, [01;35m[Kconst std::vector<T>& matrix_b_[m[K, std::vector<T>& matrix_c_, const settings & settings_)
[1.564s]       |                                                                            [01;35m[K~~~~~~~~~~~~~~~~~~~~~~^~~~~~~~~[m[K
[1.565s] [01m[K/home/arian/Framework/src/framework/include/framework/multiply_parallel.hpp:451:125:[m[K [01;35m[Kwarning: [m[Kunused parameter ‘[01m[Kmatrix_c_[m[K’ [[01;35m[K-Wunused-parameter[m[K]
[1.565s]   451 |         void execute_pthread_affine_sched(const std::vector<T>& matrix_a_, const std::vector<T>& matrix_b_, [01;35m[Kstd::vector<T>& matrix_c_[m[K, const settings & settings_)
[1.565s]       |                                                                                                             [01;35m[K~~~~~~~~~~~~~~~~^~~~~~~~~[m[K
[1.565s] [01m[K/home/arian/Framework/src/framework/include/framework/multiply_parallel.hpp:451:153:[m[K [01;35m[Kwarning: [m[Kunused parameter ‘[01m[Ksettings_[m[K’ [[01;35m[K-Wunused-parameter[m[K]
[1.565s]   451 |         void execute_pthread_affine_sched(const std::vector<T>& matrix_a_, const std::vector<T>& matrix_b_, std::vector<T>& matrix_c_, [01;35m[Kconst settings & settings_[m[K)
[1.565s]       |                                                                                                                                        [01;35m[K~~~~~~~~~~~~~~~~~^~~~~~~~~[m[K
[1.565s] /home/arian/Framework/src/framework/include/framework/multiply_parallel.hpp: In instantiation of ‘[01m[Kvoid summation_parallel<T>::execute_openmp(const std::vector<BufferT>&, const std::vector<BufferT>&, std::vector<BufferT>&, const settings&) [with T = int][m[K’:
[1.565s] [01m[K/home/arian/Framework/src/framework/include/framework/multiply_parallel.hpp:456:14:[m[K   required from here
[1.565s] [01m[K/home/arian/Framework/src/framework/include/framework/multiply_parallel.hpp:456:51:[m[K [01;35m[Kwarning: [m[Kunused parameter ‘[01m[Kmatrix_a_[m[K’ [[01;35m[K-Wunused-parameter[m[K]
[1.565s]   456 |         void execute_openmp([01;35m[Kconst std::vector<T>& matrix_a_[m[K, const std::vector<T>& matrix_b_, std::vector<T>& matrix_c_, const settings & settings_ )
[1.565s]       |                             [01;35m[K~~~~~~~~~~~~~~~~~~~~~~^~~~~~~~~[m[K
[1.565s] [01m[K/home/arian/Framework/src/framework/include/framework/multiply_parallel.hpp:456:84:[m[K [01;35m[Kwarning: [m[Kunused parameter ‘[01m[Kmatrix_b_[m[K’ [[01;35m[K-Wunused-parameter[m[K]
[1.565s]   456 |         void execute_openmp(const std::vector<T>& matrix_a_, [01;35m[Kconst std::vector<T>& matrix_b_[m[K, std::vector<T>& matrix_c_, const settings & settings_ )
[1.565s]       |                                                              [01;35m[K~~~~~~~~~~~~~~~~~~~~~~^~~~~~~~~[m[K
[1.565s] [01m[K/home/arian/Framework/src/framework/include/framework/multiply_parallel.hpp:456:111:[m[K [01;35m[Kwarning: [m[Kunused parameter ‘[01m[Kmatrix_c_[m[K’ [[01;35m[K-Wunused-parameter[m[K]
[1.565s]   456 |         void execute_openmp(const std::vector<T>& matrix_a_, const std::vector<T>& matrix_b_, [01;35m[Kstd::vector<T>& matrix_c_[m[K, const settings & settings_ )
[1.565s]       |                                                                                               [01;35m[K~~~~~~~~~~~~~~~~^~~~~~~~~[m[K
[1.566s] [01m[K/home/arian/Framework/src/framework/include/framework/multiply_parallel.hpp:456:139:[m[K [01;35m[Kwarning: [m[Kunused parameter ‘[01m[Ksettings_[m[K’ [[01;35m[K-Wunused-parameter[m[K]
[1.566s]   456 |         void execute_openmp(const std::vector<T>& matrix_a_, const std::vector<T>& matrix_b_, std::vector<T>& matrix_c_, [01;35m[Kconst settings & settings_[m[K )
[1.566s]       |                                                                                                                          [01;35m[K~~~~~~~~~~~~~~~~~^~~~~~~~~[m[K
[1.598s] make[2]: *** [CMakeFiles/main.dir/build.make:63: CMakeFiles/main.dir/src/main.cpp.o] Error 1
[1.598s] make[1]: *** [CMakeFiles/Makefile2:78: CMakeFiles/main.dir/all] Error 2
[1.598s] make: *** [Makefile:141: all] Error 2
[1.600s] Invoked command in '/home/arian/Framework/build/framework' returned '2': CMAKE_PREFIX_PATH=${CMAKE_PREFIX_PATH}:/home/arian/ros2_foxy/install/ros2bag:/home/arian/ros2_foxy/install/tracetools_launch:/home/arian/ros2_foxy/install/topic_monitor:/home/arian/ros2_foxy/install/examples_tf2_py:/home/arian/ros2_foxy/install/sros2:/home/arian/ros2_foxy/install/rqt_topic:/home/arian/ros2_foxy/install/rqt_reconfigure:/home/arian/ros2_foxy/install/rqt_action:/home/arian/ros2_foxy/install/rqt:/home/arian/ros2_foxy/install/rqt_graph:/home/arian/ros2_foxy/install/rqt_gui_py:/home/arian/ros2_foxy/install/rqt_gui:/home/arian/ros2_foxy/install/ros2trace:/home/arian/ros2_foxy/install/ros2topic:/home/arian/ros2_foxy/install/ros2test:/home/arian/ros2_foxy/install/ros2component:/home/arian/ros2_foxy/install/ros2param:/home/arian/ros2_foxy/install/ros2lifecycle:/home/arian/ros2_foxy/install/ros2service:/home/arian/ros2_foxy/install/ros2run:/home/arian/ros2_foxy/install/ros2launch:/home/arian/ros2_foxy/install/ros2pkg:/home/arian/ros2_foxy/install/ros2node:/home/arian/ros2_foxy/install/ros2multicast:/home/arian/ros2_foxy/install/ros2interface:/home/arian/ros2_foxy/install/ros2doctor:/home/arian/ros2_foxy/install/ros2action:/home/arian/ros2_foxy/install/ros2cli:/home/arian/ros2_foxy/install/quality_of_service_demo_py:/home/arian/ros2_foxy/install/launch_testing_ros:/home/arian/ros2_foxy/install/launch_ros:/home/arian/ros2_foxy/install/examples_rclpy_minimal_subscriber:/home/arian/ros2_foxy/install/examples_rclpy_minimal_service:/home/arian/ros2_foxy/install/examples_rclpy_minimal_publisher:/home/arian/ros2_foxy/install/examples_rclpy_minimal_client:/home/arian/ros2_foxy/install/examples_rclpy_minimal_action_server:/home/arian/ros2_foxy/install/examples_rclpy_minimal_action_client:/home/arian/ros2_foxy/install/examples_rclpy_executors:/home/arian/ros2_foxy/install/demo_nodes_py:/home/arian/ros2_foxy/install/action_tutorials_py:/home/arian/ros2_foxy/install/ament_uncrustify:/home/arian/ros2_foxy/install/tracetools_trace:/home/arian/ros2_foxy/install/tracetools_read:/home/arian/ros2_foxy/install/test_launch_ros:/home/arian/ros2_foxy/install/rpyutils:/home/arian/ros2_foxy/install/rosidl_runtime_py:/home/arian/ros2_foxy/install/launch_yaml:/home/arian/ros2_foxy/install/launch_xml:/home/arian/ros2_foxy/install/launch_testing:/home/arian/ros2_foxy/install/launch:/home/arian/ros2_foxy/install/osrf_pycommon:/home/arian/ros2_foxy/install/domain_coordinator:/home/arian/ros2_foxy/install/ament_xmllint:/home/arian/ros2_foxy/install/ament_pyflakes:/home/arian/ros2_foxy/install/ament_pycodestyle:/home/arian/ros2_foxy/install/ament_pep257:/home/arian/ros2_foxy/install/ament_pclint:/home/arian/ros2_foxy/install/ament_package:/home/arian/ros2_foxy/install/ament_mypy:/home/arian/ros2_foxy/install/ament_lint_cmake:/home/arian/ros2_foxy/install/ament_flake8:/home/arian/ros2_foxy/install/ament_copyright:/home/arian/ros2_foxy/install/ament_lint:/home/arian/ros2_foxy/install/ament_index_python:/home/arian/ros2_foxy/install/ament_cpplint:/home/arian/ros2_foxy/install/ament_cppcheck:/home/arian/ros2_foxy/install/ament_clang_tidy:/home/arian/ros2_foxy/install/ament_clang_format /usr/bin/cmake --build /home/arian/Framework/build/framework -- -j12 -l12
