[0.036s] Invoking command in '/home/arian/Framework/build/framework': CMAKE_PREFIX_PATH=${CMAKE_PREFIX_PATH}:/home/arian/ros2_foxy/install/ros2bag:/home/arian/ros2_foxy/install/tracetools_launch:/home/arian/ros2_foxy/install/topic_monitor:/home/arian/ros2_foxy/install/examples_tf2_py:/home/arian/ros2_foxy/install/sros2:/home/arian/ros2_foxy/install/rqt_topic:/home/arian/ros2_foxy/install/rqt_reconfigure:/home/arian/ros2_foxy/install/rqt_action:/home/arian/ros2_foxy/install/rqt:/home/arian/ros2_foxy/install/rqt_graph:/home/arian/ros2_foxy/install/rqt_gui_py:/home/arian/ros2_foxy/install/rqt_gui:/home/arian/ros2_foxy/install/ros2trace:/home/arian/ros2_foxy/install/ros2topic:/home/arian/ros2_foxy/install/ros2test:/home/arian/ros2_foxy/install/ros2component:/home/arian/ros2_foxy/install/ros2param:/home/arian/ros2_foxy/install/ros2lifecycle:/home/arian/ros2_foxy/install/ros2service:/home/arian/ros2_foxy/install/ros2run:/home/arian/ros2_foxy/install/ros2launch:/home/arian/ros2_foxy/install/ros2pkg:/home/arian/ros2_foxy/install/ros2node:/home/arian/ros2_foxy/install/ros2multicast:/home/arian/ros2_foxy/install/ros2interface:/home/arian/ros2_foxy/install/ros2doctor:/home/arian/ros2_foxy/install/ros2action:/home/arian/ros2_foxy/install/ros2cli:/home/arian/ros2_foxy/install/quality_of_service_demo_py:/home/arian/ros2_foxy/install/launch_testing_ros:/home/arian/ros2_foxy/install/launch_ros:/home/arian/ros2_foxy/install/examples_rclpy_minimal_subscriber:/home/arian/ros2_foxy/install/examples_rclpy_minimal_service:/home/arian/ros2_foxy/install/examples_rclpy_minimal_publisher:/home/arian/ros2_foxy/install/examples_rclpy_minimal_client:/home/arian/ros2_foxy/install/examples_rclpy_minimal_action_server:/home/arian/ros2_foxy/install/examples_rclpy_minimal_action_client:/home/arian/ros2_foxy/install/examples_rclpy_executors:/home/arian/ros2_foxy/install/demo_nodes_py:/home/arian/ros2_foxy/install/action_tutorials_py:/home/arian/ros2_foxy/install/ament_uncrustify:/home/arian/ros2_foxy/install/tracetools_trace:/home/arian/ros2_foxy/install/tracetools_read:/home/arian/ros2_foxy/install/test_launch_ros:/home/arian/ros2_foxy/install/rpyutils:/home/arian/ros2_foxy/install/rosidl_runtime_py:/home/arian/ros2_foxy/install/launch_yaml:/home/arian/ros2_foxy/install/launch_xml:/home/arian/ros2_foxy/install/launch_testing:/home/arian/ros2_foxy/install/launch:/home/arian/ros2_foxy/install/osrf_pycommon:/home/arian/ros2_foxy/install/domain_coordinator:/home/arian/ros2_foxy/install/ament_xmllint:/home/arian/ros2_foxy/install/ament_pyflakes:/home/arian/ros2_foxy/install/ament_pycodestyle:/home/arian/ros2_foxy/install/ament_pep257:/home/arian/ros2_foxy/install/ament_pclint:/home/arian/ros2_foxy/install/ament_package:/home/arian/ros2_foxy/install/ament_mypy:/home/arian/ros2_foxy/install/ament_lint_cmake:/home/arian/ros2_foxy/install/ament_flake8:/home/arian/ros2_foxy/install/ament_copyright:/home/arian/ros2_foxy/install/ament_lint:/home/arian/ros2_foxy/install/ament_index_python:/home/arian/ros2_foxy/install/ament_cpplint:/home/arian/ros2_foxy/install/ament_cppcheck:/home/arian/ros2_foxy/install/ament_clang_tidy:/home/arian/ros2_foxy/install/ament_clang_format /usr/bin/cmake --build /home/arian/Framework/build/framework -- -j12 -l12
[0.117s] [35m[1mScanning dependencies of target main[0m
[0.156s] [ 50%] [32mBuilding CXX object CMakeFiles/main.dir/src/main.cpp.o[0m
[0.306s] In file included from [01m[K/home/arian/Framework/src/framework/src/main.cpp:12[m[K:
[0.307s] [01m[K/home/arian/Framework/src/framework/include/framework/multiply_parallel.hpp:447:[m[K [01;35m[Kwarning: [m[Kignoring #pragma omp parallel [[01;35m[K-Wunknown-pragmas[m[K]
[0.307s]   447 |             #pragma omp parallel num_threads(settings_.THREAD_NUMBER)
[0.307s]       | 
[1.346s] /home/arian/Framework/src/framework/include/framework/multiply_parallel.hpp: In instantiation of ‘[01m[Kstatic std::vector<std::vector<BufferT> > generator::generate_inputs(std::initializer_list<int>) [with T = double][m[K’:
[1.346s] [01m[K/home/arian/Framework/src/framework/src/main.cpp:100:64:[m[K   required from here
[1.346s] [01m[K/home/arian/Framework/src/framework/include/framework/multiply_parallel.hpp:498:34:[m[K [01;35m[Kwarning: [m[Kcomparison of integer expressions of different signedness: ‘[01m[Kint[m[K’ and ‘[01m[Kstd::vector<double, std::allocator<double> >::size_type[m[K’ {aka ‘[01m[Klong unsigned int[m[K’} [[01;35m[K-Wsign-compare[m[K]
[1.346s]   498 |                 for(int i = 0; i < temp.capacity(); i++)
[1.348s] /home/arian/Framework/src/framework/include/framework/multiply_parallel.hpp: In instantiation of ‘[01m[Kvoid benchmark<T>::execute_all() [with K = std::ratio<1, 1000>; T = double][m[K’:
[1.349s] [01m[K/home/arian/Framework/src/framework/src/main.cpp:114:46:[m[K   required from here
[1.349s] [01m[K/home/arian/Framework/src/framework/include/framework/multiply_parallel.hpp:624:30:[m[K [01;35m[Kwarning: [m[Kcomparison of integer expressions of different signedness: ‘[01m[Kint[m[K’ and ‘[01m[Kstd::vector<settings>::size_type[m[K’ {aka ‘[01m[Klong unsigned int[m[K’} [[01;35m[K-Wsign-compare[m[K]
[1.349s]   624 |             for(int i = 0; [01;35m[Ki < settingss_.size()[m[K; i++)
[1.349s]       |                            [01;35m[K~~^~~~~~~~~~~~~~~~~~~[m[K
[1.349s] [01m[K/home/arian/Framework/src/framework/include/framework/multiply_parallel.hpp:626:58:[m[K [01;31m[Kerror: [m[Kno matching function for call to ‘[01m[Kstd::__cxx11::basic_string<char>::basic_string(int)[m[K’
[1.349s]   626 |                 json_generator_.add("\n\t\t\"test_"+std::[01;31m[Kstring(i + 1)[m[K +"\" : {")
[1.349s]       |                                                          [01;31m[K^~~~~~~~~~~~~[m[K
[1.350s] In file included from [01m[K/usr/include/c++/9/string:55[m[K,
[1.350s]                  from [01m[K/usr/include/c++/9/bits/locale_classes.h:40[m[K,
[1.350s]                  from [01m[K/usr/include/c++/9/bits/ios_base.h:41[m[K,
[1.350s]                  from [01m[K/usr/include/c++/9/ios:42[m[K,
[1.350s]                  from [01m[K/usr/include/c++/9/ostream:38[m[K,
[1.350s]                  from [01m[K/usr/include/c++/9/iostream:39[m[K,
[1.350s]                  from [01m[K/home/arian/Framework/src/framework/src/main.cpp:1[m[K:
[1.350s] [01m[K/usr/include/c++/9/bits/basic_string.h:625:9:[m[K [01;36m[Knote: [m[Kcandidate: ‘[01m[Ktemplate<class _InputIterator, class> std::__cxx11::basic_string<_CharT, _Traits, _Alloc>::basic_string(_InputIterator, _InputIterator, const _Alloc&)[m[K’
[1.350s]   625 |         [01;36m[Kbasic_string[m[K(_InputIterator __beg, _InputIterator __end,
[1.350s]       |         [01;36m[K^~~~~~~~~~~~[m[K
[1.350s] [01m[K/usr/include/c++/9/bits/basic_string.h:625:9:[m[K [01;36m[Knote: [m[K  template argument deduction/substitution failed:
[1.350s] In file included from [01m[K/home/arian/Framework/src/framework/src/main.cpp:12[m[K:
[1.350s] [01m[K/home/arian/Framework/src/framework/include/framework/multiply_parallel.hpp:626:58:[m[K [01;36m[Knote: [m[K  candidate expects 3 arguments, 1 provided
[1.350s]   626 |                 json_generator_.add("\n\t\t\"test_"+std::[01;36m[Kstring(i + 1)[m[K +"\" : {")
[1.350s]       |                                                          [01;36m[K^~~~~~~~~~~~~[m[K
[1.350s] In file included from [01m[K/usr/include/c++/9/string:55[m[K,
[1.350s]                  from [01m[K/usr/include/c++/9/bits/locale_classes.h:40[m[K,
[1.350s]                  from [01m[K/usr/include/c++/9/bits/ios_base.h:41[m[K,
[1.351s]                  from [01m[K/usr/include/c++/9/ios:42[m[K,
[1.351s]                  from [01m[K/usr/include/c++/9/ostream:38[m[K,
[1.351s]                  from [01m[K/usr/include/c++/9/iostream:39[m[K,
[1.351s]                  from [01m[K/home/arian/Framework/src/framework/src/main.cpp:1[m[K:
[1.351s] [01m[K/usr/include/c++/9/bits/basic_string.h:587:7:[m[K [01;36m[Knote: [m[Kcandidate: ‘[01m[Kstd::__cxx11::basic_string<_CharT, _Traits, _Alloc>::basic_string(std::__cxx11::basic_string<_CharT, _Traits, _Alloc>&&, const _Alloc&) [with _CharT = char; _Traits = std::char_traits<char>; _Alloc = std::allocator<char>][m[K’
[1.351s]   587 |       [01;36m[Kbasic_string[m[K(basic_string&& __str, const _Alloc& __a)
[1.351s]       |       [01;36m[K^~~~~~~~~~~~[m[K
[1.351s] [01m[K/usr/include/c++/9/bits/basic_string.h:587:7:[m[K [01;36m[Knote: [m[K  candidate expects 2 arguments, 1 provided
[1.351s] [01m[K/usr/include/c++/9/bits/basic_string.h:583:7:[m[K [01;36m[Knote: [m[Kcandidate: ‘[01m[Kstd::__cxx11::basic_string<_CharT, _Traits, _Alloc>::basic_string(const std::__cxx11::basic_string<_CharT, _Traits, _Alloc>&, const _Alloc&) [with _CharT = char; _Traits = std::char_traits<char>; _Alloc = std::allocator<char>][m[K’
[1.351s]   583 |       [01;36m[Kbasic_string[m[K(const basic_string& __str, const _Alloc& __a)
[1.351s]       |       [01;36m[K^~~~~~~~~~~~[m[K
[1.351s] [01m[K/usr/include/c++/9/bits/basic_string.h:583:7:[m[K [01;36m[Knote: [m[K  candidate expects 2 arguments, 1 provided
[1.351s] [01m[K/usr/include/c++/9/bits/basic_string.h:579:7:[m[K [01;36m[Knote: [m[Kcandidate: ‘[01m[Kstd::__cxx11::basic_string<_CharT, _Traits, _Alloc>::basic_string(std::initializer_list<_Tp>, const _Alloc&) [with _CharT = char; _Traits = std::char_traits<char>; _Alloc = std::allocator<char>][m[K’
[1.351s]   579 |       [01;36m[Kbasic_string[m[K(initializer_list<_CharT> __l, const _Alloc& __a = _Alloc())
[1.351s]       |       [01;36m[K^~~~~~~~~~~~[m[K
[1.351s] [01m[K/usr/include/c++/9/bits/basic_string.h:579:45:[m[K [01;36m[Knote: [m[K  no known conversion for argument 1 from ‘[01m[Kint[m[K’ to ‘[01m[Kstd::initializer_list<char>[m[K’
[1.351s]   579 |       basic_string([01;36m[Kinitializer_list<_CharT> __l[m[K, const _Alloc& __a = _Alloc())
[1.352s]       |                    [01;36m[K~~~~~~~~~~~~~~~~~~~~~~~~~^~~[m[K
[1.352s] [01m[K/usr/include/c++/9/bits/basic_string.h:552:7:[m[K [01;36m[Knote: [m[Kcandidate: ‘[01m[Kstd::__cxx11::basic_string<_CharT, _Traits, _Alloc>::basic_string(std::__cxx11::basic_string<_CharT, _Traits, _Alloc>&&) [with _CharT = char; _Traits = std::char_traits<char>; _Alloc = std::allocator<char>][m[K’
[1.352s]   552 |       [01;36m[Kbasic_string[m[K(basic_string&& __str) noexcept
[1.352s]       |       [01;36m[K^~~~~~~~~~~~[m[K
[1.352s] [01m[K/usr/include/c++/9/bits/basic_string.h:552:35:[m[K [01;36m[Knote: [m[K  no known conversion for argument 1 from ‘[01m[Kint[m[K’ to ‘[01m[Kstd::__cxx11::basic_string<char>&&[m[K’
[1.352s]   552 |       basic_string([01;36m[Kbasic_string&& __str[m[K) noexcept
[1.352s]       |                    [01;36m[K~~~~~~~~~~~~~~~^~~~~[m[K
[1.352s] [01m[K/usr/include/c++/9/bits/basic_string.h:540:7:[m[K [01;36m[Knote: [m[Kcandidate: ‘[01m[Kstd::__cxx11::basic_string<_CharT, _Traits, _Alloc>::basic_string(std::__cxx11::basic_string<_CharT, _Traits, _Alloc>::size_type, _CharT, const _Alloc&) [with _CharT = char; _Traits = std::char_traits<char>; _Alloc = std::allocator<char>; std::__cxx11::basic_string<_CharT, _Traits, _Alloc>::size_type = long unsigned int][m[K’
[1.352s]   540 |       [01;36m[Kbasic_string[m[K(size_type __n, _CharT __c, const _Alloc& __a = _Alloc())
[1.352s]       |       [01;36m[K^~~~~~~~~~~~[m[K
[1.352s] [01m[K/usr/include/c++/9/bits/basic_string.h:540:7:[m[K [01;36m[Knote: [m[K  candidate expects 3 arguments, 1 provided
[1.352s] [01m[K/usr/include/c++/9/bits/basic_string.h:525:7:[m[K [01;36m[Knote: [m[Kcandidate: ‘[01m[Kstd::__cxx11::basic_string<_CharT, _Traits, _Alloc>::basic_string(const _CharT*, const _Alloc&) [with _CharT = char; _Traits = std::char_traits<char>; _Alloc = std::allocator<char>][m[K’ <near match>
[1.352s]   525 |       [01;36m[Kbasic_string[m[K(const _CharT* __s, const _Alloc& __a = _Alloc())
[1.352s]       |       [01;36m[K^~~~~~~~~~~~[m[K
[1.352s] [01m[K/usr/include/c++/9/bits/basic_string.h:525:7:[m[K [01;36m[Knote: [m[K  conversion of argument 1 would be ill-formed:
[1.352s] In file included from [01m[K/home/arian/Framework/src/framework/src/main.cpp:12[m[K:
[1.352s] [01m[K/home/arian/Framework/src/framework/include/framework/multiply_parallel.hpp:626:67:[m[K [01;31m[Kerror: [m[Kinvalid conversion from ‘[01m[Kint[m[K’ to ‘[01m[Kconst char*[m[K’ [[01;31m[K-fpermissive[m[K]
[1.352s]   626 |                 json_generator_.add("\n\t\t\"test_"+std::string([01;31m[Ki + 1[m[K) +"\" : {")
[1.353s]       |                                                                 [01;31m[K~~^~~[m[K
[1.353s]       |                                                                   [01;31m[K|[m[K
[1.353s]       |                                                                   [01;31m[Kint[m[K
[1.353s] In file included from [01m[K/usr/include/c++/9/string:55[m[K,
[1.353s]                  from [01m[K/usr/include/c++/9/bits/locale_classes.h:40[m[K,
[1.353s]                  from [01m[K/usr/include/c++/9/bits/ios_base.h:41[m[K,
[1.353s]                  from [01m[K/usr/include/c++/9/ios:42[m[K,
[1.353s]                  from [01m[K/usr/include/c++/9/ostream:38[m[K,
[1.353s]                  from [01m[K/usr/include/c++/9/iostream:39[m[K,
[1.353s]                  from [01m[K/home/arian/Framework/src/framework/src/main.cpp:1[m[K:
[1.353s] [01m[K/usr/include/c++/9/bits/basic_string.h:510:7:[m[K [01;36m[Knote: [m[Kcandidate: ‘[01m[Kstd::__cxx11::basic_string<_CharT, _Traits, _Alloc>::basic_string(const _CharT*, std::__cxx11::basic_string<_CharT, _Traits, _Alloc>::size_type, const _Alloc&) [with _CharT = char; _Traits = std::char_traits<char>; _Alloc = std::allocator<char>; std::__cxx11::basic_string<_CharT, _Traits, _Alloc>::size_type = long unsigned int][m[K’
[1.353s]   510 |       [01;36m[Kbasic_string[m[K(const _CharT* __s, size_type __n,
[1.353s]       |       [01;36m[K^~~~~~~~~~~~[m[K
[1.353s] [01m[K/usr/include/c++/9/bits/basic_string.h:510:7:[m[K [01;36m[Knote: [m[K  candidate expects 3 arguments, 1 provided
[1.353s] [01m[K/usr/include/c++/9/bits/basic_string.h:492:7:[m[K [01;36m[Knote: [m[Kcandidate: ‘[01m[Kstd::__cxx11::basic_string<_CharT, _Traits, _Alloc>::basic_string(const std::__cxx11::basic_string<_CharT, _Traits, _Alloc>&, std::__cxx11::basic_string<_CharT, _Traits, _Alloc>::size_type, std::__cxx11::basic_string<_CharT, _Traits, _Alloc>::size_type, const _Alloc&) [with _CharT = char; _Traits = std::char_traits<char>; _Alloc = std::allocator<char>; std::__cxx11::basic_string<_CharT, _Traits, _Alloc>::size_type = long unsigned int][m[K’
[1.353s]   492 |       [01;36m[Kbasic_string[m[K(const basic_string& __str, size_type __pos,
[1.353s]       |       [01;36m[K^~~~~~~~~~~~[m[K
[1.353s] [01m[K/usr/include/c++/9/bits/basic_string.h:492:7:[m[K [01;36m[Knote: [m[K  candidate expects 4 arguments, 1 provided
[1.354s] [01m[K/usr/include/c++/9/bits/basic_string.h:476:7:[m[K [01;36m[Knote: [m[Kcandidate: ‘[01m[Kstd::__cxx11::basic_string<_CharT, _Traits, _Alloc>::basic_string(const std::__cxx11::basic_string<_CharT, _Traits, _Alloc>&, std::__cxx11::basic_string<_CharT, _Traits, _Alloc>::size_type, std::__cxx11::basic_string<_CharT, _Traits, _Alloc>::size_type) [with _CharT = char; _Traits = std::char_traits<char>; _Alloc = std::allocator<char>; std::__cxx11::basic_string<_CharT, _Traits, _Alloc>::size_type = long unsigned int][m[K’
[1.354s]   476 |       [01;36m[Kbasic_string[m[K(const basic_string& __str, size_type __pos,
[1.354s]       |       [01;36m[K^~~~~~~~~~~~[m[K
[1.354s] [01m[K/usr/include/c++/9/bits/basic_string.h:476:7:[m[K [01;36m[Knote: [m[K  candidate expects 3 arguments, 1 provided
[1.354s] [01m[K/usr/include/c++/9/bits/basic_string.h:461:7:[m[K [01;36m[Knote: [m[Kcandidate: ‘[01m[Kstd::__cxx11::basic_string<_CharT, _Traits, _Alloc>::basic_string(const std::__cxx11::basic_string<_CharT, _Traits, _Alloc>&, std::__cxx11::basic_string<_CharT, _Traits, _Alloc>::size_type, const _Alloc&) [with _CharT = char; _Traits = std::char_traits<char>; _Alloc = std::allocator<char>; std::__cxx11::basic_string<_CharT, _Traits, _Alloc>::size_type = long unsigned int][m[K’
[1.354s]   461 |       [01;36m[Kbasic_string[m[K(const basic_string& __str, size_type __pos,
[1.354s]       |       [01;36m[K^~~~~~~~~~~~[m[K
[1.354s] [01m[K/usr/include/c++/9/bits/basic_string.h:461:7:[m[K [01;36m[Knote: [m[K  candidate expects 3 arguments, 1 provided
[1.354s] [01m[K/usr/include/c++/9/bits/basic_string.h:448:7:[m[K [01;36m[Knote: [m[Kcandidate: ‘[01m[Kstd::__cxx11::basic_string<_CharT, _Traits, _Alloc>::basic_string(const std::__cxx11::basic_string<_CharT, _Traits, _Alloc>&) [with _CharT = char; _Traits = std::char_traits<char>; _Alloc = std::allocator<char>][m[K’
[1.354s]   448 |       [01;36m[Kbasic_string[m[K(const basic_string& __str)
[1.354s]       |       [01;36m[K^~~~~~~~~~~~[m[K
[1.354s] [01m[K/usr/include/c++/9/bits/basic_string.h:448:40:[m[K [01;36m[Knote: [m[K  no known conversion for argument 1 from ‘[01m[Kint[m[K’ to ‘[01m[Kconst std::__cxx11::basic_string<char>&[m[K’
[1.354s]   448 |       basic_string([01;36m[Kconst basic_string& __str[m[K)
[1.354s]       |                    [01;36m[K~~~~~~~~~~~~~~~~~~~~^~~~~[m[K
[1.354s] [01m[K/usr/include/c++/9/bits/basic_string.h:440:7:[m[K [01;36m[Knote: [m[Kcandidate: ‘[01m[Kstd::__cxx11::basic_string<_CharT, _Traits, _Alloc>::basic_string(const _Alloc&) [with _CharT = char; _Traits = std::char_traits<char>; _Alloc = std::allocator<char>][m[K’
[1.354s]   440 |       [01;36m[Kbasic_string[m[K(const _Alloc& __a) _GLIBCXX_NOEXCEPT
[1.354s]       |       [01;36m[K^~~~~~~~~~~~[m[K
[1.354s] [01m[K/usr/include/c++/9/bits/basic_string.h:440:34:[m[K [01;36m[Knote: [m[K  no known conversion for argument 1 from ‘[01m[Kint[m[K’ to ‘[01m[Kconst std::allocator<char>&[m[K’
[1.355s]   440 |       basic_string([01;36m[Kconst _Alloc& __a[m[K) _GLIBCXX_NOEXCEPT
[1.355s]       |                    [01;36m[K~~~~~~~~~~~~~~^~~[m[K
[1.355s] [01m[K/usr/include/c++/9/bits/basic_string.h:431:7:[m[K [01;36m[Knote: [m[Kcandidate: ‘[01m[Kstd::__cxx11::basic_string<_CharT, _Traits, _Alloc>::basic_string() [with _CharT = char; _Traits = std::char_traits<char>; _Alloc = std::allocator<char>][m[K’
[1.355s]   431 |       [01;36m[Kbasic_string[m[K()
[1.355s]       |       [01;36m[K^~~~~~~~~~~~[m[K
[1.355s] [01m[K/usr/include/c++/9/bits/basic_string.h:431:7:[m[K [01;36m[Knote: [m[K  candidate expects 0 arguments, 1 provided
[1.355s] In file included from [01m[K/home/arian/Framework/src/framework/src/main.cpp:12[m[K:
[1.355s] [01m[K/home/arian/Framework/src/framework/include/framework/multiply_parallel.hpp:630:34:[m[K [01;35m[Kwarning: [m[Kcomparison of integer expressions of different signedness: ‘[01m[Kint[m[K’ and ‘[01m[Kstd::vector<std::vector<double, std::allocator<double> >, std::allocator<std::vector<double, std::allocator<double> > > >::size_type[m[K’ {aka ‘[01m[Klong unsigned int[m[K’} [[01;35m[K-Wsign-compare[m[K]
[1.355s]   630 |                 for(int j = 0; j < inputs_a_.size(); j++)
[1.355s] [01m[K/home/arian/Framework/src/framework/include/framework/multiply_parallel.hpp:642:22:[m[K [01;35m[Kwarning: [m[Kcomparison of integer expressions of different signedness: ‘[01m[Kint[m[K’ and ‘[01m[Kstd::vector<settings>::size_type[m[K’ {aka ‘[01m[Klong unsigned int[m[K’} [[01;35m[K-Wsign-compare[m[K]
[1.355s]   642 |                 if([01;35m[Ki == settingss_.size() - 1[m[K)
[1.355s]       |                    [01;35m[K~~^~~~~~~~~~~~~~~~~~~~~~~~[m[K
[1.419s] /home/arian/Framework/src/framework/include/framework/multiply_parallel.hpp: In instantiation of ‘[01m[Kjson_generator& json_generator::add(const std::chrono::duration<long int, T>&) [with T = std::ratio<1, 1000>][m[K’:
[1.419s] [01m[K/home/arian/Framework/src/framework/include/framework/multiply_parallel.hpp:618:29:[m[K   required from ‘[01m[Kvoid benchmark<T>::execute_all() [with K = std::ratio<1, 1000>; T = double][m[K’
[1.419s] [01m[K/home/arian/Framework/src/framework/src/main.cpp:114:46:[m[K   required from here
[1.419s] [01m[K/home/arian/Framework/src/framework/include/framework/multiply_parallel.hpp:550:70:[m[K [01;35m[Kwarning: [m[Kunused parameter ‘[01m[Kduration[m[K’ [[01;35m[K-Wunused-parameter[m[K]
[1.419s]   550 |         json_generator& add([01;35m[Kconst std::chrono::duration<int64_t, T>& duration[m[K)
[1.419s]       |                             [01;35m[K~~~~~~~~~~~~~~~~~~~~~~~~~~~~~~~~~~~~~~~~~^~~~~~~~[m[K
[1.560s] /home/arian/Framework/src/framework/include/framework/multiply_parallel.hpp: In instantiation of ‘[01m[Kvoid multiply_parallel<T>::execute_openmp(const std::vector<BufferT>&, const std::vector<BufferT>&, std::vector<BufferT>&, const settings&) [with T = double][m[K’:
[1.560s] [01m[K/home/arian/Framework/src/framework/include/framework/multiply_parallel.hpp:445:14:[m[K   required from here
[1.560s] [01m[K/home/arian/Framework/src/framework/include/framework/multiply_parallel.hpp:445:139:[m[K [01;35m[Kwarning: [m[Kunused parameter ‘[01m[Ksettings_[m[K’ [[01;35m[K-Wunused-parameter[m[K]
[1.561s]   445 |         void execute_openmp(const std::vector<T>& matrix_a_, const std::vector<T>& matrix_b_, std::vector<T>& matrix_c_, [01;35m[Kconst settings & settings_[m[K )
[1.561s]       |                                                                                                                          [01;35m[K~~~~~~~~~~~~~~~~~^~~~~~~~~[m[K
[1.607s] make[2]: *** [CMakeFiles/main.dir/build.make:63: CMakeFiles/main.dir/src/main.cpp.o] Error 1
[1.607s] make[1]: *** [CMakeFiles/Makefile2:78: CMakeFiles/main.dir/all] Error 2
[1.607s] make: *** [Makefile:141: all] Error 2
[1.610s] Invoked command in '/home/arian/Framework/build/framework' returned '2': CMAKE_PREFIX_PATH=${CMAKE_PREFIX_PATH}:/home/arian/ros2_foxy/install/ros2bag:/home/arian/ros2_foxy/install/tracetools_launch:/home/arian/ros2_foxy/install/topic_monitor:/home/arian/ros2_foxy/install/examples_tf2_py:/home/arian/ros2_foxy/install/sros2:/home/arian/ros2_foxy/install/rqt_topic:/home/arian/ros2_foxy/install/rqt_reconfigure:/home/arian/ros2_foxy/install/rqt_action:/home/arian/ros2_foxy/install/rqt:/home/arian/ros2_foxy/install/rqt_graph:/home/arian/ros2_foxy/install/rqt_gui_py:/home/arian/ros2_foxy/install/rqt_gui:/home/arian/ros2_foxy/install/ros2trace:/home/arian/ros2_foxy/install/ros2topic:/home/arian/ros2_foxy/install/ros2test:/home/arian/ros2_foxy/install/ros2component:/home/arian/ros2_foxy/install/ros2param:/home/arian/ros2_foxy/install/ros2lifecycle:/home/arian/ros2_foxy/install/ros2service:/home/arian/ros2_foxy/install/ros2run:/home/arian/ros2_foxy/install/ros2launch:/home/arian/ros2_foxy/install/ros2pkg:/home/arian/ros2_foxy/install/ros2node:/home/arian/ros2_foxy/install/ros2multicast:/home/arian/ros2_foxy/install/ros2interface:/home/arian/ros2_foxy/install/ros2doctor:/home/arian/ros2_foxy/install/ros2action:/home/arian/ros2_foxy/install/ros2cli:/home/arian/ros2_foxy/install/quality_of_service_demo_py:/home/arian/ros2_foxy/install/launch_testing_ros:/home/arian/ros2_foxy/install/launch_ros:/home/arian/ros2_foxy/install/examples_rclpy_minimal_subscriber:/home/arian/ros2_foxy/install/examples_rclpy_minimal_service:/home/arian/ros2_foxy/install/examples_rclpy_minimal_publisher:/home/arian/ros2_foxy/install/examples_rclpy_minimal_client:/home/arian/ros2_foxy/install/examples_rclpy_minimal_action_server:/home/arian/ros2_foxy/install/examples_rclpy_minimal_action_client:/home/arian/ros2_foxy/install/examples_rclpy_executors:/home/arian/ros2_foxy/install/demo_nodes_py:/home/arian/ros2_foxy/install/action_tutorials_py:/home/arian/ros2_foxy/install/ament_uncrustify:/home/arian/ros2_foxy/install/tracetools_trace:/home/arian/ros2_foxy/install/tracetools_read:/home/arian/ros2_foxy/install/test_launch_ros:/home/arian/ros2_foxy/install/rpyutils:/home/arian/ros2_foxy/install/rosidl_runtime_py:/home/arian/ros2_foxy/install/launch_yaml:/home/arian/ros2_foxy/install/launch_xml:/home/arian/ros2_foxy/install/launch_testing:/home/arian/ros2_foxy/install/launch:/home/arian/ros2_foxy/install/osrf_pycommon:/home/arian/ros2_foxy/install/domain_coordinator:/home/arian/ros2_foxy/install/ament_xmllint:/home/arian/ros2_foxy/install/ament_pyflakes:/home/arian/ros2_foxy/install/ament_pycodestyle:/home/arian/ros2_foxy/install/ament_pep257:/home/arian/ros2_foxy/install/ament_pclint:/home/arian/ros2_foxy/install/ament_package:/home/arian/ros2_foxy/install/ament_mypy:/home/arian/ros2_foxy/install/ament_lint_cmake:/home/arian/ros2_foxy/install/ament_flake8:/home/arian/ros2_foxy/install/ament_copyright:/home/arian/ros2_foxy/install/ament_lint:/home/arian/ros2_foxy/install/ament_index_python:/home/arian/ros2_foxy/install/ament_cpplint:/home/arian/ros2_foxy/install/ament_cppcheck:/home/arian/ros2_foxy/install/ament_clang_tidy:/home/arian/ros2_foxy/install/ament_clang_format /usr/bin/cmake --build /home/arian/Framework/build/framework -- -j12 -l12
