[35m[1mScanning dependencies of target main[0m
[ 50%] [32mBuilding CXX object CMakeFiles/main.dir/src/main.cpp.o[0m
In file included from [01m[K/home/arian/Framework/src/framework/src/main.cpp:12[m[K:
[01m[K/home/arian/Framework/src/framework/include/framework/multiply_parallel.hpp:395:[m[K [01;35m[Kwarning: [m[Kignoring #pragma omp parallel [[01;35m[K-Wunknown-pragmas[m[K]
  395 |             #pragma omp parallel num_threads(settings_.THREAD_NUMBER)
      | 
[01m[K/home/arian/Framework/src/framework/src/main.cpp:117:3:[m[K [01;35m[Kwarning: [m[K"/*" within comment [[01;35m[K-Wcomment[m[K]
  117 |   /*
      |    
[100%] [32m[1mLinking CXX executable main[0m
[100%] Built target main
-- Install configuration: ""
-- Up-to-date: /home/arian/Framework/install/framework/share/ament_index/resource_index/package_run_dependencies/framework
-- Up-to-date: /home/arian/Framework/install/framework/share/ament_index/resource_index/parent_prefix_path/framework
-- Up-to-date: /home/arian/Framework/install/framework/share/framework/environment/ament_prefix_path.dsv
-- Up-to-date: /home/arian/Framework/install/framework/share/framework/environment/path.dsv
-- Up-to-date: /home/arian/Framework/install/framework/share/framework/local_setup.bash
-- Up-to-date: /home/arian/Framework/install/framework/share/framework/local_setup.sh
-- Up-to-date: /home/arian/Framework/install/framework/share/framework/local_setup.zsh
-- Up-to-date: /home/arian/Framework/install/framework/share/framework/local_setup.dsv
-- Installing: /home/arian/Framework/install/framework/share/framework/package.dsv
-- Up-to-date: /home/arian/Framework/install/framework/share/ament_index/resource_index/packages/framework
-- Up-to-date: /home/arian/Framework/install/framework/share/framework/cmake/frameworkConfig.cmake
-- Up-to-date: /home/arian/Framework/install/framework/share/framework/cmake/frameworkConfig-version.cmake
-- Up-to-date: /home/arian/Framework/install/framework/share/framework/package.xml
