[35m[1mScanning dependencies of target main[0m
[ 50%] [32mBuilding CXX object CMakeFiles/main.dir/src/main.cpp.o[0m
In file included from [01m[K/home/arian/Framework/src/framework/src/main.cpp:12[m[K:
[01m[K/home/arian/Framework/src/framework/include/framework/multiply_parallel.hpp:12:5:[m[K [01;35m[Kwarning: [m[Kliteral operator suffixes not preceded by ‘[01m[K_[m[K’ are reserved for future standardization [[01;35m[K-Wliteral-suffix[m[K]
   12 |     [01;35m[Koperator[m[K"" THREADS(unsigned long long _hours)
      |     [01;35m[K^~~~~~~~[m[K
In file included from [01m[K/home/arian/Framework/src/framework/src/main.cpp:12[m[K:
[01m[K/home/arian/Framework/src/framework/include/framework/multiply_parallel.hpp:[m[K In member function ‘[01m[Kvoid multiply_parallel::execute_pthread_affine(const std::vector<int>&, const std::vector<int>&, std::vector<int>&, const settings&)[m[K’:
[01m[K/home/arian/Framework/src/framework/include/framework/multiply_parallel.hpp:236:48:[m[K [01;31m[Kerror: [m[Kinvalid conversion from ‘[01m[Kpthread_t*[m[K’ {aka ‘[01m[Klong unsigned int*[m[K’} to ‘[01m[Kpthread_t[m[K’ {aka ‘[01m[Klong unsigned int[m[K’} [[01;31m[K-fpermissive[m[K]
  236 |                 pthread_setaffinity_np([01;31m[Kthreads + i[m[K, sizeof(cpuset), &cpuset);
      |                                        [01;31m[K~~~~~~~~^~~[m[K
      |                                                [01;31m[K|[m[K
      |                                                [01;31m[Kpthread_t* {aka long unsigned int*}[m[K
In file included from [01m[K/usr/include/x86_64-linux-gnu/c++/9/bits/gthr-default.h:35[m[K,
                 from [01m[K/usr/include/x86_64-linux-gnu/c++/9/bits/gthr.h:148[m[K,
                 from [01m[K/usr/include/c++/9/ext/atomicity.h:35[m[K,
                 from [01m[K/usr/include/c++/9/bits/ios_base.h:39[m[K,
                 from [01m[K/usr/include/c++/9/ios:42[m[K,
                 from [01m[K/usr/include/c++/9/ostream:38[m[K,
                 from [01m[K/usr/include/c++/9/iostream:39[m[K,
                 from [01m[K/home/arian/Framework/src/framework/src/main.cpp:1[m[K:
[01m[K/usr/include/pthread.h:450:46:[m[K [01;36m[Knote: [m[K  initializing argument 1 of ‘[01m[Kint pthread_setaffinity_np(pthread_t, size_t, const cpu_set_t*)[m[K’
  450 | extern int pthread_setaffinity_np ([01;36m[Kpthread_t __th[m[K, size_t __cpusetsize,
      |                                    [01;36m[K~~~~~~~~~~^~~~[m[K
make[2]: *** [CMakeFiles/main.dir/build.make:63: CMakeFiles/main.dir/src/main.cpp.o] Error 1
make[1]: *** [CMakeFiles/Makefile2:78: CMakeFiles/main.dir/all] Error 2
make: *** [Makefile:141: all] Error 2
