In file included from [01m[K/home/arian/Framework/src/framework/src/main.cpp:7[m[K:
[01m[K/home/arian/Framework/src/framework/include/framework/multiply_parallel.hpp:[m[K In constructor ‘[01m[Kframework::utilities::matrix::matrix(int**)[m[K’:
[01m[K/home/arian/Framework/src/framework/include/framework/multiply_parallel.hpp:21:26:[m[K [01;35m[Kwarning: [m[Kunused parameter ‘[01m[Kmatrix[m[K’ [[01;35m[K-Wunused-parameter[m[K]
   21 |             matrix([01;35m[Kint** matrix[m[K)
      |                    [01;35m[K~~~~~~^~~~~~[m[K
[01m[K/home/arian/Framework/src/framework/include/framework/multiply_parallel.hpp:[m[K In member function ‘[01m[Kconstexpr void framework::utilities::matrix::get_size()[m[K’:
[01m[K/home/arian/Framework/src/framework/include/framework/multiply_parallel.hpp:35:50:[m[K [01;31m[Kerror: [m[Kcall to non-‘[01m[Kconstexpr[m[K’ function ‘[01m[Kstd::vector<_Tp, _Alloc>::size_type std::vector<_Tp, _Alloc>::size() const [with _Tp = int; _Alloc = std::allocator<int>; std::vector<_Tp, _Alloc>::size_type = long unsigned int][m[K’
   35 |                 this->size = [01;31m[Kthis->container.size()[m[K;
      |                              [01;31m[K~~~~~~~~~~~~~~~~~~~~^~[m[K
[01m[K/home/arian/Framework/src/framework/include/framework/multiply_parallel.hpp:[m[K In member function ‘[01m[Kint framework::utilities::matrix::operator()(int, int)[m[K’:
[01m[K/home/arian/Framework/src/framework/include/framework/multiply_parallel.hpp:45:48:[m[K [01;31m[Kerror: [m[Kexpected ‘[01m[K;[m[K’ before ‘[01m[K}[m[K’ token
   45 |                 return container[r * width + c]
      |                                                [01;31m[K^[m[K
      |                                                [32m[K;[m[K
   46 |             [32m[K}[m[K
      |             [32m[K~[m[K                                   
[01m[K/home/arian/Framework/src/framework/include/framework/multiply_parallel.hpp:[m[K In function ‘[01m[Kvoid* framework::utilities::parallel_multiply(void*)[m[K’:
[01m[K/home/arian/Framework/src/framework/include/framework/multiply_parallel.hpp:49:40:[m[K [01;35m[Kwarning: [m[Kunused parameter ‘[01m[Kpayload[m[K’ [[01;35m[K-Wunused-parameter[m[K]
   49 |         void * parallel_multiply([01;35m[Kvoid* payload[m[K)
      |                                  [01;35m[K~~~~~~^~~~~~~[m[K
make[2]: *** [CMakeFiles/main.dir/build.make:63: CMakeFiles/main.dir/src/main.cpp.o] Error 1
make[1]: *** [CMakeFiles/Makefile2:78: CMakeFiles/main.dir/all] Error 2
make: *** [Makefile:141: all] Error 2
