In file included from [01m[K/home/arian/Framework/src/framework/src/main.cpp:4[m[K:
[01m[K/home/arian/Framework/src/framework/include/framework/base/adjoint_parallel.hpp:[m[K In function ‘[01m[Kvoid framework::base::adjoint_parallel_openmp(const std::vector<T>&, const std::vector<T>&, std::vector<T>&, const framework::settings&)[m[K’:
[01m[K/home/arian/Framework/src/framework/include/framework/base/adjoint_parallel.hpp:113:55:[m[K [01;31m[Kerror: [m[K‘[01m[Kiterators_[m[K’ was not declared in this scope; did you mean ‘[01m[Kiterators[m[K’?
  113 |             getCofactor<T>(matrix_a, matrix_b , i, j, [01;31m[Kiterators_[m[K->width, iterators_->width);
      |                                                       [01;31m[K^~~~~~~~~~[m[K
      |                                                       [32m[Kiterators[m[K
[01m[K/home/arian/Framework/src/framework/include/framework/base/adjoint_parallel.hpp:[m[K In function ‘[01m[Kvoid framework::base::adjoint_serial(const std::vector<T>&, const std::vector<T>&, std::vector<T>&, const framework::settings&)[m[K’:
[01m[K/home/arian/Framework/src/framework/include/framework/base/adjoint_parallel.hpp:136:55:[m[K [01;31m[Kerror: [m[K‘[01m[Kiterators_[m[K’ was not declared in this scope; did you mean ‘[01m[Kiterators[m[K’?
  136 |             getCofactor<T>(matrix_a, matrix_b , i, j, [01;31m[Kiterators_[m[K->width, iterators_->width);
      |                                                       [01;31m[K^~~~~~~~~~[m[K
      |                                                       [32m[Kiterators[m[K
In file included from [01m[K/home/arian/Framework/src/framework/src/main.cpp:7[m[K:
/home/arian/Framework/src/framework/include/framework/generators/generator.hpp: In instantiation of ‘[01m[Kstatic std::vector<std::vector<T> > framework::generator::generate_inputs(std::initializer_list<int>) [with T = int][m[K’:
[01m[K/home/arian/Framework/src/framework/src/main.cpp:13:68:[m[K   required from here
[01m[K/home/arian/Framework/src/framework/include/framework/generators/generator.hpp:27:34:[m[K [01;35m[Kwarning: [m[Kcomparison of integer expressions of different signedness: ‘[01m[Kint[m[K’ and ‘[01m[Kstd::vector<int>::size_type[m[K’ {aka ‘[01m[Klong unsigned int[m[K’} [[01;35m[K-Wsign-compare[m[K]
   27 |                 for(int i = 0; i < temp.capacity(); i++)
In file included from [01m[K/home/arian/Framework/src/framework/src/main.cpp:6[m[K:
/home/arian/Framework/src/framework/include/framework/benchmark/benchmark.hpp: In instantiation of ‘[01m[Kvoid framework::benchmark<T>::execute_all() [with K = std::ratio<1, 1000>; T = int][m[K’:
[01m[K/home/arian/Framework/src/framework/src/main.cpp:24:62:[m[K   required from here
[01m[K/home/arian/Framework/src/framework/include/framework/benchmark/benchmark.hpp:64:30:[m[K [01;35m[Kwarning: [m[Kcomparison of integer expressions of different signedness: ‘[01m[Kint[m[K’ and ‘[01m[Kstd::vector<framework::settings>::size_type[m[K’ {aka ‘[01m[Klong unsigned int[m[K’} [[01;35m[K-Wsign-compare[m[K]
   64 |             for(int i = 0; [01;35m[Ki < settingss_.size()[m[K; i++)
      |                            [01;35m[K~~^~~~~~~~~~~~~~~~~~~[m[K
[01m[K/home/arian/Framework/src/framework/include/framework/benchmark/benchmark.hpp:73:34:[m[K [01;35m[Kwarning: [m[Kcomparison of integer expressions of different signedness: ‘[01m[Kint[m[K’ and ‘[01m[Kstd::vector<std::vector<int>, std::allocator<std::vector<int> > >::size_type[m[K’ {aka ‘[01m[Klong unsigned int[m[K’} [[01;35m[K-Wsign-compare[m[K]
   73 |                 for(int j = 0; j < inputs_a_.size(); j++)
[01m[K/home/arian/Framework/src/framework/include/framework/benchmark/benchmark.hpp:87:26:[m[K [01;35m[Kwarning: [m[Kcomparison of integer expressions of different signedness: ‘[01m[Kint[m[K’ and ‘[01m[Kstd::vector<std::vector<int>, std::allocator<std::vector<int> > >::size_type[m[K’ {aka ‘[01m[Klong unsigned int[m[K’} [[01;35m[K-Wsign-compare[m[K]
   87 |                     if([01;35m[Kj != inputs_a_.size() - 1[m[K)
      |                        [01;35m[K~~^~~~~~~~~~~~~~~~~~~~~~~[m[K
[01m[K/home/arian/Framework/src/framework/include/framework/benchmark/benchmark.hpp:95:22:[m[K [01;35m[Kwarning: [m[Kcomparison of integer expressions of different signedness: ‘[01m[Kint[m[K’ and ‘[01m[Kstd::vector<framework::settings>::size_type[m[K’ {aka ‘[01m[Klong unsigned int[m[K’} [[01;35m[K-Wsign-compare[m[K]
   95 |                 if([01;35m[Ki == settingss_.size() - 1[m[K)
      |                    [01;35m[K~~^~~~~~~~~~~~~~~~~~~~~~~~[m[K
In file included from [01m[K/home/arian/Framework/src/framework/include/framework/benchmark/benchmark.hpp:10[m[K,
                 from [01m[K/home/arian/Framework/src/framework/src/main.cpp:6[m[K:
/home/arian/Framework/src/framework/include/framework/generators/json_generator.hpp: In instantiation of ‘[01m[Kframework::json_generator& framework::json_generator::add(const std::chrono::duration<long int, T>&) [with T = std::ratio<1, 1000>][m[K’:
[01m[K/home/arian/Framework/src/framework/include/framework/benchmark/benchmark.hpp:61:29:[m[K   required from ‘[01m[Kvoid framework::benchmark<T>::execute_all() [with K = std::ratio<1, 1000>; T = int][m[K’
[01m[K/home/arian/Framework/src/framework/src/main.cpp:24:62:[m[K   required from here
[01m[K/home/arian/Framework/src/framework/include/framework/generators/json_generator.hpp:44:70:[m[K [01;35m[Kwarning: [m[Kunused parameter ‘[01m[Kduration[m[K’ [[01;35m[K-Wunused-parameter[m[K]
   44 |         json_generator& add([01;35m[Kconst std::chrono::duration<int64_t, T>& duration[m[K)
      |                             [01;35m[K~~~~~~~~~~~~~~~~~~~~~~~~~~~~~~~~~~~~~~~~~^~~~~~~~[m[K
In file included from [01m[K/home/arian/Framework/src/framework/src/main.cpp:4[m[K:
/home/arian/Framework/src/framework/include/framework/base/adjoint_parallel.hpp: In instantiation of ‘[01m[Kvoid framework::base::adjoint_parallel_openmp(const std::vector<T>&, const std::vector<T>&, std::vector<T>&, const framework::settings&) [with T = int][m[K’:
[01m[K/home/arian/Framework/src/framework/include/framework/base/adjoint_parallel.hpp:207:43:[m[K   required from ‘[01m[Kvoid framework::base::adjoint_parallel<T>::execute(const std::vector<T>&, const std::vector<T>&, std::vector<T>&, const framework::settings&) [with T = int][m[K’
[01m[K/home/arian/Framework/src/framework/include/framework/base/adjoint_parallel.hpp:185:14:[m[K   required from here
[01m[K/home/arian/Framework/src/framework/include/framework/base/adjoint_parallel.hpp:100:9:[m[K [01;35m[Kwarning: [m[Kunused variable ‘[01m[Kmatrix_delimeter[m[K’ [[01;35m[K-Wunused-variable[m[K]
  100 |     int [01;35m[Kmatrix_delimeter[m[K = sqrt(matrix_a_.size());
      |         [01;35m[K^~~~~~~~~~~~~~~~[m[K
[01m[K/home/arian/Framework/src/framework/include/framework/base/adjoint_parallel.hpp:98:112:[m[K [01;35m[Kwarning: [m[Kunused parameter ‘[01m[Kmatrix_c_[m[K’ [[01;35m[K-Wunused-parameter[m[K]
   98 | void adjoint_parallel_openmp(const std::vector<T>& matrix_a_, const std::vector<T>& matrix_b_, [01;35m[Kstd::vector<T>& matrix_c_[m[K, const settings & settings_)
      |                                                                                                [01;35m[K~~~~~~~~~~~~~~~~^~~~~~~~~[m[K
/home/arian/Framework/src/framework/include/framework/base/adjoint_parallel.hpp: In instantiation of ‘[01m[Kvoid framework::base::adjoint_serial(const std::vector<T>&, const std::vector<T>&, std::vector<T>&, const framework::settings&) [with T = int][m[K’:
[01m[K/home/arian/Framework/src/framework/include/framework/base/adjoint_parallel.hpp:211:34:[m[K   required from ‘[01m[Kvoid framework::base::adjoint_parallel<T>::execute(const std::vector<T>&, const std::vector<T>&, std::vector<T>&, const framework::settings&) [with T = int][m[K’
[01m[K/home/arian/Framework/src/framework/include/framework/base/adjoint_parallel.hpp:185:14:[m[K   required from here
[01m[K/home/arian/Framework/src/framework/include/framework/base/adjoint_parallel.hpp:124:9:[m[K [01;35m[Kwarning: [m[Kunused variable ‘[01m[Kmatrix_delimeter[m[K’ [[01;35m[K-Wunused-variable[m[K]
  124 |     int [01;35m[Kmatrix_delimeter[m[K = sqrt(matrix_a_.size());
      |         [01;35m[K^~~~~~~~~~~~~~~~[m[K
[01m[K/home/arian/Framework/src/framework/include/framework/base/adjoint_parallel.hpp:122:103:[m[K [01;35m[Kwarning: [m[Kunused parameter ‘[01m[Kmatrix_c_[m[K’ [[01;35m[K-Wunused-parameter[m[K]
  122 | void adjoint_serial(const std::vector<T>& matrix_a_, const std::vector<T>& matrix_b_, [01;35m[Kstd::vector<T>& matrix_c_[m[K, const settings & settings_ )
      |                                                                                       [01;35m[K~~~~~~~~~~~~~~~~^~~~~~~~~[m[K
[01m[K/home/arian/Framework/src/framework/include/framework/base/adjoint_parallel.hpp:122:131:[m[K [01;35m[Kwarning: [m[Kunused parameter ‘[01m[Ksettings_[m[K’ [[01;35m[K-Wunused-parameter[m[K]
  122 | void adjoint_serial(const std::vector<T>& matrix_a_, const std::vector<T>& matrix_b_, std::vector<T>& matrix_c_, [01;35m[Kconst settings & settings_[m[K )
      |                                                                                                                  [01;35m[K~~~~~~~~~~~~~~~~~^~~~~~~~~[m[K
make[2]: *** [CMakeFiles/main.dir/build.make:63: CMakeFiles/main.dir/src/main.cpp.o] Error 1
make[1]: *** [CMakeFiles/Makefile2:78: CMakeFiles/main.dir/all] Error 2
make: *** [Makefile:141: all] Error 2
