[35m[1mScanning dependencies of target main[0m
[ 50%] [32mBuilding CXX object CMakeFiles/main.dir/src/main.cpp.o[0m
In file included from [01m[K/home/arian/Framework/src/framework/src/main.cpp:7[m[K:
/home/arian/Framework/src/framework/include/framework/generators/generator.hpp: In instantiation of ‘[01m[Kstatic std::vector<std::vector<T> > framework::generator::generate_inputs(std::initializer_list<int>) [with T = int][m[K’:
[01m[K/home/arian/Framework/src/framework/src/main.cpp:27:64:[m[K   required from here
[01m[K/home/arian/Framework/src/framework/include/framework/generators/generator.hpp:27:34:[m[K [01;35m[Kwarning: [m[Kcomparison of integer expressions of different signedness: ‘[01m[Kint[m[K’ and ‘[01m[Kstd::vector<int>::size_type[m[K’ {aka ‘[01m[Klong unsigned int[m[K’} [[01;35m[K-Wsign-compare[m[K]
   27 |                 for(int i = 0; i < temp.capacity(); i++)
[100%] [32m[1mLinking CXX executable main[0m
[100%] Built target main
-- Install configuration: ""
-- Up-to-date: /home/arian/Framework/install/framework/share/ament_index/resource_index/package_run_dependencies/framework
-- Up-to-date: /home/arian/Framework/install/framework/share/ament_index/resource_index/parent_prefix_path/framework
-- Up-to-date: /home/arian/Framework/install/framework/share/framework/environment/ament_prefix_path.dsv
-- Up-to-date: /home/arian/Framework/install/framework/share/framework/environment/path.dsv
-- Up-to-date: /home/arian/Framework/install/framework/share/framework/local_setup.bash
-- Up-to-date: /home/arian/Framework/install/framework/share/framework/local_setup.sh
-- Up-to-date: /home/arian/Framework/install/framework/share/framework/local_setup.zsh
-- Up-to-date: /home/arian/Framework/install/framework/share/framework/local_setup.dsv
-- Installing: /home/arian/Framework/install/framework/share/framework/package.dsv
-- Up-to-date: /home/arian/Framework/install/framework/share/ament_index/resource_index/packages/framework
-- Up-to-date: /home/arian/Framework/install/framework/share/framework/cmake/frameworkConfig.cmake
-- Up-to-date: /home/arian/Framework/install/framework/share/framework/cmake/frameworkConfig-version.cmake
-- Up-to-date: /home/arian/Framework/install/framework/share/framework/package.xml
