[35m[1mScanning dependencies of target main[0m
[ 50%] [32mBuilding CXX object CMakeFiles/main.dir/src/main.cpp.o[0m
In file included from [01m[K/home/arian/Framework/src/framework/src/main.cpp:12[m[K:
[01m[K/home/arian/Framework/src/framework/include/framework/multiply_parallel.hpp:456:[m[K [01;35m[Kwarning: [m[Kignoring #pragma omp parallel [[01;35m[K-Wunknown-pragmas[m[K]
  456 |             #pragma omp parallel num_threads(settings_.THREAD_NUMBER)
      | 
[01m[K/home/arian/Framework/src/framework/src/main.cpp:[m[K In function ‘[01m[Kint main()[m[K’:
[01m[K/home/arian/Framework/src/framework/src/main.cpp:102:5:[m[K [01;31m[Kerror: [m[Kuse of ‘[01m[Ksettings[m[K’ before deduction of ‘[01m[Kauto[m[K’
  102 |     [01;31m[Ksettings[m[K(2_THREADS, SCHEDULING_STRATEGY::SCHEDULING_TS, 19_PRIORITY, AFFINITY::FALSE, PARALLELIZATION_STRATEGY::PTHREADS),
      |     [01;31m[K^~~~~~~~[m[K
[01m[K/home/arian/Framework/src/framework/src/main.cpp:103:5:[m[K [01;31m[Kerror: [m[Kuse of ‘[01m[Ksettings[m[K’ before deduction of ‘[01m[Kauto[m[K’
  103 |     [01;31m[Ksettings[m[K(4_THREADS, SCHEDULING_STRATEGY::SCHEDULING_TS, 19_PRIORITY, AFFINITY::FALSE, PARALLELIZATION_STRATEGY::PTHREADS),
      |     [01;31m[K^~~~~~~~[m[K
[01m[K/home/arian/Framework/src/framework/src/main.cpp:104:5:[m[K [01;31m[Kerror: [m[Kuse of ‘[01m[Ksettings[m[K’ before deduction of ‘[01m[Kauto[m[K’
  104 |     [01;31m[Ksettings[m[K(8_THREADS, SCHEDULING_STRATEGY::SCHEDULING_TS, 19_PRIORITY, AFFINITY::FALSE, PARALLELIZATION_STRATEGY::PTHREADS)});
      |     [01;31m[K^~~~~~~~[m[K
[01m[K/home/arian/Framework/src/framework/src/main.cpp:104:127:[m[K [01;31m[Kerror: [m[Kcannot convert ‘[01m[K<brace-enclosed initializer list>[m[K’ to ‘[01m[Kstd::initializer_list<settings>[m[K’
  104 |     settings(8_THREADS, SCHEDULING_STRATEGY::SCHEDULING_TS, 19_PRIORITY, AFFINITY::FALSE, PARALLELIZATION_STRATEGY::PTHREADS)}[01;31m[K)[m[K;
      |                                                                                                                               [01;31m[K^[m[K
In file included from [01m[K/home/arian/Framework/src/framework/src/main.cpp:12[m[K:
[01m[K/home/arian/Framework/src/framework/include/framework/multiply_parallel.hpp:519:88:[m[K [01;36m[Knote: [m[K  initializing argument 1 of ‘[01m[Kstatic std::vector<settings> generator::generate_settings(std::initializer_list<settings>)[m[K’
  519 |         static std::vector<settings> generate_settings([01;36m[Kstd::initializer_list<settings> settings_[m[K)
      |                                                        [01;36m[K~~~~~~~~~~~~~~~~~~~~~~~~~~~~~~~~^~~~~~~~~[m[K
[01m[K/home/arian/Framework/src/framework/src/main.cpp:108:44:[m[K [01;31m[Kerror: [m[Kexpected primary-expression before ‘[01m[K>[m[K’ token
  108 |   benchmark_.execute_all<TIME_FORMAT::MILLI[01;31m[K>[m[K();
      |                                            [01;31m[K^[m[K
[01m[K/home/arian/Framework/src/framework/src/main.cpp:108:46:[m[K [01;31m[Kerror: [m[Kexpected primary-expression before ‘[01m[K)[m[K’ token
  108 |   benchmark_.execute_all<TIME_FORMAT::MILLI>([01;31m[K)[m[K;
      |                                              [01;31m[K^[m[K
[01m[K/home/arian/Framework/src/framework/src/main.cpp:111:4:[m[K [01;31m[Kerror: [m[Kexpected primary-expression before ‘[01m[K/[m[K’ token
  111 |   *[01;31m[K/[m[K
      |    [01;31m[K^[m[K
[01m[K/home/arian/Framework/src/framework/src/main.cpp:196:3:[m[K [01;31m[Kerror: [m[Kexpected primary-expression before ‘[01m[Kreturn[m[K’
  196 |   [01;31m[Kreturn[m[K 0;
      |   [01;31m[K^~~~~~[m[K
In file included from [01m[K/home/arian/Framework/src/framework/src/main.cpp:12[m[K:
/home/arian/Framework/src/framework/include/framework/multiply_parallel.hpp: In instantiation of ‘[01m[Kstatic std::vector<std::vector<BufferT> > generator::generate_inputs(std::initializer_list<int>) [with T = double][m[K’:
[01m[K/home/arian/Framework/src/framework/src/main.cpp:98:69:[m[K   required from here
[01m[K/home/arian/Framework/src/framework/include/framework/multiply_parallel.hpp:507:34:[m[K [01;35m[Kwarning: [m[Kcomparison of integer expressions of different signedness: ‘[01m[Kint[m[K’ and ‘[01m[Kstd::vector<double, std::allocator<double> >::size_type[m[K’ {aka ‘[01m[Klong unsigned int[m[K’} [[01;35m[K-Wsign-compare[m[K]
  507 |                 for(int i = 0; i < temp.capacity(); i++)
/home/arian/Framework/src/framework/include/framework/multiply_parallel.hpp: In instantiation of ‘[01m[Kvoid multiply_parallel<T>::execute_openmp(const std::vector<BufferT>&, const std::vector<BufferT>&, std::vector<BufferT>&, const settings&) [with T = double][m[K’:
[01m[K/home/arian/Framework/src/framework/include/framework/multiply_parallel.hpp:454:14:[m[K   required from here
[01m[K/home/arian/Framework/src/framework/include/framework/multiply_parallel.hpp:454:139:[m[K [01;35m[Kwarning: [m[Kunused parameter ‘[01m[Ksettings_[m[K’ [[01;35m[K-Wunused-parameter[m[K]
  454 |         void execute_openmp(const std::vector<T>& matrix_a_, const std::vector<T>& matrix_b_, std::vector<T>& matrix_c_, [01;35m[Kconst settings & settings_[m[K )
      |                                                                                                                          [01;35m[K~~~~~~~~~~~~~~~~~^~~~~~~~~[m[K
make[2]: *** [CMakeFiles/main.dir/build.make:63: CMakeFiles/main.dir/src/main.cpp.o] Error 1
make[1]: *** [CMakeFiles/Makefile2:78: CMakeFiles/main.dir/all] Error 2
make: *** [Makefile:141: all] Error 2
