[35m[1mScanning dependencies of target main[0m
[ 50%] [32mBuilding CXX object CMakeFiles/main.dir/src/main.cpp.o[0m
[01m[K/home/arian/Framework/src/framework/src/main.cpp:[m[K In static member function ‘[01m[Kstatic Arian* Arian::arian()[m[K’:
[01m[K/home/arian/Framework/src/framework/src/main.cpp:12:23:[m[K [01;31m[Kerror: [m[Kinvalid use of member ‘[01m[KArian::instance[m[K’ in static member function
   12 |             if(Arian::[01;31m[Kinstance[m[K == NULL)
      |                       [01;31m[K^~~~~~~~[m[K
[01m[K/home/arian/Framework/src/framework/src/main.cpp:20:12:[m[K [01;36m[Knote: [m[Kdeclared here
   20 |     Arian* [01;36m[Kinstance[m[K;
      |            [01;36m[K^~~~~~~~[m[K
[01m[K/home/arian/Framework/src/framework/src/main.cpp:13:24:[m[K [01;31m[Kerror: [m[Kinvalid use of member ‘[01m[KArian::instance[m[K’ in static member function
   13 |                 Arian::[01;31m[Kinstance[m[K = new Arian();
      |                        [01;31m[K^~~~~~~~[m[K
[01m[K/home/arian/Framework/src/framework/src/main.cpp:20:12:[m[K [01;36m[Knote: [m[Kdeclared here
   20 |     Arian* [01;36m[Kinstance[m[K;
      |            [01;36m[K^~~~~~~~[m[K
[01m[K/home/arian/Framework/src/framework/src/main.cpp:15:27:[m[K [01;31m[Kerror: [m[Kinvalid use of member ‘[01m[KArian::instance[m[K’ in static member function
   15 |             return Arian::[01;31m[Kinstance[m[K;
      |                           [01;31m[K^~~~~~~~[m[K
[01m[K/home/arian/Framework/src/framework/src/main.cpp:20:12:[m[K [01;36m[Knote: [m[Kdeclared here
   20 |     Arian* [01;36m[Kinstance[m[K;
      |            [01;36m[K^~~~~~~~[m[K
[01m[K/home/arian/Framework/src/framework/src/main.cpp:[m[K In function ‘[01m[Kint main(int, const char**)[m[K’:
[01m[K/home/arian/Framework/src/framework/src/main.cpp:26:14:[m[K [01;35m[Kwarning: [m[Kunused parameter ‘[01m[Kargc[m[K’ [[01;35m[K-Wunused-parameter[m[K]
   26 | int main([01;35m[Kint argc[m[K, const char ** argv)
      |          [01;35m[K~~~~^~~~[m[K
[01m[K/home/arian/Framework/src/framework/src/main.cpp:26:34:[m[K [01;35m[Kwarning: [m[Kunused parameter ‘[01m[Kargv[m[K’ [[01;35m[K-Wunused-parameter[m[K]
   26 | int main(int argc, [01;35m[Kconst char ** argv[m[K)
      |                    [01;35m[K~~~~~~~~~~~~~~^~~~[m[K
make[2]: *** [CMakeFiles/main.dir/build.make:63: CMakeFiles/main.dir/src/main.cpp.o] Error 1
make[1]: *** [CMakeFiles/Makefile2:78: CMakeFiles/main.dir/all] Error 2
make: *** [Makefile:141: all] Error 2
