[35m[1mScanning dependencies of target main[0m
[ 50%] [32mBuilding CXX object CMakeFiles/main.dir/src/main.cpp.o[0m
In file included from [01m[K/home/arian/Framework/src/framework/src/main.cpp:12[m[K:
[01m[K/home/arian/Framework/src/framework/include/framework/multiply_parallel.hpp:368:[m[K [01;35m[Kwarning: [m[Kignoring #pragma omp parallel [[01;35m[K-Wunknown-pragmas[m[K]
  368 |             #pragma omp parallel num_threads(settings_.THREAD_NUMBER)
      | 
In file included from [01m[K/home/arian/Framework/src/framework/src/main.cpp:12[m[K:
/home/arian/Framework/src/framework/include/framework/multiply_parallel.hpp: In instantiation of ‘[01m[Kclass base_parallel<int>[m[K’:
[01m[K/home/arian/Framework/src/framework/include/framework/multiply_parallel.hpp:139:7:[m[K   required from ‘[01m[Kclass multiply_parallel<int>[m[K’
[01m[K/home/arian/Framework/src/framework/src/main.cpp:85:28:[m[K   required from here
[01m[K/home/arian/Framework/src/framework/include/framework/multiply_parallel.hpp:130:14:[m[K [01;31m[Kerror: [m[Kinitializer specified for non-virtual method ‘[01m[Kvoid base_parallel<T>::execute(const std::vector<BufferT>&, const std::vector<BufferT>&, std::vector<BufferT>&, const settings&) [with T = int][m[K’
  130 |         void [01;31m[Kexecute[m[K(const std::vector<T>& matrix_a_, const std::vector<T>& matrix_b_, std::vector<T>& matrix_c_, const settings & settings_) = 0;
      |              [01;31m[K^~~~~~~[m[K
In file included from [01m[K/home/arian/Framework/src/framework/src/main.cpp:12[m[K:
[01m[K/home/arian/Framework/src/framework/include/framework/multiply_parallel.hpp:131:14:[m[K [01;31m[Kerror: [m[Kinitializer specified for non-virtual method ‘[01m[Kvoid base_parallel<T>::execute_pthread(const std::vector<BufferT>&, const std::vector<BufferT>&, std::vector<BufferT>&, const settings&) [with T = int][m[K’
  131 |         void [01;31m[Kexecute_pthread[m[K(const std::vector<T>& matrix_a_, const std::vector<T>& matrix_b_, std::vector<T>& matrix_c_, const settings & settings_) = 0;
      |              [01;31m[K^~~~~~~~~~~~~~~[m[K
[01m[K/home/arian/Framework/src/framework/include/framework/multiply_parallel.hpp:132:14:[m[K [01;31m[Kerror: [m[Kinitializer specified for non-virtual method ‘[01m[Kvoid base_parallel<T>::execute_pthread_affine(const std::vector<BufferT>&, const std::vector<BufferT>&, std::vector<BufferT>&, const settings&) [with T = int][m[K’
  132 |         void [01;31m[Kexecute_pthread_affine[m[K(const std::vector<T>& matrix_a_, const std::vector<T>& matrix_b_, std::vector<T>& matrix_c_, const settings & settings_) = 0;
      |              [01;31m[K^~~~~~~~~~~~~~~~~~~~~~[m[K
[01m[K/home/arian/Framework/src/framework/include/framework/multiply_parallel.hpp:133:14:[m[K [01;31m[Kerror: [m[Kinitializer specified for non-virtual method ‘[01m[Kvoid base_parallel<T>::execute_pthread_sched(const std::vector<BufferT>&, const std::vector<BufferT>&, std::vector<BufferT>&, const settings&) [with T = int][m[K’
  133 |         void [01;31m[Kexecute_pthread_sched[m[K(const std::vector<T>& matrix_a_, const std::vector<T>& matrix_b_, std::vector<T>& matrix_c_, const settings & settings_) = 0;
      |              [01;31m[K^~~~~~~~~~~~~~~~~~~~~[m[K
[01m[K/home/arian/Framework/src/framework/include/framework/multiply_parallel.hpp:134:14:[m[K [01;31m[Kerror: [m[Kinitializer specified for non-virtual method ‘[01m[Kvoid base_parallel<T>::execute_pthread_affine_sched(const std::vector<BufferT>&, const std::vector<BufferT>&, std::vector<BufferT>&, const settings&) [with T = int][m[K’
  134 |         void [01;31m[Kexecute_pthread_affine_sched[m[K(const std::vector<T>& matrix_a_, const std::vector<T>& matrix_b_, std::vector<T>& matrix_c_, const settings & settings_) = 0;
      |              [01;31m[K^~~~~~~~~~~~~~~~~~~~~~~~~~~~[m[K
[01m[K/home/arian/Framework/src/framework/include/framework/multiply_parallel.hpp:135:14:[m[K [01;31m[Kerror: [m[Kinitializer specified for non-virtual method ‘[01m[Kvoid base_parallel<T>::execute_openmp(const std::vector<BufferT>&, const std::vector<BufferT>&, std::vector<BufferT>&, const settings&) [with T = int][m[K’
  135 |         void [01;31m[Kexecute_openmp[m[K(const std::vector<T>& matrix_a_, const std::vector<T>& matrix_b_, std::vector<T>& matrix_c_, const settings & settings_ ) = 0;
      |              [01;31m[K^~~~~~~~~~~~~~[m[K
/home/arian/Framework/src/framework/include/framework/multiply_parallel.hpp: In instantiation of ‘[01m[Kvoid multiply_parallel<T>::execute_openmp(const std::vector<BufferT>&, const std::vector<BufferT>&, std::vector<BufferT>&, const settings&) [with T = int][m[K’:
[01m[K/home/arian/Framework/src/framework/include/framework/multiply_parallel.hpp:181:17:[m[K   required from ‘[01m[Kvoid multiply_parallel<T>::execute(const std::vector<BufferT>&, const std::vector<BufferT>&, std::vector<BufferT>&, const settings&) [with T = int][m[K’
[01m[K/home/arian/Framework/src/framework/include/framework/multiply_parallel.hpp:145:19:[m[K   required from ‘[01m[Kmultiply_parallel<T>::multiply_parallel(const std::vector<BufferT>&, const std::vector<BufferT>&, std::vector<BufferT>&, const settings&) [with T = int][m[K’
[01m[K/home/arian/Framework/src/framework/src/main.cpp:85:72:[m[K   required from here
[01m[K/home/arian/Framework/src/framework/include/framework/multiply_parallel.hpp:366:139:[m[K [01;35m[Kwarning: [m[Kunused parameter ‘[01m[Ksettings_[m[K’ [[01;35m[K-Wunused-parameter[m[K]
  366 |         void execute_openmp(const std::vector<T>& matrix_a_, const std::vector<T>& matrix_b_, std::vector<T>& matrix_c_, [01;35m[Kconst settings & settings_[m[K )
      |                                                                                                                          [01;35m[K~~~~~~~~~~~~~~~~~^~~~~~~~~[m[K
make[2]: *** [CMakeFiles/main.dir/build.make:63: CMakeFiles/main.dir/src/main.cpp.o] Error 1
make[1]: *** [CMakeFiles/Makefile2:78: CMakeFiles/main.dir/all] Error 2
make: *** [Makefile:141: all] Error 2
