In file included from [01m[K/home/arian/Framework/src/framework/src/main.cpp:12[m[K:
[01m[K/home/arian/Framework/src/framework/include/framework/multiply_parallel.hpp:447:[m[K [01;35m[Kwarning: [m[Kignoring #pragma omp parallel [[01;35m[K-Wunknown-pragmas[m[K]
  447 |             #pragma omp parallel num_threads(settings_.THREAD_NUMBER)
      | 
[01m[K/home/arian/Framework/src/framework/include/framework/multiply_parallel.hpp:[m[K In member function ‘[01m[Kvoid benchmark<T>::execute_all()[m[K’:
[01m[K/home/arian/Framework/src/framework/include/framework/multiply_parallel.hpp:605:29:[m[K [01;31m[Kerror: [m[Krequest for member ‘[01m[Kadd[m[K’ in ‘[01m[K((benchmark<T>*)this)->benchmark<T>::json_generator_.json_generator::add("{\012\"name\": \"")[m[K’, which is of pointer type ‘[01m[Kjson_generator*[m[K’ (maybe you meant to use ‘[01m[K->[m[K’ ?)
  605 |                            .[01;31m[Kadd[m[K(name)
      |                             [01;31m[K^~~[m[K
/home/arian/Framework/src/framework/include/framework/multiply_parallel.hpp: In instantiation of ‘[01m[Kstatic std::vector<std::vector<BufferT> > generator::generate_inputs(std::initializer_list<int>) [with T = double][m[K’:
[01m[K/home/arian/Framework/src/framework/src/main.cpp:100:75:[m[K   required from here
[01m[K/home/arian/Framework/src/framework/include/framework/multiply_parallel.hpp:498:34:[m[K [01;35m[Kwarning: [m[Kcomparison of integer expressions of different signedness: ‘[01m[Kint[m[K’ and ‘[01m[Kstd::vector<double, std::allocator<double> >::size_type[m[K’ {aka ‘[01m[Klong unsigned int[m[K’} [[01;35m[K-Wsign-compare[m[K]
  498 |                 for(int i = 0; i < temp.capacity(); i++)
/home/arian/Framework/src/framework/include/framework/multiply_parallel.hpp: In instantiation of ‘[01m[Kvoid benchmark<T>::execute_all() [with K = std::ratio<1, 1000000000>; T = double][m[K’:
[01m[K/home/arian/Framework/src/framework/src/main.cpp:114:45:[m[K   required from here
[01m[K/home/arian/Framework/src/framework/include/framework/multiply_parallel.hpp:609:30:[m[K [01;35m[Kwarning: [m[Kcomparison of integer expressions of different signedness: ‘[01m[Kint[m[K’ and ‘[01m[Kstd::vector<settings>::size_type[m[K’ {aka ‘[01m[Klong unsigned int[m[K’} [[01;35m[K-Wsign-compare[m[K]
  609 |             for(int i = 0; [01;35m[Ki < settingss_.size()[m[K; i++)
      |                            [01;35m[K~~^~~~~~~~~~~~~~~~~~~[m[K
[01m[K/home/arian/Framework/src/framework/include/framework/multiply_parallel.hpp:611:34:[m[K [01;35m[Kwarning: [m[Kcomparison of integer expressions of different signedness: ‘[01m[Kint[m[K’ and ‘[01m[Kstd::vector<std::vector<double, std::allocator<double> >, std::allocator<std::vector<double, std::allocator<double> > > >::size_type[m[K’ {aka ‘[01m[Klong unsigned int[m[K’} [[01;35m[K-Wsign-compare[m[K]
  611 |                 for(int j = 0; j < inputs_a_.size(); j++)
[01m[K/home/arian/Framework/src/framework/include/framework/multiply_parallel.hpp:624:29:[m[K [01;31m[Kerror: [m[K‘[01m[Kstd::stringstream json_generator::output_stream[m[K’ is private within this context
  624 |             [01;31m[Kjson_generator_.output_stream[m[K.str();
      |             [01;31m[K~~~~~~~~~~~~~~~~^~~~~~~~~~~~~[m[K
[01m[K/home/arian/Framework/src/framework/include/framework/multiply_parallel.hpp:557:27:[m[K [01;36m[Knote: [m[Kdeclared private here
  557 |         std::stringstream [01;36m[Koutput_stream[m[K;
      |                           [01;36m[K^~~~~~~~~~~~~[m[K
/home/arian/Framework/src/framework/include/framework/multiply_parallel.hpp: In instantiation of ‘[01m[Kvoid multiply_parallel<T>::execute_openmp(const std::vector<BufferT>&, const std::vector<BufferT>&, std::vector<BufferT>&, const settings&) [with T = double][m[K’:
[01m[K/home/arian/Framework/src/framework/include/framework/multiply_parallel.hpp:445:14:[m[K   required from here
[01m[K/home/arian/Framework/src/framework/include/framework/multiply_parallel.hpp:445:139:[m[K [01;35m[Kwarning: [m[Kunused parameter ‘[01m[Ksettings_[m[K’ [[01;35m[K-Wunused-parameter[m[K]
  445 |         void execute_openmp(const std::vector<T>& matrix_a_, const std::vector<T>& matrix_b_, std::vector<T>& matrix_c_, [01;35m[Kconst settings & settings_[m[K )
      |                                                                                                                          [01;35m[K~~~~~~~~~~~~~~~~~^~~~~~~~~[m[K
make[2]: *** [CMakeFiles/main.dir/build.make:63: CMakeFiles/main.dir/src/main.cpp.o] Error 1
make[1]: *** [CMakeFiles/Makefile2:78: CMakeFiles/main.dir/all] Error 2
make: *** [Makefile:141: all] Error 2
