In file included from [01m[K/home/arian/Framework/src/framework/src/main.cpp:12[m[K:
[01m[K/home/arian/Framework/src/framework/include/framework/multiply_parallel.hpp:387:[m[K [01;35m[Kwarning: [m[Kignoring #pragma omp parallel [[01;35m[K-Wunknown-pragmas[m[K]
  387 |             #pragma omp parallel num_threads(settings_.THREAD_NUMBER)
      | 
/home/arian/Framework/src/framework/include/framework/multiply_parallel.hpp: In instantiation of ‘[01m[Kbenchmark<T>::benchmark(base_parallel<T>*, bool) [with T = double][m[K’:
[01m[K/home/arian/Framework/src/framework/src/main.cpp:89:63:[m[K   required from here
[01m[K/home/arian/Framework/src/framework/include/framework/multiply_parallel.hpp:409:9:[m[K [01;31m[Kerror: [m[Kuninitialized reference member in ‘[01m[Kclass std::vector<double, std::allocator<double> >&[m[K’ [[01;31m[K-fpermissive[m[K]
  409 |         [01;31m[Kbenchmark[m[K(base_parallel<T>* base_parallel_, bool execute_ = false)
      |         [01;31m[K^~~~~~~~~[m[K
[01m[K/home/arian/Framework/src/framework/include/framework/multiply_parallel.hpp:472:25:[m[K [01;36m[Knote: [m[K‘[01m[Kstd::vector<double, std::allocator<double> >& benchmark<double>::input_a_[m[K’ should be initialized
  472 |         std::vector<T>& [01;36m[Kinput_a_[m[K;
      |                         [01;36m[K^~~~~~~~[m[K
[01m[K/home/arian/Framework/src/framework/include/framework/multiply_parallel.hpp:409:9:[m[K [01;31m[Kerror: [m[Kuninitialized reference member in ‘[01m[Kclass std::vector<double, std::allocator<double> >&[m[K’ [[01;31m[K-fpermissive[m[K]
  409 |         [01;31m[Kbenchmark[m[K(base_parallel<T>* base_parallel_, bool execute_ = false)
      |         [01;31m[K^~~~~~~~~[m[K
[01m[K/home/arian/Framework/src/framework/include/framework/multiply_parallel.hpp:473:25:[m[K [01;36m[Knote: [m[K‘[01m[Kstd::vector<double, std::allocator<double> >& benchmark<double>::input_b_[m[K’ should be initialized
  473 |         std::vector<T>& [01;36m[Kinput_b_[m[K;
      |                         [01;36m[K^~~~~~~~[m[K
[01m[K/home/arian/Framework/src/framework/include/framework/multiply_parallel.hpp:409:9:[m[K [01;31m[Kerror: [m[Kuninitialized reference member in ‘[01m[Kclass std::vector<double, std::allocator<double> >&[m[K’ [[01;31m[K-fpermissive[m[K]
  409 |         [01;31m[Kbenchmark[m[K(base_parallel<T>* base_parallel_, bool execute_ = false)
      |         [01;31m[K^~~~~~~~~[m[K
[01m[K/home/arian/Framework/src/framework/include/framework/multiply_parallel.hpp:474:25:[m[K [01;36m[Knote: [m[K‘[01m[Kstd::vector<double, std::allocator<double> >& benchmark<double>::result_[m[K’ should be initialized
  474 |         std::vector<T>& [01;36m[Kresult_[m[K;
      |                         [01;36m[K^~~~~~~[m[K
/home/arian/Framework/src/framework/include/framework/multiply_parallel.hpp: In instantiation of ‘[01m[Kvoid multiply_parallel<T>::execute_openmp(const std::vector<BufferT>&, const std::vector<BufferT>&, std::vector<BufferT>&, const settings&) [with T = double][m[K’:
[01m[K/home/arian/Framework/src/framework/include/framework/multiply_parallel.hpp:385:14:[m[K   required from here
[01m[K/home/arian/Framework/src/framework/include/framework/multiply_parallel.hpp:385:139:[m[K [01;35m[Kwarning: [m[Kunused parameter ‘[01m[Ksettings_[m[K’ [[01;35m[K-Wunused-parameter[m[K]
  385 |         void execute_openmp(const std::vector<T>& matrix_a_, const std::vector<T>& matrix_b_, std::vector<T>& matrix_c_, [01;35m[Kconst settings & settings_[m[K )
      |                                                                                                                          [01;35m[K~~~~~~~~~~~~~~~~~^~~~~~~~~[m[K
make[2]: *** [CMakeFiles/main.dir/build.make:63: CMakeFiles/main.dir/src/main.cpp.o] Error 1
make[1]: *** [CMakeFiles/Makefile2:78: CMakeFiles/main.dir/all] Error 2
make: *** [Makefile:141: all] Error 2
