[01m[K/home/arian/Framework/src/framework/src/main.cpp:[m[K In function ‘[01m[Kint main()[m[K’:
[01m[K/home/arian/Framework/src/framework/src/main.cpp:52:20:[m[K [01;35m[Kwarning: [m[Kcomparison of integer expressions of different signedness: ‘[01m[Kint[m[K’ and ‘[01m[Kstd::vector<double, std::allocator<double> >::size_type[m[K’ {aka ‘[01m[Klong unsigned int[m[K’} [[01;35m[K-Wsign-compare[m[K]
   52 |   for(int i = 0; [01;35m[Ki < my_big_sum.capacity()[m[K; i++)
      |                  [01;35m[K~~^~~~~~~~~~~~~~~~~~~~~~~[m[K
[01m[K/home/arian/Framework/src/framework/src/main.cpp:64:91:[m[K [01;31m[Kerror: [m[Kno match for ‘[01m[Koperator=[m[K’ (operand types are ‘[01m[Kstd::vector<int>::iterator[m[K’ {aka ‘[01m[K__gnu_cxx::__normal_iterator<int*, std::vector<int> >[m[K’} and ‘[01m[K__gnu_cxx::__normal_iterator<double*, std::vector<double, std::allocator<double> > >[m[K’)
   64 |     my_iterator[i]->my_begin = (i * (my_big_sum.size() / NUM_THREADS)) + my_big_sum.begin([01;31m[K)[m[K;
      |                                                                                           [01;31m[K^[m[K
In file included from [01m[K/usr/include/c++/9/bits/stl_algobase.h:67[m[K,
                 from [01m[K/usr/include/c++/9/bits/char_traits.h:39[m[K,
                 from [01m[K/usr/include/c++/9/ios:40[m[K,
                 from [01m[K/usr/include/c++/9/ostream:38[m[K,
                 from [01m[K/usr/include/c++/9/iostream:39[m[K,
                 from [01m[K/home/arian/Framework/src/framework/src/main.cpp:1[m[K:
[01m[K/usr/include/c++/9/bits/stl_iterator.h:787:11:[m[K [01;36m[Knote: [m[Kcandidate: ‘[01m[Kconstexpr __gnu_cxx::__normal_iterator<int*, std::vector<int> >& __gnu_cxx::__normal_iterator<int*, std::vector<int> >::operator=(const __gnu_cxx::__normal_iterator<int*, std::vector<int> >&)[m[K’
  787 |     class [01;36m[K__normal_iterator[m[K
      |           [01;36m[K^~~~~~~~~~~~~~~~~[m[K
[01m[K/usr/include/c++/9/bits/stl_iterator.h:787:11:[m[K [01;36m[Knote: [m[K  no known conversion for argument 1 from ‘[01m[K__gnu_cxx::__normal_iterator<double*, std::vector<double, std::allocator<double> > >[m[K’ to ‘[01m[Kconst __gnu_cxx::__normal_iterator<int*, std::vector<int> >&[m[K’
[01m[K/usr/include/c++/9/bits/stl_iterator.h:787:11:[m[K [01;36m[Knote: [m[Kcandidate: ‘[01m[Kconstexpr __gnu_cxx::__normal_iterator<int*, std::vector<int> >& __gnu_cxx::__normal_iterator<int*, std::vector<int> >::operator=(__gnu_cxx::__normal_iterator<int*, std::vector<int> >&&)[m[K’
[01m[K/usr/include/c++/9/bits/stl_iterator.h:787:11:[m[K [01;36m[Knote: [m[K  no known conversion for argument 1 from ‘[01m[K__gnu_cxx::__normal_iterator<double*, std::vector<double, std::allocator<double> > >[m[K’ to ‘[01m[K__gnu_cxx::__normal_iterator<int*, std::vector<int> >&&[m[K’
[01m[K/home/arian/Framework/src/framework/src/main.cpp:67:47:[m[K [01;31m[Kerror: [m[Kno match for ‘[01m[Koperator=[m[K’ (operand types are ‘[01m[Kstd::vector<int>::iterator[m[K’ {aka ‘[01m[K__gnu_cxx::__normal_iterator<int*, std::vector<int> >[m[K’} and ‘[01m[Kstd::vector<double, std::allocator<double> >::iterator[m[K’ {aka ‘[01m[K__gnu_cxx::__normal_iterator<double*, std::vector<double, std::allocator<double> > >[m[K’})
   67 |       my_iterator[i]->my_end = my_big_sum.end([01;31m[K)[m[K;
      |                                               [01;31m[K^[m[K
In file included from [01m[K/usr/include/c++/9/bits/stl_algobase.h:67[m[K,
                 from [01m[K/usr/include/c++/9/bits/char_traits.h:39[m[K,
                 from [01m[K/usr/include/c++/9/ios:40[m[K,
                 from [01m[K/usr/include/c++/9/ostream:38[m[K,
                 from [01m[K/usr/include/c++/9/iostream:39[m[K,
                 from [01m[K/home/arian/Framework/src/framework/src/main.cpp:1[m[K:
[01m[K/usr/include/c++/9/bits/stl_iterator.h:787:11:[m[K [01;36m[Knote: [m[Kcandidate: ‘[01m[Kconstexpr __gnu_cxx::__normal_iterator<int*, std::vector<int> >& __gnu_cxx::__normal_iterator<int*, std::vector<int> >::operator=(const __gnu_cxx::__normal_iterator<int*, std::vector<int> >&)[m[K’
  787 |     class [01;36m[K__normal_iterator[m[K
      |           [01;36m[K^~~~~~~~~~~~~~~~~[m[K
[01m[K/usr/include/c++/9/bits/stl_iterator.h:787:11:[m[K [01;36m[Knote: [m[K  no known conversion for argument 1 from ‘[01m[Kstd::vector<double, std::allocator<double> >::iterator[m[K’ {aka ‘[01m[K__gnu_cxx::__normal_iterator<double*, std::vector<double, std::allocator<double> > >[m[K’} to ‘[01m[Kconst __gnu_cxx::__normal_iterator<int*, std::vector<int> >&[m[K’
[01m[K/usr/include/c++/9/bits/stl_iterator.h:787:11:[m[K [01;36m[Knote: [m[Kcandidate: ‘[01m[Kconstexpr __gnu_cxx::__normal_iterator<int*, std::vector<int> >& __gnu_cxx::__normal_iterator<int*, std::vector<int> >::operator=(__gnu_cxx::__normal_iterator<int*, std::vector<int> >&&)[m[K’
[01m[K/usr/include/c++/9/bits/stl_iterator.h:787:11:[m[K [01;36m[Knote: [m[K  no known conversion for argument 1 from ‘[01m[Kstd::vector<double, std::allocator<double> >::iterator[m[K’ {aka ‘[01m[K__gnu_cxx::__normal_iterator<double*, std::vector<double, std::allocator<double> > >[m[K’} to ‘[01m[K__gnu_cxx::__normal_iterator<int*, std::vector<int> >&&[m[K’
[01m[K/home/arian/Framework/src/framework/src/main.cpp:69:97:[m[K [01;31m[Kerror: [m[Kno match for ‘[01m[Koperator=[m[K’ (operand types are ‘[01m[Kstd::vector<int>::iterator[m[K’ {aka ‘[01m[K__gnu_cxx::__normal_iterator<int*, std::vector<int> >[m[K’} and ‘[01m[K__gnu_cxx::__normal_iterator<double*, std::vector<double, std::allocator<double> > >[m[K’)
   69 |       my_iterator[i]->my_end = ((i + 1) * (my_big_sum.size() / NUM_THREADS)) + my_big_sum.begin([01;31m[K)[m[K;
      |                                                                                                 [01;31m[K^[m[K
In file included from [01m[K/usr/include/c++/9/bits/stl_algobase.h:67[m[K,
                 from [01m[K/usr/include/c++/9/bits/char_traits.h:39[m[K,
                 from [01m[K/usr/include/c++/9/ios:40[m[K,
                 from [01m[K/usr/include/c++/9/ostream:38[m[K,
                 from [01m[K/usr/include/c++/9/iostream:39[m[K,
                 from [01m[K/home/arian/Framework/src/framework/src/main.cpp:1[m[K:
[01m[K/usr/include/c++/9/bits/stl_iterator.h:787:11:[m[K [01;36m[Knote: [m[Kcandidate: ‘[01m[Kconstexpr __gnu_cxx::__normal_iterator<int*, std::vector<int> >& __gnu_cxx::__normal_iterator<int*, std::vector<int> >::operator=(const __gnu_cxx::__normal_iterator<int*, std::vector<int> >&)[m[K’
  787 |     class [01;36m[K__normal_iterator[m[K
      |           [01;36m[K^~~~~~~~~~~~~~~~~[m[K
[01m[K/usr/include/c++/9/bits/stl_iterator.h:787:11:[m[K [01;36m[Knote: [m[K  no known conversion for argument 1 from ‘[01m[K__gnu_cxx::__normal_iterator<double*, std::vector<double, std::allocator<double> > >[m[K’ to ‘[01m[Kconst __gnu_cxx::__normal_iterator<int*, std::vector<int> >&[m[K’
[01m[K/usr/include/c++/9/bits/stl_iterator.h:787:11:[m[K [01;36m[Knote: [m[Kcandidate: ‘[01m[Kconstexpr __gnu_cxx::__normal_iterator<int*, std::vector<int> >& __gnu_cxx::__normal_iterator<int*, std::vector<int> >::operator=(__gnu_cxx::__normal_iterator<int*, std::vector<int> >&&)[m[K’
[01m[K/usr/include/c++/9/bits/stl_iterator.h:787:11:[m[K [01;36m[Knote: [m[K  no known conversion for argument 1 from ‘[01m[K__gnu_cxx::__normal_iterator<double*, std::vector<double, std::allocator<double> > >[m[K’ to ‘[01m[K__gnu_cxx::__normal_iterator<int*, std::vector<int> >&&[m[K’
make[2]: *** [CMakeFiles/main.dir/build.make:63: CMakeFiles/main.dir/src/main.cpp.o] Error 1
make[1]: *** [CMakeFiles/Makefile2:78: CMakeFiles/main.dir/all] Error 2
make: *** [Makefile:141: all] Error 2
