In file included from [01m[K/home/arian/Framework/src/framework/src/main.cpp:6[m[K:
[01m[K/home/arian/Framework/src/framework/include/framework/multiply_parallel.hpp:[m[K In member function ‘[01m[Kvoid framework::utilities::Multiply::run(int**, int**)[m[K’:
[01m[K/home/arian/Framework/src/framework/include/framework/multiply_parallel.hpp:31:105:[m[K [01;35m[Kwarning: [m[Kconverting from ‘[01m[Kvoid* (framework::utilities::Multiply::*)(void*)[m[K’ to ‘[01m[Kvoid* (*)(void*)[m[K’ [[01;35m[K-Wpedantic[m[K]
   31 |                         pthread_create(&threads[i], NULL, (void*(*)(void*))(&Multiply::multiply_function[01;35m[K)[m[K , a);
      |                                                                                                         [01;35m[K^[m[K
[01m[K/home/arian/Framework/src/framework/src/main.cpp:[m[K In member function ‘[01m[Kvoid* My_Function::my_func(void*)[m[K’:
[01m[K/home/arian/Framework/src/framework/src/main.cpp:16:5:[m[K [01;35m[Kwarning: [m[Kno return statement in function returning non-void [[01;35m[K-Wreturn-type[m[K]
   16 |     [01;35m[K}[m[K
      |     [01;35m[K^[m[K
[01m[K/home/arian/Framework/src/framework/src/main.cpp:[m[K In member function ‘[01m[Kvoid My_Thread::execute()[m[K’:
[01m[K/home/arian/Framework/src/framework/src/main.cpp:30:82:[m[K [01;35m[Kwarning: [m[Kconverting from ‘[01m[Kvoid* (My_Function::*)(void*)[m[K’ to ‘[01m[Kvoid* (*)(void*)[m[K’ [[01;35m[K-Wpedantic[m[K]
   30 |             pthread_create(&thread, NULL, (void*(*)(void*))(&My_Function::my_func[01;35m[K)[m[K, pointer);
      |                                                                                  [01;35m[K^[m[K
[01m[K/home/arian/Framework/src/framework/src/main.cpp:[m[K In function ‘[01m[Kint main(int, const char**)[m[K’:
[01m[K/home/arian/Framework/src/framework/src/main.cpp:38:14:[m[K [01;35m[Kwarning: [m[Kunused parameter ‘[01m[Kargc[m[K’ [[01;35m[K-Wunused-parameter[m[K]
   38 | int main([01;35m[Kint argc[m[K, const char ** argv)
      |          [01;35m[K~~~~^~~~[m[K
[01m[K/home/arian/Framework/src/framework/src/main.cpp:38:34:[m[K [01;35m[Kwarning: [m[Kunused parameter ‘[01m[Kargv[m[K’ [[01;35m[K-Wunused-parameter[m[K]
   38 | int main(int argc, [01;35m[Kconst char ** argv[m[K)
      |                    [01;35m[K~~~~~~~~~~~~~~^~~~[m[K
