In file included from [01m[K/home/arian/Framework/src/framework/src/main.cpp:12[m[K:
[01m[K/home/arian/Framework/src/framework/include/framework/multiply_parallel.hpp:387:[m[K [01;35m[Kwarning: [m[Kignoring #pragma omp parallel [[01;35m[K-Wunknown-pragmas[m[K]
  387 |             #pragma omp parallel num_threads(settings_.THREAD_NUMBER)
      | 
[01m[K/home/arian/Framework/src/framework/include/framework/multiply_parallel.hpp:434:31:[m[K [01;31m[Kerror: [m[Kexpected ‘[01m[K)[m[K’ before ‘[01m[K<[m[K’ token
  434 |         benchmark[34m[K([m[Kbase_paralle[01;31m[K<[m[KT>* base_parallel_, std::vector<T> input_a_, std::vector<T> input_b_, settings settings_) :
      |                  [34m[K~[m[K            [01;31m[K^[m[K
      |                               [32m[K)[m[K
[01m[K/home/arian/Framework/src/framework/include/framework/multiply_parallel.hpp:[m[K In member function ‘[01m[Kstd::chrono::_V2::system_clock::time_point benchmark<T>::execute()[m[K’:
[01m[K/home/arian/Framework/src/framework/include/framework/multiply_parallel.hpp:463:26:[m[K [01;31m[Kerror: [m[Kcould not convert ‘[01m[Kstd::chrono::operator-<std::chrono::_V2::system_clock, std::chrono::duration<long int, std::ratio<1, 1000000000> >, std::chrono::duration<long int, std::ratio<1, 1000000000> > >(((benchmark<T>*)this)->benchmark<T>::after, ((benchmark<T>*)this)->benchmark<T>::before)[m[K’ from ‘[01m[Kstd::__success_type<std::chrono::duration<long int, std::ratio<1, 1000000000> > >::type[m[K’ {aka ‘[01m[Kstd::chrono::duration<long int, std::ratio<1, 1000000000> >[m[K’} to ‘[01m[Kstd::chrono::_V2::system_clock::time_point[m[K’ {aka ‘[01m[Kstd::chrono::time_point<std::chrono::_V2::system_clock, std::chrono::duration<long int, std::ratio<1, 1000000000> > >[m[K’}
  463 |             return [01;31m[Kafter - before[m[K;
      |                    [01;31m[K~~~~~~^~~~~~~~[m[K
      |                          [01;31m[K|[m[K
      |                          [01;31m[Kstd::__success_type<std::chrono::duration<long int, std::ratio<1, 1000000000> > >::type {aka std::chrono::duration<long int, std::ratio<1, 1000000000> >}[m[K
/home/arian/Framework/src/framework/include/framework/multiply_parallel.hpp: In instantiation of ‘[01m[Kvoid multiply_parallel<T>::execute_openmp(const std::vector<BufferT>&, const std::vector<BufferT>&, std::vector<BufferT>&, const settings&) [with T = double][m[K’:
[01m[K/home/arian/Framework/src/framework/include/framework/multiply_parallel.hpp:385:14:[m[K   required from here
[01m[K/home/arian/Framework/src/framework/include/framework/multiply_parallel.hpp:385:139:[m[K [01;35m[Kwarning: [m[Kunused parameter ‘[01m[Ksettings_[m[K’ [[01;35m[K-Wunused-parameter[m[K]
  385 |         void execute_openmp(const std::vector<T>& matrix_a_, const std::vector<T>& matrix_b_, std::vector<T>& matrix_c_, [01;35m[Kconst settings & settings_[m[K )
      |                                                                                                                          [01;35m[K~~~~~~~~~~~~~~~~~^~~~~~~~~[m[K
make[2]: *** [CMakeFiles/main.dir/build.make:63: CMakeFiles/main.dir/src/main.cpp.o] Error 1
make[1]: *** [CMakeFiles/Makefile2:78: CMakeFiles/main.dir/all] Error 2
make: *** [Makefile:141: all] Error 2
