[35m[1mScanning dependencies of target main[0m
[ 50%] [32mBuilding CXX object CMakeFiles/main.dir/src/main.cpp.o[0m
In file included from [01m[K/home/arian/Framework/src/framework/src/main.cpp:12[m[K:
[01m[K/home/arian/Framework/src/framework/include/framework/multiply_parallel.hpp:379:[m[K [01;35m[Kwarning: [m[Kignoring #pragma omp parallel [[01;35m[K-Wunknown-pragmas[m[K]
  379 |             #pragma omp parallel num_threads(settings_.THREAD_NUMBER)
      | 
In file included from [01m[K/home/arian/Framework/src/framework/include/framework/multiply_parallel.hpp:14[m[K,
                 from [01m[K/home/arian/Framework/src/framework/src/main.cpp:12[m[K:
[01m[K/home/arian/Framework/src/framework/include/framework/settings/settings.hpp:[m[K In constructor ‘[01m[Ksettings::settings()[m[K’:
[01m[K/home/arian/Framework/src/framework/include/framework/settings/settings.hpp:13:50:[m[K [01;31m[Kerror: [m[K‘[01m[KSCHEDULING_STRATEGY[m[K’ has not been declared
   13 |             this->SCHED_STRATEGY           =     [01;31m[KSCHEDULING_STRATEGY[m[K::SCHEDULING_TS;
      |                                                  [01;31m[K^~~~~~~~~~~~~~~~~~~[m[K
[01m[K/home/arian/Framework/src/framework/include/framework/settings/settings.hpp:15:50:[m[K [01;31m[Kerror: [m[K‘[01m[KAFFINITY[m[K’ is not a class, namespace, or enumeration
   15 |             this->AFFINITY                 =     [01;31m[KAFFINITY[m[K::FALSE;
      |                                                  [01;31m[K^~~~~~~~[m[K
[01m[K/home/arian/Framework/src/framework/include/framework/settings/settings.hpp:16:50:[m[K [01;31m[Kerror: [m[K‘[01m[KPARALLELIZATION_STRATEGY[m[K’ is not a class, namespace, or enumeration
   16 |             this->PARALLELIZATION_STRATEGY =     [01;31m[KPARALLELIZATION_STRATEGY[m[K::PTHREADS;
      |                                                  [01;31m[K^~~~~~~~~~~~~~~~~~~~~~~~[m[K
[01m[K/home/arian/Framework/src/framework/include/framework/settings/settings.hpp:[m[K In constructor ‘[01m[Ksettings::settings(int, int)[m[K’:
[01m[K/home/arian/Framework/src/framework/include/framework/settings/settings.hpp:21:28:[m[K [01;31m[Kerror: [m[K‘[01m[KSCHEDULING_STRATEGY[m[K’ has not been declared
   21 |             SCHED_STRATEGY([01;31m[KSCHEDULING_STRATEGY[m[K::SCHEDULING_TS),
      |                            [01;31m[K^~~~~~~~~~~~~~~~~~~[m[K
[01m[K/home/arian/Framework/src/framework/include/framework/settings/settings.hpp:23:22:[m[K [01;31m[Kerror: [m[K‘[01m[KAFFINITY[m[K’ is not a class, namespace, or enumeration
   23 |             AFFINITY([01;31m[KAFFINITY[m[K::FALSE),
      |                      [01;31m[K^~~~~~~~[m[K
In file included from [01m[K/home/arian/Framework/src/framework/include/framework/multiply_parallel.hpp:14[m[K,
                 from [01m[K/home/arian/Framework/src/framework/src/main.cpp:12[m[K:
[01m[K/home/arian/Framework/src/framework/include/framework/settings/settings.hpp:[m[K In member function ‘[01m[Kconst char* settings::get_scheduling_strategy(int) const[m[K’:
[01m[K/home/arian/Framework/src/framework/include/framework/settings/settings.hpp:61:39:[m[K [01;31m[Kerror: [m[K‘[01m[KSCHEDULING_STRATEGY[m[K’ has not been declared
   61 |             if(scheduling_strategy == [01;31m[KSCHEDULING_STRATEGY[m[K::SCHEDULING_RR)
      |                                       [01;31m[K^~~~~~~~~~~~~~~~~~~[m[K
[01m[K/home/arian/Framework/src/framework/include/framework/settings/settings.hpp:63:44:[m[K [01;31m[Kerror: [m[K‘[01m[KSCHEDULING_STRATEGY[m[K’ has not been declared
   63 |             else if(scheduling_strategy == [01;31m[KSCHEDULING_STRATEGY[m[K::SCHEDULING_FIFO)
      |                                            [01;31m[K^~~~~~~~~~~~~~~~~~~[m[K
[01m[K/home/arian/Framework/src/framework/include/framework/settings/settings.hpp:[m[K In member function ‘[01m[Kconst char* settings::get_parallelization_strategy(int) const[m[K’:
[01m[K/home/arian/Framework/src/framework/include/framework/settings/settings.hpp:79:44:[m[K [01;31m[Kerror: [m[K‘[01m[KPARALLELIZATION_STRATEGY[m[K’ is not a class, namespace, or enumeration
   79 |             if(parallelization_strategy == [01;31m[KPARALLELIZATION_STRATEGY[m[K::OPENMP)
      |                                            [01;31m[K^~~~~~~~~~~~~~~~~~~~~~~~[m[K
In file included from [01m[K/home/arian/Framework/src/framework/src/main.cpp:12[m[K:
/home/arian/Framework/src/framework/include/framework/multiply_parallel.hpp: In instantiation of ‘[01m[Kstatic std::vector<BufferT> single_generator::generate_input(int) [with T = double][m[K’:
[01m[K/home/arian/Framework/src/framework/src/main.cpp:127:63:[m[K   required from here
[01m[K/home/arian/Framework/src/framework/include/framework/multiply_parallel.hpp:407:30:[m[K [01;35m[Kwarning: [m[Kcomparison of integer expressions of different signedness: ‘[01m[Kint[m[K’ and ‘[01m[Kstd::vector<double, std::allocator<double> >::size_type[m[K’ {aka ‘[01m[Klong unsigned int[m[K’} [[01;35m[K-Wsign-compare[m[K]
  407 |             for(int i = 0; i < temp.capacity(); i++)
/home/arian/Framework/src/framework/include/framework/multiply_parallel.hpp: In instantiation of ‘[01m[Kvoid multiply_parallel<T>::execute_openmp(const std::vector<BufferT>&, const std::vector<BufferT>&, std::vector<BufferT>&, const settings&) [with T = double][m[K’:
[01m[K/home/arian/Framework/src/framework/include/framework/multiply_parallel.hpp:182:17:[m[K   required from ‘[01m[Kvoid multiply_parallel<T>::execute(const std::vector<BufferT>&, const std::vector<BufferT>&, std::vector<BufferT>&, const settings&) [with T = double][m[K’
[01m[K/home/arian/Framework/src/framework/include/framework/multiply_parallel.hpp:132:19:[m[K   required from ‘[01m[Kmultiply_parallel<T>::multiply_parallel(const std::vector<BufferT>&, const std::vector<BufferT>&, std::vector<BufferT>&, const settings&) [with T = double][m[K’
[01m[K/home/arian/Framework/src/framework/src/main.cpp:132:76:[m[K   required from here
[01m[K/home/arian/Framework/src/framework/include/framework/multiply_parallel.hpp:377:139:[m[K [01;35m[Kwarning: [m[Kunused parameter ‘[01m[Ksettings_[m[K’ [[01;35m[K-Wunused-parameter[m[K]
  377 |         void execute_openmp(const std::vector<T>& matrix_a_, const std::vector<T>& matrix_b_, std::vector<T>& matrix_c_, [01;35m[Kconst settings & settings_[m[K )
      |                                                                                                                          [01;35m[K~~~~~~~~~~~~~~~~~^~~~~~~~~[m[K
make[2]: *** [CMakeFiles/main.dir/build.make:63: CMakeFiles/main.dir/src/main.cpp.o] Error 1
make[1]: *** [CMakeFiles/Makefile2:78: CMakeFiles/main.dir/all] Error 2
make: *** [Makefile:141: all] Error 2
