In file included from [01m[K/home/arian/Framework/src/framework/src/main.cpp:12[m[K:
[01m[K/home/arian/Framework/src/framework/include/framework/multiply_parallel.hpp:395:[m[K [01;35m[Kwarning: [m[Kignoring #pragma omp parallel [[01;35m[K-Wunknown-pragmas[m[K]
  395 |             #pragma omp parallel num_threads(settings_.THREAD_NUMBER)
      | 
/home/arian/Framework/src/framework/include/framework/multiply_parallel.hpp: In instantiation of ‘[01m[Kbenchmark<T, SIZE>::benchmark(base_parallel<T>*) [with T = double; int SIZE = 200][m[K’:
[01m[K/home/arian/Framework/src/framework/src/main.cpp:98:68:[m[K   required from here
[01m[K/home/arian/Framework/src/framework/include/framework/multiply_parallel.hpp:444:22:[m[K [01;35m[Kwarning: [m[Kvariable ‘[01m[Ksettings_[m[K’ set but not used [[01;35m[K-Wunused-but-set-variable[m[K]
  444 |             settings [01;35m[Ksettings_[m[K = settings(2_THREADS, SCHEDULING_STRATEGY::SCHEDULING_TS, 19_PRIORITY, AFFINITY::FALSE, PARALLELIZATION_STRATEGY::PTHREADS);
      |                      [01;35m[K^~~~~~~~~[m[K
[01m[K/home/arian/Framework/src/framework/include/framework/multiply_parallel.hpp:437:37:[m[K [01;35m[Kwarning: [m[Kunused parameter ‘[01m[Kbase_parallel_[m[K’ [[01;35m[K-Wunused-parameter[m[K]
  437 |         benchmark([01;35m[Kbase_parallel<T>* base_parallel_[m[K)
      |                   [01;35m[K~~~~~~~~~~~~~~~~~~^~~~~~~~~~~~~~[m[K
/home/arian/Framework/src/framework/include/framework/multiply_parallel.hpp: In instantiation of ‘[01m[Kstatic std::vector<BufferT> generator<T>::generate(int) [with T = double][m[K’:
[01m[K/home/arian/Framework/src/framework/include/framework/multiply_parallel.hpp:439:46:[m[K   required from ‘[01m[Kbenchmark<T, SIZE>::benchmark(base_parallel<T>*) [with T = double; int SIZE = 200][m[K’
[01m[K/home/arian/Framework/src/framework/src/main.cpp:98:68:[m[K   required from here
[01m[K/home/arian/Framework/src/framework/include/framework/multiply_parallel.hpp:422:30:[m[K [01;35m[Kwarning: [m[Kcomparison of integer expressions of different signedness: ‘[01m[Kint[m[K’ and ‘[01m[Kstd::vector<double, std::allocator<double> >::size_type[m[K’ {aka ‘[01m[Klong unsigned int[m[K’} [[01;35m[K-Wsign-compare[m[K]
  422 |             for(int i = 0; i < temp.capacity(); i++)
/home/arian/Framework/src/framework/include/framework/multiply_parallel.hpp: In instantiation of ‘[01m[Kvoid multiply_parallel<T>::execute_openmp(const std::vector<BufferT>&, const std::vector<BufferT>&, std::vector<BufferT>&, const settings&) [with T = double][m[K’:
[01m[K/home/arian/Framework/src/framework/include/framework/multiply_parallel.hpp:393:14:[m[K   required from here
[01m[K/home/arian/Framework/src/framework/include/framework/multiply_parallel.hpp:393:139:[m[K [01;35m[Kwarning: [m[Kunused parameter ‘[01m[Ksettings_[m[K’ [[01;35m[K-Wunused-parameter[m[K]
  393 |         void execute_openmp(const std::vector<T>& matrix_a_, const std::vector<T>& matrix_b_, std::vector<T>& matrix_c_, [01;35m[Kconst settings & settings_[m[K )
      |                                                                                                                          [01;35m[K~~~~~~~~~~~~~~~~~^~~~~~~~~[m[K
