[35m[1mScanning dependencies of target main[0m
[ 50%] [32mBuilding CXX object CMakeFiles/main.dir/src/main.cpp.o[0m
In file included from [01m[K/home/arian/Framework/src/framework/src/main.cpp:7[m[K:
[01m[K/home/arian/Framework/src/framework/include/framework/multiply_parallel.hpp:[m[K In constructor ‘[01m[Kframework::utilities::matrix::matrix(int**)[m[K’:
[01m[K/home/arian/Framework/src/framework/include/framework/multiply_parallel.hpp:21:26:[m[K [01;35m[Kwarning: [m[Kunused parameter ‘[01m[Kmatrix[m[K’ [[01;35m[K-Wunused-parameter[m[K]
   21 |             matrix([01;35m[Kint** matrix[m[K)
      |                    [01;35m[K~~~~~~^~~~~~[m[K
In file included from [01m[K/home/arian/Framework/src/framework/src/main.cpp:7[m[K:
[01m[K/home/arian/Framework/src/framework/include/framework/multiply_parallel.hpp:[m[K In function ‘[01m[Kvoid* framework::matrix_utilities::parallel_multiply_pthread_2(void*)[m[K’:
[01m[K/home/arian/Framework/src/framework/include/framework/multiply_parallel.hpp:96:48:[m[K [01;31m[Kerror: [m[Kcannot convert ‘[01m[Kchar**[m[K’ to ‘[01m[Kchar*[m[K’
   96 |             pthread_getname_np(pthread_self(), [01;31m[Kthread_name[m[K, sizeof(char) * 30);
      |                                                [01;31m[K^~~~~~~~~~~[m[K
      |                                                [01;31m[K|[m[K
      |                                                [01;31m[Kchar**[m[K
In file included from [01m[K/usr/include/x86_64-linux-gnu/c++/9/bits/gthr-default.h:35[m[K,
                 from [01m[K/usr/include/x86_64-linux-gnu/c++/9/bits/gthr.h:148[m[K,
                 from [01m[K/usr/include/c++/9/ext/atomicity.h:35[m[K,
                 from [01m[K/usr/include/c++/9/bits/ios_base.h:39[m[K,
                 from [01m[K/usr/include/c++/9/ios:42[m[K,
                 from [01m[K/usr/include/c++/9/ostream:38[m[K,
                 from [01m[K/usr/include/c++/9/iostream:39[m[K,
                 from [01m[K/home/arian/Framework/src/framework/src/main.cpp:1[m[K:
[01m[K/usr/include/pthread.h:422:65:[m[K [01;36m[Knote: [m[K  initializing argument 2 of ‘[01m[Kint pthread_getname_np(pthread_t, char*, size_t)[m[K’
  422 | extern int pthread_getname_np (pthread_t __target_thread, [01;36m[Kchar *__buf[m[K,
      |                                                           [01;36m[K~~~~~~^~~~~[m[K
In file included from [01m[K/home/arian/Framework/src/framework/src/main.cpp:7[m[K:
[01m[K/home/arian/Framework/src/framework/include/framework/multiply_parallel.hpp:92:53:[m[K [01;35m[Kwarning: [m[Kunused variable ‘[01m[Kmatrices[m[K’ [[01;35m[K-Wunused-variable[m[K]
   92 |             framework::container::matrix_container* [01;35m[Kmatrices[m[K = (framework::container::matrix_container*)container;
      |                                                     [01;35m[K^~~~~~~~[m[K
[01m[K/home/arian/Framework/src/framework/src/main.cpp:[m[K In function ‘[01m[Kint main()[m[K’:
[01m[K/home/arian/Framework/src/framework/src/main.cpp:27:9:[m[K [01;31m[Kerror: [m[Kconflicting declaration ‘[01m[Kauto a[m[K’
   27 |    auto [01;31m[Ka[m[K = framework::matrix_multiply_parallel(matrix_a, matrix_a);
      |         [01;31m[K^[m[K
[01m[K/home/arian/Framework/src/framework/src/main.cpp:12:20:[m[K [01;36m[Knote: [m[Kprevious declaration as ‘[01m[Kstd::vector<int> a[m[K’
   12 |   std::vector<int> [01;36m[Ka[m[K;
      |                    [01;36m[K^[m[K
make[2]: *** [CMakeFiles/main.dir/build.make:63: CMakeFiles/main.dir/src/main.cpp.o] Error 1
make[1]: *** [CMakeFiles/Makefile2:78: CMakeFiles/main.dir/all] Error 2
make: *** [Makefile:141: all] Error 2
