[35m[1mScanning dependencies of target main[0m
[ 50%] [32mBuilding CXX object CMakeFiles/main.dir/src/main.cpp.o[0m
In file included from [01m[K/home/arian/Framework/src/framework/src/main.cpp:12[m[K:
[01m[K/home/arian/Framework/src/framework/include/framework/multiply_parallel.hpp:[m[K In constructor ‘[01m[Kiterators::iterators(const std::vector<int>&, const std::vector<int>&, std::vector<int>&, int, int, int, int)[m[K’:
[01m[K/home/arian/Framework/src/framework/include/framework/multiply_parallel.hpp:47:9:[m[K [01;31m[Kerror: [m[Kclass ‘[01m[Kiterators[m[K’ does not have any field named ‘[01m[Ksize_[m[K’
   47 |         [01;31m[Ksize_[m[K(size),
      |         [01;31m[K^~~~~[m[K
[01m[K/home/arian/Framework/src/framework/include/framework/multiply_parallel.hpp:48:9:[m[K [01;31m[Kerror: [m[Kclass ‘[01m[Kiterators[m[K’ does not have any field named ‘[01m[Kwidth_[m[K’
   48 |         [01;31m[Kwidth_[m[K(width)
      |         [01;31m[K^~~~~~[m[K
[01m[K/home/arian/Framework/src/framework/include/framework/multiply_parallel.hpp:40:13:[m[K [01;35m[Kwarning: [m[Kunused parameter ‘[01m[Ksize_[m[K’ [[01;35m[K-Wunused-parameter[m[K]
   40 |         [01;35m[Kint size_[m[K,
      |         [01;35m[K~~~~^~~~~[m[K
[01m[K/home/arian/Framework/src/framework/include/framework/multiply_parallel.hpp:41:13:[m[K [01;35m[Kwarning: [m[Kunused parameter ‘[01m[Kwidth_[m[K’ [[01;35m[K-Wunused-parameter[m[K]
   41 |         [01;35m[Kint width_[m[K) :
      |         [01;35m[K~~~~^~~~~~[m[K
[01m[K/home/arian/Framework/src/framework/include/framework/multiply_parallel.hpp:[m[K In function ‘[01m[Kvoid* multiply_parallel_pthread(void*)[m[K’:
[01m[K/home/arian/Framework/src/framework/include/framework/multiply_parallel.hpp:66:39:[m[K [01;31m[Kerror: [m[Kexpected primary-expression before ‘[01m[K)[m[K’ token
   66 |     iterators* iterators = (iterators*[01;31m[K)[m[Kiterators_;
      |                                       [01;31m[K^[m[K
[01m[K/home/arian/Framework/src/framework/include/framework/multiply_parallel.hpp:70:44:[m[K [01;31m[Kerror: [m[Kexpression cannot be used as a function
   70 |         for(int j = 0; j < iterators->size([01;31m[K)[m[K; j++)
      |                                            [01;31m[K^[m[K
[01m[K/home/arian/Framework/src/framework/include/framework/multiply_parallel.hpp:72:48:[m[K [01;31m[Kerror: [m[Kexpression cannot be used as a function
   72 |             for(int k = 0; k < iterators->size([01;31m[K)[m[K; k++)
      |                                                [01;31m[K^[m[K
[01m[K/home/arian/Framework/src/framework/include/framework/multiply_parallel.hpp:74:16:[m[K [01;31m[Kerror: [m[K‘[01m[Kmatrix_c[m[K’ was not declared in this scope
   74 |                [01;31m[Kmatrix_c[m[K[0] = 3;
      |                [01;31m[K^~~~~~~~[m[K
[01m[K/home/arian/Framework/src/framework/include/framework/multiply_parallel.hpp:64:41:[m[K [01;35m[Kwarning: [m[Kunused parameter ‘[01m[Kiterators_[m[K’ [[01;35m[K-Wunused-parameter[m[K]
   64 | void * multiply_parallel_pthread([01;35m[Kvoid * iterators_[m[K)
      |                                  [01;35m[K~~~~~~~^~~~~~~~~~[m[K
In file included from [01m[K/home/arian/Framework/src/framework/src/main.cpp:12[m[K:
[01m[K/home/arian/Framework/src/framework/include/framework/multiply_parallel.hpp:[m[K In member function ‘[01m[Kvoid multiply_parallel::execute(const std::vector<int>&, const std::vector<int>&, std::vector<int>&, const settings&)[m[K’:
[01m[K/home/arian/Framework/src/framework/include/framework/multiply_parallel.hpp:104:57:[m[K [01;31m[Kerror: [m[Kbase operand of ‘[01m[K->[m[K’ has non-pointer type ‘[01m[Kconst settings[m[K’
  104 |             pthread_t* threads = new pthread_t[settings_[01;31m[K->[m[KTHREAD_NUMBER];
      |                                                         [01;31m[K^~[m[K
[01m[K/home/arian/Framework/src/framework/include/framework/multiply_parallel.hpp:105:62:[m[K [01;31m[Kerror: [m[Kbase operand of ‘[01m[K->[m[K’ has non-pointer type ‘[01m[Kconst settings[m[K’
  105 |             iterators** iterators_ = new iterators*[settings_[01;31m[K->[m[KTHREAD_NUMBER];
      |                                                              [01;31m[K^~[m[K
[01m[K/home/arian/Framework/src/framework/include/framework/multiply_parallel.hpp:107:41:[m[K [01;31m[Kerror: [m[Kbase operand of ‘[01m[K->[m[K’ has non-pointer type ‘[01m[Kconst settings[m[K’
  107 |             for(int i = 0; i < settings_[01;31m[K->[m[KTHREAD_NUMBER; i++)
      |                                         [01;31m[K^~[m[K
[01m[K/home/arian/Framework/src/framework/include/framework/multiply_parallel.hpp:109:34:[m[K [01;31m[Kerror: [m[Kbase operand of ‘[01m[K->[m[K’ has non-pointer type ‘[01m[Kconst settings[m[K’
  109 |                 if(i == settings_[01;31m[K->[m[KTHREAD_NUMBER - 1)
      |                                  [01;31m[K^~[m[K
[01m[K/home/arian/Framework/src/framework/include/framework/multiply_parallel.hpp:113:59:[m[K [01;31m[Kerror: [m[Kbase operand of ‘[01m[K->[m[K’ has non-pointer type ‘[01m[Kconst settings[m[K’
  113 |                         (i * (matrix_a_.size() / settings_[01;31m[K->[m[KTHREAD_NUMBER)),
      |                                                           [01;31m[K^~[m[K
[01m[K/home/arian/Framework/src/framework/include/framework/multiply_parallel.hpp:114:65:[m[K [01;31m[Kerror: [m[Kbase operand of ‘[01m[K->[m[K’ has non-pointer type ‘[01m[Kconst settings[m[K’
  114 |                         ((i + 1) * (matrix_a_.size() / settings_[01;31m[K->[m[KTHREAD_NUMBER)),
      |                                                                 [01;31m[K^~[m[K
[01m[K/home/arian/Framework/src/framework/include/framework/multiply_parallel.hpp:122:59:[m[K [01;31m[Kerror: [m[Kbase operand of ‘[01m[K->[m[K’ has non-pointer type ‘[01m[Kconst settings[m[K’
  122 |                         (i * (matrix_a_.size() / settings_[01;31m[K->[m[KTHREAD_NUMBER)),
      |                                                           [01;31m[K^~[m[K
[01m[K/home/arian/Framework/src/framework/include/framework/multiply_parallel.hpp:104:24:[m[K [01;35m[Kwarning: [m[Kunused variable ‘[01m[Kthreads[m[K’ [[01;35m[K-Wunused-variable[m[K]
  104 |             pthread_t* [01;35m[Kthreads[m[K = new pthread_t[settings_->THREAD_NUMBER];
      |                        [01;35m[K^~~~~~~[m[K
make[2]: *** [CMakeFiles/main.dir/build.make:63: CMakeFiles/main.dir/src/main.cpp.o] Error 1
make[1]: *** [CMakeFiles/Makefile2:78: CMakeFiles/main.dir/all] Error 2
make: *** [Makefile:141: all] Error 2
