In file included from [01m[K/home/arian/Framework/src/framework/src/main.cpp:12[m[K:
[01m[K/home/arian/Framework/src/framework/include/framework/multiply_parallel.hpp:386:[m[K [01;35m[Kwarning: [m[Kignoring #pragma omp parallel [[01;35m[K-Wunknown-pragmas[m[K]
  386 |             #pragma omp parallel num_threads(settings_.THREAD_NUMBER)
      | 
[01m[K/home/arian/Framework/src/framework/include/framework/multiply_parallel.hpp:139:22:[m[K [01;31m[Kerror: [m[K‘[01m[Ktest[m[K’ is not a class template
  139 |         friend class [01;31m[Ktest[m[K<T>;
      |                      [01;31m[K^~~~[m[K
[01m[K/home/arian/Framework/src/framework/include/framework/multiply_parallel.hpp:404:7:[m[K [01;31m[Kerror: [m[K‘[01m[Ktest[m[K’ is not a template
  404 | class [01;31m[Ktest[m[K
      |       [01;31m[K^~~~[m[K
[01m[K/home/arian/Framework/src/framework/include/framework/multiply_parallel.hpp:139:22:[m[K [01;36m[Knote: [m[Kprevious declaration here
  139 |         friend class [01;36m[Ktest[m[K<T>;
      |                      [01;36m[K^~~~[m[K
[01m[K/home/arian/Framework/src/framework/src/main.cpp:[m[K In function ‘[01m[Kint main()[m[K’:
[01m[K/home/arian/Framework/src/framework/src/main.cpp:92:3:[m[K [01;31m[Kerror: [m[K‘[01m[Ktest[m[K’ is not a template
   92 |   [01;31m[Ktest[m[K<double> test_;
      |   [01;31m[K^~~~[m[K
[01m[K/home/arian/Framework/src/framework/src/main.cpp:92:16:[m[K [01;31m[Kerror: [m[Kaggregate ‘[01m[Ktest test_[m[K’ has incomplete type and cannot be defined
   92 |   test<double> [01;31m[Ktest_[m[K;
      |                [01;31m[K^~~~~[m[K
In file included from [01m[K/home/arian/Framework/src/framework/src/main.cpp:12[m[K:
/home/arian/Framework/src/framework/include/framework/multiply_parallel.hpp: In instantiation of ‘[01m[Kvoid multiply_parallel<T>::execute_openmp(const std::vector<BufferT>&, const std::vector<BufferT>&, std::vector<BufferT>&, const settings&) [with T = double][m[K’:
[01m[K/home/arian/Framework/src/framework/include/framework/multiply_parallel.hpp:384:14:[m[K   required from here
[01m[K/home/arian/Framework/src/framework/include/framework/multiply_parallel.hpp:384:139:[m[K [01;35m[Kwarning: [m[Kunused parameter ‘[01m[Ksettings_[m[K’ [[01;35m[K-Wunused-parameter[m[K]
  384 |         void execute_openmp(const std::vector<T>& matrix_a_, const std::vector<T>& matrix_b_, std::vector<T>& matrix_c_, [01;35m[Kconst settings & settings_[m[K )
      |                                                                                                                          [01;35m[K~~~~~~~~~~~~~~~~~^~~~~~~~~[m[K
make[2]: *** [CMakeFiles/main.dir/build.make:63: CMakeFiles/main.dir/src/main.cpp.o] Error 1
make[1]: *** [CMakeFiles/Makefile2:78: CMakeFiles/main.dir/all] Error 2
make: *** [Makefile:141: all] Error 2
