[35m[1mScanning dependencies of target main[0m
[ 50%] [32mBuilding CXX object CMakeFiles/main.dir/src/main.cpp.o[0m
In file included from [01m[K/home/arian/Framework/src/framework/src/main.cpp:12[m[K:
[01m[K/home/arian/Framework/src/framework/include/framework/multiply_parallel.hpp:345:[m[K [01;35m[Kwarning: [m[Kignoring #pragma omp parallel [[01;35m[K-Wunknown-pragmas[m[K]
  345 |             #pragma omp parallel num_threads(settings_.THREAD_NUMBER)
      | 
In file included from [01m[K/home/arian/Framework/src/framework/src/main.cpp:12[m[K:
[01m[K/home/arian/Framework/src/framework/include/framework/multiply_parallel.hpp:12:5:[m[K [01;35m[Kwarning: [m[Kliteral operator suffixes not preceded by ‘[01m[K_[m[K’ are reserved for future standardization [[01;35m[K-Wliteral-suffix[m[K]
   12 |     [01;35m[Koperator[m[K"" THREADS(unsigned long long _hours)
      |     [01;35m[K^~~~~~~~[m[K
In file included from [01m[K/home/arian/Framework/src/framework/src/main.cpp:12[m[K:
[01m[K/home/arian/Framework/src/framework/include/framework/multiply_parallel.hpp:[m[K In member function ‘[01m[Kvoid multiply_parallel::execute(const std::vector<int>&, const std::vector<int>&, std::vector<int>&, const settings&)[m[K’:
[01m[K/home/arian/Framework/src/framework/include/framework/multiply_parallel.hpp:158:62:[m[K [01;31m[Kerror: [m[Kno matching function for call to ‘[01m[Kmultiply_parallel::execute_openmp(const std::vector<int>&, const std::vector<int>&, std::vector<int>&)[m[K’
  158 |                 execute_openmp(matrix_a_,matrix_b_, matrix_c_[01;31m[K)[m[K;
      |                                                              [01;31m[K^[m[K
[01m[K/home/arian/Framework/src/framework/include/framework/multiply_parallel.hpp:343:14:[m[K [01;36m[Knote: [m[Kcandidate: ‘[01m[Kvoid multiply_parallel::execute_openmp(const std::vector<int>&, const std::vector<int>&, std::vector<int>&, const settings&)[m[K’
  343 |         void [01;36m[Kexecute_openmp[m[K(const std::vector<int>& matrix_a_, const std::vector<int>& matrix_b_, std::vector<int>& matrix_c_, const settings & settings_ )
      |              [01;36m[K^~~~~~~~~~~~~~[m[K
[01m[K/home/arian/Framework/src/framework/include/framework/multiply_parallel.hpp:343:14:[m[K [01;36m[Knote: [m[K  candidate expects 4 arguments, 3 provided
[01m[K/home/arian/Framework/src/framework/include/framework/multiply_parallel.hpp:[m[K In member function ‘[01m[Kvoid multiply_parallel::execute_openmp(const std::vector<int>&, const std::vector<int>&, std::vector<int>&, const settings&)[m[K’:
[01m[K/home/arian/Framework/src/framework/include/framework/multiply_parallel.hpp:343:145:[m[K [01;35m[Kwarning: [m[Kunused parameter ‘[01m[Ksettings_[m[K’ [[01;35m[K-Wunused-parameter[m[K]
  343 |         void execute_openmp(const std::vector<int>& matrix_a_, const std::vector<int>& matrix_b_, std::vector<int>& matrix_c_, [01;35m[Kconst settings & settings_[m[K )
      |                                                                                                                                [01;35m[K~~~~~~~~~~~~~~~~~^~~~~~~~~[m[K
make[2]: *** [CMakeFiles/main.dir/build.make:63: CMakeFiles/main.dir/src/main.cpp.o] Error 1
make[1]: *** [CMakeFiles/Makefile2:78: CMakeFiles/main.dir/all] Error 2
make: *** [Makefile:141: all] Error 2
