In file included from [01m[K/home/arian/Framework/src/framework/src/main.cpp:12[m[K:
[01m[K/home/arian/Framework/src/framework/include/framework/multiply_parallel.hpp:395:[m[K [01;35m[Kwarning: [m[Kignoring #pragma omp parallel [[01;35m[K-Wunknown-pragmas[m[K]
  395 |             #pragma omp parallel num_threads(settings_.THREAD_NUMBER)
      | 
/home/arian/Framework/src/framework/include/framework/multiply_parallel.hpp: In instantiation of ‘[01m[Kstatic std::vector<std::vector<BufferT> > generator<T>::generate(std::initializer_list<int>) [with T = int][m[K’:
[01m[K/home/arian/Framework/src/framework/src/main.cpp:82:19:[m[K   required from here
[01m[K/home/arian/Framework/src/framework/include/framework/multiply_parallel.hpp:444:34:[m[K [01;35m[Kwarning: [m[Kcomparison of integer expressions of different signedness: ‘[01m[Kint[m[K’ and ‘[01m[Kstd::vector<int>::size_type[m[K’ {aka ‘[01m[Klong unsigned int[m[K’} [[01;35m[K-Wsign-compare[m[K]
  444 |                 for(int i = 0; i < temp.capacity(); i++)
/home/arian/Framework/src/framework/include/framework/multiply_parallel.hpp: In instantiation of ‘[01m[Kstatic std::vector<std::vector<BufferT> > generator<T>::generate(std::initializer_list<int>) [with T = double][m[K’:
[01m[K/home/arian/Framework/src/framework/src/main.cpp:103:67:[m[K   required from here
[01m[K/home/arian/Framework/src/framework/include/framework/multiply_parallel.hpp:444:34:[m[K [01;35m[Kwarning: [m[Kcomparison of integer expressions of different signedness: ‘[01m[Kint[m[K’ and ‘[01m[Kstd::vector<double, std::allocator<double> >::size_type[m[K’ {aka ‘[01m[Klong unsigned int[m[K’} [[01;35m[K-Wsign-compare[m[K]
/home/arian/Framework/src/framework/include/framework/multiply_parallel.hpp: In instantiation of ‘[01m[Kvoid benchmark<T>::execute_all() [with K = std::ratio<1, 1000000000>; T = double][m[K’:
[01m[K/home/arian/Framework/src/framework/src/main.cpp:112:45:[m[K   required from here
[01m[K/home/arian/Framework/src/framework/include/framework/multiply_parallel.hpp:497:30:[m[K [01;35m[Kwarning: [m[Kcomparison of integer expressions of different signedness: ‘[01m[Kint[m[K’ and ‘[01m[Kstd::vector<settings>::size_type[m[K’ {aka ‘[01m[Klong unsigned int[m[K’} [[01;35m[K-Wsign-compare[m[K]
  497 |             for(int i = 0; [01;35m[Ki < settingss_.size()[m[K; i++)
      |                            [01;35m[K~~^~~~~~~~~~~~~~~~~~~[m[K
[01m[K/home/arian/Framework/src/framework/include/framework/multiply_parallel.hpp:499:34:[m[K [01;35m[Kwarning: [m[Kcomparison of integer expressions of different signedness: ‘[01m[Kint[m[K’ and ‘[01m[Kstd::vector<std::vector<double, std::allocator<double> > >::size_type[m[K’ {aka ‘[01m[Klong unsigned int[m[K’} [[01;35m[K-Wsign-compare[m[K]
  499 |                 for(int j = 0; j < inputs_a_.size(); j++)
/home/arian/Framework/src/framework/include/framework/multiply_parallel.hpp: In instantiation of ‘[01m[Kvoid multiply_parallel<T>::execute_openmp(const std::vector<BufferT>&, const std::vector<BufferT>&, std::vector<BufferT>&, const settings&) [with T = double][m[K’:
[01m[K/home/arian/Framework/src/framework/include/framework/multiply_parallel.hpp:393:14:[m[K   required from here
[01m[K/home/arian/Framework/src/framework/include/framework/multiply_parallel.hpp:393:139:[m[K [01;35m[Kwarning: [m[Kunused parameter ‘[01m[Ksettings_[m[K’ [[01;35m[K-Wunused-parameter[m[K]
  393 |         void execute_openmp(const std::vector<T>& matrix_a_, const std::vector<T>& matrix_b_, std::vector<T>& matrix_c_, [01;35m[Kconst settings & settings_[m[K )
      |                                                                                                                          [01;35m[K~~~~~~~~~~~~~~~~~^~~~~~~~~[m[K
