[35m[1mScanning dependencies of target main[0m
[ 50%] [32mBuilding CXX object CMakeFiles/main.dir/src/main.cpp.o[0m
In file included from [01m[K/home/arian/Framework/src/framework/src/main.cpp:12[m[K:
[01m[K/home/arian/Framework/src/framework/include/framework/multiply_parallel.hpp:12:5:[m[K [01;35m[Kwarning: [m[Kliteral operator suffixes not preceded by ‘[01m[K_[m[K’ are reserved for future standardization [[01;35m[K-Wliteral-suffix[m[K]
   12 |     [01;35m[Koperator[m[K"" THREADS(unsigned long long _hours)
      |     [01;35m[K^~~~~~~~[m[K
In file included from [01m[K/home/arian/Framework/src/framework/src/main.cpp:12[m[K:
[01m[K/home/arian/Framework/src/framework/include/framework/multiply_parallel.hpp:[m[K In member function ‘[01m[Kvoid multiply_parallel::execute_pthread_sched(const std::vector<int>&, const std::vector<int>&, std::vector<int>&, const settings&)[m[K’:
[01m[K/home/arian/Framework/src/framework/include/framework/multiply_parallel.hpp:256:13:[m[K [01;31m[Kerror: [m[K‘[01m[Kparam[m[K’ was not declared in this scope
  256 |             [01;31m[Kparam[m[K.sched_priority = settings_.PRIORITY;
      |             [01;31m[K^~~~~[m[K
[01m[K/home/arian/Framework/src/framework/include/framework/multiply_parallel.hpp:283:81:[m[K [01;31m[Kerror: [m[Kcannot convert ‘[01m[Ksched_param[m[K’ to ‘[01m[Kconst sched_param*[m[K’
  283 |                 pthread_setschedparam(*(threads + i), settings_.SCHED_STRATEGY, [01;31m[Ksched_param[m[K);
      |                                                                                 [01;31m[K^~~~~~~~~~~[m[K
      |                                                                                 [01;31m[K|[m[K
      |                                                                                 [01;31m[Ksched_param[m[K
In file included from [01m[K/usr/include/x86_64-linux-gnu/c++/9/bits/gthr-default.h:35[m[K,
                 from [01m[K/usr/include/x86_64-linux-gnu/c++/9/bits/gthr.h:148[m[K,
                 from [01m[K/usr/include/c++/9/ext/atomicity.h:35[m[K,
                 from [01m[K/usr/include/c++/9/bits/ios_base.h:39[m[K,
                 from [01m[K/usr/include/c++/9/ios:42[m[K,
                 from [01m[K/usr/include/c++/9/ostream:38[m[K,
                 from [01m[K/usr/include/c++/9/iostream:39[m[K,
                 from [01m[K/home/arian/Framework/src/framework/src/main.cpp:1[m[K:
[01m[K/usr/include/pthread.h:406:33:[m[K [01;36m[Knote: [m[K  initializing argument 3 of ‘[01m[Kint pthread_setschedparam(pthread_t, int, const sched_param*)[m[K’
  406 |       [01;36m[Kconst struct sched_param *__param[m[K)
      |       [01;36m[K~~~~~~~~~~~~~~~~~~~~~~~~~~^~~~~~~[m[K
make[2]: *** [CMakeFiles/main.dir/build.make:63: CMakeFiles/main.dir/src/main.cpp.o] Error 1
make[1]: *** [CMakeFiles/Makefile2:78: CMakeFiles/main.dir/all] Error 2
make: *** [Makefile:141: all] Error 2
