In file included from [01m[K/home/arian/Framework/src/framework/src/main.cpp:12[m[K:
[01m[K/home/arian/Framework/src/framework/include/framework/multiply_parallel.hpp:381:[m[K [01;35m[Kwarning: [m[Kignoring #pragma omp parallel [[01;35m[K-Wunknown-pragmas[m[K]
  381 |             #pragma omp parallel num_threads(settings_.THREAD_NUMBER)
      | 
/home/arian/Framework/src/framework/include/framework/multiply_parallel.hpp: In instantiation of ‘[01m[Kvoid test<T>::execute_tests(base_parallel<T>*) [with T = double][m[K’:
[01m[K/home/arian/Framework/src/framework/src/main.cpp:92:25:[m[K   required from here
[01m[K/home/arian/Framework/src/framework/include/framework/multiply_parallel.hpp:483:34:[m[K [01;31m[Kerror: [m[Kcannot convert ‘[01m[Kstd::vector<int>[m[K’ to ‘[01m[Kconst std::vector<double, std::allocator<double> >&[m[K’
  483 |             base_parallel_->ctor([01;31m[Kmatrix_a[m[K, matrix_b, matrix_result, settings_);
      |                                  [01;31m[K^~~~~~~~[m[K
      |                                  [01;31m[K|[m[K
      |                                  [01;31m[Kstd::vector<int>[m[K
In file included from [01m[K/home/arian/Framework/src/framework/src/main.cpp:12[m[K:
[01m[K/home/arian/Framework/src/framework/include/framework/multiply_parallel.hpp:130:49:[m[K [01;36m[Knote: [m[K  initializing argument 1 of ‘[01m[Kvoid base_parallel<T>::ctor(const std::vector<BufferT>&, const std::vector<BufferT>&, std::vector<BufferT>&, const settings&) [with T = double][m[K’
  130 |         virtual void ctor([01;36m[Kconst std::vector<T>& matrix_a_[m[K, const std::vector<T>& matrix_b_, std::vector<T>& matrix_c_, const settings & settings_) = 0;
      |                           [01;36m[K~~~~~~~~~~~~~~~~~~~~~~^~~~~~~~~[m[K
In file included from [01m[K/home/arian/Framework/src/framework/src/main.cpp:12[m[K:
/home/arian/Framework/src/framework/include/framework/multiply_parallel.hpp: In instantiation of ‘[01m[Kvoid multiply_parallel<T>::execute_openmp(const std::vector<BufferT>&, const std::vector<BufferT>&, std::vector<BufferT>&, const settings&) [with T = double][m[K’:
[01m[K/home/arian/Framework/src/framework/include/framework/multiply_parallel.hpp:379:14:[m[K   required from here
[01m[K/home/arian/Framework/src/framework/include/framework/multiply_parallel.hpp:379:139:[m[K [01;35m[Kwarning: [m[Kunused parameter ‘[01m[Ksettings_[m[K’ [[01;35m[K-Wunused-parameter[m[K]
  379 |         void execute_openmp(const std::vector<T>& matrix_a_, const std::vector<T>& matrix_b_, std::vector<T>& matrix_c_, [01;35m[Kconst settings & settings_[m[K )
      |                                                                                                                          [01;35m[K~~~~~~~~~~~~~~~~~^~~~~~~~~[m[K
make[2]: *** [CMakeFiles/main.dir/build.make:63: CMakeFiles/main.dir/src/main.cpp.o] Error 1
make[1]: *** [CMakeFiles/Makefile2:78: CMakeFiles/main.dir/all] Error 2
make: *** [Makefile:141: all] Error 2
