In file included from [01m[K/home/arian/Framework/src/framework/src/main.cpp:9[m[K:
[01m[K/home/arian/Framework/src/framework/include/framework/base/determinant_parallel.hpp:[m[K In function ‘[01m[Kvoid* framework::base::determinant_parallel_pthread(void*)[m[K’:
[01m[K/home/arian/Framework/src/framework/include/framework/base/determinant_parallel.hpp:59:81:[m[K [01;31m[Kerror: [m[K‘[01m[Kdeterminant[m[K’ was not declared in this scope
   59 |         iterators_->matrix_c[0] += sign * matrix_b[0 * iterators_->width + i] * [01;31m[Kdeterminant[m[K<T>(matrix_b, iterators_->width - 1, iterators_->size, iterators_->width);
      |                                                                                 [01;31m[K^~~~~~~~~~~[m[K
[01m[K/home/arian/Framework/src/framework/include/framework/base/determinant_parallel.hpp:59:94:[m[K [01;31m[Kerror: [m[Kexpected primary-expression before ‘[01m[K>[m[K’ token
   59 |         iterators_->matrix_c[0] += sign * matrix_b[0 * iterators_->width + i] * determinant<T[01;31m[K>[m[K(matrix_b, iterators_->width - 1, iterators_->size, iterators_->width);
      |                                                                                              [01;31m[K^[m[K
In file included from [01m[K/home/arian/Framework/src/framework/src/main.cpp:9[m[K:
[01m[K/home/arian/Framework/src/framework/include/framework/base/determinant_parallel.hpp:[m[K In function ‘[01m[Kvoid framework::base::determinant_parallel_openmp(const std::vector<T>&, const std::vector<T>&, std::vector<T>&, const framework::settings&)[m[K’:
[01m[K/home/arian/Framework/src/framework/include/framework/base/determinant_parallel.hpp:81:69:[m[K [01;31m[Kerror: [m[K‘[01m[Kdeterminant[m[K’ was not declared in this scope
   81 |         matrix_c_[0] += sign * matrix_b[0 * matrix_delimeter + i] * [01;31m[Kdeterminant[m[K<T>(matrix_b, matrix_delimeter - 1, matrix_a_.size(), matrix_delimeter);
      |                                                                     [01;31m[K^~~~~~~~~~~[m[K
[01m[K/home/arian/Framework/src/framework/include/framework/base/determinant_parallel.hpp:81:82:[m[K [01;31m[Kerror: [m[Kexpected primary-expression before ‘[01m[K>[m[K’ token
   81 |         matrix_c_[0] += sign * matrix_b[0 * matrix_delimeter + i] * determinant<T[01;31m[K>[m[K(matrix_b, matrix_delimeter - 1, matrix_a_.size(), matrix_delimeter);
      |                                                                                  [01;31m[K^[m[K
[01m[K/home/arian/Framework/src/framework/include/framework/base/determinant_parallel.hpp:[m[K In function ‘[01m[Kvoid framework::base::determinant_serial(const std::vector<T>&, const std::vector<T>&, std::vector<T>&, const framework::settings&)[m[K’:
[01m[K/home/arian/Framework/src/framework/include/framework/base/determinant_parallel.hpp:101:69:[m[K [01;31m[Kerror: [m[K‘[01m[Kdeterminant[m[K’ was not declared in this scope
  101 |         matrix_c_[0] += sign * matrix_b[0 * matrix_delimeter + i] * [01;31m[Kdeterminant[m[K<T>(matrix_b, matrix_delimeter - 1, matrix_a_.size(), matrix_delimeter);
      |                                                                     [01;31m[K^~~~~~~~~~~[m[K
[01m[K/home/arian/Framework/src/framework/include/framework/base/determinant_parallel.hpp:101:82:[m[K [01;31m[Kerror: [m[Kexpected primary-expression before ‘[01m[K>[m[K’ token
  101 |         matrix_c_[0] += sign * matrix_b[0 * matrix_delimeter + i] * determinant<T[01;31m[K>[m[K(matrix_b, matrix_delimeter - 1, matrix_a_.size(), matrix_delimeter);
      |                                                                                  [01;31m[K^[m[K
In file included from [01m[K/home/arian/Framework/src/framework/src/main.cpp:8[m[K:
/home/arian/Framework/src/framework/include/framework/generators/generator.hpp: In instantiation of ‘[01m[Kstatic std::vector<std::vector<T> > framework::generator::generate_inputs(std::initializer_list<int>) [with T = int][m[K’:
[01m[K/home/arian/Framework/src/framework/src/main.cpp:14:67:[m[K   required from here
[01m[K/home/arian/Framework/src/framework/include/framework/generators/generator.hpp:27:34:[m[K [01;35m[Kwarning: [m[Kcomparison of integer expressions of different signedness: ‘[01m[Kint[m[K’ and ‘[01m[Kstd::vector<int>::size_type[m[K’ {aka ‘[01m[Klong unsigned int[m[K’} [[01;35m[K-Wsign-compare[m[K]
   27 |                 for(int i = 0; i < temp.capacity(); i++)
In file included from [01m[K/home/arian/Framework/src/framework/src/main.cpp:7[m[K:
/home/arian/Framework/src/framework/include/framework/benchmark/benchmark.hpp: In instantiation of ‘[01m[Kvoid framework::benchmark<T>::execute_all() [with K = std::ratio<1, 1000>; T = int][m[K’:
[01m[K/home/arian/Framework/src/framework/src/main.cpp:25:62:[m[K   required from here
[01m[K/home/arian/Framework/src/framework/include/framework/benchmark/benchmark.hpp:65:30:[m[K [01;35m[Kwarning: [m[Kcomparison of integer expressions of different signedness: ‘[01m[Kint[m[K’ and ‘[01m[Kstd::vector<framework::settings>::size_type[m[K’ {aka ‘[01m[Klong unsigned int[m[K’} [[01;35m[K-Wsign-compare[m[K]
   65 |             for(int i = 0; [01;35m[Ki < settingss_.size()[m[K; i++)
      |                            [01;35m[K~~^~~~~~~~~~~~~~~~~~~[m[K
[01m[K/home/arian/Framework/src/framework/include/framework/benchmark/benchmark.hpp:76:34:[m[K [01;35m[Kwarning: [m[Kcomparison of integer expressions of different signedness: ‘[01m[Kint[m[K’ and ‘[01m[Kstd::vector<std::vector<int>, std::allocator<std::vector<int> > >::size_type[m[K’ {aka ‘[01m[Klong unsigned int[m[K’} [[01;35m[K-Wsign-compare[m[K]
   76 |                 for(int j = 0; j < inputs_a_.size(); j++)
[01m[K/home/arian/Framework/src/framework/include/framework/benchmark/benchmark.hpp:90:26:[m[K [01;35m[Kwarning: [m[Kcomparison of integer expressions of different signedness: ‘[01m[Kint[m[K’ and ‘[01m[Kstd::vector<std::vector<int>, std::allocator<std::vector<int> > >::size_type[m[K’ {aka ‘[01m[Klong unsigned int[m[K’} [[01;35m[K-Wsign-compare[m[K]
   90 |                     if([01;35m[Kj != inputs_a_.size() - 1[m[K)
      |                        [01;35m[K~~^~~~~~~~~~~~~~~~~~~~~~~[m[K
[01m[K/home/arian/Framework/src/framework/include/framework/benchmark/benchmark.hpp:98:22:[m[K [01;35m[Kwarning: [m[Kcomparison of integer expressions of different signedness: ‘[01m[Kint[m[K’ and ‘[01m[Kstd::vector<framework::settings>::size_type[m[K’ {aka ‘[01m[Klong unsigned int[m[K’} [[01;35m[K-Wsign-compare[m[K]
   98 |                 if([01;35m[Ki == settingss_.size() - 1[m[K)
      |                    [01;35m[K~~^~~~~~~~~~~~~~~~~~~~~~~~[m[K
In file included from [01m[K/home/arian/Framework/src/framework/include/framework/benchmark/benchmark.hpp:11[m[K,
                 from [01m[K/home/arian/Framework/src/framework/src/main.cpp:7[m[K:
/home/arian/Framework/src/framework/include/framework/generators/json_generator.hpp: In instantiation of ‘[01m[Kframework::json_generator& framework::json_generator::add(const std::chrono::duration<long int, T>&) [with T = std::ratio<1, 1000>][m[K’:
[01m[K/home/arian/Framework/src/framework/include/framework/benchmark/benchmark.hpp:62:29:[m[K   required from ‘[01m[Kvoid framework::benchmark<T>::execute_all() [with K = std::ratio<1, 1000>; T = int][m[K’
[01m[K/home/arian/Framework/src/framework/src/main.cpp:25:62:[m[K   required from here
[01m[K/home/arian/Framework/src/framework/include/framework/generators/json_generator.hpp:44:70:[m[K [01;35m[Kwarning: [m[Kunused parameter ‘[01m[Kduration[m[K’ [[01;35m[K-Wunused-parameter[m[K]
   44 |         json_generator& add([01;35m[Kconst std::chrono::duration<int64_t, T>& duration[m[K)
      |                             [01;35m[K~~~~~~~~~~~~~~~~~~~~~~~~~~~~~~~~~~~~~~~~~^~~~~~~~[m[K
In file included from [01m[K/home/arian/Framework/src/framework/src/main.cpp:9[m[K:
/home/arian/Framework/src/framework/include/framework/base/determinant_parallel.hpp: In instantiation of ‘[01m[Kvoid framework::base::determinant_parallel_openmp(const std::vector<T>&, const std::vector<T>&, std::vector<T>&, const framework::settings&) [with T = int][m[K’:
[01m[K/home/arian/Framework/src/framework/include/framework/base/determinant_parallel.hpp:172:47:[m[K   required from ‘[01m[Kvoid framework::base::determinant_parallel<T>::execute(const std::vector<T>&, const std::vector<T>&, std::vector<T>&, const framework::settings&) [with T = int][m[K’
[01m[K/home/arian/Framework/src/framework/include/framework/base/determinant_parallel.hpp:150:14:[m[K   required from here
[01m[K/home/arian/Framework/src/framework/include/framework/base/determinant_parallel.hpp:81:84:[m[K [01;35m[Kwarning: [m[Kleft operand of comma operator has no effect [[01;35m[K-Wunused-value[m[K]
   81 |         matrix_c_[0] += sign * matrix_b[0 * matrix_delimeter + i] * determinant<T>([01;35m[Kmatrix_b[m[K, matrix_delimeter - 1, matrix_a_.size(), matrix_delimeter);
      |                                                                                    [01;35m[K^~~~~~~~[m[K
[01m[K/home/arian/Framework/src/framework/include/framework/base/determinant_parallel.hpp:81:111:[m[K [01;35m[Kwarning: [m[Kright operand of comma operator has no effect [[01;35m[K-Wunused-value[m[K]
   81 |         matrix_c_[0] += sign * matrix_b[0 * matrix_delimeter + i] * determinant<T>(matrix_b, [01;35m[Kmatrix_delimeter - 1[m[K, matrix_a_.size(), matrix_delimeter);
      |                                                                                              [01;35m[K~~~~~~~~~~~~~~~~~^~~[m[K
/home/arian/Framework/src/framework/include/framework/base/determinant_parallel.hpp: In instantiation of ‘[01m[Kvoid framework::base::determinant_serial(const std::vector<T>&, const std::vector<T>&, std::vector<T>&, const framework::settings&) [with T = int][m[K’:
[01m[K/home/arian/Framework/src/framework/include/framework/base/determinant_parallel.hpp:176:38:[m[K   required from ‘[01m[Kvoid framework::base::determinant_parallel<T>::execute(const std::vector<T>&, const std::vector<T>&, std::vector<T>&, const framework::settings&) [with T = int][m[K’
[01m[K/home/arian/Framework/src/framework/include/framework/base/determinant_parallel.hpp:150:14:[m[K   required from here
[01m[K/home/arian/Framework/src/framework/include/framework/base/determinant_parallel.hpp:101:84:[m[K [01;35m[Kwarning: [m[Kleft operand of comma operator has no effect [[01;35m[K-Wunused-value[m[K]
  101 |         matrix_c_[0] += sign * matrix_b[0 * matrix_delimeter + i] * determinant<T>([01;35m[Kmatrix_b[m[K, matrix_delimeter - 1, matrix_a_.size(), matrix_delimeter);
      |                                                                                    [01;35m[K^~~~~~~~[m[K
[01m[K/home/arian/Framework/src/framework/include/framework/base/determinant_parallel.hpp:101:111:[m[K [01;35m[Kwarning: [m[Kright operand of comma operator has no effect [[01;35m[K-Wunused-value[m[K]
  101 |         matrix_c_[0] += sign * matrix_b[0 * matrix_delimeter + i] * determinant<T>(matrix_b, [01;35m[Kmatrix_delimeter - 1[m[K, matrix_a_.size(), matrix_delimeter);
      |                                                                                              [01;35m[K~~~~~~~~~~~~~~~~~^~~[m[K
[01m[K/home/arian/Framework/src/framework/include/framework/base/determinant_parallel.hpp:88:135:[m[K [01;35m[Kwarning: [m[Kunused parameter ‘[01m[Ksettings_[m[K’ [[01;35m[K-Wunused-parameter[m[K]
   88 | void determinant_serial(const std::vector<T>& matrix_a_, const std::vector<T>& matrix_b_, std::vector<T>& matrix_c_, [01;35m[Kconst settings & settings_[m[K)
      |                                                                                                                      [01;35m[K~~~~~~~~~~~~~~~~~^~~~~~~~~[m[K
In file included from [01m[K/home/arian/Framework/src/framework/src/main.cpp:9[m[K:
/home/arian/Framework/src/framework/include/framework/base/determinant_parallel.hpp: In instantiation of ‘[01m[Kvoid* framework::base::determinant_parallel_pthread(void*) [with T = int][m[K’:
[01m[K/home/arian/Framework/src/framework/include/framework/base/determinant_parallel.hpp:210:31:[m[K   required from ‘[01m[Kvoid framework::base::determinant_parallel<T>::execute_pthread(const std::vector<T>&, const std::vector<T>&, std::vector<T>&, const framework::settings&) [with T = int][m[K’
[01m[K/home/arian/Framework/src/framework/include/framework/base/determinant_parallel.hpp:181:14:[m[K   required from here
[01m[K/home/arian/Framework/src/framework/include/framework/base/determinant_parallel.hpp:59:96:[m[K [01;35m[Kwarning: [m[Kleft operand of comma operator has no effect [[01;35m[K-Wunused-value[m[K]
   59 |         iterators_->matrix_c[0] += sign * matrix_b[0 * iterators_->width + i] * determinant<T>([01;35m[Kmatrix_b[m[K, iterators_->width - 1, iterators_->size, iterators_->width);
      |                                                                                                [01;35m[K^~~~~~~~[m[K
[01m[K/home/arian/Framework/src/framework/include/framework/base/determinant_parallel.hpp:59:124:[m[K [01;35m[Kwarning: [m[Kright operand of comma operator has no effect [[01;35m[K-Wunused-value[m[K]
   59 |         iterators_->matrix_c[0] += sign * matrix_b[0 * iterators_->width + i] * determinant<T>(matrix_b, [01;35m[Kiterators_->width - 1[m[K, iterators_->size, iterators_->width);
      |                                                                                                          [01;35m[K~~~~~~~~~~~~~~~~~~^~~[m[K
In file included from [01m[K/home/arian/Framework/src/framework/src/main.cpp:9[m[K:
[01m[K/home/arian/Framework/src/framework/include/framework/base/determinant_parallel.hpp:59:141:[m[K [01;35m[Kwarning: [m[Kright operand of comma operator has no effect [[01;35m[K-Wunused-value[m[K]
   59 |         iterators_->matrix_c[0] += sign * matrix_b[0 * iterators_->width + i] * determinant<T>(matrix_b, iterators_->width - 1, [01;35m[Kiterators_->size[m[K, iterators_->width);
      |                                                                                                                                 [01;35m[K~~~~~~~~~~~~^~~~[m[K
make[2]: *** [CMakeFiles/main.dir/build.make:63: CMakeFiles/main.dir/src/main.cpp.o] Error 1
make[1]: *** [CMakeFiles/Makefile2:78: CMakeFiles/main.dir/all] Error 2
make: *** [Makefile:141: all] Error 2
