[35m[1mScanning dependencies of target main[0m
[ 50%] [32mBuilding CXX object CMakeFiles/main.dir/src/main.cpp.o[0m
In file included from [01m[K/home/arian/Framework/src/framework/src/main.cpp:12[m[K:
[01m[K/home/arian/Framework/src/framework/include/framework/multiply_parallel.hpp:356:[m[K [01;35m[Kwarning: [m[Kignoring #pragma omp parallel [[01;35m[K-Wunknown-pragmas[m[K]
  356 |             #pragma omp parallel num_threads(settings_.THREAD_NUMBER)
      | 
In file included from [01m[K/home/arian/Framework/src/framework/src/main.cpp:12[m[K:
[01m[K/home/arian/Framework/src/framework/include/framework/multiply_parallel.hpp:15:5:[m[K [01;35m[Kwarning: [m[Kliteral operator suffixes not preceded by ‘[01m[K_[m[K’ are reserved for future standardization [[01;35m[K-Wliteral-suffix[m[K]
   15 |     [01;35m[Koperator[m[K"" THREADS(unsigned long long _hours)
      |     [01;35m[K^~~~~~~~[m[K
In file included from [01m[K/home/arian/Framework/src/framework/src/main.cpp:12[m[K:
[01m[K/home/arian/Framework/src/framework/include/framework/multiply_parallel.hpp:374:20:[m[K [01;31m[Kerror: [m[Kdeclaration of ‘[01m[Ksettings& multiply_parallel::settings[m[K’ changes meaning of ‘[01m[Ksettings[m[K’ [[01;31m[K-fpermissive[m[K]
  374 |         settings & [01;31m[Ksettings[m[K;
      |                    [01;31m[K^~~~~~~~[m[K
In file included from [01m[K/home/arian/Framework/src/framework/src/main.cpp:12[m[K:
[01m[K/home/arian/Framework/src/framework/include/framework/multiply_parallel.hpp:38:8:[m[K [01;36m[Knote: [m[K‘[01m[Ksettings[m[K’ declared here as ‘[01m[Kstruct settings[m[K’
   38 | struct [01;36m[Ksettings[m[K
      |        [01;36m[K^~~~~~~~[m[K
[01m[K/home/arian/Framework/src/framework/include/framework/multiply_parallel.hpp:[m[K In constructor ‘[01m[Kmultiply_parallel::multiply_parallel(const std::vector<int>&, const std::vector<int>&, std::vector<int>&, const settings&)[m[K’:
[01m[K/home/arian/Framework/src/framework/include/framework/multiply_parallel.hpp:122:9:[m[K [01;31m[Kerror: [m[Kuninitialized reference member in ‘[01m[Kconst class std::vector<int>&[m[K’ [[01;31m[K-fpermissive[m[K]
  122 |         [01;31m[Kmultiply_parallel[m[K(const std::vector<int>& matrix_a_, const std::vector<int>& matrix_b_, std::vector<int>& matrix_c_, const settings & settings_)
      |         [01;31m[K^~~~~~~~~~~~~~~~~[m[K
In file included from [01m[K/home/arian/Framework/src/framework/src/main.cpp:12[m[K:
[01m[K/home/arian/Framework/src/framework/include/framework/multiply_parallel.hpp:371:33:[m[K [01;36m[Knote: [m[K‘[01m[Kconst std::vector<int>& multiply_parallel::matrix_a[m[K’ should be initialized
  371 |         const std::vector<int>& [01;36m[Kmatrix_a[m[K;
      |                                 [01;36m[K^~~~~~~~[m[K
In file included from [01m[K/home/arian/Framework/src/framework/src/main.cpp:12[m[K:
[01m[K/home/arian/Framework/src/framework/include/framework/multiply_parallel.hpp:122:9:[m[K [01;31m[Kerror: [m[Kuninitialized reference member in ‘[01m[Kconst class std::vector<int>&[m[K’ [[01;31m[K-fpermissive[m[K]
  122 |         [01;31m[Kmultiply_parallel[m[K(const std::vector<int>& matrix_a_, const std::vector<int>& matrix_b_, std::vector<int>& matrix_c_, const settings & settings_)
      |         [01;31m[K^~~~~~~~~~~~~~~~~[m[K
In file included from [01m[K/home/arian/Framework/src/framework/src/main.cpp:12[m[K:
[01m[K/home/arian/Framework/src/framework/include/framework/multiply_parallel.hpp:372:33:[m[K [01;36m[Knote: [m[K‘[01m[Kconst std::vector<int>& multiply_parallel::matrix_b[m[K’ should be initialized
  372 |         const std::vector<int>& [01;36m[Kmatrix_b[m[K;
      |                                 [01;36m[K^~~~~~~~[m[K
In file included from [01m[K/home/arian/Framework/src/framework/src/main.cpp:12[m[K:
[01m[K/home/arian/Framework/src/framework/include/framework/multiply_parallel.hpp:122:9:[m[K [01;31m[Kerror: [m[Kuninitialized reference member in ‘[01m[Kclass std::vector<int>&[m[K’ [[01;31m[K-fpermissive[m[K]
  122 |         [01;31m[Kmultiply_parallel[m[K(const std::vector<int>& matrix_a_, const std::vector<int>& matrix_b_, std::vector<int>& matrix_c_, const settings & settings_)
      |         [01;31m[K^~~~~~~~~~~~~~~~~[m[K
In file included from [01m[K/home/arian/Framework/src/framework/src/main.cpp:12[m[K:
[01m[K/home/arian/Framework/src/framework/include/framework/multiply_parallel.hpp:373:27:[m[K [01;36m[Knote: [m[K‘[01m[Kstd::vector<int>& multiply_parallel::matrix_c[m[K’ should be initialized
  373 |         std::vector<int>& [01;36m[Kmatrix_c[m[K;
      |                           [01;36m[K^~~~~~~~[m[K
In file included from [01m[K/home/arian/Framework/src/framework/src/main.cpp:12[m[K:
[01m[K/home/arian/Framework/src/framework/include/framework/multiply_parallel.hpp:122:9:[m[K [01;31m[Kerror: [m[Kuninitialized reference member in ‘[01m[Kstruct settings&[m[K’ [[01;31m[K-fpermissive[m[K]
  122 |         [01;31m[Kmultiply_parallel[m[K(const std::vector<int>& matrix_a_, const std::vector<int>& matrix_b_, std::vector<int>& matrix_c_, const settings & settings_)
      |         [01;31m[K^~~~~~~~~~~~~~~~~[m[K
In file included from [01m[K/home/arian/Framework/src/framework/src/main.cpp:12[m[K:
[01m[K/home/arian/Framework/src/framework/include/framework/multiply_parallel.hpp:374:20:[m[K [01;36m[Knote: [m[K‘[01m[Ksettings& multiply_parallel::settings[m[K’ should be initialized
  374 |         settings & [01;36m[Ksettings[m[K;
      |                    [01;36m[K^~~~~~~~[m[K
[01m[K/home/arian/Framework/src/framework/include/framework/multiply_parallel.hpp:124:24:[m[K [01;31m[Kerror: [m[Kpassing ‘[01m[Kconst std::vector<int>[m[K’ as ‘[01m[Kthis[m[K’ argument discards qualifiers [[01;31m[K-fpermissive[m[K]
  124 |             matrix_a = [01;31m[Kmatrix_a_[m[K;
      |                        [01;31m[K^~~~~~~~~[m[K
In file included from [01m[K/usr/include/c++/9/vector:72[m[K,
                 from [01m[K/home/arian/ros2_foxy/install/rclcpp/include/rclcpp/executor.hpp:27[m[K,
                 from [01m[K/home/arian/ros2_foxy/install/rclcpp/include/rclcpp/executors/multi_threaded_executor.hpp:25[m[K,
                 from [01m[K/home/arian/ros2_foxy/install/rclcpp/include/rclcpp/executors.hpp:21[m[K,
                 from [01m[K/home/arian/ros2_foxy/install/rclcpp/include/rclcpp/rclcpp.hpp:146[m[K,
                 from [01m[K/home/arian/Framework/src/framework/src/main.cpp:2[m[K:
[01m[K/usr/include/c++/9/bits/vector.tcc:198:5:[m[K [01;36m[Knote: [m[K  in call to ‘[01m[Kstd::vector<_Tp, _Alloc>& std::vector<_Tp, _Alloc>::operator=(const std::vector<_Tp, _Alloc>&) [with _Tp = int; _Alloc = std::allocator<int>][m[K’
  198 |     [01;36m[Kvector<_Tp, _Alloc>[m[K::
      |     [01;36m[K^~~~~~~~~~~~~~~~~~~[m[K
In file included from [01m[K/home/arian/Framework/src/framework/src/main.cpp:12[m[K:
[01m[K/home/arian/Framework/src/framework/include/framework/multiply_parallel.hpp:125:24:[m[K [01;31m[Kerror: [m[Kpassing ‘[01m[Kconst std::vector<int>[m[K’ as ‘[01m[Kthis[m[K’ argument discards qualifiers [[01;31m[K-fpermissive[m[K]
  125 |             matrix_b = [01;31m[Kmatrix_b_[m[K;
      |                        [01;31m[K^~~~~~~~~[m[K
In file included from [01m[K/usr/include/c++/9/vector:72[m[K,
                 from [01m[K/home/arian/ros2_foxy/install/rclcpp/include/rclcpp/executor.hpp:27[m[K,
                 from [01m[K/home/arian/ros2_foxy/install/rclcpp/include/rclcpp/executors/multi_threaded_executor.hpp:25[m[K,
                 from [01m[K/home/arian/ros2_foxy/install/rclcpp/include/rclcpp/executors.hpp:21[m[K,
                 from [01m[K/home/arian/ros2_foxy/install/rclcpp/include/rclcpp/rclcpp.hpp:146[m[K,
                 from [01m[K/home/arian/Framework/src/framework/src/main.cpp:2[m[K:
[01m[K/usr/include/c++/9/bits/vector.tcc:198:5:[m[K [01;36m[Knote: [m[K  in call to ‘[01m[Kstd::vector<_Tp, _Alloc>& std::vector<_Tp, _Alloc>::operator=(const std::vector<_Tp, _Alloc>&) [with _Tp = int; _Alloc = std::allocator<int>][m[K’
  198 |     [01;36m[Kvector<_Tp, _Alloc>[m[K::
      |     [01;36m[K^~~~~~~~~~~~~~~~~~~[m[K
In file included from [01m[K/home/arian/Framework/src/framework/src/main.cpp:12[m[K:
[01m[K/home/arian/Framework/src/framework/include/framework/multiply_parallel.hpp:122:115:[m[K [01;35m[Kwarning: [m[Kunused parameter ‘[01m[Kmatrix_c_[m[K’ [[01;35m[K-Wunused-parameter[m[K]
  122 |         multiply_parallel(const std::vector<int>& matrix_a_, const std::vector<int>& matrix_b_, [01;35m[Kstd::vector<int>& matrix_c_[m[K, const settings & settings_)
      |                                                                                                 [01;35m[K~~~~~~~~~~~~~~~~~~^~~~~~~~~[m[K
In file included from [01m[K/home/arian/Framework/src/framework/src/main.cpp:12[m[K:
[01m[K/home/arian/Framework/src/framework/include/framework/multiply_parallel.hpp:[m[K In constructor ‘[01m[Kmultiply_parallel::multiply_parallel(const std::vector<int>&, std::vector<int>&, const settings&)[m[K’:
[01m[K/home/arian/Framework/src/framework/include/framework/multiply_parallel.hpp:130:9:[m[K [01;31m[Kerror: [m[Kuninitialized reference member in ‘[01m[Kconst class std::vector<int>&[m[K’ [[01;31m[K-fpermissive[m[K]
  130 |         [01;31m[Kmultiply_parallel[m[K(const std::vector<int>& matrix_a_, std::vector<int>& matrix_c_, const settings & settings_)
      |         [01;31m[K^~~~~~~~~~~~~~~~~[m[K
[01m[K/home/arian/Framework/src/framework/include/framework/multiply_parallel.hpp:371:33:[m[K [01;36m[Knote: [m[K‘[01m[Kconst std::vector<int>& multiply_parallel::matrix_a[m[K’ should be initialized
  371 |         const std::vector<int>& [01;36m[Kmatrix_a[m[K;
      |                                 [01;36m[K^~~~~~~~[m[K
[01m[K/home/arian/Framework/src/framework/include/framework/multiply_parallel.hpp:130:9:[m[K [01;31m[Kerror: [m[Kuninitialized reference member in ‘[01m[Kconst class std::vector<int>&[m[K’ [[01;31m[K-fpermissive[m[K]
  130 |         [01;31m[Kmultiply_parallel[m[K(const std::vector<int>& matrix_a_, std::vector<int>& matrix_c_, const settings & settings_)
      |         [01;31m[K^~~~~~~~~~~~~~~~~[m[K
[01m[K/home/arian/Framework/src/framework/include/framework/multiply_parallel.hpp:372:33:[m[K [01;36m[Knote: [m[K‘[01m[Kconst std::vector<int>& multiply_parallel::matrix_b[m[K’ should be initialized
  372 |         const std::vector<int>& [01;36m[Kmatrix_b[m[K;
      |                                 [01;36m[K^~~~~~~~[m[K
[01m[K/home/arian/Framework/src/framework/include/framework/multiply_parallel.hpp:130:9:[m[K [01;31m[Kerror: [m[Kuninitialized reference member in ‘[01m[Kclass std::vector<int>&[m[K’ [[01;31m[K-fpermissive[m[K]
  130 |         [01;31m[Kmultiply_parallel[m[K(const std::vector<int>& matrix_a_, std::vector<int>& matrix_c_, const settings & settings_)
      |         [01;31m[K^~~~~~~~~~~~~~~~~[m[K
[01m[K/home/arian/Framework/src/framework/include/framework/multiply_parallel.hpp:373:27:[m[K [01;36m[Knote: [m[K‘[01m[Kstd::vector<int>& multiply_parallel::matrix_c[m[K’ should be initialized
  373 |         std::vector<int>& [01;36m[Kmatrix_c[m[K;
      |                           [01;36m[K^~~~~~~~[m[K
[01m[K/home/arian/Framework/src/framework/include/framework/multiply_parallel.hpp:130:9:[m[K [01;31m[Kerror: [m[Kuninitialized reference member in ‘[01m[Kstruct settings&[m[K’ [[01;31m[K-fpermissive[m[K]
  130 |         [01;31m[Kmultiply_parallel[m[K(const std::vector<int>& matrix_a_, std::vector<int>& matrix_c_, const settings & settings_)
      |         [01;31m[K^~~~~~~~~~~~~~~~~[m[K
[01m[K/home/arian/Framework/src/framework/include/framework/multiply_parallel.hpp:374:20:[m[K [01;36m[Knote: [m[K‘[01m[Ksettings& multiply_parallel::settings[m[K’ should be initialized
  374 |         settings & [01;36m[Ksettings[m[K;
      |                    [01;36m[K^~~~~~~~[m[K
[01m[K/home/arian/Framework/src/framework/include/framework/multiply_parallel.hpp:135:102:[m[K [01;31m[Kerror: [m[Kpassing ‘[01m[Kconst std::vector<int>[m[K’ as ‘[01m[Kthis[m[K’ argument discards qualifiers [[01;31m[K-fpermissive[m[K]
  135 |             matrix_a = std::vector<int>{matrix_a_.begin(), (matrix_a_.size() / 2) + matrix_a_.begin()[01;31m[K}[m[K;
      |                                                                                                      [01;31m[K^[m[K
In file included from [01m[K/usr/include/c++/9/vector:67[m[K,
                 from [01m[K/home/arian/ros2_foxy/install/rclcpp/include/rclcpp/executor.hpp:27[m[K,
                 from [01m[K/home/arian/ros2_foxy/install/rclcpp/include/rclcpp/executors/multi_threaded_executor.hpp:25[m[K,
                 from [01m[K/home/arian/ros2_foxy/install/rclcpp/include/rclcpp/executors.hpp:21[m[K,
                 from [01m[K/home/arian/ros2_foxy/install/rclcpp/include/rclcpp/rclcpp.hpp:146[m[K,
                 from [01m[K/home/arian/Framework/src/framework/src/main.cpp:2[m[K:
[01m[K/usr/include/c++/9/bits/stl_vector.h:706:7:[m[K [01;36m[Knote: [m[K  in call to ‘[01m[Kstd::vector<_Tp, _Alloc>& std::vector<_Tp, _Alloc>::operator=(std::vector<_Tp, _Alloc>&&) [with _Tp = int; _Alloc = std::allocator<int>][m[K’
  706 |       [01;36m[Koperator[m[K=(vector&& __x) noexcept(_Alloc_traits::_S_nothrow_move())
      |       [01;36m[K^~~~~~~~[m[K
In file included from [01m[K/home/arian/Framework/src/framework/src/main.cpp:12[m[K:
[01m[K/home/arian/Framework/src/framework/include/framework/multiply_parallel.hpp:136:100:[m[K [01;31m[Kerror: [m[Kpassing ‘[01m[Kconst std::vector<int>[m[K’ as ‘[01m[Kthis[m[K’ argument discards qualifiers [[01;31m[K-fpermissive[m[K]
  136 |             matrix_b = std::vector<int>{(matrix_a_.size() / 2) + matrix_a_.begin(), matrix_a_.end()[01;31m[K}[m[K;
      |                                                                                                    [01;31m[K^[m[K
In file included from [01m[K/usr/include/c++/9/vector:67[m[K,
                 from [01m[K/home/arian/ros2_foxy/install/rclcpp/include/rclcpp/executor.hpp:27[m[K,
                 from [01m[K/home/arian/ros2_foxy/install/rclcpp/include/rclcpp/executors/multi_threaded_executor.hpp:25[m[K,
                 from [01m[K/home/arian/ros2_foxy/install/rclcpp/include/rclcpp/executors.hpp:21[m[K,
                 from [01m[K/home/arian/ros2_foxy/install/rclcpp/include/rclcpp/rclcpp.hpp:146[m[K,
                 from [01m[K/home/arian/Framework/src/framework/src/main.cpp:2[m[K:
[01m[K/usr/include/c++/9/bits/stl_vector.h:706:7:[m[K [01;36m[Knote: [m[K  in call to ‘[01m[Kstd::vector<_Tp, _Alloc>& std::vector<_Tp, _Alloc>::operator=(std::vector<_Tp, _Alloc>&&) [with _Tp = int; _Alloc = std::allocator<int>][m[K’
  706 |       [01;36m[Koperator[m[K=(vector&& __x) noexcept(_Alloc_traits::_S_nothrow_move())
      |       [01;36m[K^~~~~~~~[m[K
In file included from [01m[K/home/arian/Framework/src/framework/src/main.cpp:12[m[K:
[01m[K/home/arian/Framework/src/framework/include/framework/multiply_parallel.hpp:130:80:[m[K [01;35m[Kwarning: [m[Kunused parameter ‘[01m[Kmatrix_c_[m[K’ [[01;35m[K-Wunused-parameter[m[K]
  130 |         multiply_parallel(const std::vector<int>& matrix_a_, [01;35m[Kstd::vector<int>& matrix_c_[m[K, const settings & settings_)
      |                                                              [01;35m[K~~~~~~~~~~~~~~~~~~^~~~~~~~~[m[K
[01m[K/home/arian/Framework/src/framework/include/framework/multiply_parallel.hpp:[m[K In member function ‘[01m[Kvoid multiply_parallel::execute_openmp(const std::vector<int>&, const std::vector<int>&, std::vector<int>&, const settings&)[m[K’:
[01m[K/home/arian/Framework/src/framework/include/framework/multiply_parallel.hpp:354:145:[m[K [01;35m[Kwarning: [m[Kunused parameter ‘[01m[Ksettings_[m[K’ [[01;35m[K-Wunused-parameter[m[K]
  354 |         void execute_openmp(const std::vector<int>& matrix_a_, const std::vector<int>& matrix_b_, std::vector<int>& matrix_c_, [01;35m[Kconst settings & settings_[m[K )
      |                                                                                                                                [01;35m[K~~~~~~~~~~~~~~~~~^~~~~~~~~[m[K
make[2]: *** [CMakeFiles/main.dir/build.make:63: CMakeFiles/main.dir/src/main.cpp.o] Error 1
make[1]: *** [CMakeFiles/Makefile2:78: CMakeFiles/main.dir/all] Error 2
make: *** [Makefile:141: all] Error 2
