[0.034s] Invoking command in '/home/arian/Framework/build/framework': CMAKE_PREFIX_PATH=${CMAKE_PREFIX_PATH}:/home/arian/ros2_foxy/install/ros2bag:/home/arian/ros2_foxy/install/tracetools_launch:/home/arian/ros2_foxy/install/topic_monitor:/home/arian/ros2_foxy/install/examples_tf2_py:/home/arian/ros2_foxy/install/sros2:/home/arian/ros2_foxy/install/rqt_topic:/home/arian/ros2_foxy/install/rqt_reconfigure:/home/arian/ros2_foxy/install/rqt_action:/home/arian/ros2_foxy/install/rqt:/home/arian/ros2_foxy/install/rqt_graph:/home/arian/ros2_foxy/install/rqt_gui_py:/home/arian/ros2_foxy/install/rqt_gui:/home/arian/ros2_foxy/install/ros2trace:/home/arian/ros2_foxy/install/ros2topic:/home/arian/ros2_foxy/install/ros2test:/home/arian/ros2_foxy/install/ros2component:/home/arian/ros2_foxy/install/ros2param:/home/arian/ros2_foxy/install/ros2lifecycle:/home/arian/ros2_foxy/install/ros2service:/home/arian/ros2_foxy/install/ros2run:/home/arian/ros2_foxy/install/ros2launch:/home/arian/ros2_foxy/install/ros2pkg:/home/arian/ros2_foxy/install/ros2node:/home/arian/ros2_foxy/install/ros2multicast:/home/arian/ros2_foxy/install/ros2interface:/home/arian/ros2_foxy/install/ros2doctor:/home/arian/ros2_foxy/install/ros2action:/home/arian/ros2_foxy/install/ros2cli:/home/arian/ros2_foxy/install/quality_of_service_demo_py:/home/arian/ros2_foxy/install/launch_testing_ros:/home/arian/ros2_foxy/install/launch_ros:/home/arian/ros2_foxy/install/examples_rclpy_minimal_subscriber:/home/arian/ros2_foxy/install/examples_rclpy_minimal_service:/home/arian/ros2_foxy/install/examples_rclpy_minimal_publisher:/home/arian/ros2_foxy/install/examples_rclpy_minimal_client:/home/arian/ros2_foxy/install/examples_rclpy_minimal_action_server:/home/arian/ros2_foxy/install/examples_rclpy_minimal_action_client:/home/arian/ros2_foxy/install/examples_rclpy_executors:/home/arian/ros2_foxy/install/demo_nodes_py:/home/arian/ros2_foxy/install/action_tutorials_py:/home/arian/ros2_foxy/install/ament_uncrustify:/home/arian/ros2_foxy/install/tracetools_trace:/home/arian/ros2_foxy/install/tracetools_read:/home/arian/ros2_foxy/install/test_launch_ros:/home/arian/ros2_foxy/install/rpyutils:/home/arian/ros2_foxy/install/rosidl_runtime_py:/home/arian/ros2_foxy/install/launch_yaml:/home/arian/ros2_foxy/install/launch_xml:/home/arian/ros2_foxy/install/launch_testing:/home/arian/ros2_foxy/install/launch:/home/arian/ros2_foxy/install/osrf_pycommon:/home/arian/ros2_foxy/install/domain_coordinator:/home/arian/ros2_foxy/install/ament_xmllint:/home/arian/ros2_foxy/install/ament_pyflakes:/home/arian/ros2_foxy/install/ament_pycodestyle:/home/arian/ros2_foxy/install/ament_pep257:/home/arian/ros2_foxy/install/ament_pclint:/home/arian/ros2_foxy/install/ament_package:/home/arian/ros2_foxy/install/ament_mypy:/home/arian/ros2_foxy/install/ament_lint_cmake:/home/arian/ros2_foxy/install/ament_flake8:/home/arian/ros2_foxy/install/ament_copyright:/home/arian/ros2_foxy/install/ament_lint:/home/arian/ros2_foxy/install/ament_index_python:/home/arian/ros2_foxy/install/ament_cpplint:/home/arian/ros2_foxy/install/ament_cppcheck:/home/arian/ros2_foxy/install/ament_clang_tidy:/home/arian/ros2_foxy/install/ament_clang_format /usr/bin/cmake --build /home/arian/Framework/build/framework -- -j12 -l12
[0.113s] [35m[1mScanning dependencies of target main[0m
[0.133s] [ 50%] [32mBuilding CXX object CMakeFiles/main.dir/src/main.cpp.o[0m
[0.209s] In file included from [01m[K/home/arian/Framework/src/framework/src/main.cpp:2[m[K:
[0.209s] [01m[K/home/arian/Framework/src/framework/include/framework/multiply_parallel.hpp:294:[m[K [01;35m[Kwarning: [m[Kignoring #pragma omp parallel [[01;35m[K-Wunknown-pragmas[m[K]
[0.209s]   294 |             #pragma omp parallel num_threads(settings_.THREAD_NUMBER)
[0.209s]       | 
[0.410s] In file included from [01m[K/home/arian/Framework/src/framework/src/main.cpp:2[m[K:
[0.410s] [01m[K/home/arian/Framework/src/framework/include/framework/multiply_parallel.hpp:[m[K In function ‘[01m[Kvoid* multiply_parallel_pthread(void*)[m[K’:
[0.410s] [01m[K/home/arian/Framework/src/framework/include/framework/multiply_parallel.hpp:16:5:[m[K [01;31m[Kerror: [m[K‘[01m[Kiterators[m[K’ was not declared in this scope; did you mean ‘[01m[Kiterators__[m[K’?
[0.410s]    16 |     [01;31m[Kiterators[m[K<T>* iterators_ = (iterators<T>*)iterators__;
[0.410s]       |     [01;31m[K^~~~~~~~~[m[K
[0.411s]       |     [32m[Kiterators__[m[K
[0.411s] [01m[K/home/arian/Framework/src/framework/include/framework/multiply_parallel.hpp:16:16:[m[K [01;31m[Kerror: [m[Kexpected primary-expression before ‘[01m[K>[m[K’ token
[0.411s]    16 |     iterators<T[01;31m[K>[m[K* iterators_ = (iterators<T>*)iterators__;
[0.411s]       |                [01;31m[K^[m[K
[0.411s] [01m[K/home/arian/Framework/src/framework/include/framework/multiply_parallel.hpp:16:19:[m[K [01;31m[Kerror: [m[K‘[01m[Kiterators_[m[K’ was not declared in this scope; did you mean ‘[01m[Kiterators__[m[K’?
[0.411s]    16 |     iterators<T>* [01;31m[Kiterators_[m[K = (iterators<T>*)iterators__;
[0.411s]       |                   [01;31m[K^~~~~~~~~~[m[K
[0.411s]       |                   [32m[Kiterators__[m[K
[0.411s] [01m[K/home/arian/Framework/src/framework/include/framework/multiply_parallel.hpp:16:44:[m[K [01;31m[Kerror: [m[Kexpected primary-expression before ‘[01m[K>[m[K’ token
[0.411s]    16 |     iterators<T>* iterators_ = (iterators<T[01;31m[K>[m[K*)iterators__;
[0.411s]       |                                            [01;31m[K^[m[K
[0.411s] [01m[K/home/arian/Framework/src/framework/include/framework/multiply_parallel.hpp:16:46:[m[K [01;31m[Kerror: [m[Kexpected primary-expression before ‘[01m[K)[m[K’ token
[0.411s]    16 |     iterators<T>* iterators_ = (iterators<T>*[01;31m[K)[m[Kiterators__;
[0.411s]       |                                              [01;31m[K^[m[K
[0.411s] [01m[K/home/arian/Framework/src/framework/include/framework/multiply_parallel.hpp:16:47:[m[K [01;31m[Kerror: [m[Kexpected ‘[01m[K;[m[K’ before ‘[01m[Kiterators__[m[K’
[0.411s]    16 |     iterators<T>* iterators_ = (iterators<T>*)[01;31m[Ki[m[K[32m[Kterators__[m[K;
[0.411s]       |                                               [01;31m[K^[m[K[32m[K~~~~~~~~~~[m[K
[0.411s]       |                                               [32m[K;[m[K
[0.413s] In file included from [01m[K/home/arian/Framework/src/framework/src/main.cpp:2[m[K:
[0.413s] [01m[K/home/arian/Framework/src/framework/include/framework/multiply_parallel.hpp:[m[K In member function ‘[01m[Kvoid multiply_parallel<T>::execute_pthread(const std::vector<T>&, const std::vector<T>&, std::vector<T>&, const settings&)[m[K’:
[0.413s] [01m[K/home/arian/Framework/src/framework/include/framework/multiply_parallel.hpp:105:13:[m[K [01;31m[Kerror: [m[K‘[01m[Kiterators[m[K’ was not declared in this scope; did you mean ‘[01m[Koperator=[m[K’?
[0.413s]   105 |             [01;31m[Kiterators[m[K<T>** iterators_ = new iterators<T>*[settings_.THREAD_NUMBER];
[0.413s]       |             [01;31m[K^~~~~~~~~[m[K
[0.413s]       |             [32m[Koperator=[m[K
[0.413s] [01m[K/home/arian/Framework/src/framework/include/framework/multiply_parallel.hpp:105:24:[m[K [01;31m[Kerror: [m[Kexpected primary-expression before ‘[01m[K>[m[K’ token
[0.413s]   105 |             iterators<T[01;31m[K>[m[K** iterators_ = new iterators<T>*[settings_.THREAD_NUMBER];
[0.413s]       |                        [01;31m[K^[m[K
[0.414s] [01m[K/home/arian/Framework/src/framework/include/framework/multiply_parallel.hpp:105:28:[m[K [01;31m[Kerror: [m[K‘[01m[Kiterators_[m[K’ was not declared in this scope
[0.415s]   105 |             iterators<T>** [01;31m[Kiterators_[m[K = new iterators<T>*[settings_.THREAD_NUMBER];
[0.415s]       |                            [01;31m[K^~~~~~~~~~[m[K
[0.416s] [01m[K/home/arian/Framework/src/framework/include/framework/multiply_parallel.hpp:105:45:[m[K [01;31m[Kerror: [m[K‘[01m[Kiterators[m[K’ does not name a type
[0.416s]   105 |             iterators<T>** iterators_ = new [01;31m[Kiterators[m[K<T>*[settings_.THREAD_NUMBER];
[0.416s]       |                                             [01;31m[K^~~~~~~~~[m[K
[0.416s] [01m[K/home/arian/Framework/src/framework/include/framework/multiply_parallel.hpp:105:56:[m[K [01;31m[Kerror: [m[Kexpected primary-expression before ‘[01m[K>[m[K’ token
[0.416s]   105 |             iterators<T>** iterators_ = new iterators<T[01;31m[K>[m[K*[settings_.THREAD_NUMBER];
[0.416s]       |                                                        [01;31m[K^[m[K
[0.416s] [01m[K/home/arian/Framework/src/framework/include/framework/multiply_parallel.hpp:105:68:[m[K [01;31m[Kerror: [m[Kexpected ‘[01m[K,[m[K’ before ‘[01m[K.[m[K’ token
[0.416s]   105 |             iterators<T>** iterators_ = new iterators<T>*[settings_[01;31m[K.[m[KTHREAD_NUMBER];
[0.416s]       |                                                                    [01;31m[K^[m[K
[0.416s]       |                                                                    [32m[K,[m[K
[0.417s] [01m[K/home/arian/Framework/src/framework/include/framework/multiply_parallel.hpp:105:68:[m[K [01;31m[Kerror: [m[Kexpected identifier before ‘[01m[K.[m[K’ token
[0.417s] [01m[K/home/arian/Framework/src/framework/include/framework/multiply_parallel.hpp:[m[K In lambda function:
[0.417s] [01m[K/home/arian/Framework/src/framework/include/framework/multiply_parallel.hpp:105:83:[m[K [01;31m[Kerror: [m[Kexpected ‘[01m[K{[m[K’ before ‘[01m[K;[m[K’ token
[0.417s]   105 |             iterators<T>** iterators_ = new iterators<T>*[settings_.THREAD_NUMBER][01;31m[K;[m[K
[0.417s]       |                                                                                   [01;31m[K^[m[K
[0.418s] [01m[K/home/arian/Framework/src/framework/include/framework/multiply_parallel.hpp:[m[K In member function ‘[01m[Kvoid multiply_parallel<T>::execute_pthread(const std::vector<T>&, const std::vector<T>&, std::vector<T>&, const settings&)[m[K’:
[0.418s] [01m[K/home/arian/Framework/src/framework/include/framework/multiply_parallel.hpp:112:41:[m[K [01;31m[Kerror: [m[K‘[01m[Kiterators[m[K’ does not name a type
[0.418s]   112 |                     iterators_[i] = new [01;31m[Kiterators[m[K<T>(
[0.418s]       |                                         [01;31m[K^~~~~~~~~[m[K
[0.418s] [01m[K/home/arian/Framework/src/framework/include/framework/multiply_parallel.hpp:112:52:[m[K [01;31m[Kerror: [m[Kexpected primary-expression before ‘[01m[K>[m[K’ token
[0.418s]   112 |                     iterators_[i] = new iterators<T[01;31m[K>[m[K(
[0.418s]       |                                                    [01;31m[K^[m[K
[0.419s] [01m[K/home/arian/Framework/src/framework/include/framework/multiply_parallel.hpp:123:41:[m[K [01;31m[Kerror: [m[K‘[01m[Kiterators[m[K’ does not name a type
[0.419s]   123 |                     iterators_[i] = new [01;31m[Kiterators[m[K<T>(
[0.419s]       |                                         [01;31m[K^~~~~~~~~[m[K
[0.419s] [01m[K/home/arian/Framework/src/framework/include/framework/multiply_parallel.hpp:123:52:[m[K [01;31m[Kerror: [m[Kexpected primary-expression before ‘[01m[K>[m[K’ token
[0.419s]   123 |                     iterators_[i] = new iterators<T[01;31m[K>[m[K(
[0.419s]       |                                                    [01;31m[K^[m[K
[0.421s] [01m[K/home/arian/Framework/src/framework/include/framework/multiply_parallel.hpp:[m[K In member function ‘[01m[Kvoid multiply_parallel<T>::execute_pthread_affine(const std::vector<T>&, const std::vector<T>&, std::vector<T>&, const settings&)[m[K’:
[0.421s] [01m[K/home/arian/Framework/src/framework/include/framework/multiply_parallel.hpp:143:13:[m[K [01;31m[Kerror: [m[K‘[01m[Kiterators[m[K’ was not declared in this scope; did you mean ‘[01m[Koperator=[m[K’?
[0.421s]   143 |             [01;31m[Kiterators[m[K<T>** iterators_ = new iterators<T>*[settings_.THREAD_NUMBER];
[0.421s]       |             [01;31m[K^~~~~~~~~[m[K
[0.421s]       |             [32m[Koperator=[m[K
[0.421s] [01m[K/home/arian/Framework/src/framework/include/framework/multiply_parallel.hpp:143:24:[m[K [01;31m[Kerror: [m[Kexpected primary-expression before ‘[01m[K>[m[K’ token
[0.421s]   143 |             iterators<T[01;31m[K>[m[K** iterators_ = new iterators<T>*[settings_.THREAD_NUMBER];
[0.421s]       |                        [01;31m[K^[m[K
[0.423s] [01m[K/home/arian/Framework/src/framework/include/framework/multiply_parallel.hpp:143:28:[m[K [01;31m[Kerror: [m[K‘[01m[Kiterators_[m[K’ was not declared in this scope
[0.423s]   143 |             iterators<T>** [01;31m[Kiterators_[m[K = new iterators<T>*[settings_.THREAD_NUMBER];
[0.423s]       |                            [01;31m[K^~~~~~~~~~[m[K
[0.424s] [01m[K/home/arian/Framework/src/framework/include/framework/multiply_parallel.hpp:143:45:[m[K [01;31m[Kerror: [m[K‘[01m[Kiterators[m[K’ does not name a type
[0.424s]   143 |             iterators<T>** iterators_ = new [01;31m[Kiterators[m[K<T>*[settings_.THREAD_NUMBER];
[0.424s]       |                                             [01;31m[K^~~~~~~~~[m[K
[0.424s] [01m[K/home/arian/Framework/src/framework/include/framework/multiply_parallel.hpp:143:56:[m[K [01;31m[Kerror: [m[Kexpected primary-expression before ‘[01m[K>[m[K’ token
[0.424s]   143 |             iterators<T>** iterators_ = new iterators<T[01;31m[K>[m[K*[settings_.THREAD_NUMBER];
[0.424s]       |                                                        [01;31m[K^[m[K
[0.424s] [01m[K/home/arian/Framework/src/framework/include/framework/multiply_parallel.hpp:143:68:[m[K [01;31m[Kerror: [m[Kexpected ‘[01m[K,[m[K’ before ‘[01m[K.[m[K’ token
[0.424s]   143 |             iterators<T>** iterators_ = new iterators<T>*[settings_[01;31m[K.[m[KTHREAD_NUMBER];
[0.424s]       |                                                                    [01;31m[K^[m[K
[0.424s]       |                                                                    [32m[K,[m[K
[0.425s] [01m[K/home/arian/Framework/src/framework/include/framework/multiply_parallel.hpp:143:68:[m[K [01;31m[Kerror: [m[Kexpected identifier before ‘[01m[K.[m[K’ token
[0.425s] [01m[K/home/arian/Framework/src/framework/include/framework/multiply_parallel.hpp:[m[K In lambda function:
[0.425s] [01m[K/home/arian/Framework/src/framework/include/framework/multiply_parallel.hpp:143:83:[m[K [01;31m[Kerror: [m[Kexpected ‘[01m[K{[m[K’ before ‘[01m[K;[m[K’ token
[0.425s]   143 |             iterators<T>** iterators_ = new iterators<T>*[settings_.THREAD_NUMBER][01;31m[K;[m[K
[0.425s]       |                                                                                   [01;31m[K^[m[K
[0.426s] [01m[K/home/arian/Framework/src/framework/include/framework/multiply_parallel.hpp:[m[K In member function ‘[01m[Kvoid multiply_parallel<T>::execute_pthread_affine(const std::vector<T>&, const std::vector<T>&, std::vector<T>&, const settings&)[m[K’:
[0.426s] [01m[K/home/arian/Framework/src/framework/include/framework/multiply_parallel.hpp:155:41:[m[K [01;31m[Kerror: [m[K‘[01m[Kiterators[m[K’ does not name a type
[0.426s]   155 |                     iterators_[i] = new [01;31m[Kiterators[m[K<T>(
[0.426s]       |                                         [01;31m[K^~~~~~~~~[m[K
[0.426s] [01m[K/home/arian/Framework/src/framework/include/framework/multiply_parallel.hpp:155:52:[m[K [01;31m[Kerror: [m[Kexpected primary-expression before ‘[01m[K>[m[K’ token
[0.426s]   155 |                     iterators_[i] = new iterators<T[01;31m[K>[m[K(
[0.426s]       |                                                    [01;31m[K^[m[K
[0.427s] [01m[K/home/arian/Framework/src/framework/include/framework/multiply_parallel.hpp:166:41:[m[K [01;31m[Kerror: [m[K‘[01m[Kiterators[m[K’ does not name a type
[0.427s]   166 |                     iterators_[i] = new [01;31m[Kiterators[m[K<T>(
[0.427s]       |                                         [01;31m[K^~~~~~~~~[m[K
[0.427s] [01m[K/home/arian/Framework/src/framework/include/framework/multiply_parallel.hpp:166:52:[m[K [01;31m[Kerror: [m[Kexpected primary-expression before ‘[01m[K>[m[K’ token
[0.427s]   166 |                     iterators_[i] = new iterators<T[01;31m[K>[m[K(
[0.428s]       |                                                    [01;31m[K^[m[K
[0.429s] [01m[K/home/arian/Framework/src/framework/include/framework/multiply_parallel.hpp:[m[K In member function ‘[01m[Kvoid multiply_parallel<T>::execute_pthread_sched(const std::vector<T>&, const std::vector<T>&, std::vector<T>&, const settings&)[m[K’:
[0.429s] [01m[K/home/arian/Framework/src/framework/include/framework/multiply_parallel.hpp:200:13:[m[K [01;31m[Kerror: [m[K‘[01m[Kiterators[m[K’ was not declared in this scope; did you mean ‘[01m[Koperator=[m[K’?
[0.429s]   200 |             [01;31m[Kiterators[m[K<T>** iterators_ = new iterators<T>*[settings_.THREAD_NUMBER];
[0.429s]       |             [01;31m[K^~~~~~~~~[m[K
[0.429s]       |             [32m[Koperator=[m[K
[0.429s] [01m[K/home/arian/Framework/src/framework/include/framework/multiply_parallel.hpp:200:24:[m[K [01;31m[Kerror: [m[Kexpected primary-expression before ‘[01m[K>[m[K’ token
[0.430s]   200 |             iterators<T[01;31m[K>[m[K** iterators_ = new iterators<T>*[settings_.THREAD_NUMBER];
[0.430s]       |                        [01;31m[K^[m[K
[0.431s] [01m[K/home/arian/Framework/src/framework/include/framework/multiply_parallel.hpp:200:28:[m[K [01;31m[Kerror: [m[K‘[01m[Kiterators_[m[K’ was not declared in this scope
[0.431s]   200 |             iterators<T>** [01;31m[Kiterators_[m[K = new iterators<T>*[settings_.THREAD_NUMBER];
[0.431s]       |                            [01;31m[K^~~~~~~~~~[m[K
[0.432s] [01m[K/home/arian/Framework/src/framework/include/framework/multiply_parallel.hpp:200:45:[m[K [01;31m[Kerror: [m[K‘[01m[Kiterators[m[K’ does not name a type
[0.432s]   200 |             iterators<T>** iterators_ = new [01;31m[Kiterators[m[K<T>*[settings_.THREAD_NUMBER];
[0.432s]       |                                             [01;31m[K^~~~~~~~~[m[K
[0.432s] [01m[K/home/arian/Framework/src/framework/include/framework/multiply_parallel.hpp:200:56:[m[K [01;31m[Kerror: [m[Kexpected primary-expression before ‘[01m[K>[m[K’ token
[0.432s]   200 |             iterators<T>** iterators_ = new iterators<T[01;31m[K>[m[K*[settings_.THREAD_NUMBER];
[0.433s]       |                                                        [01;31m[K^[m[K
[0.433s] [01m[K/home/arian/Framework/src/framework/include/framework/multiply_parallel.hpp:200:68:[m[K [01;31m[Kerror: [m[Kexpected ‘[01m[K,[m[K’ before ‘[01m[K.[m[K’ token
[0.433s]   200 |             iterators<T>** iterators_ = new iterators<T>*[settings_[01;31m[K.[m[KTHREAD_NUMBER];
[0.433s]       |                                                                    [01;31m[K^[m[K
[0.433s]       |                                                                    [32m[K,[m[K
[0.433s] [01m[K/home/arian/Framework/src/framework/include/framework/multiply_parallel.hpp:200:68:[m[K [01;31m[Kerror: [m[Kexpected identifier before ‘[01m[K.[m[K’ token
[0.433s] [01m[K/home/arian/Framework/src/framework/include/framework/multiply_parallel.hpp:[m[K In lambda function:
[0.433s] [01m[K/home/arian/Framework/src/framework/include/framework/multiply_parallel.hpp:200:83:[m[K [01;31m[Kerror: [m[Kexpected ‘[01m[K{[m[K’ before ‘[01m[K;[m[K’ token
[0.433s]   200 |             iterators<T>** iterators_ = new iterators<T>*[settings_.THREAD_NUMBER][01;31m[K;[m[K
[0.433s]       |                                                                                   [01;31m[K^[m[K
[0.434s] [01m[K/home/arian/Framework/src/framework/include/framework/multiply_parallel.hpp:[m[K In member function ‘[01m[Kvoid multiply_parallel<T>::execute_pthread_sched(const std::vector<T>&, const std::vector<T>&, std::vector<T>&, const settings&)[m[K’:
[0.434s] [01m[K/home/arian/Framework/src/framework/include/framework/multiply_parallel.hpp:210:41:[m[K [01;31m[Kerror: [m[K‘[01m[Kiterators[m[K’ does not name a type
[0.434s]   210 |                     iterators_[i] = new [01;31m[Kiterators[m[K<T>(
[0.434s]       |                                         [01;31m[K^~~~~~~~~[m[K
[0.434s] [01m[K/home/arian/Framework/src/framework/include/framework/multiply_parallel.hpp:210:52:[m[K [01;31m[Kerror: [m[Kexpected primary-expression before ‘[01m[K>[m[K’ token
[0.434s]   210 |                     iterators_[i] = new iterators<T[01;31m[K>[m[K(
[0.434s]       |                                                    [01;31m[K^[m[K
[0.435s] [01m[K/home/arian/Framework/src/framework/include/framework/multiply_parallel.hpp:221:41:[m[K [01;31m[Kerror: [m[K‘[01m[Kiterators[m[K’ does not name a type
[0.436s]   221 |                     iterators_[i] = new [01;31m[Kiterators[m[K<T>(
[0.436s]       |                                         [01;31m[K^~~~~~~~~[m[K
[0.436s] [01m[K/home/arian/Framework/src/framework/include/framework/multiply_parallel.hpp:221:52:[m[K [01;31m[Kerror: [m[Kexpected primary-expression before ‘[01m[K>[m[K’ token
[0.436s]   221 |                     iterators_[i] = new iterators<T[01;31m[K>[m[K(
[0.436s]       |                                                    [01;31m[K^[m[K
[0.437s] [01m[K/home/arian/Framework/src/framework/include/framework/multiply_parallel.hpp:[m[K In member function ‘[01m[Kvoid multiply_parallel<T>::execute_pthread_affine_sched(const std::vector<T>&, const std::vector<T>&, std::vector<T>&, const settings&)[m[K’:
[0.437s] [01m[K/home/arian/Framework/src/framework/include/framework/multiply_parallel.hpp:242:13:[m[K [01;31m[Kerror: [m[K‘[01m[Kiterators[m[K’ was not declared in this scope; did you mean ‘[01m[Koperator=[m[K’?
[0.437s]   242 |             [01;31m[Kiterators[m[K<T>** iterators_ = new iterators<T>*[settings_.THREAD_NUMBER];
[0.437s]       |             [01;31m[K^~~~~~~~~[m[K
[0.437s]       |             [32m[Koperator=[m[K
[0.438s] [01m[K/home/arian/Framework/src/framework/include/framework/multiply_parallel.hpp:242:24:[m[K [01;31m[Kerror: [m[Kexpected primary-expression before ‘[01m[K>[m[K’ token
[0.438s]   242 |             iterators<T[01;31m[K>[m[K** iterators_ = new iterators<T>*[settings_.THREAD_NUMBER];
[0.438s]       |                        [01;31m[K^[m[K
[0.439s] [01m[K/home/arian/Framework/src/framework/include/framework/multiply_parallel.hpp:242:28:[m[K [01;31m[Kerror: [m[K‘[01m[Kiterators_[m[K’ was not declared in this scope
[0.439s]   242 |             iterators<T>** [01;31m[Kiterators_[m[K = new iterators<T>*[settings_.THREAD_NUMBER];
[0.439s]       |                            [01;31m[K^~~~~~~~~~[m[K
[0.440s] [01m[K/home/arian/Framework/src/framework/include/framework/multiply_parallel.hpp:242:45:[m[K [01;31m[Kerror: [m[K‘[01m[Kiterators[m[K’ does not name a type
[0.440s]   242 |             iterators<T>** iterators_ = new [01;31m[Kiterators[m[K<T>*[settings_.THREAD_NUMBER];
[0.441s]       |                                             [01;31m[K^~~~~~~~~[m[K
[0.441s] [01m[K/home/arian/Framework/src/framework/include/framework/multiply_parallel.hpp:242:56:[m[K [01;31m[Kerror: [m[Kexpected primary-expression before ‘[01m[K>[m[K’ token
[0.441s]   242 |             iterators<T>** iterators_ = new iterators<T[01;31m[K>[m[K*[settings_.THREAD_NUMBER];
[0.441s]       |                                                        [01;31m[K^[m[K
[0.441s] [01m[K/home/arian/Framework/src/framework/include/framework/multiply_parallel.hpp:242:68:[m[K [01;31m[Kerror: [m[Kexpected ‘[01m[K,[m[K’ before ‘[01m[K.[m[K’ token
[0.441s]   242 |             iterators<T>** iterators_ = new iterators<T>*[settings_[01;31m[K.[m[KTHREAD_NUMBER];
[0.441s]       |                                                                    [01;31m[K^[m[K
[0.441s]       |                                                                    [32m[K,[m[K
[0.441s] [01m[K/home/arian/Framework/src/framework/include/framework/multiply_parallel.hpp:242:68:[m[K [01;31m[Kerror: [m[Kexpected identifier before ‘[01m[K.[m[K’ token
[0.441s] [01m[K/home/arian/Framework/src/framework/include/framework/multiply_parallel.hpp:[m[K In lambda function:
[0.441s] [01m[K/home/arian/Framework/src/framework/include/framework/multiply_parallel.hpp:242:83:[m[K [01;31m[Kerror: [m[Kexpected ‘[01m[K{[m[K’ before ‘[01m[K;[m[K’ token
[0.441s]   242 |             iterators<T>** iterators_ = new iterators<T>*[settings_.THREAD_NUMBER][01;31m[K;[m[K
[0.441s]       |                                                                                   [01;31m[K^[m[K
[0.442s] [01m[K/home/arian/Framework/src/framework/include/framework/multiply_parallel.hpp:[m[K In member function ‘[01m[Kvoid multiply_parallel<T>::execute_pthread_affine_sched(const std::vector<T>&, const std::vector<T>&, std::vector<T>&, const settings&)[m[K’:
[0.442s] [01m[K/home/arian/Framework/src/framework/include/framework/multiply_parallel.hpp:256:41:[m[K [01;31m[Kerror: [m[K‘[01m[Kiterators[m[K’ does not name a type
[0.443s]   256 |                     iterators_[i] = new [01;31m[Kiterators[m[K<T>(
[0.443s]       |                                         [01;31m[K^~~~~~~~~[m[K
[0.443s] [01m[K/home/arian/Framework/src/framework/include/framework/multiply_parallel.hpp:256:52:[m[K [01;31m[Kerror: [m[Kexpected primary-expression before ‘[01m[K>[m[K’ token
[0.443s]   256 |                     iterators_[i] = new iterators<T[01;31m[K>[m[K(
[0.443s]       |                                                    [01;31m[K^[m[K
[0.444s] [01m[K/home/arian/Framework/src/framework/include/framework/multiply_parallel.hpp:267:41:[m[K [01;31m[Kerror: [m[K‘[01m[Kiterators[m[K’ does not name a type
[0.444s]   267 |                     iterators_[i] = new [01;31m[Kiterators[m[K<T>(
[0.444s]       |                                         [01;31m[K^~~~~~~~~[m[K
[0.444s] [01m[K/home/arian/Framework/src/framework/include/framework/multiply_parallel.hpp:267:52:[m[K [01;31m[Kerror: [m[Kexpected primary-expression before ‘[01m[K>[m[K’ token
[0.444s]   267 |                     iterators_[i] = new iterators<T[01;31m[K>[m[K(
[0.444s]       |                                                    [01;31m[K^[m[K
[0.461s] In file included from [01m[K/home/arian/Framework/src/framework/src/main.cpp:1[m[K:
[0.461s] /home/arian/Framework/src/framework/include/framework/generators/single_generator.hpp: In instantiation of ‘[01m[Kstatic std::vector<T> single_generator::generate_input(int) [with T = double][m[K’:
[0.461s] [01m[K/home/arian/Framework/src/framework/src/main.cpp:7:63:[m[K   required from here
[0.461s] [01m[K/home/arian/Framework/src/framework/include/framework/generators/single_generator.hpp:18:30:[m[K [01;35m[Kwarning: [m[Kcomparison of integer expressions of different signedness: ‘[01m[Kint[m[K’ and ‘[01m[Kstd::vector<double, std::allocator<double> >::size_type[m[K’ {aka ‘[01m[Klong unsigned int[m[K’} [[01;35m[K-Wsign-compare[m[K]
[0.462s]    18 |             for(int i = 0; i < temp.capacity(); i++)
[0.474s] In file included from [01m[K/home/arian/Framework/src/framework/src/main.cpp:2[m[K:
[0.474s] /home/arian/Framework/src/framework/include/framework/multiply_parallel.hpp: In instantiation of ‘[01m[Kvoid multiply_parallel<T>::execute_pthread_affine_sched(const std::vector<T>&, const std::vector<T>&, std::vector<T>&, const settings&) [with T = double][m[K’:
[0.474s] [01m[K/home/arian/Framework/src/framework/include/framework/multiply_parallel.hpp:82:25:[m[K   required from ‘[01m[Kvoid multiply_parallel<T>::execute(const std::vector<T>&, const std::vector<T>&, std::vector<T>&, const settings&) [with T = double][m[K’
[0.475s] [01m[K/home/arian/Framework/src/framework/include/framework/multiply_parallel.hpp:47:19:[m[K   required from ‘[01m[Kmultiply_parallel<T>::multiply_parallel(const std::vector<T>&, const std::vector<T>&, std::vector<T>&, const settings&) [with T = double][m[K’
[0.475s] [01m[K/home/arian/Framework/src/framework/src/main.cpp:12:76:[m[K   required from here
[0.475s] [01m[K/home/arian/Framework/src/framework/include/framework/multiply_parallel.hpp:242:57:[m[K [01;31m[Kerror: [m[Kno match for ‘[01m[Koperator*[m[K’ (operand type is ‘[01m[Kmultiply_parallel<T>::execute_pthread_affine_sched(const std::vector<T>&, const std::vector<T>&, std::vector<T>&, const settings&) [with T = double]::<lambda()>[m[K’)
[0.475s]   242 |             iterators<T>** iterators_ = new iterators<T>[01;31m[K*[settings_.THREAD_NUMBER][m[K;
[0.475s]       |                                                         [01;31m[K^~~~~~~~~~~~~~~~~~~~~~~~~~[m[K
[0.475s] [01m[K/home/arian/Framework/src/framework/include/framework/multiply_parallel.hpp:257:34:[m[K [01;35m[Kwarning: [m[Kleft operand of comma operator has no effect [[01;35m[K-Wunused-value[m[K]
[0.475s]   257 |                         [01;35m[Kmatrix_a_, matrix_b_[m[K, matrix_c_,
[0.475s]       |                         [01;35m[K~~~~~~~~~^~~~~~~~~~~[m[K
[0.475s] [01m[K/home/arian/Framework/src/framework/include/framework/multiply_parallel.hpp:257:45:[m[K [01;35m[Kwarning: [m[Kright operand of comma operator has no effect [[01;35m[K-Wunused-value[m[K]
[0.476s]   257 |                         [01;35m[Kmatrix_a_, matrix_b_, matrix_c_[m[K,
[0.476s]       |                         [01;35m[K~~~~~~~~~~~~~~~~~~~~^~~~~~~~~~~[m[K
[0.476s] [01m[K/home/arian/Framework/src/framework/include/framework/multiply_parallel.hpp:257:56:[m[K [01;35m[Kwarning: [m[Kright operand of comma operator has no effect [[01;35m[K-Wunused-value[m[K]
[0.476s]   257 |                         [01;35m[Kmatrix_a_, matrix_b_, matrix_c_,[m[K
[0.476s]       |                         [01;35m[K~~~~~~~~~~~~~~~~~~~~~~~~~~~~~~~^[m[K
[0.476s]   258 | [01;35m[K                        i * delimeter[m[K,
[0.476s]       |                         [01;35m[K~~~~~~~~~~~~~[m[K                   
[0.476s] [01m[K/home/arian/Framework/src/framework/include/framework/multiply_parallel.hpp:258:27:[m[K [01;35m[Kwarning: [m[Kright operand of comma operator has no effect [[01;35m[K-Wunused-value[m[K]
[0.476s]   258 |                         [01;35m[Ki * delimeter[m[K,
[0.476s]       |                         [01;35m[K~~^~~~~~~~~~~[m[K
[0.476s] [01m[K/home/arian/Framework/src/framework/include/framework/multiply_parallel.hpp:259:33:[m[K [01;35m[Kwarning: [m[Kright operand of comma operator has no effect [[01;35m[K-Wunused-value[m[K]
[0.476s]   259 |                         [01;35m[K(i + 1) * delimeter[m[K,
[0.476s]       |                         [01;35m[K~~~~~~~~^~~~~~~~~~~[m[K
[0.476s] [01m[K/home/arian/Framework/src/framework/include/framework/multiply_parallel.hpp:268:34:[m[K [01;35m[Kwarning: [m[Kleft operand of comma operator has no effect [[01;35m[K-Wunused-value[m[K]
[0.476s]   268 |                         [01;35m[Kmatrix_a_, matrix_b_[m[K, matrix_c_,
[0.476s]       |                         [01;35m[K~~~~~~~~~^~~~~~~~~~~[m[K
[0.476s] [01m[K/home/arian/Framework/src/framework/include/framework/multiply_parallel.hpp:268:45:[m[K [01;35m[Kwarning: [m[Kright operand of comma operator has no effect [[01;35m[K-Wunused-value[m[K]
[0.477s]   268 |                         [01;35m[Kmatrix_a_, matrix_b_, matrix_c_[m[K,
[0.477s]       |                         [01;35m[K~~~~~~~~~~~~~~~~~~~~^~~~~~~~~~~[m[K
[0.477s] [01m[K/home/arian/Framework/src/framework/include/framework/multiply_parallel.hpp:268:56:[m[K [01;35m[Kwarning: [m[Kright operand of comma operator has no effect [[01;35m[K-Wunused-value[m[K]
[0.477s]   268 |                         [01;35m[Kmatrix_a_, matrix_b_, matrix_c_,[m[K
[0.477s]       |                         [01;35m[K~~~~~~~~~~~~~~~~~~~~~~~~~~~~~~~^[m[K
[0.477s]   269 | [01;35m[K                        i * delimeter[m[K,
[0.477s]       |                         [01;35m[K~~~~~~~~~~~~~[m[K                   
[0.477s] [01m[K/home/arian/Framework/src/framework/include/framework/multiply_parallel.hpp:269:27:[m[K [01;35m[Kwarning: [m[Kright operand of comma operator has no effect [[01;35m[K-Wunused-value[m[K]
[0.477s]   269 |                         [01;35m[Ki * delimeter[m[K,
[0.477s]       |                         [01;35m[K~~^~~~~~~~~~~[m[K
[0.477s] [01m[K/home/arian/Framework/src/framework/include/framework/multiply_parallel.hpp:270:42:[m[K [01;35m[Kwarning: [m[Kvalue computed is not used [[01;35m[K-Wunused-value[m[K]
[0.478s]   270 |                         matrix_a_.size() / sqrt(matrix_a_.size()),
[0.478s] /home/arian/Framework/src/framework/include/framework/multiply_parallel.hpp: In instantiation of ‘[01m[Kvoid multiply_parallel<T>::execute_pthread_affine(const std::vector<T>&, const std::vector<T>&, std::vector<T>&, const settings&) [with T = double][m[K’:
[0.478s] [01m[K/home/arian/Framework/src/framework/include/framework/multiply_parallel.hpp:84:25:[m[K   required from ‘[01m[Kvoid multiply_parallel<T>::execute(const std::vector<T>&, const std::vector<T>&, std::vector<T>&, const settings&) [with T = double][m[K’
[0.478s] [01m[K/home/arian/Framework/src/framework/include/framework/multiply_parallel.hpp:47:19:[m[K   required from ‘[01m[Kmultiply_parallel<T>::multiply_parallel(const std::vector<T>&, const std::vector<T>&, std::vector<T>&, const settings&) [with T = double][m[K’
[0.478s] [01m[K/home/arian/Framework/src/framework/src/main.cpp:12:76:[m[K   required from here
[0.478s] [01m[K/home/arian/Framework/src/framework/include/framework/multiply_parallel.hpp:143:57:[m[K [01;31m[Kerror: [m[Kno match for ‘[01m[Koperator*[m[K’ (operand type is ‘[01m[Kmultiply_parallel<T>::execute_pthread_affine(const std::vector<T>&, const std::vector<T>&, std::vector<T>&, const settings&) [with T = double]::<lambda()>[m[K’)
[0.478s]   143 |             iterators<T>** iterators_ = new iterators<T>[01;31m[K*[settings_.THREAD_NUMBER][m[K;
[0.478s]       |                                                         [01;31m[K^~~~~~~~~~~~~~~~~~~~~~~~~~[m[K
[0.478s] [01m[K/home/arian/Framework/src/framework/include/framework/multiply_parallel.hpp:156:34:[m[K [01;35m[Kwarning: [m[Kleft operand of comma operator has no effect [[01;35m[K-Wunused-value[m[K]
[0.478s]   156 |                         [01;35m[Kmatrix_a_, matrix_b_[m[K, matrix_c_,
[0.478s]       |                         [01;35m[K~~~~~~~~~^~~~~~~~~~~[m[K
[0.478s] [01m[K/home/arian/Framework/src/framework/include/framework/multiply_parallel.hpp:156:45:[m[K [01;35m[Kwarning: [m[Kright operand of comma operator has no effect [[01;35m[K-Wunused-value[m[K]
[0.478s]   156 |                         [01;35m[Kmatrix_a_, matrix_b_, matrix_c_[m[K,
[0.478s]       |                         [01;35m[K~~~~~~~~~~~~~~~~~~~~^~~~~~~~~~~[m[K
[0.478s] [01m[K/home/arian/Framework/src/framework/include/framework/multiply_parallel.hpp:156:56:[m[K [01;35m[Kwarning: [m[Kright operand of comma operator has no effect [[01;35m[K-Wunused-value[m[K]
[0.478s]   156 |                         [01;35m[Kmatrix_a_, matrix_b_, matrix_c_,[m[K
[0.479s]       |                         [01;35m[K~~~~~~~~~~~~~~~~~~~~~~~~~~~~~~~^[m[K
[0.479s]   157 | [01;35m[K                        i * delimeter[m[K,
[0.479s]       |                         [01;35m[K~~~~~~~~~~~~~[m[K                   
[0.479s] [01m[K/home/arian/Framework/src/framework/include/framework/multiply_parallel.hpp:157:27:[m[K [01;35m[Kwarning: [m[Kright operand of comma operator has no effect [[01;35m[K-Wunused-value[m[K]
[0.479s]   157 |                         [01;35m[Ki * delimeter[m[K,
[0.479s]       |                         [01;35m[K~~^~~~~~~~~~~[m[K
[0.479s] [01m[K/home/arian/Framework/src/framework/include/framework/multiply_parallel.hpp:158:33:[m[K [01;35m[Kwarning: [m[Kright operand of comma operator has no effect [[01;35m[K-Wunused-value[m[K]
[0.479s]   158 |                         [01;35m[K(i + 1) * delimeter[m[K,
[0.479s]       |                         [01;35m[K~~~~~~~~^~~~~~~~~~~[m[K
[0.479s] [01m[K/home/arian/Framework/src/framework/include/framework/multiply_parallel.hpp:167:34:[m[K [01;35m[Kwarning: [m[Kleft operand of comma operator has no effect [[01;35m[K-Wunused-value[m[K]
[0.479s]   167 |                         [01;35m[Kmatrix_a_, matrix_b_[m[K, matrix_c_,
[0.479s]       |                         [01;35m[K~~~~~~~~~^~~~~~~~~~~[m[K
[0.479s] [01m[K/home/arian/Framework/src/framework/include/framework/multiply_parallel.hpp:167:45:[m[K [01;35m[Kwarning: [m[Kright operand of comma operator has no effect [[01;35m[K-Wunused-value[m[K]
[0.479s]   167 |                         [01;35m[Kmatrix_a_, matrix_b_, matrix_c_[m[K,
[0.479s]       |                         [01;35m[K~~~~~~~~~~~~~~~~~~~~^~~~~~~~~~~[m[K
[0.479s] [01m[K/home/arian/Framework/src/framework/include/framework/multiply_parallel.hpp:167:56:[m[K [01;35m[Kwarning: [m[Kright operand of comma operator has no effect [[01;35m[K-Wunused-value[m[K]
[0.479s]   167 |                         [01;35m[Kmatrix_a_, matrix_b_, matrix_c_,[m[K
[0.479s]       |                         [01;35m[K~~~~~~~~~~~~~~~~~~~~~~~~~~~~~~~^[m[K
[0.480s]   168 | [01;35m[K                        i * delimeter[m[K,
[0.480s]       |                         [01;35m[K~~~~~~~~~~~~~[m[K                   
[0.480s] [01m[K/home/arian/Framework/src/framework/include/framework/multiply_parallel.hpp:168:27:[m[K [01;35m[Kwarning: [m[Kright operand of comma operator has no effect [[01;35m[K-Wunused-value[m[K]
[0.480s]   168 |                         [01;35m[Ki * delimeter[m[K,
[0.480s]       |                         [01;35m[K~~^~~~~~~~~~~[m[K
[0.480s] [01m[K/home/arian/Framework/src/framework/include/framework/multiply_parallel.hpp:169:42:[m[K [01;35m[Kwarning: [m[Kvalue computed is not used [[01;35m[K-Wunused-value[m[K]
[0.480s]   169 |                         matrix_a_.size() / sqrt(matrix_a_.size()),
[0.480s] /home/arian/Framework/src/framework/include/framework/multiply_parallel.hpp: In instantiation of ‘[01m[Kvoid multiply_parallel<T>::execute_pthread_sched(const std::vector<T>&, const std::vector<T>&, std::vector<T>&, const settings&) [with T = double][m[K’:
[0.480s] [01m[K/home/arian/Framework/src/framework/include/framework/multiply_parallel.hpp:89:25:[m[K   required from ‘[01m[Kvoid multiply_parallel<T>::execute(const std::vector<T>&, const std::vector<T>&, std::vector<T>&, const settings&) [with T = double][m[K’
[0.480s] [01m[K/home/arian/Framework/src/framework/include/framework/multiply_parallel.hpp:47:19:[m[K   required from ‘[01m[Kmultiply_parallel<T>::multiply_parallel(const std::vector<T>&, const std::vector<T>&, std::vector<T>&, const settings&) [with T = double][m[K’
[0.480s] [01m[K/home/arian/Framework/src/framework/src/main.cpp:12:76:[m[K   required from here
[0.480s] [01m[K/home/arian/Framework/src/framework/include/framework/multiply_parallel.hpp:200:57:[m[K [01;31m[Kerror: [m[Kno match for ‘[01m[Koperator*[m[K’ (operand type is ‘[01m[Kmultiply_parallel<T>::execute_pthread_sched(const std::vector<T>&, const std::vector<T>&, std::vector<T>&, const settings&) [with T = double]::<lambda()>[m[K’)
[0.480s]   200 |             iterators<T>** iterators_ = new iterators<T>[01;31m[K*[settings_.THREAD_NUMBER][m[K;
[0.480s]       |                                                         [01;31m[K^~~~~~~~~~~~~~~~~~~~~~~~~~[m[K
[0.480s] [01m[K/home/arian/Framework/src/framework/include/framework/multiply_parallel.hpp:211:34:[m[K [01;35m[Kwarning: [m[Kleft operand of comma operator has no effect [[01;35m[K-Wunused-value[m[K]
[0.480s]   211 |                         [01;35m[Kmatrix_a_, matrix_b_[m[K, matrix_c_,
[0.480s]       |                         [01;35m[K~~~~~~~~~^~~~~~~~~~~[m[K
[0.480s] [01m[K/home/arian/Framework/src/framework/include/framework/multiply_parallel.hpp:211:45:[m[K [01;35m[Kwarning: [m[Kright operand of comma operator has no effect [[01;35m[K-Wunused-value[m[K]
[0.481s]   211 |                         [01;35m[Kmatrix_a_, matrix_b_, matrix_c_[m[K,
[0.481s]       |                         [01;35m[K~~~~~~~~~~~~~~~~~~~~^~~~~~~~~~~[m[K
[0.481s] [01m[K/home/arian/Framework/src/framework/include/framework/multiply_parallel.hpp:211:56:[m[K [01;35m[Kwarning: [m[Kright operand of comma operator has no effect [[01;35m[K-Wunused-value[m[K]
[0.481s]   211 |                         [01;35m[Kmatrix_a_, matrix_b_, matrix_c_,[m[K
[0.481s]       |                         [01;35m[K~~~~~~~~~~~~~~~~~~~~~~~~~~~~~~~^[m[K
[0.481s]   212 | [01;35m[K                        i * delimeter[m[K,
[0.481s]       |                         [01;35m[K~~~~~~~~~~~~~[m[K                   
[0.481s] [01m[K/home/arian/Framework/src/framework/include/framework/multiply_parallel.hpp:212:27:[m[K [01;35m[Kwarning: [m[Kright operand of comma operator has no effect [[01;35m[K-Wunused-value[m[K]
[0.481s]   212 |                         [01;35m[Ki * delimeter[m[K,
[0.481s]       |                         [01;35m[K~~^~~~~~~~~~~[m[K
[0.481s] [01m[K/home/arian/Framework/src/framework/include/framework/multiply_parallel.hpp:213:33:[m[K [01;35m[Kwarning: [m[Kright operand of comma operator has no effect [[01;35m[K-Wunused-value[m[K]
[0.481s]   213 |                         [01;35m[K(i + 1) * delimeter[m[K,
[0.481s]       |                         [01;35m[K~~~~~~~~^~~~~~~~~~~[m[K
[0.481s] [01m[K/home/arian/Framework/src/framework/include/framework/multiply_parallel.hpp:222:34:[m[K [01;35m[Kwarning: [m[Kleft operand of comma operator has no effect [[01;35m[K-Wunused-value[m[K]
[0.481s]   222 |                         [01;35m[Kmatrix_a_, matrix_b_[m[K, matrix_c_,
[0.481s]       |                         [01;35m[K~~~~~~~~~^~~~~~~~~~~[m[K
[0.481s] [01m[K/home/arian/Framework/src/framework/include/framework/multiply_parallel.hpp:222:45:[m[K [01;35m[Kwarning: [m[Kright operand of comma operator has no effect [[01;35m[K-Wunused-value[m[K]
[0.481s]   222 |                         [01;35m[Kmatrix_a_, matrix_b_, matrix_c_[m[K,
[0.482s]       |                         [01;35m[K~~~~~~~~~~~~~~~~~~~~^~~~~~~~~~~[m[K
[0.482s] [01m[K/home/arian/Framework/src/framework/include/framework/multiply_parallel.hpp:222:56:[m[K [01;35m[Kwarning: [m[Kright operand of comma operator has no effect [[01;35m[K-Wunused-value[m[K]
[0.482s]   222 |                         [01;35m[Kmatrix_a_, matrix_b_, matrix_c_,[m[K
[0.482s]       |                         [01;35m[K~~~~~~~~~~~~~~~~~~~~~~~~~~~~~~~^[m[K
[0.482s]   223 | [01;35m[K                        i * delimeter[m[K,
[0.482s]       |                         [01;35m[K~~~~~~~~~~~~~[m[K                   
[0.482s] [01m[K/home/arian/Framework/src/framework/include/framework/multiply_parallel.hpp:223:27:[m[K [01;35m[Kwarning: [m[Kright operand of comma operator has no effect [[01;35m[K-Wunused-value[m[K]
[0.482s]   223 |                         [01;35m[Ki * delimeter[m[K,
[0.482s]       |                         [01;35m[K~~^~~~~~~~~~~[m[K
[0.482s] [01m[K/home/arian/Framework/src/framework/include/framework/multiply_parallel.hpp:224:42:[m[K [01;35m[Kwarning: [m[Kvalue computed is not used [[01;35m[K-Wunused-value[m[K]
[0.482s]   224 |                         matrix_a_.size() / sqrt(matrix_a_.size()),
[0.482s] /home/arian/Framework/src/framework/include/framework/multiply_parallel.hpp: In instantiation of ‘[01m[Kvoid multiply_parallel<T>::execute_pthread(const std::vector<T>&, const std::vector<T>&, std::vector<T>&, const settings&) [with T = double][m[K’:
[0.482s] [01m[K/home/arian/Framework/src/framework/include/framework/multiply_parallel.hpp:91:25:[m[K   required from ‘[01m[Kvoid multiply_parallel<T>::execute(const std::vector<T>&, const std::vector<T>&, std::vector<T>&, const settings&) [with T = double][m[K’
[0.482s] [01m[K/home/arian/Framework/src/framework/include/framework/multiply_parallel.hpp:47:19:[m[K   required from ‘[01m[Kmultiply_parallel<T>::multiply_parallel(const std::vector<T>&, const std::vector<T>&, std::vector<T>&, const settings&) [with T = double][m[K’
[0.482s] [01m[K/home/arian/Framework/src/framework/src/main.cpp:12:76:[m[K   required from here
[0.482s] [01m[K/home/arian/Framework/src/framework/include/framework/multiply_parallel.hpp:105:57:[m[K [01;31m[Kerror: [m[Kno match for ‘[01m[Koperator*[m[K’ (operand type is ‘[01m[Kmultiply_parallel<T>::execute_pthread(const std::vector<T>&, const std::vector<T>&, std::vector<T>&, const settings&) [with T = double]::<lambda()>[m[K’)
[0.482s]   105 |             iterators<T>** iterators_ = new iterators<T>[01;31m[K*[settings_.THREAD_NUMBER][m[K;
[0.482s]       |                                                         [01;31m[K^~~~~~~~~~~~~~~~~~~~~~~~~~[m[K
[0.483s] [01m[K/home/arian/Framework/src/framework/include/framework/multiply_parallel.hpp:113:34:[m[K [01;35m[Kwarning: [m[Kleft operand of comma operator has no effect [[01;35m[K-Wunused-value[m[K]
[0.483s]   113 |                         [01;35m[Kmatrix_a_, matrix_b_[m[K, matrix_c_,
[0.483s]       |                         [01;35m[K~~~~~~~~~^~~~~~~~~~~[m[K
[0.483s] [01m[K/home/arian/Framework/src/framework/include/framework/multiply_parallel.hpp:113:45:[m[K [01;35m[Kwarning: [m[Kright operand of comma operator has no effect [[01;35m[K-Wunused-value[m[K]
[0.483s]   113 |                         [01;35m[Kmatrix_a_, matrix_b_, matrix_c_[m[K,
[0.483s]       |                         [01;35m[K~~~~~~~~~~~~~~~~~~~~^~~~~~~~~~~[m[K
[0.483s] [01m[K/home/arian/Framework/src/framework/include/framework/multiply_parallel.hpp:113:56:[m[K [01;35m[Kwarning: [m[Kright operand of comma operator has no effect [[01;35m[K-Wunused-value[m[K]
[0.483s]   113 |                         [01;35m[Kmatrix_a_, matrix_b_, matrix_c_,[m[K
[0.483s]       |                         [01;35m[K~~~~~~~~~~~~~~~~~~~~~~~~~~~~~~~^[m[K
[0.483s]   114 | [01;35m[K                        i * delimeter[m[K,
[0.483s]       |                         [01;35m[K~~~~~~~~~~~~~[m[K                   
[0.483s] [01m[K/home/arian/Framework/src/framework/include/framework/multiply_parallel.hpp:114:27:[m[K [01;35m[Kwarning: [m[Kright operand of comma operator has no effect [[01;35m[K-Wunused-value[m[K]
[0.483s]   114 |                         [01;35m[Ki * delimeter[m[K,
[0.483s]       |                         [01;35m[K~~^~~~~~~~~~~[m[K
[0.483s] [01m[K/home/arian/Framework/src/framework/include/framework/multiply_parallel.hpp:115:33:[m[K [01;35m[Kwarning: [m[Kright operand of comma operator has no effect [[01;35m[K-Wunused-value[m[K]
[0.483s]   115 |                         [01;35m[K(i + 1) * delimeter[m[K,
[0.484s]       |                         [01;35m[K~~~~~~~~^~~~~~~~~~~[m[K
[0.484s] [01m[K/home/arian/Framework/src/framework/include/framework/multiply_parallel.hpp:124:34:[m[K [01;35m[Kwarning: [m[Kleft operand of comma operator has no effect [[01;35m[K-Wunused-value[m[K]
[0.484s]   124 |                         [01;35m[Kmatrix_a_, matrix_b_[m[K, matrix_c_,
[0.484s]       |                         [01;35m[K~~~~~~~~~^~~~~~~~~~~[m[K
[0.484s] [01m[K/home/arian/Framework/src/framework/include/framework/multiply_parallel.hpp:124:45:[m[K [01;35m[Kwarning: [m[Kright operand of comma operator has no effect [[01;35m[K-Wunused-value[m[K]
[0.484s]   124 |                         [01;35m[Kmatrix_a_, matrix_b_, matrix_c_[m[K,
[0.484s]       |                         [01;35m[K~~~~~~~~~~~~~~~~~~~~^~~~~~~~~~~[m[K
[0.484s] [01m[K/home/arian/Framework/src/framework/include/framework/multiply_parallel.hpp:124:56:[m[K [01;35m[Kwarning: [m[Kright operand of comma operator has no effect [[01;35m[K-Wunused-value[m[K]
[0.484s]   124 |                         [01;35m[Kmatrix_a_, matrix_b_, matrix_c_,[m[K
[0.484s]       |                         [01;35m[K~~~~~~~~~~~~~~~~~~~~~~~~~~~~~~~^[m[K
[0.484s]   125 | [01;35m[K                        i * delimeter[m[K,
[0.484s]       |                         [01;35m[K~~~~~~~~~~~~~[m[K                   
[0.484s] [01m[K/home/arian/Framework/src/framework/include/framework/multiply_parallel.hpp:125:27:[m[K [01;35m[Kwarning: [m[Kright operand of comma operator has no effect [[01;35m[K-Wunused-value[m[K]
[0.484s]   125 |                         [01;35m[Ki * delimeter[m[K,
[0.484s]       |                         [01;35m[K~~^~~~~~~~~~~[m[K
[0.484s] [01m[K/home/arian/Framework/src/framework/include/framework/multiply_parallel.hpp:126:42:[m[K [01;35m[Kwarning: [m[Kvalue computed is not used [[01;35m[K-Wunused-value[m[K]
[0.484s]   126 |                         matrix_a_.size() / sqrt(matrix_a_.size()),
[0.484s] /home/arian/Framework/src/framework/include/framework/multiply_parallel.hpp: In instantiation of ‘[01m[Kvoid multiply_parallel<T>::execute_openmp(const std::vector<T>&, const std::vector<T>&, std::vector<T>&, const settings&) [with T = double][m[K’:
[0.485s] [01m[K/home/arian/Framework/src/framework/include/framework/multiply_parallel.hpp:97:17:[m[K   required from ‘[01m[Kvoid multiply_parallel<T>::execute(const std::vector<T>&, const std::vector<T>&, std::vector<T>&, const settings&) [with T = double][m[K’
[0.485s] [01m[K/home/arian/Framework/src/framework/include/framework/multiply_parallel.hpp:47:19:[m[K   required from ‘[01m[Kmultiply_parallel<T>::multiply_parallel(const std::vector<T>&, const std::vector<T>&, std::vector<T>&, const settings&) [with T = double][m[K’
[0.485s] [01m[K/home/arian/Framework/src/framework/src/main.cpp:12:76:[m[K   required from here
[0.485s] [01m[K/home/arian/Framework/src/framework/include/framework/multiply_parallel.hpp:292:139:[m[K [01;35m[Kwarning: [m[Kunused parameter ‘[01m[Ksettings_[m[K’ [[01;35m[K-Wunused-parameter[m[K]
[0.485s]   292 |         void execute_openmp(const std::vector<T>& matrix_a_, const std::vector<T>& matrix_b_, std::vector<T>& matrix_c_, [01;35m[Kconst settings & settings_[m[K )
[0.485s]       |                                                                                                                          [01;35m[K~~~~~~~~~~~~~~~~~^~~~~~~~~[m[K
[0.500s] make[2]: *** [CMakeFiles/main.dir/build.make:63: CMakeFiles/main.dir/src/main.cpp.o] Error 1
[0.500s] make[1]: *** [CMakeFiles/Makefile2:78: CMakeFiles/main.dir/all] Error 2
[0.500s] make: *** [Makefile:141: all] Error 2
[0.501s] Invoked command in '/home/arian/Framework/build/framework' returned '2': CMAKE_PREFIX_PATH=${CMAKE_PREFIX_PATH}:/home/arian/ros2_foxy/install/ros2bag:/home/arian/ros2_foxy/install/tracetools_launch:/home/arian/ros2_foxy/install/topic_monitor:/home/arian/ros2_foxy/install/examples_tf2_py:/home/arian/ros2_foxy/install/sros2:/home/arian/ros2_foxy/install/rqt_topic:/home/arian/ros2_foxy/install/rqt_reconfigure:/home/arian/ros2_foxy/install/rqt_action:/home/arian/ros2_foxy/install/rqt:/home/arian/ros2_foxy/install/rqt_graph:/home/arian/ros2_foxy/install/rqt_gui_py:/home/arian/ros2_foxy/install/rqt_gui:/home/arian/ros2_foxy/install/ros2trace:/home/arian/ros2_foxy/install/ros2topic:/home/arian/ros2_foxy/install/ros2test:/home/arian/ros2_foxy/install/ros2component:/home/arian/ros2_foxy/install/ros2param:/home/arian/ros2_foxy/install/ros2lifecycle:/home/arian/ros2_foxy/install/ros2service:/home/arian/ros2_foxy/install/ros2run:/home/arian/ros2_foxy/install/ros2launch:/home/arian/ros2_foxy/install/ros2pkg:/home/arian/ros2_foxy/install/ros2node:/home/arian/ros2_foxy/install/ros2multicast:/home/arian/ros2_foxy/install/ros2interface:/home/arian/ros2_foxy/install/ros2doctor:/home/arian/ros2_foxy/install/ros2action:/home/arian/ros2_foxy/install/ros2cli:/home/arian/ros2_foxy/install/quality_of_service_demo_py:/home/arian/ros2_foxy/install/launch_testing_ros:/home/arian/ros2_foxy/install/launch_ros:/home/arian/ros2_foxy/install/examples_rclpy_minimal_subscriber:/home/arian/ros2_foxy/install/examples_rclpy_minimal_service:/home/arian/ros2_foxy/install/examples_rclpy_minimal_publisher:/home/arian/ros2_foxy/install/examples_rclpy_minimal_client:/home/arian/ros2_foxy/install/examples_rclpy_minimal_action_server:/home/arian/ros2_foxy/install/examples_rclpy_minimal_action_client:/home/arian/ros2_foxy/install/examples_rclpy_executors:/home/arian/ros2_foxy/install/demo_nodes_py:/home/arian/ros2_foxy/install/action_tutorials_py:/home/arian/ros2_foxy/install/ament_uncrustify:/home/arian/ros2_foxy/install/tracetools_trace:/home/arian/ros2_foxy/install/tracetools_read:/home/arian/ros2_foxy/install/test_launch_ros:/home/arian/ros2_foxy/install/rpyutils:/home/arian/ros2_foxy/install/rosidl_runtime_py:/home/arian/ros2_foxy/install/launch_yaml:/home/arian/ros2_foxy/install/launch_xml:/home/arian/ros2_foxy/install/launch_testing:/home/arian/ros2_foxy/install/launch:/home/arian/ros2_foxy/install/osrf_pycommon:/home/arian/ros2_foxy/install/domain_coordinator:/home/arian/ros2_foxy/install/ament_xmllint:/home/arian/ros2_foxy/install/ament_pyflakes:/home/arian/ros2_foxy/install/ament_pycodestyle:/home/arian/ros2_foxy/install/ament_pep257:/home/arian/ros2_foxy/install/ament_pclint:/home/arian/ros2_foxy/install/ament_package:/home/arian/ros2_foxy/install/ament_mypy:/home/arian/ros2_foxy/install/ament_lint_cmake:/home/arian/ros2_foxy/install/ament_flake8:/home/arian/ros2_foxy/install/ament_copyright:/home/arian/ros2_foxy/install/ament_lint:/home/arian/ros2_foxy/install/ament_index_python:/home/arian/ros2_foxy/install/ament_cpplint:/home/arian/ros2_foxy/install/ament_cppcheck:/home/arian/ros2_foxy/install/ament_clang_tidy:/home/arian/ros2_foxy/install/ament_clang_format /usr/bin/cmake --build /home/arian/Framework/build/framework -- -j12 -l12
