[0.036s] Invoking command in '/home/arian/Framework/build/framework': CMAKE_PREFIX_PATH=${CMAKE_PREFIX_PATH}:/home/arian/ros2_foxy/install/ros2bag:/home/arian/ros2_foxy/install/tracetools_launch:/home/arian/ros2_foxy/install/topic_monitor:/home/arian/ros2_foxy/install/examples_tf2_py:/home/arian/ros2_foxy/install/sros2:/home/arian/ros2_foxy/install/rqt_topic:/home/arian/ros2_foxy/install/rqt_reconfigure:/home/arian/ros2_foxy/install/rqt_action:/home/arian/ros2_foxy/install/rqt:/home/arian/ros2_foxy/install/rqt_graph:/home/arian/ros2_foxy/install/rqt_gui_py:/home/arian/ros2_foxy/install/rqt_gui:/home/arian/ros2_foxy/install/ros2trace:/home/arian/ros2_foxy/install/ros2topic:/home/arian/ros2_foxy/install/ros2test:/home/arian/ros2_foxy/install/ros2component:/home/arian/ros2_foxy/install/ros2param:/home/arian/ros2_foxy/install/ros2lifecycle:/home/arian/ros2_foxy/install/ros2service:/home/arian/ros2_foxy/install/ros2run:/home/arian/ros2_foxy/install/ros2launch:/home/arian/ros2_foxy/install/ros2pkg:/home/arian/ros2_foxy/install/ros2node:/home/arian/ros2_foxy/install/ros2multicast:/home/arian/ros2_foxy/install/ros2interface:/home/arian/ros2_foxy/install/ros2doctor:/home/arian/ros2_foxy/install/ros2action:/home/arian/ros2_foxy/install/ros2cli:/home/arian/ros2_foxy/install/quality_of_service_demo_py:/home/arian/ros2_foxy/install/launch_testing_ros:/home/arian/ros2_foxy/install/launch_ros:/home/arian/ros2_foxy/install/examples_rclpy_minimal_subscriber:/home/arian/ros2_foxy/install/examples_rclpy_minimal_service:/home/arian/ros2_foxy/install/examples_rclpy_minimal_publisher:/home/arian/ros2_foxy/install/examples_rclpy_minimal_client:/home/arian/ros2_foxy/install/examples_rclpy_minimal_action_server:/home/arian/ros2_foxy/install/examples_rclpy_minimal_action_client:/home/arian/ros2_foxy/install/examples_rclpy_executors:/home/arian/ros2_foxy/install/demo_nodes_py:/home/arian/ros2_foxy/install/action_tutorials_py:/home/arian/ros2_foxy/install/ament_uncrustify:/home/arian/ros2_foxy/install/tracetools_trace:/home/arian/ros2_foxy/install/tracetools_read:/home/arian/ros2_foxy/install/test_launch_ros:/home/arian/ros2_foxy/install/rpyutils:/home/arian/ros2_foxy/install/rosidl_runtime_py:/home/arian/ros2_foxy/install/launch_yaml:/home/arian/ros2_foxy/install/launch_xml:/home/arian/ros2_foxy/install/launch_testing:/home/arian/ros2_foxy/install/launch:/home/arian/ros2_foxy/install/osrf_pycommon:/home/arian/ros2_foxy/install/domain_coordinator:/home/arian/ros2_foxy/install/ament_xmllint:/home/arian/ros2_foxy/install/ament_pyflakes:/home/arian/ros2_foxy/install/ament_pycodestyle:/home/arian/ros2_foxy/install/ament_pep257:/home/arian/ros2_foxy/install/ament_pclint:/home/arian/ros2_foxy/install/ament_package:/home/arian/ros2_foxy/install/ament_mypy:/home/arian/ros2_foxy/install/ament_lint_cmake:/home/arian/ros2_foxy/install/ament_flake8:/home/arian/ros2_foxy/install/ament_copyright:/home/arian/ros2_foxy/install/ament_lint:/home/arian/ros2_foxy/install/ament_index_python:/home/arian/ros2_foxy/install/ament_cpplint:/home/arian/ros2_foxy/install/ament_cppcheck:/home/arian/ros2_foxy/install/ament_clang_tidy:/home/arian/ros2_foxy/install/ament_clang_format /usr/bin/cmake --build /home/arian/Framework/build/framework -- -j12 -l12
[0.120s] [35m[1mScanning dependencies of target main[0m
[0.168s] [ 50%] [32mBuilding CXX object CMakeFiles/main.dir/src/main.cpp.o[0m
[0.331s] In file included from [01m[K/home/arian/Framework/src/framework/src/main.cpp:12[m[K:
[0.331s] [01m[K/home/arian/Framework/src/framework/include/framework/multiply_parallel.hpp:456:[m[K [01;35m[Kwarning: [m[Kignoring #pragma omp parallel [[01;35m[K-Wunknown-pragmas[m[K]
[0.331s]   456 |             #pragma omp parallel num_threads(settings_.THREAD_NUMBER)
[0.331s]       | 
[1.301s] [01m[K/home/arian/Framework/src/framework/include/framework/multiply_parallel.hpp:[m[K In member function ‘[01m[Kvoid json_generator::save_to_json_file(const string&)[m[K’:
[1.302s] [01m[K/home/arian/Framework/src/framework/include/framework/multiply_parallel.hpp:578:17:[m[K [01;31m[Kerror: [m[Kno match for ‘[01m[Koperator<<[m[K’ (operand types are ‘[01m[Kstd::ofstream[m[K’ {aka ‘[01m[Kstd::basic_ofstream<char>[m[K’} and ‘[01m[Kstd::stringstream[m[K’ {aka ‘[01m[Kstd::__cxx11::basic_stringstream<char>[m[K’})
[1.302s]   578 |             [32m[Kofs[m[K [01;31m[K<<[m[K [34m[Koutput_stream[m[K;
[1.302s]       |             [32m[K~~~[m[K [01;31m[K^~[m[K [34m[K~~~~~~~~~~~~~[m[K
[1.302s]       |             [32m[K|[m[K      [34m[K|[m[K
[1.302s]       |             [32m[K|[m[K      [34m[Kstd::stringstream {aka std::__cxx11::basic_stringstream<char>}[m[K
[1.303s]       |             [32m[Kstd::ofstream {aka std::basic_ofstream<char>}[m[K
[1.303s] [01m[K/home/arian/Framework/src/framework/include/framework/multiply_parallel.hpp:578:17:[m[K [01;36m[Knote: [m[Kcandidate: ‘[01m[Koperator<<(int, int)[m[K’ <built-in>
[1.303s]   578 |             [01;36m[Kofs << output_stream[m[K;
[1.303s]       |             [01;36m[K~~~~^~~~~~~~~~~~~~~~[m[K
[1.303s] [01m[K/home/arian/Framework/src/framework/include/framework/multiply_parallel.hpp:578:17:[m[K [01;36m[Knote: [m[K  no known conversion for argument 2 from ‘[01m[Kstd::stringstream[m[K’ {aka ‘[01m[Kstd::__cxx11::basic_stringstream<char>[m[K’} to ‘[01m[Kint[m[K’
[1.303s] In file included from [01m[K/usr/include/c++/9/iostream:39[m[K,
[1.303s]                  from [01m[K/home/arian/Framework/src/framework/src/main.cpp:1[m[K:
[1.303s] [01m[K/usr/include/c++/9/ostream:108:7:[m[K [01;36m[Knote: [m[Kcandidate: ‘[01m[Kstd::basic_ostream<_CharT, _Traits>::__ostream_type& std::basic_ostream<_CharT, _Traits>::operator<<(std::basic_ostream<_CharT, _Traits>::__ostream_type& (*)(std::basic_ostream<_CharT, _Traits>::__ostream_type&)) [with _CharT = char; _Traits = std::char_traits<char>; std::basic_ostream<_CharT, _Traits>::__ostream_type = std::basic_ostream<char>][m[K’
[1.303s]   108 |       [01;36m[Koperator[m[K<<(__ostream_type& (*__pf)(__ostream_type&))
[1.303s]       |       [01;36m[K^~~~~~~~[m[K
[1.304s] [01m[K/usr/include/c++/9/ostream:108:36:[m[K [01;36m[Knote: [m[K  no known conversion for argument 1 from ‘[01m[Kstd::stringstream[m[K’ {aka ‘[01m[Kstd::__cxx11::basic_stringstream<char>[m[K’} to ‘[01m[Kstd::basic_ostream<char>::__ostream_type& (*)(std::basic_ostream<char>::__ostream_type&)[m[K’ {aka ‘[01m[Kstd::basic_ostream<char>& (*)(std::basic_ostream<char>&)[m[K’}
[1.304s]   108 |       operator<<([01;36m[K__ostream_type& (*__pf)(__ostream_type&)[m[K)
[1.304s]       |                  [01;36m[K~~~~~~~~~~~~~~~~~~^~~~~~~~~~~~~~~~~~~~~~[m[K
[1.304s] [01m[K/usr/include/c++/9/ostream:117:7:[m[K [01;36m[Knote: [m[Kcandidate: ‘[01m[Kstd::basic_ostream<_CharT, _Traits>::__ostream_type& std::basic_ostream<_CharT, _Traits>::operator<<(std::basic_ostream<_CharT, _Traits>::__ios_type& (*)(std::basic_ostream<_CharT, _Traits>::__ios_type&)) [with _CharT = char; _Traits = std::char_traits<char>; std::basic_ostream<_CharT, _Traits>::__ostream_type = std::basic_ostream<char>; std::basic_ostream<_CharT, _Traits>::__ios_type = std::basic_ios<char>][m[K’
[1.304s]   117 |       [01;36m[Koperator[m[K<<(__ios_type& (*__pf)(__ios_type&))
[1.304s]       |       [01;36m[K^~~~~~~~[m[K
[1.304s] [01m[K/usr/include/c++/9/ostream:117:32:[m[K [01;36m[Knote: [m[K  no known conversion for argument 1 from ‘[01m[Kstd::stringstream[m[K’ {aka ‘[01m[Kstd::__cxx11::basic_stringstream<char>[m[K’} to ‘[01m[Kstd::basic_ostream<char>::__ios_type& (*)(std::basic_ostream<char>::__ios_type&)[m[K’ {aka ‘[01m[Kstd::basic_ios<char>& (*)(std::basic_ios<char>&)[m[K’}
[1.304s]   117 |       operator<<([01;36m[K__ios_type& (*__pf)(__ios_type&)[m[K)
[1.304s]       |                  [01;36m[K~~~~~~~~~~~~~~^~~~~~~~~~~~~~~~~~[m[K
[1.305s] [01m[K/usr/include/c++/9/ostream:127:7:[m[K [01;36m[Knote: [m[Kcandidate: ‘[01m[Kstd::basic_ostream<_CharT, _Traits>::__ostream_type& std::basic_ostream<_CharT, _Traits>::operator<<(std::ios_base& (*)(std::ios_base&)) [with _CharT = char; _Traits = std::char_traits<char>; std::basic_ostream<_CharT, _Traits>::__ostream_type = std::basic_ostream<char>][m[K’
[1.305s]   127 |       [01;36m[Koperator[m[K<<(ios_base& (*__pf) (ios_base&))
[1.305s]       |       [01;36m[K^~~~~~~~[m[K
[1.305s] [01m[K/usr/include/c++/9/ostream:127:30:[m[K [01;36m[Knote: [m[K  no known conversion for argument 1 from ‘[01m[Kstd::stringstream[m[K’ {aka ‘[01m[Kstd::__cxx11::basic_stringstream<char>[m[K’} to ‘[01m[Kstd::ios_base& (*)(std::ios_base&)[m[K’
[1.305s]   127 |       operator<<([01;36m[Kios_base& (*__pf) (ios_base&)[m[K)
[1.305s]       |                  [01;36m[K~~~~~~~~~~~~^~~~~~~~~~~~~~~~~[m[K
[1.305s] [01m[K/usr/include/c++/9/ostream:166:7:[m[K [01;36m[Knote: [m[Kcandidate: ‘[01m[Kstd::basic_ostream<_CharT, _Traits>::__ostream_type& std::basic_ostream<_CharT, _Traits>::operator<<(long int) [with _CharT = char; _Traits = std::char_traits<char>; std::basic_ostream<_CharT, _Traits>::__ostream_type = std::basic_ostream<char>][m[K’
[1.306s]   166 |       [01;36m[Koperator[m[K<<(long __n)
[1.306s]       |       [01;36m[K^~~~~~~~[m[K
[1.306s] [01m[K/usr/include/c++/9/ostream:166:23:[m[K [01;36m[Knote: [m[K  no known conversion for argument 1 from ‘[01m[Kstd::stringstream[m[K’ {aka ‘[01m[Kstd::__cxx11::basic_stringstream<char>[m[K’} to ‘[01m[Klong int[m[K’
[1.306s]   166 |       operator<<([01;36m[Klong __n[m[K)
[1.306s]       |                  [01;36m[K~~~~~^~~[m[K
[1.306s] [01m[K/usr/include/c++/9/ostream:170:7:[m[K [01;36m[Knote: [m[Kcandidate: ‘[01m[Kstd::basic_ostream<_CharT, _Traits>::__ostream_type& std::basic_ostream<_CharT, _Traits>::operator<<(long unsigned int) [with _CharT = char; _Traits = std::char_traits<char>; std::basic_ostream<_CharT, _Traits>::__ostream_type = std::basic_ostream<char>][m[K’
[1.306s]   170 |       [01;36m[Koperator[m[K<<(unsigned long __n)
[1.306s]       |       [01;36m[K^~~~~~~~[m[K
[1.306s] [01m[K/usr/include/c++/9/ostream:170:32:[m[K [01;36m[Knote: [m[K  no known conversion for argument 1 from ‘[01m[Kstd::stringstream[m[K’ {aka ‘[01m[Kstd::__cxx11::basic_stringstream<char>[m[K’} to ‘[01m[Klong unsigned int[m[K’
[1.306s]   170 |       operator<<([01;36m[Kunsigned long __n[m[K)
[1.307s]       |                  [01;36m[K~~~~~~~~~~~~~~^~~[m[K
[1.307s] [01m[K/usr/include/c++/9/ostream:174:7:[m[K [01;36m[Knote: [m[Kcandidate: ‘[01m[Kstd::basic_ostream<_CharT, _Traits>::__ostream_type& std::basic_ostream<_CharT, _Traits>::operator<<(bool) [with _CharT = char; _Traits = std::char_traits<char>; std::basic_ostream<_CharT, _Traits>::__ostream_type = std::basic_ostream<char>][m[K’
[1.307s]   174 |       [01;36m[Koperator[m[K<<(bool __n)
[1.307s]       |       [01;36m[K^~~~~~~~[m[K
[1.307s] [01m[K/usr/include/c++/9/ostream:174:23:[m[K [01;36m[Knote: [m[K  no known conversion for argument 1 from ‘[01m[Kstd::stringstream[m[K’ {aka ‘[01m[Kstd::__cxx11::basic_stringstream<char>[m[K’} to ‘[01m[Kbool[m[K’
[1.307s]   174 |       operator<<([01;36m[Kbool __n[m[K)
[1.307s]       |                  [01;36m[K~~~~~^~~[m[K
[1.307s] In file included from [01m[K/usr/include/c++/9/ostream:702[m[K,
[1.307s]                  from [01m[K/usr/include/c++/9/iostream:39[m[K,
[1.307s]                  from [01m[K/home/arian/Framework/src/framework/src/main.cpp:1[m[K:
[1.308s] [01m[K/usr/include/c++/9/bits/ostream.tcc:91:5:[m[K [01;36m[Knote: [m[Kcandidate: ‘[01m[Kstd::basic_ostream<_CharT, _Traits>& std::basic_ostream<_CharT, _Traits>::operator<<(short int) [with _CharT = char; _Traits = std::char_traits<char>][m[K’
[1.308s]    91 |     [01;36m[Kbasic_ostream<_CharT, _Traits>[m[K::
[1.308s]       |     [01;36m[K^~~~~~~~~~~~~~~~~~~~~~~~~~~~~~[m[K
[1.308s] [01m[K/usr/include/c++/9/bits/ostream.tcc:92:22:[m[K [01;36m[Knote: [m[K  no known conversion for argument 1 from ‘[01m[Kstd::stringstream[m[K’ {aka ‘[01m[Kstd::__cxx11::basic_stringstream<char>[m[K’} to ‘[01m[Kshort int[m[K’
[1.308s]    92 |     operator<<([01;36m[Kshort __n[m[K)
[1.308s]       |                [01;36m[K~~~~~~^~~[m[K
[1.308s] In file included from [01m[K/usr/include/c++/9/iostream:39[m[K,
[1.308s]                  from [01m[K/home/arian/Framework/src/framework/src/main.cpp:1[m[K:
[1.308s] [01m[K/usr/include/c++/9/ostream:181:7:[m[K [01;36m[Knote: [m[Kcandidate: ‘[01m[Kstd::basic_ostream<_CharT, _Traits>::__ostream_type& std::basic_ostream<_CharT, _Traits>::operator<<(short unsigned int) [with _CharT = char; _Traits = std::char_traits<char>; std::basic_ostream<_CharT, _Traits>::__ostream_type = std::basic_ostream<char>][m[K’
[1.308s]   181 |       [01;36m[Koperator[m[K<<(unsigned short __n)
[1.308s]       |       [01;36m[K^~~~~~~~[m[K
[1.309s] [01m[K/usr/include/c++/9/ostream:181:33:[m[K [01;36m[Knote: [m[K  no known conversion for argument 1 from ‘[01m[Kstd::stringstream[m[K’ {aka ‘[01m[Kstd::__cxx11::basic_stringstream<char>[m[K’} to ‘[01m[Kshort unsigned int[m[K’
[1.309s]   181 |       operator<<([01;36m[Kunsigned short __n[m[K)
[1.309s]       |                  [01;36m[K~~~~~~~~~~~~~~~^~~[m[K
[1.309s] In file included from [01m[K/usr/include/c++/9/ostream:702[m[K,
[1.309s]                  from [01m[K/usr/include/c++/9/iostream:39[m[K,
[1.309s]                  from [01m[K/home/arian/Framework/src/framework/src/main.cpp:1[m[K:
[1.309s] [01m[K/usr/include/c++/9/bits/ostream.tcc:105:5:[m[K [01;36m[Knote: [m[Kcandidate: ‘[01m[Kstd::basic_ostream<_CharT, _Traits>& std::basic_ostream<_CharT, _Traits>::operator<<(int) [with _CharT = char; _Traits = std::char_traits<char>][m[K’
[1.309s]   105 |     [01;36m[Kbasic_ostream<_CharT, _Traits>[m[K::
[1.309s]       |     [01;36m[K^~~~~~~~~~~~~~~~~~~~~~~~~~~~~~[m[K
[1.309s] [01m[K/usr/include/c++/9/bits/ostream.tcc:106:20:[m[K [01;36m[Knote: [m[K  no known conversion for argument 1 from ‘[01m[Kstd::stringstream[m[K’ {aka ‘[01m[Kstd::__cxx11::basic_stringstream<char>[m[K’} to ‘[01m[Kint[m[K’
[1.309s]   106 |     operator<<([01;36m[Kint __n[m[K)
[1.310s]       |                [01;36m[K~~~~^~~[m[K
[1.310s] In file included from [01m[K/usr/include/c++/9/iostream:39[m[K,
[1.310s]                  from [01m[K/home/arian/Framework/src/framework/src/main.cpp:1[m[K:
[1.310s] [01m[K/usr/include/c++/9/ostream:192:7:[m[K [01;36m[Knote: [m[Kcandidate: ‘[01m[Kstd::basic_ostream<_CharT, _Traits>::__ostream_type& std::basic_ostream<_CharT, _Traits>::operator<<(unsigned int) [with _CharT = char; _Traits = std::char_traits<char>; std::basic_ostream<_CharT, _Traits>::__ostream_type = std::basic_ostream<char>][m[K’
[1.310s]   192 |       [01;36m[Koperator[m[K<<(unsigned int __n)
[1.310s]       |       [01;36m[K^~~~~~~~[m[K
[1.310s] [01m[K/usr/include/c++/9/ostream:192:31:[m[K [01;36m[Knote: [m[K  no known conversion for argument 1 from ‘[01m[Kstd::stringstream[m[K’ {aka ‘[01m[Kstd::__cxx11::basic_stringstream<char>[m[K’} to ‘[01m[Kunsigned int[m[K’
[1.310s]   192 |       operator<<([01;36m[Kunsigned int __n[m[K)
[1.310s]       |                  [01;36m[K~~~~~~~~~~~~~^~~[m[K
[1.311s] [01m[K/usr/include/c++/9/ostream:201:7:[m[K [01;36m[Knote: [m[Kcandidate: ‘[01m[Kstd::basic_ostream<_CharT, _Traits>::__ostream_type& std::basic_ostream<_CharT, _Traits>::operator<<(long long int) [with _CharT = char; _Traits = std::char_traits<char>; std::basic_ostream<_CharT, _Traits>::__ostream_type = std::basic_ostream<char>][m[K’
[1.311s]   201 |       [01;36m[Koperator[m[K<<(long long __n)
[1.311s]       |       [01;36m[K^~~~~~~~[m[K
[1.311s] [01m[K/usr/include/c++/9/ostream:201:28:[m[K [01;36m[Knote: [m[K  no known conversion for argument 1 from ‘[01m[Kstd::stringstream[m[K’ {aka ‘[01m[Kstd::__cxx11::basic_stringstream<char>[m[K’} to ‘[01m[Klong long int[m[K’
[1.311s]   201 |       operator<<([01;36m[Klong long __n[m[K)
[1.311s]       |                  [01;36m[K~~~~~~~~~~^~~[m[K
[1.311s] [01m[K/usr/include/c++/9/ostream:205:7:[m[K [01;36m[Knote: [m[Kcandidate: ‘[01m[Kstd::basic_ostream<_CharT, _Traits>::__ostream_type& std::basic_ostream<_CharT, _Traits>::operator<<(long long unsigned int) [with _CharT = char; _Traits = std::char_traits<char>; std::basic_ostream<_CharT, _Traits>::__ostream_type = std::basic_ostream<char>][m[K’
[1.311s]   205 |       [01;36m[Koperator[m[K<<(unsigned long long __n)
[1.311s]       |       [01;36m[K^~~~~~~~[m[K
[1.311s] [01m[K/usr/include/c++/9/ostream:205:37:[m[K [01;36m[Knote: [m[K  no known conversion for argument 1 from ‘[01m[Kstd::stringstream[m[K’ {aka ‘[01m[Kstd::__cxx11::basic_stringstream<char>[m[K’} to ‘[01m[Klong long unsigned int[m[K’
[1.311s]   205 |       operator<<([01;36m[Kunsigned long long __n[m[K)
[1.312s]       |                  [01;36m[K~~~~~~~~~~~~~~~~~~~^~~[m[K
[1.312s] [01m[K/usr/include/c++/9/ostream:220:7:[m[K [01;36m[Knote: [m[Kcandidate: ‘[01m[Kstd::basic_ostream<_CharT, _Traits>::__ostream_type& std::basic_ostream<_CharT, _Traits>::operator<<(double) [with _CharT = char; _Traits = std::char_traits<char>; std::basic_ostream<_CharT, _Traits>::__ostream_type = std::basic_ostream<char>][m[K’
[1.312s]   220 |       [01;36m[Koperator[m[K<<(double __f)
[1.312s]       |       [01;36m[K^~~~~~~~[m[K
[1.312s] [01m[K/usr/include/c++/9/ostream:220:25:[m[K [01;36m[Knote: [m[K  no known conversion for argument 1 from ‘[01m[Kstd::stringstream[m[K’ {aka ‘[01m[Kstd::__cxx11::basic_stringstream<char>[m[K’} to ‘[01m[Kdouble[m[K’
[1.312s]   220 |       operator<<([01;36m[Kdouble __f[m[K)
[1.312s]       |                  [01;36m[K~~~~~~~^~~[m[K
[1.312s] [01m[K/usr/include/c++/9/ostream:224:7:[m[K [01;36m[Knote: [m[Kcandidate: ‘[01m[Kstd::basic_ostream<_CharT, _Traits>::__ostream_type& std::basic_ostream<_CharT, _Traits>::operator<<(float) [with _CharT = char; _Traits = std::char_traits<char>; std::basic_ostream<_CharT, _Traits>::__ostream_type = std::basic_ostream<char>][m[K’
[1.312s]   224 |       [01;36m[Koperator[m[K<<(float __f)
[1.312s]       |       [01;36m[K^~~~~~~~[m[K
[1.312s] [01m[K/usr/include/c++/9/ostream:224:24:[m[K [01;36m[Knote: [m[K  no known conversion for argument 1 from ‘[01m[Kstd::stringstream[m[K’ {aka ‘[01m[Kstd::__cxx11::basic_stringstream<char>[m[K’} to ‘[01m[Kfloat[m[K’
[1.313s]   224 |       operator<<([01;36m[Kfloat __f[m[K)
[1.313s]       |                  [01;36m[K~~~~~~^~~[m[K
[1.313s] [01m[K/usr/include/c++/9/ostream:232:7:[m[K [01;36m[Knote: [m[Kcandidate: ‘[01m[Kstd::basic_ostream<_CharT, _Traits>::__ostream_type& std::basic_ostream<_CharT, _Traits>::operator<<(long double) [with _CharT = char; _Traits = std::char_traits<char>; std::basic_ostream<_CharT, _Traits>::__ostream_type = std::basic_ostream<char>][m[K’
[1.313s]   232 |       [01;36m[Koperator[m[K<<(long double __f)
[1.313s]       |       [01;36m[K^~~~~~~~[m[K
[1.313s] [01m[K/usr/include/c++/9/ostream:232:30:[m[K [01;36m[Knote: [m[K  no known conversion for argument 1 from ‘[01m[Kstd::stringstream[m[K’ {aka ‘[01m[Kstd::__cxx11::basic_stringstream<char>[m[K’} to ‘[01m[Klong double[m[K’
[1.313s]   232 |       operator<<([01;36m[Klong double __f[m[K)
[1.313s]       |                  [01;36m[K~~~~~~~~~~~~^~~[m[K
[1.313s] [01m[K/usr/include/c++/9/ostream:245:7:[m[K [01;36m[Knote: [m[Kcandidate: ‘[01m[Kstd::basic_ostream<_CharT, _Traits>::__ostream_type& std::basic_ostream<_CharT, _Traits>::operator<<(const void*) [with _CharT = char; _Traits = std::char_traits<char>; std::basic_ostream<_CharT, _Traits>::__ostream_type = std::basic_ostream<char>][m[K’
[1.313s]   245 |       [01;36m[Koperator[m[K<<(const void* __p)
[1.313s]       |       [01;36m[K^~~~~~~~[m[K
[1.314s] [01m[K/usr/include/c++/9/ostream:245:30:[m[K [01;36m[Knote: [m[K  no known conversion for argument 1 from ‘[01m[Kstd::stringstream[m[K’ {aka ‘[01m[Kstd::__cxx11::basic_stringstream<char>[m[K’} to ‘[01m[Kconst void*[m[K’
[1.314s]   245 |       operator<<([01;36m[Kconst void* __p[m[K)
[1.314s]       |                  [01;36m[K~~~~~~~~~~~~^~~[m[K
[1.314s] In file included from [01m[K/usr/include/c++/9/ostream:702[m[K,
[1.314s]                  from [01m[K/usr/include/c++/9/iostream:39[m[K,
[1.314s]                  from [01m[K/home/arian/Framework/src/framework/src/main.cpp:1[m[K:
[1.314s] [01m[K/usr/include/c++/9/bits/ostream.tcc:119:5:[m[K [01;36m[Knote: [m[Kcandidate: ‘[01m[Kstd::basic_ostream<_CharT, _Traits>& std::basic_ostream<_CharT, _Traits>::operator<<(std::basic_ostream<_CharT, _Traits>::__streambuf_type*) [with _CharT = char; _Traits = std::char_traits<char>; std::basic_ostream<_CharT, _Traits>::__streambuf_type = std::basic_streambuf<char>][m[K’
[1.314s]   119 |     [01;36m[Kbasic_ostream<_CharT, _Traits>[m[K::
[1.314s]       |     [01;36m[K^~~~~~~~~~~~~~~~~~~~~~~~~~~~~~[m[K
[1.314s] [01m[K/usr/include/c++/9/bits/ostream.tcc:120:34:[m[K [01;36m[Knote: [m[K  no known conversion for argument 1 from ‘[01m[Kstd::stringstream[m[K’ {aka ‘[01m[Kstd::__cxx11::basic_stringstream<char>[m[K’} to ‘[01m[Kstd::basic_ostream<char>::__streambuf_type*[m[K’ {aka ‘[01m[Kstd::basic_streambuf<char>*[m[K’}
[1.315s]   120 |     operator<<([01;36m[K__streambuf_type* __sbin[m[K)
[1.315s]       |                [01;36m[K~~~~~~~~~~~~~~~~~~^~~~~~[m[K
[1.315s] In file included from [01m[K/home/arian/Framework/src/framework/src/main.cpp:12[m[K:
[1.315s] [01m[K/home/arian/Framework/src/framework/include/framework/multiply_parallel.hpp:121:15:[m[K [01;36m[Knote: [m[Kcandidate: ‘[01m[Kstd::ostream& operator<<(std::ostream&, const settings&)[m[K’
[1.315s]   121 | std::ostream& [01;36m[Koperator[m[K<<(std::ostream& os, const settings& settings_)
[1.315s]       |               [01;36m[K^~~~~~~~[m[K
[1.315s] [01m[K/home/arian/Framework/src/framework/include/framework/multiply_parallel.hpp:121:60:[m[K [01;36m[Knote: [m[K  no known conversion for argument 2 from ‘[01m[Kstd::stringstream[m[K’ {aka ‘[01m[Kstd::__cxx11::basic_stringstream<char>[m[K’} to ‘[01m[Kconst settings&[m[K’
[1.315s]   121 | std::ostream& operator<<(std::ostream& os, [01;36m[Kconst settings& settings_[m[K)
[1.315s]       |                                            [01;36m[K~~~~~~~~~~~~~~~~^~~~~~~~~[m[K
[1.315s] In file included from [01m[K/usr/include/c++/9/string:55[m[K,
[1.315s]                  from [01m[K/usr/include/c++/9/bits/locale_classes.h:40[m[K,
[1.316s]                  from [01m[K/usr/include/c++/9/bits/ios_base.h:41[m[K,
[1.316s]                  from [01m[K/usr/include/c++/9/ios:42[m[K,
[1.316s]                  from [01m[K/usr/include/c++/9/ostream:38[m[K,
[1.316s]                  from [01m[K/usr/include/c++/9/iostream:39[m[K,
[1.316s]                  from [01m[K/home/arian/Framework/src/framework/src/main.cpp:1[m[K:
[1.316s] [01m[K/usr/include/c++/9/bits/basic_string.h:6416:5:[m[K [01;36m[Knote: [m[Kcandidate: ‘[01m[Ktemplate<class _CharT, class _Traits, class _Alloc> std::basic_ostream<_CharT, _Traits>& std::operator<<(std::basic_ostream<_CharT, _Traits>&, const std::__cxx11::basic_string<_CharT, _Traits, _Alloc>&)[m[K’
[1.316s]  6416 |     [01;36m[Koperator[m[K<<(basic_ostream<_CharT, _Traits>& __os,
[1.316s]       |     [01;36m[K^~~~~~~~[m[K
[1.316s] [01m[K/usr/include/c++/9/bits/basic_string.h:6416:5:[m[K [01;36m[Knote: [m[K  template argument deduction/substitution failed:
[1.316s] In file included from [01m[K/home/arian/Framework/src/framework/src/main.cpp:12[m[K:
[1.316s] [01m[K/home/arian/Framework/src/framework/include/framework/multiply_parallel.hpp:578:20:[m[K [01;36m[Knote: [m[K  ‘[01m[Kstd::stringstream[m[K’ {aka ‘[01m[Kstd::__cxx11::basic_stringstream<char>[m[K’} is not derived from ‘[01m[Kconst std::__cxx11::basic_string<_CharT, _Traits, _Alloc>[m[K’
[1.317s]   578 |             ofs << [01;36m[Koutput_stream[m[K;
[1.317s]       |                    [01;36m[K^~~~~~~~~~~~~[m[K
[1.317s] In file included from [01m[K/usr/include/c++/9/bits/ios_base.h:46[m[K,
[1.317s]                  from [01m[K/usr/include/c++/9/ios:42[m[K,
[1.317s]                  from [01m[K/usr/include/c++/9/ostream:38[m[K,
[1.317s]                  from [01m[K/usr/include/c++/9/iostream:39[m[K,
[1.317s]                  from [01m[K/home/arian/Framework/src/framework/src/main.cpp:1[m[K:
[1.317s] [01m[K/usr/include/c++/9/system_error:217:5:[m[K [01;36m[Knote: [m[Kcandidate: ‘[01m[Ktemplate<class _CharT, class _Traits> std::basic_ostream<_CharT, _Traits>& std::operator<<(std::basic_ostream<_CharT, _Traits>&, const std::error_code&)[m[K’
[1.317s]   217 |     [01;36m[Koperator[m[K<<(basic_ostream<_CharT, _Traits>& __os, const error_code& __e)
[1.317s]       |     [01;36m[K^~~~~~~~[m[K
[1.318s] [01m[K/usr/include/c++/9/system_error:217:5:[m[K [01;36m[Knote: [m[K  template argument deduction/substitution failed:
[1.318s] In file included from [01m[K/home/arian/Framework/src/framework/src/main.cpp:12[m[K:
[1.318s] [01m[K/home/arian/Framework/src/framework/include/framework/multiply_parallel.hpp:578:20:[m[K [01;36m[Knote: [m[K  cannot convert ‘[01m[K((json_generator*)this)->json_generator::output_stream[m[K’ (type ‘[01m[Kstd::stringstream[m[K’ {aka ‘[01m[Kstd::__cxx11::basic_stringstream<char>[m[K’}) to type ‘[01m[Kconst std::error_code&[m[K’
[1.318s]   578 |             ofs << [01;36m[Koutput_stream[m[K;
[1.318s]       |                    [01;36m[K^~~~~~~~~~~~~[m[K
[1.318s] In file included from [01m[K/usr/include/c++/9/iostream:39[m[K,
[1.318s]                  from [01m[K/home/arian/Framework/src/framework/src/main.cpp:1[m[K:
[1.318s] [01m[K/usr/include/c++/9/ostream:506:5:[m[K [01;36m[Knote: [m[Kcandidate: ‘[01m[Ktemplate<class _CharT, class _Traits> std::basic_ostream<_CharT, _Traits>& std::operator<<(std::basic_ostream<_CharT, _Traits>&, _CharT)[m[K’
[1.318s]   506 |     [01;36m[Koperator[m[K<<(basic_ostream<_CharT, _Traits>& __out, _CharT __c)
[1.318s]       |     [01;36m[K^~~~~~~~[m[K
[1.318s] [01m[K/usr/include/c++/9/ostream:506:5:[m[K [01;36m[Knote: [m[K  template argument deduction/substitution failed:
[1.319s] In file included from [01m[K/home/arian/Framework/src/framework/src/main.cpp:12[m[K:
[1.319s] [01m[K/home/arian/Framework/src/framework/include/framework/multiply_parallel.hpp:578:20:[m[K [01;36m[Knote: [m[K  deduced conflicting types for parameter ‘[01m[K_CharT[m[K’ (‘[01m[Kchar[m[K’ and ‘[01m[Kstd::__cxx11::basic_stringstream<char>[m[K’)
[1.319s]   578 |             ofs << [01;36m[Koutput_stream[m[K;
[1.319s]       |                    [01;36m[K^~~~~~~~~~~~~[m[K
[1.319s] In file included from [01m[K/usr/include/c++/9/iostream:39[m[K,
[1.319s]                  from [01m[K/home/arian/Framework/src/framework/src/main.cpp:1[m[K:
[1.319s] [01m[K/usr/include/c++/9/ostream:511:5:[m[K [01;36m[Knote: [m[Kcandidate: ‘[01m[Ktemplate<class _CharT, class _Traits> std::basic_ostream<_CharT, _Traits>& std::operator<<(std::basic_ostream<_CharT, _Traits>&, char)[m[K’
[1.319s]   511 |     [01;36m[Koperator[m[K<<(basic_ostream<_CharT, _Traits>& __out, char __c)
[1.319s]       |     [01;36m[K^~~~~~~~[m[K
[1.319s] [01m[K/usr/include/c++/9/ostream:511:5:[m[K [01;36m[Knote: [m[K  template argument deduction/substitution failed:
[1.320s] In file included from [01m[K/home/arian/Framework/src/framework/src/main.cpp:12[m[K:
[1.320s] [01m[K/home/arian/Framework/src/framework/include/framework/multiply_parallel.hpp:578:20:[m[K [01;36m[Knote: [m[K  cannot convert ‘[01m[K((json_generator*)this)->json_generator::output_stream[m[K’ (type ‘[01m[Kstd::stringstream[m[K’ {aka ‘[01m[Kstd::__cxx11::basic_stringstream<char>[m[K’}) to type ‘[01m[Kchar[m[K’
[1.320s]   578 |             ofs << [01;36m[Koutput_stream[m[K;
[1.320s]       |                    [01;36m[K^~~~~~~~~~~~~[m[K
[1.320s] In file included from [01m[K/usr/include/c++/9/iostream:39[m[K,
[1.320s]                  from [01m[K/home/arian/Framework/src/framework/src/main.cpp:1[m[K:
[1.320s] [01m[K/usr/include/c++/9/ostream:517:5:[m[K [01;36m[Knote: [m[Kcandidate: ‘[01m[Ktemplate<class _Traits> std::basic_ostream<char, _Traits>& std::operator<<(std::basic_ostream<char, _Traits>&, char)[m[K’
[1.320s]   517 |     [01;36m[Koperator[m[K<<(basic_ostream<char, _Traits>& __out, char __c)
[1.320s]       |     [01;36m[K^~~~~~~~[m[K
[1.320s] [01m[K/usr/include/c++/9/ostream:517:5:[m[K [01;36m[Knote: [m[K  template argument deduction/substitution failed:
[1.320s] In file included from [01m[K/home/arian/Framework/src/framework/src/main.cpp:12[m[K:
[1.321s] [01m[K/home/arian/Framework/src/framework/include/framework/multiply_parallel.hpp:578:20:[m[K [01;36m[Knote: [m[K  cannot convert ‘[01m[K((json_generator*)this)->json_generator::output_stream[m[K’ (type ‘[01m[Kstd::stringstream[m[K’ {aka ‘[01m[Kstd::__cxx11::basic_stringstream<char>[m[K’}) to type ‘[01m[Kchar[m[K’
[1.321s]   578 |             ofs << [01;36m[Koutput_stream[m[K;
[1.321s]       |                    [01;36m[K^~~~~~~~~~~~~[m[K
[1.321s] In file included from [01m[K/usr/include/c++/9/iostream:39[m[K,
[1.321s]                  from [01m[K/home/arian/Framework/src/framework/src/main.cpp:1[m[K:
[1.321s] [01m[K/usr/include/c++/9/ostream:523:5:[m[K [01;36m[Knote: [m[Kcandidate: ‘[01m[Ktemplate<class _Traits> std::basic_ostream<char, _Traits>& std::operator<<(std::basic_ostream<char, _Traits>&, signed char)[m[K’
[1.321s]   523 |     [01;36m[Koperator[m[K<<(basic_ostream<char, _Traits>& __out, signed char __c)
[1.321s]       |     [01;36m[K^~~~~~~~[m[K
[1.321s] [01m[K/usr/include/c++/9/ostream:523:5:[m[K [01;36m[Knote: [m[K  template argument deduction/substitution failed:
[1.321s] In file included from [01m[K/home/arian/Framework/src/framework/src/main.cpp:12[m[K:
[1.321s] [01m[K/home/arian/Framework/src/framework/include/framework/multiply_parallel.hpp:578:20:[m[K [01;36m[Knote: [m[K  cannot convert ‘[01m[K((json_generator*)this)->json_generator::output_stream[m[K’ (type ‘[01m[Kstd::stringstream[m[K’ {aka ‘[01m[Kstd::__cxx11::basic_stringstream<char>[m[K’}) to type ‘[01m[Ksigned char[m[K’
[1.322s]   578 |             ofs << [01;36m[Koutput_stream[m[K;
[1.322s]       |                    [01;36m[K^~~~~~~~~~~~~[m[K
[1.322s] In file included from [01m[K/usr/include/c++/9/iostream:39[m[K,
[1.322s]                  from [01m[K/home/arian/Framework/src/framework/src/main.cpp:1[m[K:
[1.322s] [01m[K/usr/include/c++/9/ostream:528:5:[m[K [01;36m[Knote: [m[Kcandidate: ‘[01m[Ktemplate<class _Traits> std::basic_ostream<char, _Traits>& std::operator<<(std::basic_ostream<char, _Traits>&, unsigned char)[m[K’
[1.322s]   528 |     [01;36m[Koperator[m[K<<(basic_ostream<char, _Traits>& __out, unsigned char __c)
[1.322s]       |     [01;36m[K^~~~~~~~[m[K
[1.322s] [01m[K/usr/include/c++/9/ostream:528:5:[m[K [01;36m[Knote: [m[K  template argument deduction/substitution failed:
[1.322s] In file included from [01m[K/home/arian/Framework/src/framework/src/main.cpp:12[m[K:
[1.322s] [01m[K/home/arian/Framework/src/framework/include/framework/multiply_parallel.hpp:578:20:[m[K [01;36m[Knote: [m[K  cannot convert ‘[01m[K((json_generator*)this)->json_generator::output_stream[m[K’ (type ‘[01m[Kstd::stringstream[m[K’ {aka ‘[01m[Kstd::__cxx11::basic_stringstream<char>[m[K’}) to type ‘[01m[Kunsigned char[m[K’
[1.323s]   578 |             ofs << [01;36m[Koutput_stream[m[K;
[1.323s]       |                    [01;36m[K^~~~~~~~~~~~~[m[K
[1.323s] In file included from [01m[K/usr/include/c++/9/iostream:39[m[K,
[1.323s]                  from [01m[K/home/arian/Framework/src/framework/src/main.cpp:1[m[K:
[1.323s] [01m[K/usr/include/c++/9/ostream:548:5:[m[K [01;36m[Knote: [m[Kcandidate: ‘[01m[Ktemplate<class _CharT, class _Traits> std::basic_ostream<_CharT, _Traits>& std::operator<<(std::basic_ostream<_CharT, _Traits>&, const _CharT*)[m[K’
[1.323s]   548 |     [01;36m[Koperator[m[K<<(basic_ostream<_CharT, _Traits>& __out, const _CharT* __s)
[1.323s]       |     [01;36m[K^~~~~~~~[m[K
[1.323s] [01m[K/usr/include/c++/9/ostream:548:5:[m[K [01;36m[Knote: [m[K  template argument deduction/substitution failed:
[1.323s] In file included from [01m[K/home/arian/Framework/src/framework/src/main.cpp:12[m[K:
[1.323s] [01m[K/home/arian/Framework/src/framework/include/framework/multiply_parallel.hpp:578:20:[m[K [01;36m[Knote: [m[K  mismatched types ‘[01m[Kconst _CharT*[m[K’ and ‘[01m[Kstd::__cxx11::basic_stringstream<char>[m[K’
[1.323s]   578 |             ofs << [01;36m[Koutput_stream[m[K;
[1.324s]       |                    [01;36m[K^~~~~~~~~~~~~[m[K
[1.324s] In file included from [01m[K/usr/include/c++/9/ostream:702[m[K,
[1.324s]                  from [01m[K/usr/include/c++/9/iostream:39[m[K,
[1.324s]                  from [01m[K/home/arian/Framework/src/framework/src/main.cpp:1[m[K:
[1.324s] [01m[K/usr/include/c++/9/bits/ostream.tcc:321:5:[m[K [01;36m[Knote: [m[Kcandidate: ‘[01m[Ktemplate<class _CharT, class _Traits> std::basic_ostream<_CharT, _Traits>& std::operator<<(std::basic_ostream<_CharT, _Traits>&, const char*)[m[K’
[1.324s]   321 |     [01;36m[Koperator[m[K<<(basic_ostream<_CharT, _Traits>& __out, const char* __s)
[1.324s]       |     [01;36m[K^~~~~~~~[m[K
[1.324s] [01m[K/usr/include/c++/9/bits/ostream.tcc:321:5:[m[K [01;36m[Knote: [m[K  template argument deduction/substitution failed:
[1.324s] In file included from [01m[K/home/arian/Framework/src/framework/src/main.cpp:12[m[K:
[1.324s] [01m[K/home/arian/Framework/src/framework/include/framework/multiply_parallel.hpp:578:20:[m[K [01;36m[Knote: [m[K  cannot convert ‘[01m[K((json_generator*)this)->json_generator::output_stream[m[K’ (type ‘[01m[Kstd::stringstream[m[K’ {aka ‘[01m[Kstd::__cxx11::basic_stringstream<char>[m[K’}) to type ‘[01m[Kconst char*[m[K’
[1.325s]   578 |             ofs << [01;36m[Koutput_stream[m[K;
[1.325s]       |                    [01;36m[K^~~~~~~~~~~~~[m[K
[1.325s] In file included from [01m[K/usr/include/c++/9/iostream:39[m[K,
[1.325s]                  from [01m[K/home/arian/Framework/src/framework/src/main.cpp:1[m[K:
[1.325s] [01m[K/usr/include/c++/9/ostream:565:5:[m[K [01;36m[Knote: [m[Kcandidate: ‘[01m[Ktemplate<class _Traits> std::basic_ostream<char, _Traits>& std::operator<<(std::basic_ostream<char, _Traits>&, const char*)[m[K’
[1.325s]   565 |     [01;36m[Koperator[m[K<<(basic_ostream<char, _Traits>& __out, const char* __s)
[1.325s]       |     [01;36m[K^~~~~~~~[m[K
[1.325s] [01m[K/usr/include/c++/9/ostream:565:5:[m[K [01;36m[Knote: [m[K  template argument deduction/substitution failed:
[1.325s] In file included from [01m[K/home/arian/Framework/src/framework/src/main.cpp:12[m[K:
[1.325s] [01m[K/home/arian/Framework/src/framework/include/framework/multiply_parallel.hpp:578:20:[m[K [01;36m[Knote: [m[K  cannot convert ‘[01m[K((json_generator*)this)->json_generator::output_stream[m[K’ (type ‘[01m[Kstd::stringstream[m[K’ {aka ‘[01m[Kstd::__cxx11::basic_stringstream<char>[m[K’}) to type ‘[01m[Kconst char*[m[K’
[1.326s]   578 |             ofs << [01;36m[Koutput_stream[m[K;
[1.326s]       |                    [01;36m[K^~~~~~~~~~~~~[m[K
[1.326s] In file included from [01m[K/usr/include/c++/9/iostream:39[m[K,
[1.326s]                  from [01m[K/home/arian/Framework/src/framework/src/main.cpp:1[m[K:
[1.326s] [01m[K/usr/include/c++/9/ostream:578:5:[m[K [01;36m[Knote: [m[Kcandidate: ‘[01m[Ktemplate<class _Traits> std::basic_ostream<char, _Traits>& std::operator<<(std::basic_ostream<char, _Traits>&, const signed char*)[m[K’
[1.326s]   578 |     [01;36m[Koperator[m[K<<(basic_ostream<char, _Traits>& __out, const signed char* __s)
[1.326s]       |     [01;36m[K^~~~~~~~[m[K
[1.326s] [01m[K/usr/include/c++/9/ostream:578:5:[m[K [01;36m[Knote: [m[K  template argument deduction/substitution failed:
[1.326s] In file included from [01m[K/home/arian/Framework/src/framework/src/main.cpp:12[m[K:
[1.326s] [01m[K/home/arian/Framework/src/framework/include/framework/multiply_parallel.hpp:578:20:[m[K [01;36m[Knote: [m[K  cannot convert ‘[01m[K((json_generator*)this)->json_generator::output_stream[m[K’ (type ‘[01m[Kstd::stringstream[m[K’ {aka ‘[01m[Kstd::__cxx11::basic_stringstream<char>[m[K’}) to type ‘[01m[Kconst signed char*[m[K’
[1.326s]   578 |             ofs << [01;36m[Koutput_stream[m[K;
[1.327s]       |                    [01;36m[K^~~~~~~~~~~~~[m[K
[1.327s] In file included from [01m[K/usr/include/c++/9/iostream:39[m[K,
[1.327s]                  from [01m[K/home/arian/Framework/src/framework/src/main.cpp:1[m[K:
[1.327s] [01m[K/usr/include/c++/9/ostream:583:5:[m[K [01;36m[Knote: [m[Kcandidate: ‘[01m[Ktemplate<class _Traits> std::basic_ostream<char, _Traits>& std::operator<<(std::basic_ostream<char, _Traits>&, const unsigned char*)[m[K’
[1.327s]   583 |     [01;36m[Koperator[m[K<<(basic_ostream<char, _Traits>& __out, const unsigned char* __s)
[1.327s]       |     [01;36m[K^~~~~~~~[m[K
[1.327s] [01m[K/usr/include/c++/9/ostream:583:5:[m[K [01;36m[Knote: [m[K  template argument deduction/substitution failed:
[1.327s] In file included from [01m[K/home/arian/Framework/src/framework/src/main.cpp:12[m[K:
[1.327s] [01m[K/home/arian/Framework/src/framework/include/framework/multiply_parallel.hpp:578:20:[m[K [01;36m[Knote: [m[K  cannot convert ‘[01m[K((json_generator*)this)->json_generator::output_stream[m[K’ (type ‘[01m[Kstd::stringstream[m[K’ {aka ‘[01m[Kstd::__cxx11::basic_stringstream<char>[m[K’}) to type ‘[01m[Kconst unsigned char*[m[K’
[1.327s]   578 |             ofs << [01;36m[Koutput_stream[m[K;
[1.327s]       |                    [01;36m[K^~~~~~~~~~~~~[m[K
[1.328s] In file included from [01m[K/usr/include/c++/9/iostream:39[m[K,
[1.328s]                  from [01m[K/home/arian/Framework/src/framework/src/main.cpp:1[m[K:
[1.328s] [01m[K/usr/include/c++/9/ostream:691:5:[m[K [01;36m[Knote: [m[Kcandidate: ‘[01m[Ktemplate<class _Ostream, class _Tp> typename std::enable_if<std::__and_<std::__not_<std::is_lvalue_reference<_Tp> >, std::__is_convertible_to_basic_ostream<_Ostream>, std::__is_insertable<typename std::__is_convertible_to_basic_ostream<_Tp>::__ostream_type, const _Tp&, void> >::value, typename std::__is_convertible_to_basic_ostream<_Tp>::__ostream_type>::type std::operator<<(_Ostream&&, const _Tp&)[m[K’
[1.328s]   691 |     [01;36m[Koperator[m[K<<(_Ostream&& __os, const _Tp& __x)
[1.328s]       |     [01;36m[K^~~~~~~~[m[K
[1.328s] [01m[K/usr/include/c++/9/ostream:691:5:[m[K [01;36m[Knote: [m[K  template argument deduction/substitution failed:
[1.328s] /usr/include/c++/9/ostream: In substitution of ‘[01m[Ktemplate<class _Ostream, class _Tp> typename std::enable_if<std::__and_<std::__not_<std::is_lvalue_reference<_Tp> >, std::__is_convertible_to_basic_ostream<_Ostream>, std::__is_insertable<typename std::__is_convertible_to_basic_ostream<_Tp>::__ostream_type, const _Tp&, void> >::value, typename std::__is_convertible_to_basic_ostream<_Tp>::__ostream_type>::type std::operator<<(_Ostream&&, const _Tp&) [with _Ostream = std::basic_ofstream<char>&; _Tp = std::__cxx11::basic_stringstream<char>][m[K’:
[1.328s] [01m[K/home/arian/Framework/src/framework/include/framework/multiply_parallel.hpp:578:20:[m[K   required from here
[1.328s] [01m[K/usr/include/c++/9/ostream:691:5:[m[K [01;31m[Kerror: [m[Kno type named ‘[01m[Ktype[m[K’ in ‘[01m[Kstruct std::enable_if<false, std::basic_ostream<char>&>[m[K’
[1.328s] In file included from [01m[K/usr/include/c++/9/memory:81[m[K,
[1.329s]                  from [01m[K/home/arian/ros2_foxy/install/rclcpp/include/rclcpp/rclcpp.hpp:144[m[K,
[1.329s]                  from [01m[K/home/arian/Framework/src/framework/src/main.cpp:2[m[K:
[1.329s] [01m[K/usr/include/c++/9/bits/shared_ptr.h:66:5:[m[K [01;36m[Knote: [m[Kcandidate: ‘[01m[Ktemplate<class _Ch, class _Tr, class _Tp, __gnu_cxx::_Lock_policy _Lp> std::basic_ostream<_CharT, _Traits>& std::operator<<(std::basic_ostream<_CharT, _Traits>&, const std::__shared_ptr<_Tp, _Lp>&)[m[K’
[1.329s]    66 |     [01;36m[Koperator[m[K<<(std::basic_ostream<_Ch, _Tr>& __os,
[1.329s]       |     [01;36m[K^~~~~~~~[m[K
[1.329s] [01m[K/usr/include/c++/9/bits/shared_ptr.h:66:5:[m[K [01;36m[Knote: [m[K  template argument deduction/substitution failed:
[1.329s] In file included from [01m[K/home/arian/Framework/src/framework/src/main.cpp:12[m[K:
[1.329s] [01m[K/home/arian/Framework/src/framework/include/framework/multiply_parallel.hpp:578:20:[m[K [01;36m[Knote: [m[K  ‘[01m[Kstd::stringstream[m[K’ {aka ‘[01m[Kstd::__cxx11::basic_stringstream<char>[m[K’} is not derived from ‘[01m[Kconst std::__shared_ptr<_Tp, _Lp>[m[K’
[1.329s]   578 |             ofs << [01;36m[Koutput_stream[m[K;
[1.329s]       |                    [01;36m[K^~~~~~~~~~~~~[m[K
[1.330s] In file included from [01m[K/usr/include/c++/9/future:39[m[K,
[1.330s]                  from [01m[K/home/arian/ros2_foxy/install/rclcpp/include/rclcpp/executors.hpp:18[m[K,
[1.330s]                  from [01m[K/home/arian/ros2_foxy/install/rclcpp/include/rclcpp/rclcpp.hpp:146[m[K,
[1.330s]                  from [01m[K/home/arian/Framework/src/framework/src/main.cpp:2[m[K:
[1.330s] [01m[K/usr/include/c++/9/thread:322:5:[m[K [01;36m[Knote: [m[Kcandidate: ‘[01m[Ktemplate<class _CharT, class _Traits> std::basic_ostream<_CharT, _Traits>& std::operator<<(std::basic_ostream<_CharT, _Traits>&, std::thread::id)[m[K’
[1.330s]   322 |     [01;36m[Koperator[m[K<<(basic_ostream<_CharT, _Traits>& __out, thread::id __id)
[1.330s]       |     [01;36m[K^~~~~~~~[m[K
[1.330s] [01m[K/usr/include/c++/9/thread:322:5:[m[K [01;36m[Knote: [m[K  template argument deduction/substitution failed:
[1.330s] In file included from [01m[K/home/arian/Framework/src/framework/src/main.cpp:12[m[K:
[1.330s] [01m[K/home/arian/Framework/src/framework/include/framework/multiply_parallel.hpp:578:20:[m[K [01;36m[Knote: [m[K  cannot convert ‘[01m[K((json_generator*)this)->json_generator::output_stream[m[K’ (type ‘[01m[Kstd::stringstream[m[K’ {aka ‘[01m[Kstd::__cxx11::basic_stringstream<char>[m[K’}) to type ‘[01m[Kstd::thread::id[m[K’
[1.331s]   578 |             ofs << [01;36m[Koutput_stream[m[K;
[1.331s]       |                    [01;36m[K^~~~~~~~~~~~~[m[K
[1.331s] In file included from [01m[K/home/arian/Framework/src/framework/src/main.cpp:6[m[K:
[1.331s] [01m[K/usr/include/c++/9/iomanip:79:5:[m[K [01;36m[Knote: [m[Kcandidate: ‘[01m[Ktemplate<class _CharT, class _Traits> std::basic_ostream<_CharT, _Traits>& std::operator<<(std::basic_ostream<_CharT, _Traits>&, std::_Resetiosflags)[m[K’
[1.331s]    79 |     [01;36m[Koperator[m[K<<(basic_ostream<_CharT, _Traits>& __os, _Resetiosflags __f)
[1.331s]       |     [01;36m[K^~~~~~~~[m[K
[1.331s] [01m[K/usr/include/c++/9/iomanip:79:5:[m[K [01;36m[Knote: [m[K  template argument deduction/substitution failed:
[1.331s] In file included from [01m[K/home/arian/Framework/src/framework/src/main.cpp:12[m[K:
[1.331s] [01m[K/home/arian/Framework/src/framework/include/framework/multiply_parallel.hpp:578:20:[m[K [01;36m[Knote: [m[K  cannot convert ‘[01m[K((json_generator*)this)->json_generator::output_stream[m[K’ (type ‘[01m[Kstd::stringstream[m[K’ {aka ‘[01m[Kstd::__cxx11::basic_stringstream<char>[m[K’}) to type ‘[01m[Kstd::_Resetiosflags[m[K’
[1.331s]   578 |             ofs << [01;36m[Koutput_stream[m[K;
[1.331s]       |                    [01;36m[K^~~~~~~~~~~~~[m[K
[1.332s] In file included from [01m[K/home/arian/Framework/src/framework/src/main.cpp:6[m[K:
[1.332s] [01m[K/usr/include/c++/9/iomanip:109:5:[m[K [01;36m[Knote: [m[Kcandidate: ‘[01m[Ktemplate<class _CharT, class _Traits> std::basic_ostream<_CharT, _Traits>& std::operator<<(std::basic_ostream<_CharT, _Traits>&, std::_Setiosflags)[m[K’
[1.332s]   109 |     [01;36m[Koperator[m[K<<(basic_ostream<_CharT, _Traits>& __os, _Setiosflags __f)
[1.332s]       |     [01;36m[K^~~~~~~~[m[K
[1.332s] [01m[K/usr/include/c++/9/iomanip:109:5:[m[K [01;36m[Knote: [m[K  template argument deduction/substitution failed:
[1.332s] In file included from [01m[K/home/arian/Framework/src/framework/src/main.cpp:12[m[K:
[1.332s] [01m[K/home/arian/Framework/src/framework/include/framework/multiply_parallel.hpp:578:20:[m[K [01;36m[Knote: [m[K  cannot convert ‘[01m[K((json_generator*)this)->json_generator::output_stream[m[K’ (type ‘[01m[Kstd::stringstream[m[K’ {aka ‘[01m[Kstd::__cxx11::basic_stringstream<char>[m[K’}) to type ‘[01m[Kstd::_Setiosflags[m[K’
[1.332s]   578 |             ofs << [01;36m[Koutput_stream[m[K;
[1.332s]       |                    [01;36m[K^~~~~~~~~~~~~[m[K
[1.332s] In file included from [01m[K/home/arian/Framework/src/framework/src/main.cpp:6[m[K:
[1.332s] [01m[K/usr/include/c++/9/iomanip:143:5:[m[K [01;36m[Knote: [m[Kcandidate: ‘[01m[Ktemplate<class _CharT, class _Traits> std::basic_ostream<_CharT, _Traits>& std::operator<<(std::basic_ostream<_CharT, _Traits>&, std::_Setbase)[m[K’
[1.333s]   143 |     [01;36m[Koperator[m[K<<(basic_ostream<_CharT, _Traits>& __os, _Setbase __f)
[1.333s]       |     [01;36m[K^~~~~~~~[m[K
[1.333s] [01m[K/usr/include/c++/9/iomanip:143:5:[m[K [01;36m[Knote: [m[K  template argument deduction/substitution failed:
[1.333s] In file included from [01m[K/home/arian/Framework/src/framework/src/main.cpp:12[m[K:
[1.333s] [01m[K/home/arian/Framework/src/framework/include/framework/multiply_parallel.hpp:578:20:[m[K [01;36m[Knote: [m[K  cannot convert ‘[01m[K((json_generator*)this)->json_generator::output_stream[m[K’ (type ‘[01m[Kstd::stringstream[m[K’ {aka ‘[01m[Kstd::__cxx11::basic_stringstream<char>[m[K’}) to type ‘[01m[Kstd::_Setbase[m[K’
[1.333s]   578 |             ofs << [01;36m[Koutput_stream[m[K;
[1.333s]       |                    [01;36m[K^~~~~~~~~~~~~[m[K
[1.333s] In file included from [01m[K/home/arian/Framework/src/framework/src/main.cpp:6[m[K:
[1.333s] [01m[K/usr/include/c++/9/iomanip:178:5:[m[K [01;36m[Knote: [m[Kcandidate: ‘[01m[Ktemplate<class _CharT, class _Traits> std::basic_ostream<_CharT, _Traits>& std::operator<<(std::basic_ostream<_CharT, _Traits>&, std::_Setfill<_CharT>)[m[K’
[1.334s]   178 |     [01;36m[Koperator[m[K<<(basic_ostream<_CharT, _Traits>& __os, _Setfill<_CharT> __f)
[1.334s]       |     [01;36m[K^~~~~~~~[m[K
[1.334s] [01m[K/usr/include/c++/9/iomanip:178:5:[m[K [01;36m[Knote: [m[K  template argument deduction/substitution failed:
[1.334s] In file included from [01m[K/home/arian/Framework/src/framework/src/main.cpp:12[m[K:
[1.334s] [01m[K/home/arian/Framework/src/framework/include/framework/multiply_parallel.hpp:578:20:[m[K [01;36m[Knote: [m[K  ‘[01m[Kstd::__cxx11::basic_stringstream<char>[m[K’ is not derived from ‘[01m[Kstd::_Setfill<_CharT>[m[K’
[1.334s]   578 |             ofs << [01;36m[Koutput_stream[m[K;
[1.334s]       |                    [01;36m[K^~~~~~~~~~~~~[m[K
[1.334s] In file included from [01m[K/home/arian/Framework/src/framework/src/main.cpp:6[m[K:
[1.334s] [01m[K/usr/include/c++/9/iomanip:208:5:[m[K [01;36m[Knote: [m[Kcandidate: ‘[01m[Ktemplate<class _CharT, class _Traits> std::basic_ostream<_CharT, _Traits>& std::operator<<(std::basic_ostream<_CharT, _Traits>&, std::_Setprecision)[m[K’
[1.334s]   208 |     [01;36m[Koperator[m[K<<(basic_ostream<_CharT, _Traits>& __os, _Setprecision __f)
[1.334s]       |     [01;36m[K^~~~~~~~[m[K
[1.335s] [01m[K/usr/include/c++/9/iomanip:208:5:[m[K [01;36m[Knote: [m[K  template argument deduction/substitution failed:
[1.335s] In file included from [01m[K/home/arian/Framework/src/framework/src/main.cpp:12[m[K:
[1.335s] [01m[K/home/arian/Framework/src/framework/include/framework/multiply_parallel.hpp:578:20:[m[K [01;36m[Knote: [m[K  cannot convert ‘[01m[K((json_generator*)this)->json_generator::output_stream[m[K’ (type ‘[01m[Kstd::stringstream[m[K’ {aka ‘[01m[Kstd::__cxx11::basic_stringstream<char>[m[K’}) to type ‘[01m[Kstd::_Setprecision[m[K’
[1.335s]   578 |             ofs << [01;36m[Koutput_stream[m[K;
[1.335s]       |                    [01;36m[K^~~~~~~~~~~~~[m[K
[1.335s] In file included from [01m[K/home/arian/Framework/src/framework/src/main.cpp:6[m[K:
[1.335s] [01m[K/usr/include/c++/9/iomanip:238:5:[m[K [01;36m[Knote: [m[Kcandidate: ‘[01m[Ktemplate<class _CharT, class _Traits> std::basic_ostream<_CharT, _Traits>& std::operator<<(std::basic_ostream<_CharT, _Traits>&, std::_Setw)[m[K’
[1.335s]   238 |     [01;36m[Koperator[m[K<<(basic_ostream<_CharT, _Traits>& __os, _Setw __f)
[1.335s]       |     [01;36m[K^~~~~~~~[m[K
[1.335s] [01m[K/usr/include/c++/9/iomanip:238:5:[m[K [01;36m[Knote: [m[K  template argument deduction/substitution failed:
[1.336s] In file included from [01m[K/home/arian/Framework/src/framework/src/main.cpp:12[m[K:
[1.336s] [01m[K/home/arian/Framework/src/framework/include/framework/multiply_parallel.hpp:578:20:[m[K [01;36m[Knote: [m[K  cannot convert ‘[01m[K((json_generator*)this)->json_generator::output_stream[m[K’ (type ‘[01m[Kstd::stringstream[m[K’ {aka ‘[01m[Kstd::__cxx11::basic_stringstream<char>[m[K’}) to type ‘[01m[Kstd::_Setw[m[K’
[1.336s]   578 |             ofs << [01;36m[Koutput_stream[m[K;
[1.336s]       |                    [01;36m[K^~~~~~~~~~~~~[m[K
[1.336s] In file included from [01m[K/home/arian/Framework/src/framework/src/main.cpp:6[m[K:
[1.336s] [01m[K/usr/include/c++/9/iomanip:311:5:[m[K [01;36m[Knote: [m[Kcandidate: ‘[01m[Ktemplate<class _CharT, class _Traits, class _MoneyT> std::basic_ostream<_CharT, _Traits>& std::operator<<(std::basic_ostream<_CharT, _Traits>&, std::_Put_money<_MoneyT>)[m[K’
[1.336s]   311 |     [01;36m[Koperator[m[K<<(basic_ostream<_CharT, _Traits>& __os, _Put_money<_MoneyT> __f)
[1.336s]       |     [01;36m[K^~~~~~~~[m[K
[1.336s] [01m[K/usr/include/c++/9/iomanip:311:5:[m[K [01;36m[Knote: [m[K  template argument deduction/substitution failed:
[1.336s] In file included from [01m[K/home/arian/Framework/src/framework/src/main.cpp:12[m[K:
[1.336s] [01m[K/home/arian/Framework/src/framework/include/framework/multiply_parallel.hpp:578:20:[m[K [01;36m[Knote: [m[K  ‘[01m[Kstd::__cxx11::basic_stringstream<char>[m[K’ is not derived from ‘[01m[Kstd::_Put_money<_MoneyT>[m[K’
[1.337s]   578 |             ofs << [01;36m[Koutput_stream[m[K;
[1.337s]       |                    [01;36m[K^~~~~~~~~~~~~[m[K
[1.337s] In file included from [01m[K/home/arian/Framework/src/framework/src/main.cpp:6[m[K:
[1.337s] [01m[K/usr/include/c++/9/iomanip:363:5:[m[K [01;36m[Knote: [m[Kcandidate: ‘[01m[Ktemplate<class _CharT, class _Traits> std::basic_ostream<_CharT, _Traits>& std::operator<<(std::basic_ostream<_CharT, _Traits>&, std::_Put_time<_CharT>)[m[K’
[1.337s]   363 |     [01;36m[Koperator[m[K<<(basic_ostream<_CharT, _Traits>& __os, _Put_time<_CharT> __f)
[1.337s]       |     [01;36m[K^~~~~~~~[m[K
[1.337s] [01m[K/usr/include/c++/9/iomanip:363:5:[m[K [01;36m[Knote: [m[K  template argument deduction/substitution failed:
[1.337s] In file included from [01m[K/home/arian/Framework/src/framework/src/main.cpp:12[m[K:
[1.337s] [01m[K/home/arian/Framework/src/framework/include/framework/multiply_parallel.hpp:578:20:[m[K [01;36m[Knote: [m[K  ‘[01m[Kstd::__cxx11::basic_stringstream<char>[m[K’ is not derived from ‘[01m[Kstd::_Put_time<_CharT>[m[K’
[1.337s]   578 |             ofs << [01;36m[Koutput_stream[m[K;
[1.337s]       |                    [01;36m[K^~~~~~~~~~~~~[m[K
[1.373s] /home/arian/Framework/src/framework/include/framework/multiply_parallel.hpp: In instantiation of ‘[01m[Kstatic std::vector<std::vector<BufferT> > generator::generate_inputs(std::initializer_list<int>) [with T = double][m[K’:
[1.373s] [01m[K/home/arian/Framework/src/framework/src/main.cpp:101:69:[m[K   required from here
[1.373s] [01m[K/home/arian/Framework/src/framework/include/framework/multiply_parallel.hpp:507:34:[m[K [01;35m[Kwarning: [m[Kcomparison of integer expressions of different signedness: ‘[01m[Kint[m[K’ and ‘[01m[Kstd::vector<double, std::allocator<double> >::size_type[m[K’ {aka ‘[01m[Klong unsigned int[m[K’} [[01;35m[K-Wsign-compare[m[K]
[1.373s]   507 |                 for(int i = 0; i < temp.capacity(); i++)
[1.376s] /home/arian/Framework/src/framework/include/framework/multiply_parallel.hpp: In instantiation of ‘[01m[Kvoid benchmark<T>::execute_all() [with K = std::ratio<1, 1000000>; T = double][m[K’:
[1.376s] [01m[K/home/arian/Framework/src/framework/src/main.cpp:115:46:[m[K   required from here
[1.376s] [01m[K/home/arian/Framework/src/framework/include/framework/multiply_parallel.hpp:643:30:[m[K [01;35m[Kwarning: [m[Kcomparison of integer expressions of different signedness: ‘[01m[Kint[m[K’ and ‘[01m[Kstd::vector<settings>::size_type[m[K’ {aka ‘[01m[Klong unsigned int[m[K’} [[01;35m[K-Wsign-compare[m[K]
[1.377s]   643 |             for(int i = 0; [01;35m[Ki < settingss_.size()[m[K; i++)
[1.377s]       |                            [01;35m[K~~^~~~~~~~~~~~~~~~~~~[m[K
[1.377s] [01m[K/home/arian/Framework/src/framework/include/framework/multiply_parallel.hpp:652:34:[m[K [01;35m[Kwarning: [m[Kcomparison of integer expressions of different signedness: ‘[01m[Kint[m[K’ and ‘[01m[Kstd::vector<std::vector<double, std::allocator<double> >, std::allocator<std::vector<double, std::allocator<double> > > >::size_type[m[K’ {aka ‘[01m[Klong unsigned int[m[K’} [[01;35m[K-Wsign-compare[m[K]
[1.377s]   652 |                 for(int j = 0; j < inputs_a_.size(); j++)
[1.377s] [01m[K/home/arian/Framework/src/framework/include/framework/multiply_parallel.hpp:666:26:[m[K [01;35m[Kwarning: [m[Kcomparison of integer expressions of different signedness: ‘[01m[Kint[m[K’ and ‘[01m[Kstd::vector<std::vector<double, std::allocator<double> >, std::allocator<std::vector<double, std::allocator<double> > > >::size_type[m[K’ {aka ‘[01m[Klong unsigned int[m[K’} [[01;35m[K-Wsign-compare[m[K]
[1.377s]   666 |                     if([01;35m[Kj != inputs_a_.size() - 1[m[K)
[1.377s]       |                        [01;35m[K~~^~~~~~~~~~~~~~~~~~~~~~~[m[K
[1.377s] [01m[K/home/arian/Framework/src/framework/include/framework/multiply_parallel.hpp:674:22:[m[K [01;35m[Kwarning: [m[Kcomparison of integer expressions of different signedness: ‘[01m[Kint[m[K’ and ‘[01m[Kstd::vector<settings>::size_type[m[K’ {aka ‘[01m[Klong unsigned int[m[K’} [[01;35m[K-Wsign-compare[m[K]
[1.377s]   674 |                 if([01;35m[Ki == settingss_.size() - 1[m[K)
[1.378s]       |                    [01;35m[K~~^~~~~~~~~~~~~~~~~~~~~~~~[m[K
[1.445s] /home/arian/Framework/src/framework/include/framework/multiply_parallel.hpp: In instantiation of ‘[01m[Kjson_generator& json_generator::add(const std::chrono::duration<long int, T>&) [with T = std::ratio<1, 1000000>][m[K’:
[1.445s] [01m[K/home/arian/Framework/src/framework/include/framework/multiply_parallel.hpp:640:29:[m[K   required from ‘[01m[Kvoid benchmark<T>::execute_all() [with K = std::ratio<1, 1000000>; T = double][m[K’
[1.446s] [01m[K/home/arian/Framework/src/framework/src/main.cpp:115:46:[m[K   required from here
[1.446s] [01m[K/home/arian/Framework/src/framework/include/framework/multiply_parallel.hpp:563:70:[m[K [01;35m[Kwarning: [m[Kunused parameter ‘[01m[Kduration[m[K’ [[01;35m[K-Wunused-parameter[m[K]
[1.446s]   563 |         json_generator& add([01;35m[Kconst std::chrono::duration<int64_t, T>& duration[m[K)
[1.446s]       |                             [01;35m[K~~~~~~~~~~~~~~~~~~~~~~~~~~~~~~~~~~~~~~~~~^~~~~~~~[m[K
[1.587s] /home/arian/Framework/src/framework/include/framework/multiply_parallel.hpp: In instantiation of ‘[01m[Kvoid multiply_parallel<T>::execute_openmp(const std::vector<BufferT>&, const std::vector<BufferT>&, std::vector<BufferT>&, const settings&) [with T = double][m[K’:
[1.588s] [01m[K/home/arian/Framework/src/framework/include/framework/multiply_parallel.hpp:454:14:[m[K   required from here
[1.588s] [01m[K/home/arian/Framework/src/framework/include/framework/multiply_parallel.hpp:454:139:[m[K [01;35m[Kwarning: [m[Kunused parameter ‘[01m[Ksettings_[m[K’ [[01;35m[K-Wunused-parameter[m[K]
[1.588s]   454 |         void execute_openmp(const std::vector<T>& matrix_a_, const std::vector<T>& matrix_b_, std::vector<T>& matrix_c_, [01;35m[Kconst settings & settings_[m[K )
[1.588s]       |                                                                                                                          [01;35m[K~~~~~~~~~~~~~~~~~^~~~~~~~~[m[K
[1.635s] make[2]: *** [CMakeFiles/main.dir/build.make:63: CMakeFiles/main.dir/src/main.cpp.o] Error 1
[1.635s] make[1]: *** [CMakeFiles/Makefile2:78: CMakeFiles/main.dir/all] Error 2
[1.635s] make: *** [Makefile:141: all] Error 2
[1.637s] Invoked command in '/home/arian/Framework/build/framework' returned '2': CMAKE_PREFIX_PATH=${CMAKE_PREFIX_PATH}:/home/arian/ros2_foxy/install/ros2bag:/home/arian/ros2_foxy/install/tracetools_launch:/home/arian/ros2_foxy/install/topic_monitor:/home/arian/ros2_foxy/install/examples_tf2_py:/home/arian/ros2_foxy/install/sros2:/home/arian/ros2_foxy/install/rqt_topic:/home/arian/ros2_foxy/install/rqt_reconfigure:/home/arian/ros2_foxy/install/rqt_action:/home/arian/ros2_foxy/install/rqt:/home/arian/ros2_foxy/install/rqt_graph:/home/arian/ros2_foxy/install/rqt_gui_py:/home/arian/ros2_foxy/install/rqt_gui:/home/arian/ros2_foxy/install/ros2trace:/home/arian/ros2_foxy/install/ros2topic:/home/arian/ros2_foxy/install/ros2test:/home/arian/ros2_foxy/install/ros2component:/home/arian/ros2_foxy/install/ros2param:/home/arian/ros2_foxy/install/ros2lifecycle:/home/arian/ros2_foxy/install/ros2service:/home/arian/ros2_foxy/install/ros2run:/home/arian/ros2_foxy/install/ros2launch:/home/arian/ros2_foxy/install/ros2pkg:/home/arian/ros2_foxy/install/ros2node:/home/arian/ros2_foxy/install/ros2multicast:/home/arian/ros2_foxy/install/ros2interface:/home/arian/ros2_foxy/install/ros2doctor:/home/arian/ros2_foxy/install/ros2action:/home/arian/ros2_foxy/install/ros2cli:/home/arian/ros2_foxy/install/quality_of_service_demo_py:/home/arian/ros2_foxy/install/launch_testing_ros:/home/arian/ros2_foxy/install/launch_ros:/home/arian/ros2_foxy/install/examples_rclpy_minimal_subscriber:/home/arian/ros2_foxy/install/examples_rclpy_minimal_service:/home/arian/ros2_foxy/install/examples_rclpy_minimal_publisher:/home/arian/ros2_foxy/install/examples_rclpy_minimal_client:/home/arian/ros2_foxy/install/examples_rclpy_minimal_action_server:/home/arian/ros2_foxy/install/examples_rclpy_minimal_action_client:/home/arian/ros2_foxy/install/examples_rclpy_executors:/home/arian/ros2_foxy/install/demo_nodes_py:/home/arian/ros2_foxy/install/action_tutorials_py:/home/arian/ros2_foxy/install/ament_uncrustify:/home/arian/ros2_foxy/install/tracetools_trace:/home/arian/ros2_foxy/install/tracetools_read:/home/arian/ros2_foxy/install/test_launch_ros:/home/arian/ros2_foxy/install/rpyutils:/home/arian/ros2_foxy/install/rosidl_runtime_py:/home/arian/ros2_foxy/install/launch_yaml:/home/arian/ros2_foxy/install/launch_xml:/home/arian/ros2_foxy/install/launch_testing:/home/arian/ros2_foxy/install/launch:/home/arian/ros2_foxy/install/osrf_pycommon:/home/arian/ros2_foxy/install/domain_coordinator:/home/arian/ros2_foxy/install/ament_xmllint:/home/arian/ros2_foxy/install/ament_pyflakes:/home/arian/ros2_foxy/install/ament_pycodestyle:/home/arian/ros2_foxy/install/ament_pep257:/home/arian/ros2_foxy/install/ament_pclint:/home/arian/ros2_foxy/install/ament_package:/home/arian/ros2_foxy/install/ament_mypy:/home/arian/ros2_foxy/install/ament_lint_cmake:/home/arian/ros2_foxy/install/ament_flake8:/home/arian/ros2_foxy/install/ament_copyright:/home/arian/ros2_foxy/install/ament_lint:/home/arian/ros2_foxy/install/ament_index_python:/home/arian/ros2_foxy/install/ament_cpplint:/home/arian/ros2_foxy/install/ament_cppcheck:/home/arian/ros2_foxy/install/ament_clang_tidy:/home/arian/ros2_foxy/install/ament_clang_format /usr/bin/cmake --build /home/arian/Framework/build/framework -- -j12 -l12
