[35m[1mScanning dependencies of target main[0m
[ 50%] [32mBuilding CXX object CMakeFiles/main.dir/src/main.cpp.o[0m
In file included from [01m[K/home/arian/Framework/src/framework/src/main.cpp:12[m[K:
[01m[K/home/arian/Framework/src/framework/include/framework/multiply_parallel.hpp:378:[m[K [01;35m[Kwarning: [m[Kignoring #pragma omp parallel [[01;35m[K-Wunknown-pragmas[m[K]
  378 |             #pragma omp parallel num_threads(settings_.THREAD_NUMBER)
      | 
[01m[K/home/arian/Framework/src/framework/src/main.cpp:[m[K In function ‘[01m[Kint main()[m[K’:
[01m[K/home/arian/Framework/src/framework/src/main.cpp:88:29:[m[K [01;31m[Kerror: [m[Kno matching function for call to ‘[01m[Kmultiply_parallel<double>::multiply_parallel()[m[K’
   88 |   multiply_parallel<double> [01;31m[Kb[m[K;
      |                             [01;31m[K^[m[K
In file included from [01m[K/home/arian/Framework/src/framework/src/main.cpp:12[m[K:
[01m[K/home/arian/Framework/src/framework/include/framework/multiply_parallel.hpp:150:9:[m[K [01;36m[Knote: [m[Kcandidate: ‘[01m[Kmultiply_parallel<T>::multiply_parallel(const std::vector<BufferT>&, std::vector<BufferT>&, const settings&) [with T = double][m[K’
  150 |         [01;36m[Kmultiply_parallel[m[K(const std::vector<T>& matrix_a_, std::vector<T>& matrix_c_, const settings & settings_)
      |         [01;36m[K^~~~~~~~~~~~~~~~~[m[K
[01m[K/home/arian/Framework/src/framework/include/framework/multiply_parallel.hpp:150:9:[m[K [01;36m[Knote: [m[K  candidate expects 3 arguments, 0 provided
[01m[K/home/arian/Framework/src/framework/include/framework/multiply_parallel.hpp:144:9:[m[K [01;36m[Knote: [m[Kcandidate: ‘[01m[Kmultiply_parallel<T>::multiply_parallel(const std::vector<BufferT>&, const std::vector<BufferT>&, std::vector<BufferT>&, const settings&) [with T = double][m[K’
  144 |         [01;36m[Kmultiply_parallel[m[K(const std::vector<T>& matrix_a_, const std::vector<T>& matrix_b_, std::vector<T>& matrix_c_, const settings & settings_)
      |         [01;36m[K^~~~~~~~~~~~~~~~~[m[K
[01m[K/home/arian/Framework/src/framework/include/framework/multiply_parallel.hpp:144:9:[m[K [01;36m[Knote: [m[K  candidate expects 4 arguments, 0 provided
[01m[K/home/arian/Framework/src/framework/include/framework/multiply_parallel.hpp:140:7:[m[K [01;36m[Knote: [m[Kcandidate: ‘[01m[Kconstexpr multiply_parallel<double>::multiply_parallel(const multiply_parallel<double>&)[m[K’
  140 | class [01;36m[Kmultiply_parallel[m[K : public base_parallel<T>
      |       [01;36m[K^~~~~~~~~~~~~~~~~[m[K
[01m[K/home/arian/Framework/src/framework/include/framework/multiply_parallel.hpp:140:7:[m[K [01;36m[Knote: [m[K  candidate expects 1 argument, 0 provided
[01m[K/home/arian/Framework/src/framework/include/framework/multiply_parallel.hpp:140:7:[m[K [01;36m[Knote: [m[Kcandidate: ‘[01m[Kconstexpr multiply_parallel<double>::multiply_parallel(multiply_parallel<double>&&)[m[K’
[01m[K/home/arian/Framework/src/framework/include/framework/multiply_parallel.hpp:140:7:[m[K [01;36m[Knote: [m[K  candidate expects 1 argument, 0 provided
make[2]: *** [CMakeFiles/main.dir/build.make:63: CMakeFiles/main.dir/src/main.cpp.o] Error 1
make[1]: *** [CMakeFiles/Makefile2:78: CMakeFiles/main.dir/all] Error 2
make: *** [Makefile:141: all] Error 2
