In file included from [01m[K/home/arian/Framework/src/framework/src/main.cpp:12[m[K:
[01m[K/home/arian/Framework/src/framework/include/framework/multiply_parallel.hpp:383:[m[K [01;35m[Kwarning: [m[Kignoring #pragma omp parallel [[01;35m[K-Wunknown-pragmas[m[K]
  383 |             #pragma omp parallel num_threads(settings_.THREAD_NUMBER)
      | 
/home/arian/Framework/src/framework/include/framework/multiply_parallel.hpp: In instantiation of ‘[01m[Kvoid test<T>::execute_tests(base_parallel<T>*) [with T = double][m[K’:
[01m[K/home/arian/Framework/src/framework/src/main.cpp:92:25:[m[K   required from here
[01m[K/home/arian/Framework/src/framework/include/framework/multiply_parallel.hpp:414:13:[m[K [01;31m[Kerror: [m[K‘[01m[Kvoid base_parallel<T>::ctor(const std::vector<BufferT>&, const std::vector<BufferT>&, std::vector<BufferT>&, const settings&) [with T = double][m[K’ is private within this context
  414 |             [01;31m[Kbase_parallel_[m[K->ctor(matrix_a, matrix_b, matrix_result, settings_);
      |             [01;31m[K^~~~~~~~~~~~~~[m[K
In file included from [01m[K/home/arian/Framework/src/framework/src/main.cpp:12[m[K:
[01m[K/home/arian/Framework/src/framework/include/framework/multiply_parallel.hpp:130:22:[m[K [01;36m[Knote: [m[Kdeclared private here
  130 |         virtual void [01;36m[Kctor[m[K(const std::vector<T>& matrix_a_, const std::vector<T>& matrix_b_, std::vector<T>& matrix_c_, const settings & settings_) = 0;
      |                      [01;36m[K^~~~[m[K
In file included from [01m[K/home/arian/Framework/src/framework/src/main.cpp:12[m[K:
/home/arian/Framework/src/framework/include/framework/multiply_parallel.hpp: In instantiation of ‘[01m[Kvoid multiply_parallel<T>::execute_openmp(const std::vector<BufferT>&, const std::vector<BufferT>&, std::vector<BufferT>&, const settings&) [with T = double][m[K’:
[01m[K/home/arian/Framework/src/framework/include/framework/multiply_parallel.hpp:381:14:[m[K   required from here
[01m[K/home/arian/Framework/src/framework/include/framework/multiply_parallel.hpp:381:139:[m[K [01;35m[Kwarning: [m[Kunused parameter ‘[01m[Ksettings_[m[K’ [[01;35m[K-Wunused-parameter[m[K]
  381 |         void execute_openmp(const std::vector<T>& matrix_a_, const std::vector<T>& matrix_b_, std::vector<T>& matrix_c_, [01;35m[Kconst settings & settings_[m[K )
      |                                                                                                                          [01;35m[K~~~~~~~~~~~~~~~~~^~~~~~~~~[m[K
make[2]: *** [CMakeFiles/main.dir/build.make:63: CMakeFiles/main.dir/src/main.cpp.o] Error 1
make[1]: *** [CMakeFiles/Makefile2:78: CMakeFiles/main.dir/all] Error 2
make: *** [Makefile:141: all] Error 2
