[35m[1mScanning dependencies of target main[0m
[ 50%] [32mBuilding CXX object CMakeFiles/main.dir/src/main.cpp.o[0m
In file included from [01m[K/home/arian/Framework/src/framework/src/main.cpp:2[m[K:
[01m[K/home/arian/Framework/src/framework/include/framework/base/sum_parallel.hpp:[m[K In function ‘[01m[Kvoid* framework::base::sum_parallel_pthread(void*)[m[K’:
[01m[K/home/arian/Framework/src/framework/include/framework/base/sum_parallel.hpp:30:1:[m[K [01;35m[Kwarning: [m[Kno return statement in function returning non-void [[01;35m[K-Wreturn-type[m[K]
   30 | [01;35m[K}[m[K
      | [01;35m[K^[m[K
In file included from [01m[K/home/arian/Framework/src/framework/src/main.cpp:3[m[K:
[01m[K/home/arian/Framework/src/framework/include/framework/base/complex_parallel.hpp:[m[K In function ‘[01m[Kvoid* framework::base::complex_parallel_pthread(void*)[m[K’:
[01m[K/home/arian/Framework/src/framework/include/framework/base/complex_parallel.hpp:30:1:[m[K [01;35m[Kwarning: [m[Kno return statement in function returning non-void [[01;35m[K-Wreturn-type[m[K]
   30 | [01;35m[K}[m[K
      | [01;35m[K^[m[K
[01m[K/home/arian/Framework/src/framework/src/main.cpp:[m[K In function ‘[01m[Kint main(int, const char**)[m[K’:
[01m[K/home/arian/Framework/src/framework/src/main.cpp:9:14:[m[K [01;35m[Kwarning: [m[Kunused parameter ‘[01m[Kargc[m[K’ [[01;35m[K-Wunused-parameter[m[K]
    9 | int main([01;35m[Kint argc[m[K, const char ** argv)
      |          [01;35m[K~~~~^~~~[m[K
[01m[K/home/arian/Framework/src/framework/src/main.cpp:9:34:[m[K [01;35m[Kwarning: [m[Kunused parameter ‘[01m[Kargv[m[K’ [[01;35m[K-Wunused-parameter[m[K]
    9 | int main(int argc, [01;35m[Kconst char ** argv[m[K)
      |                    [01;35m[K~~~~~~~~~~~~~~^~~~[m[K
In file included from [01m[K/home/arian/Framework/src/framework/src/main.cpp:6[m[K:
/home/arian/Framework/src/framework/include/framework/generators/generator.hpp: In instantiation of ‘[01m[Kstatic std::vector<std::vector<T> > framework::generator::generate_inputs(std::initializer_list<int>) [with T = double][m[K’:
[01m[K/home/arian/Framework/src/framework/src/main.cpp:12:99:[m[K   required from here
[01m[K/home/arian/Framework/src/framework/include/framework/generators/generator.hpp:27:34:[m[K [01;35m[Kwarning: [m[Kcomparison of integer expressions of different signedness: ‘[01m[Kint[m[K’ and ‘[01m[Kstd::vector<double, std::allocator<double> >::size_type[m[K’ {aka ‘[01m[Klong unsigned int[m[K’} [[01;35m[K-Wsign-compare[m[K]
   27 |                 for(int i = 0; i < temp.capacity(); i++)
In file included from [01m[K/home/arian/Framework/src/framework/src/main.cpp:5[m[K:
/home/arian/Framework/src/framework/include/framework/benchmark/benchmark.hpp: In instantiation of ‘[01m[Kvoid framework::benchmark<T>::execute_all() [with K = std::ratio<1, 1000>; T = double][m[K’:
[01m[K/home/arian/Framework/src/framework/src/main.cpp:22:62:[m[K   required from here
[01m[K/home/arian/Framework/src/framework/include/framework/benchmark/benchmark.hpp:64:30:[m[K [01;35m[Kwarning: [m[Kcomparison of integer expressions of different signedness: ‘[01m[Kint[m[K’ and ‘[01m[Kstd::vector<framework::settings>::size_type[m[K’ {aka ‘[01m[Klong unsigned int[m[K’} [[01;35m[K-Wsign-compare[m[K]
   64 |             for(int i = 0; [01;35m[Ki < settingss_.size()[m[K; i++)
      |                            [01;35m[K~~^~~~~~~~~~~~~~~~~~~[m[K
[01m[K/home/arian/Framework/src/framework/include/framework/benchmark/benchmark.hpp:73:34:[m[K [01;35m[Kwarning: [m[Kcomparison of integer expressions of different signedness: ‘[01m[Kint[m[K’ and ‘[01m[Kstd::vector<std::vector<double, std::allocator<double> >, std::allocator<std::vector<double, std::allocator<double> > > >::size_type[m[K’ {aka ‘[01m[Klong unsigned int[m[K’} [[01;35m[K-Wsign-compare[m[K]
   73 |                 for(int j = 0; j < inputs_a_.size(); j++)
[01m[K/home/arian/Framework/src/framework/include/framework/benchmark/benchmark.hpp:87:26:[m[K [01;35m[Kwarning: [m[Kcomparison of integer expressions of different signedness: ‘[01m[Kint[m[K’ and ‘[01m[Kstd::vector<std::vector<double, std::allocator<double> >, std::allocator<std::vector<double, std::allocator<double> > > >::size_type[m[K’ {aka ‘[01m[Klong unsigned int[m[K’} [[01;35m[K-Wsign-compare[m[K]
   87 |                     if([01;35m[Kj != inputs_a_.size() - 1[m[K)
      |                        [01;35m[K~~^~~~~~~~~~~~~~~~~~~~~~~[m[K
[01m[K/home/arian/Framework/src/framework/include/framework/benchmark/benchmark.hpp:95:22:[m[K [01;35m[Kwarning: [m[Kcomparison of integer expressions of different signedness: ‘[01m[Kint[m[K’ and ‘[01m[Kstd::vector<framework::settings>::size_type[m[K’ {aka ‘[01m[Klong unsigned int[m[K’} [[01;35m[K-Wsign-compare[m[K]
   95 |                 if([01;35m[Ki == settingss_.size() - 1[m[K)
      |                    [01;35m[K~~^~~~~~~~~~~~~~~~~~~~~~~~[m[K
In file included from [01m[K/home/arian/Framework/src/framework/include/framework/benchmark/benchmark.hpp:10[m[K,
                 from [01m[K/home/arian/Framework/src/framework/src/main.cpp:5[m[K:
/home/arian/Framework/src/framework/include/framework/generators/json_generator.hpp: In instantiation of ‘[01m[Kframework::json_generator& framework::json_generator::add(const std::chrono::duration<long int, T>&) [with T = std::ratio<1, 1000>][m[K’:
[01m[K/home/arian/Framework/src/framework/include/framework/benchmark/benchmark.hpp:61:29:[m[K   required from ‘[01m[Kvoid framework::benchmark<T>::execute_all() [with K = std::ratio<1, 1000>; T = double][m[K’
[01m[K/home/arian/Framework/src/framework/src/main.cpp:22:62:[m[K   required from here
[01m[K/home/arian/Framework/src/framework/include/framework/generators/json_generator.hpp:44:70:[m[K [01;35m[Kwarning: [m[Kunused parameter ‘[01m[Kduration[m[K’ [[01;35m[K-Wunused-parameter[m[K]
   44 |         json_generator& add([01;35m[Kconst std::chrono::duration<int64_t, T>& duration[m[K)
      |                             [01;35m[K~~~~~~~~~~~~~~~~~~~~~~~~~~~~~~~~~~~~~~~~~^~~~~~~~[m[K
[100%] [32m[1mLinking CXX executable main[0m
[100%] Built target main
-- Install configuration: ""
-- Up-to-date: /home/arian/Framework/install/framework/share/ament_index/resource_index/package_run_dependencies/framework
-- Up-to-date: /home/arian/Framework/install/framework/share/ament_index/resource_index/parent_prefix_path/framework
-- Up-to-date: /home/arian/Framework/install/framework/share/framework/environment/ament_prefix_path.dsv
-- Up-to-date: /home/arian/Framework/install/framework/share/framework/environment/path.dsv
-- Up-to-date: /home/arian/Framework/install/framework/share/framework/local_setup.bash
-- Up-to-date: /home/arian/Framework/install/framework/share/framework/local_setup.sh
-- Up-to-date: /home/arian/Framework/install/framework/share/framework/local_setup.zsh
-- Up-to-date: /home/arian/Framework/install/framework/share/framework/local_setup.dsv
-- Installing: /home/arian/Framework/install/framework/share/framework/package.dsv
-- Up-to-date: /home/arian/Framework/install/framework/share/ament_index/resource_index/packages/framework
-- Up-to-date: /home/arian/Framework/install/framework/share/framework/cmake/frameworkConfig.cmake
-- Up-to-date: /home/arian/Framework/install/framework/share/framework/cmake/frameworkConfig-version.cmake
-- Up-to-date: /home/arian/Framework/install/framework/share/framework/package.xml
