[0.036s] Invoking command in '/home/arian/Framework/build/framework': CMAKE_PREFIX_PATH=${CMAKE_PREFIX_PATH}:/home/arian/ros2_foxy/install/ros2bag:/home/arian/ros2_foxy/install/tracetools_launch:/home/arian/ros2_foxy/install/topic_monitor:/home/arian/ros2_foxy/install/examples_tf2_py:/home/arian/ros2_foxy/install/sros2:/home/arian/ros2_foxy/install/rqt_topic:/home/arian/ros2_foxy/install/rqt_reconfigure:/home/arian/ros2_foxy/install/rqt_action:/home/arian/ros2_foxy/install/rqt:/home/arian/ros2_foxy/install/rqt_graph:/home/arian/ros2_foxy/install/rqt_gui_py:/home/arian/ros2_foxy/install/rqt_gui:/home/arian/ros2_foxy/install/ros2trace:/home/arian/ros2_foxy/install/ros2topic:/home/arian/ros2_foxy/install/ros2test:/home/arian/ros2_foxy/install/ros2component:/home/arian/ros2_foxy/install/ros2param:/home/arian/ros2_foxy/install/ros2lifecycle:/home/arian/ros2_foxy/install/ros2service:/home/arian/ros2_foxy/install/ros2run:/home/arian/ros2_foxy/install/ros2launch:/home/arian/ros2_foxy/install/ros2pkg:/home/arian/ros2_foxy/install/ros2node:/home/arian/ros2_foxy/install/ros2multicast:/home/arian/ros2_foxy/install/ros2interface:/home/arian/ros2_foxy/install/ros2doctor:/home/arian/ros2_foxy/install/ros2action:/home/arian/ros2_foxy/install/ros2cli:/home/arian/ros2_foxy/install/quality_of_service_demo_py:/home/arian/ros2_foxy/install/launch_testing_ros:/home/arian/ros2_foxy/install/launch_ros:/home/arian/ros2_foxy/install/examples_rclpy_minimal_subscriber:/home/arian/ros2_foxy/install/examples_rclpy_minimal_service:/home/arian/ros2_foxy/install/examples_rclpy_minimal_publisher:/home/arian/ros2_foxy/install/examples_rclpy_minimal_client:/home/arian/ros2_foxy/install/examples_rclpy_minimal_action_server:/home/arian/ros2_foxy/install/examples_rclpy_minimal_action_client:/home/arian/ros2_foxy/install/examples_rclpy_executors:/home/arian/ros2_foxy/install/demo_nodes_py:/home/arian/ros2_foxy/install/action_tutorials_py:/home/arian/ros2_foxy/install/ament_uncrustify:/home/arian/ros2_foxy/install/tracetools_trace:/home/arian/ros2_foxy/install/tracetools_read:/home/arian/ros2_foxy/install/test_launch_ros:/home/arian/ros2_foxy/install/rpyutils:/home/arian/ros2_foxy/install/rosidl_runtime_py:/home/arian/ros2_foxy/install/launch_yaml:/home/arian/ros2_foxy/install/launch_xml:/home/arian/ros2_foxy/install/launch_testing:/home/arian/ros2_foxy/install/launch:/home/arian/ros2_foxy/install/osrf_pycommon:/home/arian/ros2_foxy/install/domain_coordinator:/home/arian/ros2_foxy/install/ament_xmllint:/home/arian/ros2_foxy/install/ament_pyflakes:/home/arian/ros2_foxy/install/ament_pycodestyle:/home/arian/ros2_foxy/install/ament_pep257:/home/arian/ros2_foxy/install/ament_pclint:/home/arian/ros2_foxy/install/ament_package:/home/arian/ros2_foxy/install/ament_mypy:/home/arian/ros2_foxy/install/ament_lint_cmake:/home/arian/ros2_foxy/install/ament_flake8:/home/arian/ros2_foxy/install/ament_copyright:/home/arian/ros2_foxy/install/ament_lint:/home/arian/ros2_foxy/install/ament_index_python:/home/arian/ros2_foxy/install/ament_cpplint:/home/arian/ros2_foxy/install/ament_cppcheck:/home/arian/ros2_foxy/install/ament_clang_tidy:/home/arian/ros2_foxy/install/ament_clang_format /usr/bin/cmake --build /home/arian/Framework/build/framework -- -j12 -l12
[0.119s] [35m[1mScanning dependencies of target main[0m
[0.158s] [ 50%] [32mBuilding CXX object CMakeFiles/main.dir/src/main.cpp.o[0m
[1.214s] In file included from [01m[K/home/arian/ros2_foxy/install/rclcpp/include/rclcpp/context.hpp:19[m[K,
[1.214s]                  from [01m[K/home/arian/ros2_foxy/install/rclcpp/include/rclcpp/contexts/default_context.hpp:18[m[K,
[1.214s]                  from [01m[K/home/arian/ros2_foxy/install/rclcpp/include/rclcpp/executor.hpp:32[m[K,
[1.215s]                  from [01m[K/home/arian/ros2_foxy/install/rclcpp/include/rclcpp/executors/multi_threaded_executor.hpp:25[m[K,
[1.215s]                  from [01m[K/home/arian/ros2_foxy/install/rclcpp/include/rclcpp/executors.hpp:21[m[K,
[1.215s]                  from [01m[K/home/arian/ros2_foxy/install/rclcpp/include/rclcpp/rclcpp.hpp:146[m[K,
[1.215s]                  from [01m[K/home/arian/Framework/src/framework/src/main.cpp:2[m[K:
[1.215s] /usr/include/c++/9/functional: In instantiation of ‘[01m[Kstruct std::_Bind_check_arity<void* (framework::utilities::multiply::*)(void*)>[m[K’:
[1.215s] [01m[K/usr/include/c++/9/functional:787:12:[m[K   required from ‘[01m[Kstruct std::_Bind_helper<false, void* (framework::utilities::multiply::*)(void*)>[m[K’
[1.215s] [01m[K/usr/include/c++/9/functional:808:5:[m[K   required by substitution of ‘[01m[Ktemplate<class _Func, class ... _BoundArgs> typename std::_Bind_helper<std::__is_socketlike<_Func>::value, _Func, _BoundArgs ...>::type std::bind(_Func&&, _BoundArgs&& ...) [with _Func = void* (framework::utilities::multiply::*)(void*); _BoundArgs = {}][m[K’
[1.215s] [01m[K/home/arian/Framework/src/framework/include/framework/multiply_parallel.hpp:24:89:[m[K   required from here
[1.215s] [01m[K/usr/include/c++/9/functional:775:7:[m[K [01;31m[Kerror: [m[Kstatic assertion failed: Wrong number of arguments for pointer-to-member
[1.215s]   774 |       static_assert(_Varargs::[01;31m[Kvalue[m[K
[1.215s]       |                               [01;31m[K~~~~~[m[K
[1.215s]   775 | [01;31m[K      ? sizeof...(_BoundArgs) >= _Arity::value + 1[m[K
[1.215s]       |       [01;31m[K^~~~~~~~~~~~~~~~~~~~~~~~~~~~~~~~~~~~~~~~~~~~[m[K
[1.216s]   776 | [01;31m[K      : sizeof...(_BoundArgs) == _Arity::value + 1[m[K,
[1.216s]       |       [01;31m[K~~~~~~~~~~~~~~~~~~~~~~~~~~~~~~~~~~~~~~~~~~~~[m[K
[1.216s] /usr/include/c++/9/functional: In substitution of ‘[01m[Ktemplate<class _Functor, class ... _Bound_args> template<class _Fn, class _CallArgs, class ... _BArgs> using _Res_type_impl = typename std::result_of<_Fn&(std::_Bind<_Functor(_Bound_args ...)>::_Mu_type<_BArgs, _CallArgs>&& ...)>::type [with _Fn = void* (framework::utilities::multiply::*)(void*); _CallArgs = _CallArgs; _BArgs = {}; _Functor = void* (framework::utilities::multiply::*)(void*); _Bound_args = {}][m[K’:
[1.216s] [01m[K/usr/include/c++/9/functional:447:8:[m[K   required from ‘[01m[Kstruct std::_Bind<void* (framework::utilities::multiply::*())(void*)>[m[K’
[1.216s] [01m[K/home/arian/Framework/src/framework/include/framework/multiply_parallel.hpp:24:89:[m[K   required from here
[1.216s] [01m[K/usr/include/c++/9/functional:443:8:[m[K [01;31m[Kerror: [m[Kno type named ‘[01m[Ktype[m[K’ in ‘[01m[Kclass std::result_of<void* (framework::utilities::multiply::*&())(void*)>[m[K’
[1.216s]   443 |  using [01;31m[K_Res_type_impl[m[K
[1.216s]       |        [01;31m[K^~~~~~~~~~~~~~[m[K
[1.216s] /usr/include/c++/9/functional: In substitution of ‘[01m[Ktemplate<class _Functor, class ... _Bound_args> template<class _Fn, class _CallArgs, class ... _BArgs> using _Res_type_impl = typename std::result_of<_Fn&(std::_Bind<_Functor(_Bound_args ...)>::_Mu_type<_BArgs, _CallArgs>&& ...)>::type [with _Fn = void* (framework::utilities::multiply::*)(void*); _CallArgs = std::tuple<_Tps ...>; _BArgs = {}; _Functor = void* (framework::utilities::multiply::*)(void*); _Bound_args = {}][m[K’:
[1.216s] [01m[K/usr/include/c++/9/functional:447:8:[m[K   required by substitution of ‘[01m[Ktemplate<class _Functor, class ... _Bound_args> template<class _CallArgs> using _Res_type = std::_Bind<_Functor(_Bound_args ...)>::_Res_type_impl<_Functor, _CallArgs, _Bound_args ...> [with _CallArgs = std::tuple<_Tps ...>; _Functor = void* (framework::utilities::multiply::*)(void*); _Bound_args = {}][m[K’
[1.216s] [01m[K/usr/include/c++/9/functional:480:2:[m[K   required from ‘[01m[Kstruct std::_Bind<void* (framework::utilities::multiply::*())(void*)>[m[K’
[1.216s] [01m[K/home/arian/Framework/src/framework/include/framework/multiply_parallel.hpp:24:89:[m[K   required from here
[1.216s] [01m[K/usr/include/c++/9/functional:443:8:[m[K [01;31m[Kerror: [m[Kno type named ‘[01m[Ktype[m[K’ in ‘[01m[Kclass std::result_of<void* (framework::utilities::multiply::*&())(void*)>[m[K’
[1.216s] In file included from [01m[K/home/arian/Framework/src/framework/src/main.cpp:6[m[K:
[1.216s] [01m[K/home/arian/Framework/src/framework/include/framework/multiply_parallel.hpp:24:38:[m[K [01;31m[Kerror: [m[Kcould not convert ‘[01m[Kstd::bind(_Func&&, _BoundArgs&& ...) [with _Func = void* (framework::utilities::multiply::*)(void*); _BoundArgs = {}; typename std::_Bind_helper<std::__is_socketlike<_Func>::value, _Func, _BoundArgs ...>::type = std::_Bind<void* (framework::utilities::multiply::*())(void*)>]()[m[K’ from ‘[01m[Kstd::_Bind_helper<false, void* (framework::utilities::multiply::*)(void*)>::type[m[K’ {aka ‘[01m[Kstd::_Bind<void* (framework::utilities::multiply::*())(void*)>[m[K’} to ‘[01m[Kvoid* (*)(void*)[m[K’
[1.216s]    24 |                             [01;31m[Kstd::bind(&framework::utilities::multiply::multiply_function)[m[K)
[1.216s]       |                             [01;31m[K~~~~~~~~~^~~~~~~~~~~~~~~~~~~~~~~~~~~~~~~~~~~~~~~~~~~~~~~~~~~~[m[K
[1.216s]       |                                      [01;31m[K|[m[K
[1.217s]       |                                      [01;31m[Kstd::_Bind_helper<false, void* (framework::utilities::multiply::*)(void*)>::type {aka std::_Bind<void* (framework::utilities::multiply::*())(void*)>}[m[K
[1.217s] [01m[K/home/arian/Framework/src/framework/include/framework/multiply_parallel.hpp:[m[K In member function ‘[01m[Kvoid* framework::utilities::multiply::multiply_function(void*)[m[K’:
[1.217s] [01m[K/home/arian/Framework/src/framework/include/framework/multiply_parallel.hpp:73:33:[m[K [01;31m[Kerror: [m[K‘[01m[Kmatrix_c[m[K’ was not declared in this scope; did you mean ‘[01m[Kmatrix_a[m[K’?
[1.218s]    73 |                                 [01;31m[Kmatrix_c[m[K[i][j] += matrix_a[i][k] * matrix_b[k][j];
[1.218s]       |                                 [01;31m[K^~~~~~~~[m[K
[1.218s]       |                                 [32m[Kmatrix_a[m[K
[1.218s] [01m[K/home/arian/Framework/src/framework/src/main.cpp:[m[K In function ‘[01m[Kint main(int, const char**)[m[K’:
[1.218s] [01m[K/home/arian/Framework/src/framework/src/main.cpp:13:68:[m[K [01;31m[Kerror: [m[Kuse of deleted function ‘[01m[Kframework::utilities::multiply::multiply(const framework::utilities::multiply&)[m[K’
[1.218s]    13 |     auto multiplication = framework::utilities::multiply::Multiply([01;31m[K)[m[K;
[1.218s]       |                                                                    [01;31m[K^[m[K
[1.218s] In file included from [01m[K/home/arian/Framework/src/framework/src/main.cpp:6[m[K:
[1.218s] [01m[K/home/arian/Framework/src/framework/include/framework/multiply_parallel.hpp:62:17:[m[K [01;36m[Knote: [m[Kdeclared here
[1.218s]    62 |                 [01;36m[Kmultiply[m[K(const multiply&) = delete;
[1.218s]       |                 [01;36m[K^~~~~~~~[m[K
[1.218s] [01m[K/home/arian/Framework/src/framework/src/main.cpp:33:28:[m[K [01;31m[Kerror: [m[Kcannot convert ‘[01m[Kstd::_Bind_helper<false, void* (framework::utilities::multiply::*)(void*)>::type[m[K’ {aka ‘[01m[Kstd::_Bind<void* (framework::utilities::multiply::*())(void*)>[m[K’} to ‘[01m[Kvoid* (*)(void*)[m[K’
[1.218s]    33 |     multiplication.run(a, b[01;31m[K)[m[K;
[1.218s]       |                            [01;31m[K^[m[K
[1.219s]       |                            [01;31m[K|[m[K
[1.219s]       |                            [01;31m[Kstd::_Bind_helper<false, void* (framework::utilities::multiply::*)(void*)>::type {aka std::_Bind<void* (framework::utilities::multiply::*())(void*)>}[m[K
[1.219s] In file included from [01m[K/home/arian/Framework/src/framework/src/main.cpp:6[m[K:
[1.219s] [01m[K/home/arian/Framework/src/framework/include/framework/multiply_parallel.hpp:23:33:[m[K [01;36m[Knote: [m[K  initializing argument 3 of ‘[01m[Kvoid framework::utilities::multiply::run(int**, int**, void* (*)(void*))[m[K’
[1.219s]    23 |                         [01;36m[Kvoid* (*fn)(void*) =[m[K
[1.219s]       |                         [01;36m[K~~~~~~~~^~~~~~~~~~~~[m[K
[1.219s]    24 | [01;36m[K                            std::bind(&framework::utilities::multiply::multiply_function)[m[K)
[1.219s]       |                             [01;36m[K~~~~~~~~~~~~~~~~~~~~~~~~~~~~~~~~~~~~~~~~~~~~~~~~~~~~~~~~~~~~~[m[K
[1.219s] [01m[K/home/arian/Framework/src/framework/src/main.cpp:10:14:[m[K [01;35m[Kwarning: [m[Kunused parameter ‘[01m[Kargc[m[K’ [[01;35m[K-Wunused-parameter[m[K]
[1.219s]    10 | int main([01;35m[Kint argc[m[K, const char ** argv)
[1.219s]       |          [01;35m[K~~~~^~~~[m[K
[1.219s] [01m[K/home/arian/Framework/src/framework/src/main.cpp:10:34:[m[K [01;35m[Kwarning: [m[Kunused parameter ‘[01m[Kargv[m[K’ [[01;35m[K-Wunused-parameter[m[K]
[1.219s]    10 | int main(int argc, [01;35m[Kconst char ** argv[m[K)
[1.219s]       |                    [01;35m[K~~~~~~~~~~~~~~^~~~[m[K
[1.498s] make[2]: *** [CMakeFiles/main.dir/build.make:63: CMakeFiles/main.dir/src/main.cpp.o] Error 1
[1.498s] make[1]: *** [CMakeFiles/Makefile2:78: CMakeFiles/main.dir/all] Error 2
[1.498s] make: *** [Makefile:141: all] Error 2
[1.501s] Invoked command in '/home/arian/Framework/build/framework' returned '2': CMAKE_PREFIX_PATH=${CMAKE_PREFIX_PATH}:/home/arian/ros2_foxy/install/ros2bag:/home/arian/ros2_foxy/install/tracetools_launch:/home/arian/ros2_foxy/install/topic_monitor:/home/arian/ros2_foxy/install/examples_tf2_py:/home/arian/ros2_foxy/install/sros2:/home/arian/ros2_foxy/install/rqt_topic:/home/arian/ros2_foxy/install/rqt_reconfigure:/home/arian/ros2_foxy/install/rqt_action:/home/arian/ros2_foxy/install/rqt:/home/arian/ros2_foxy/install/rqt_graph:/home/arian/ros2_foxy/install/rqt_gui_py:/home/arian/ros2_foxy/install/rqt_gui:/home/arian/ros2_foxy/install/ros2trace:/home/arian/ros2_foxy/install/ros2topic:/home/arian/ros2_foxy/install/ros2test:/home/arian/ros2_foxy/install/ros2component:/home/arian/ros2_foxy/install/ros2param:/home/arian/ros2_foxy/install/ros2lifecycle:/home/arian/ros2_foxy/install/ros2service:/home/arian/ros2_foxy/install/ros2run:/home/arian/ros2_foxy/install/ros2launch:/home/arian/ros2_foxy/install/ros2pkg:/home/arian/ros2_foxy/install/ros2node:/home/arian/ros2_foxy/install/ros2multicast:/home/arian/ros2_foxy/install/ros2interface:/home/arian/ros2_foxy/install/ros2doctor:/home/arian/ros2_foxy/install/ros2action:/home/arian/ros2_foxy/install/ros2cli:/home/arian/ros2_foxy/install/quality_of_service_demo_py:/home/arian/ros2_foxy/install/launch_testing_ros:/home/arian/ros2_foxy/install/launch_ros:/home/arian/ros2_foxy/install/examples_rclpy_minimal_subscriber:/home/arian/ros2_foxy/install/examples_rclpy_minimal_service:/home/arian/ros2_foxy/install/examples_rclpy_minimal_publisher:/home/arian/ros2_foxy/install/examples_rclpy_minimal_client:/home/arian/ros2_foxy/install/examples_rclpy_minimal_action_server:/home/arian/ros2_foxy/install/examples_rclpy_minimal_action_client:/home/arian/ros2_foxy/install/examples_rclpy_executors:/home/arian/ros2_foxy/install/demo_nodes_py:/home/arian/ros2_foxy/install/action_tutorials_py:/home/arian/ros2_foxy/install/ament_uncrustify:/home/arian/ros2_foxy/install/tracetools_trace:/home/arian/ros2_foxy/install/tracetools_read:/home/arian/ros2_foxy/install/test_launch_ros:/home/arian/ros2_foxy/install/rpyutils:/home/arian/ros2_foxy/install/rosidl_runtime_py:/home/arian/ros2_foxy/install/launch_yaml:/home/arian/ros2_foxy/install/launch_xml:/home/arian/ros2_foxy/install/launch_testing:/home/arian/ros2_foxy/install/launch:/home/arian/ros2_foxy/install/osrf_pycommon:/home/arian/ros2_foxy/install/domain_coordinator:/home/arian/ros2_foxy/install/ament_xmllint:/home/arian/ros2_foxy/install/ament_pyflakes:/home/arian/ros2_foxy/install/ament_pycodestyle:/home/arian/ros2_foxy/install/ament_pep257:/home/arian/ros2_foxy/install/ament_pclint:/home/arian/ros2_foxy/install/ament_package:/home/arian/ros2_foxy/install/ament_mypy:/home/arian/ros2_foxy/install/ament_lint_cmake:/home/arian/ros2_foxy/install/ament_flake8:/home/arian/ros2_foxy/install/ament_copyright:/home/arian/ros2_foxy/install/ament_lint:/home/arian/ros2_foxy/install/ament_index_python:/home/arian/ros2_foxy/install/ament_cpplint:/home/arian/ros2_foxy/install/ament_cppcheck:/home/arian/ros2_foxy/install/ament_clang_tidy:/home/arian/ros2_foxy/install/ament_clang_format /usr/bin/cmake --build /home/arian/Framework/build/framework -- -j12 -l12
