In file included from [01m[K/home/arian/Framework/src/framework/src/main.cpp:12[m[K:
[01m[K/home/arian/Framework/src/framework/include/framework/multiply_parallel.hpp:447:[m[K [01;35m[Kwarning: [m[Kignoring #pragma omp parallel [[01;35m[K-Wunknown-pragmas[m[K]
  447 |             #pragma omp parallel num_threads(settings_.THREAD_NUMBER)
      | 
[01m[K/home/arian/Framework/src/framework/include/framework/multiply_parallel.hpp:[m[K In member function ‘[01m[Kvoid benchmark<T>::execute_all()[m[K’:
[01m[K/home/arian/Framework/src/framework/include/framework/multiply_parallel.hpp:642:36:[m[K [01;31m[Kerror: [m[Kno match for ‘[01m[Koperator-[m[K’ (operand types are ‘[01m[Kstd::vector<settings>[m[K’ and ‘[01m[Kint[m[K’)
  642 |                 if(i == [32m[Ksettingss_[m[K [01;31m[K-[m[K [34m[K1[m[K)
      |                         [32m[K~~~~~~~~~~[m[K [01;31m[K^[m[K [34m[K~[m[K
      |                         [32m[K|[m[K            [34m[K|[m[K
      |                         [32m[K|[m[K            [34m[Kint[m[K
      |                         [32m[Kstd::vector<settings>[m[K
In file included from [01m[K/usr/include/c++/9/bits/stl_algobase.h:67[m[K,
                 from [01m[K/usr/include/c++/9/bits/char_traits.h:39[m[K,
                 from [01m[K/usr/include/c++/9/ios:40[m[K,
                 from [01m[K/usr/include/c++/9/ostream:38[m[K,
                 from [01m[K/usr/include/c++/9/iostream:39[m[K,
                 from [01m[K/home/arian/Framework/src/framework/src/main.cpp:1[m[K:
[01m[K/usr/include/c++/9/bits/stl_iterator.h:415:5:[m[K [01;36m[Knote: [m[Kcandidate: ‘[01m[Ktemplate<class _IteratorL, class _IteratorR> decltype ((__y.base() - __x.base())) std::operator-(const std::reverse_iterator<_Iterator>&, const std::reverse_iterator<_IteratorR>&)[m[K’
  415 |     [01;36m[Koperator[m[K-(const reverse_iterator<_IteratorL>& __x,
      |     [01;36m[K^~~~~~~~[m[K
[01m[K/usr/include/c++/9/bits/stl_iterator.h:415:5:[m[K [01;36m[Knote: [m[K  template argument deduction/substitution failed:
In file included from [01m[K/home/arian/Framework/src/framework/src/main.cpp:12[m[K:
[01m[K/home/arian/Framework/src/framework/include/framework/multiply_parallel.hpp:642:38:[m[K [01;36m[Knote: [m[K  ‘[01m[Kstd::vector<settings>[m[K’ is not derived from ‘[01m[Kconst std::reverse_iterator<_Iterator>[m[K’
  642 |                 if(i == settingss_ - [01;36m[K1[m[K)
      |                                      [01;36m[K^[m[K
In file included from [01m[K/usr/include/c++/9/bits/stl_algobase.h:67[m[K,
                 from [01m[K/usr/include/c++/9/bits/char_traits.h:39[m[K,
                 from [01m[K/usr/include/c++/9/ios:40[m[K,
                 from [01m[K/usr/include/c++/9/ostream:38[m[K,
                 from [01m[K/usr/include/c++/9/iostream:39[m[K,
                 from [01m[K/home/arian/Framework/src/framework/src/main.cpp:1[m[K:
[01m[K/usr/include/c++/9/bits/stl_iterator.h:1212:5:[m[K [01;36m[Knote: [m[Kcandidate: ‘[01m[Ktemplate<class _IteratorL, class _IteratorR> decltype ((__x.base() - __y.base())) std::operator-(const std::move_iterator<_IteratorL>&, const std::move_iterator<_IteratorR>&)[m[K’
 1212 |     [01;36m[Koperator[m[K-(const move_iterator<_IteratorL>& __x,
      |     [01;36m[K^~~~~~~~[m[K
[01m[K/usr/include/c++/9/bits/stl_iterator.h:1212:5:[m[K [01;36m[Knote: [m[K  template argument deduction/substitution failed:
In file included from [01m[K/home/arian/Framework/src/framework/src/main.cpp:12[m[K:
[01m[K/home/arian/Framework/src/framework/include/framework/multiply_parallel.hpp:642:38:[m[K [01;36m[Knote: [m[K  ‘[01m[Kstd::vector<settings>[m[K’ is not derived from ‘[01m[Kconst std::move_iterator<_IteratorL>[m[K’
  642 |                 if(i == settingss_ - [01;36m[K1[m[K)
      |                                      [01;36m[K^[m[K
In file included from [01m[K/usr/include/c++/9/vector:68[m[K,
                 from [01m[K/home/arian/ros2_foxy/install/rclcpp/include/rclcpp/executor.hpp:27[m[K,
                 from [01m[K/home/arian/ros2_foxy/install/rclcpp/include/rclcpp/executors/multi_threaded_executor.hpp:25[m[K,
                 from [01m[K/home/arian/ros2_foxy/install/rclcpp/include/rclcpp/executors.hpp:21[m[K,
                 from [01m[K/home/arian/ros2_foxy/install/rclcpp/include/rclcpp/rclcpp.hpp:146[m[K,
                 from [01m[K/home/arian/Framework/src/framework/src/main.cpp:2[m[K:
[01m[K/usr/include/c++/9/bits/stl_bvector.h:214:3:[m[K [01;36m[Knote: [m[Kcandidate: ‘[01m[Kstd::ptrdiff_t std::operator-(const std::_Bit_iterator_base&, const std::_Bit_iterator_base&)[m[K’
  214 |   [01;36m[Koperator[m[K-(const _Bit_iterator_base& __x, const _Bit_iterator_base& __y)
      |   [01;36m[K^~~~~~~~[m[K
[01m[K/usr/include/c++/9/bits/stl_bvector.h:214:39:[m[K [01;36m[Knote: [m[K  no known conversion for argument 1 from ‘[01m[Kstd::vector<settings>[m[K’ to ‘[01m[Kconst std::_Bit_iterator_base&[m[K’
  214 |   operator-([01;36m[Kconst _Bit_iterator_base& __x[m[K, const _Bit_iterator_base& __y)
      |             [01;36m[K~~~~~~~~~~~~~~~~~~~~~~~~~~^~~[m[K
In file included from [01m[K/usr/include/c++/9/bits/stl_algobase.h:67[m[K,
                 from [01m[K/usr/include/c++/9/bits/char_traits.h:39[m[K,
                 from [01m[K/usr/include/c++/9/ios:40[m[K,
                 from [01m[K/usr/include/c++/9/ostream:38[m[K,
                 from [01m[K/usr/include/c++/9/iostream:39[m[K,
                 from [01m[K/home/arian/Framework/src/framework/src/main.cpp:1[m[K:
[01m[K/usr/include/c++/9/bits/stl_iterator.h:977:5:[m[K [01;36m[Knote: [m[Kcandidate: ‘[01m[Ktemplate<class _IteratorL, class _IteratorR, class _Container> decltype ((__lhs.base() - __rhs.base())) __gnu_cxx::operator-(const __gnu_cxx::__normal_iterator<_IteratorL, _Container>&, const __gnu_cxx::__normal_iterator<_IteratorR, _Container>&)[m[K’
  977 |     [01;36m[Koperator[m[K-(const __normal_iterator<_IteratorL, _Container>& __lhs,
      |     [01;36m[K^~~~~~~~[m[K
[01m[K/usr/include/c++/9/bits/stl_iterator.h:977:5:[m[K [01;36m[Knote: [m[K  template argument deduction/substitution failed:
In file included from [01m[K/home/arian/Framework/src/framework/src/main.cpp:12[m[K:
[01m[K/home/arian/Framework/src/framework/include/framework/multiply_parallel.hpp:642:38:[m[K [01;36m[Knote: [m[K  ‘[01m[Kstd::vector<settings>[m[K’ is not derived from ‘[01m[Kconst __gnu_cxx::__normal_iterator<_IteratorL, _Container>[m[K’
  642 |                 if(i == settingss_ - [01;36m[K1[m[K)
      |                                      [01;36m[K^[m[K
In file included from [01m[K/usr/include/c++/9/bits/stl_algobase.h:67[m[K,
                 from [01m[K/usr/include/c++/9/bits/char_traits.h:39[m[K,
                 from [01m[K/usr/include/c++/9/ios:40[m[K,
                 from [01m[K/usr/include/c++/9/ostream:38[m[K,
                 from [01m[K/usr/include/c++/9/iostream:39[m[K,
                 from [01m[K/home/arian/Framework/src/framework/src/main.cpp:1[m[K:
[01m[K/usr/include/c++/9/bits/stl_iterator.h:989:5:[m[K [01;36m[Knote: [m[Kcandidate: ‘[01m[Ktemplate<class _Iterator, class _Container> typename __gnu_cxx::__normal_iterator<_Iterator, _Container>::difference_type __gnu_cxx::operator-(const __gnu_cxx::__normal_iterator<_Iterator, _Container>&, const __gnu_cxx::__normal_iterator<_Iterator, _Container>&)[m[K’
  989 |     [01;36m[Koperator[m[K-(const __normal_iterator<_Iterator, _Container>& __lhs,
      |     [01;36m[K^~~~~~~~[m[K
[01m[K/usr/include/c++/9/bits/stl_iterator.h:989:5:[m[K [01;36m[Knote: [m[K  template argument deduction/substitution failed:
In file included from [01m[K/home/arian/Framework/src/framework/src/main.cpp:12[m[K:
[01m[K/home/arian/Framework/src/framework/include/framework/multiply_parallel.hpp:642:38:[m[K [01;36m[Knote: [m[K  ‘[01m[Kstd::vector<settings>[m[K’ is not derived from ‘[01m[Kconst __gnu_cxx::__normal_iterator<_Iterator, _Container>[m[K’
  642 |                 if(i == settingss_ - [01;36m[K1[m[K)
      |                                      [01;36m[K^[m[K
/home/arian/Framework/src/framework/include/framework/multiply_parallel.hpp: In instantiation of ‘[01m[Kstatic std::vector<std::vector<BufferT> > generator::generate_inputs(std::initializer_list<int>) [with T = double][m[K’:
[01m[K/home/arian/Framework/src/framework/src/main.cpp:100:64:[m[K   required from here
[01m[K/home/arian/Framework/src/framework/include/framework/multiply_parallel.hpp:498:34:[m[K [01;35m[Kwarning: [m[Kcomparison of integer expressions of different signedness: ‘[01m[Kint[m[K’ and ‘[01m[Kstd::vector<double, std::allocator<double> >::size_type[m[K’ {aka ‘[01m[Klong unsigned int[m[K’} [[01;35m[K-Wsign-compare[m[K]
  498 |                 for(int i = 0; i < temp.capacity(); i++)
/home/arian/Framework/src/framework/include/framework/multiply_parallel.hpp: In instantiation of ‘[01m[Kvoid benchmark<T>::execute_all() [with K = std::ratio<1, 1000>; T = double][m[K’:
[01m[K/home/arian/Framework/src/framework/src/main.cpp:114:46:[m[K   required from here
[01m[K/home/arian/Framework/src/framework/include/framework/multiply_parallel.hpp:624:30:[m[K [01;35m[Kwarning: [m[Kcomparison of integer expressions of different signedness: ‘[01m[Kint[m[K’ and ‘[01m[Kstd::vector<settings>::size_type[m[K’ {aka ‘[01m[Klong unsigned int[m[K’} [[01;35m[K-Wsign-compare[m[K]
  624 |             for(int i = 0; [01;35m[Ki < settingss_.size()[m[K; i++)
      |                            [01;35m[K~~^~~~~~~~~~~~~~~~~~~[m[K
[01m[K/home/arian/Framework/src/framework/include/framework/multiply_parallel.hpp:626:66:[m[K [01;35m[Kwarning: [m[Knarrowing conversion of ‘[01m[K(i + 1)[m[K’ from ‘[01m[Kint[m[K’ to ‘[01m[Kchar[m[K’ [[01;35m[K-Wnarrowing[m[K]
  626 |                 json_generator_.add("\n\t\t\"test_"+std::string{[01;35m[Ki+1[m[K} +"\" : {")
      |                                                                 [01;35m[K~^~[m[K
[01m[K/home/arian/Framework/src/framework/include/framework/multiply_parallel.hpp:626:66:[m[K [01;35m[Kwarning: [m[Knarrowing conversion of ‘[01m[K(i + 1)[m[K’ from ‘[01m[Kint[m[K’ to ‘[01m[Kchar[m[K’ [[01;35m[K-Wnarrowing[m[K]
[01m[K/home/arian/Framework/src/framework/include/framework/multiply_parallel.hpp:630:34:[m[K [01;35m[Kwarning: [m[Kcomparison of integer expressions of different signedness: ‘[01m[Kint[m[K’ and ‘[01m[Kstd::vector<std::vector<double, std::allocator<double> >, std::allocator<std::vector<double, std::allocator<double> > > >::size_type[m[K’ {aka ‘[01m[Klong unsigned int[m[K’} [[01;35m[K-Wsign-compare[m[K]
  630 |                 for(int j = 0; j < inputs_a_.size(); j++)
/home/arian/Framework/src/framework/include/framework/multiply_parallel.hpp: In instantiation of ‘[01m[Kjson_generator& json_generator::add(const std::chrono::duration<long int, T>&) [with T = std::ratio<1, 1000>][m[K’:
[01m[K/home/arian/Framework/src/framework/include/framework/multiply_parallel.hpp:618:29:[m[K   required from ‘[01m[Kvoid benchmark<T>::execute_all() [with K = std::ratio<1, 1000>; T = double][m[K’
[01m[K/home/arian/Framework/src/framework/src/main.cpp:114:46:[m[K   required from here
[01m[K/home/arian/Framework/src/framework/include/framework/multiply_parallel.hpp:550:70:[m[K [01;35m[Kwarning: [m[Kunused parameter ‘[01m[Kduration[m[K’ [[01;35m[K-Wunused-parameter[m[K]
  550 |         json_generator& add([01;35m[Kconst std::chrono::duration<int64_t, T>& duration[m[K)
      |                             [01;35m[K~~~~~~~~~~~~~~~~~~~~~~~~~~~~~~~~~~~~~~~~~^~~~~~~~[m[K
/home/arian/Framework/src/framework/include/framework/multiply_parallel.hpp: In instantiation of ‘[01m[Kvoid multiply_parallel<T>::execute_openmp(const std::vector<BufferT>&, const std::vector<BufferT>&, std::vector<BufferT>&, const settings&) [with T = double][m[K’:
[01m[K/home/arian/Framework/src/framework/include/framework/multiply_parallel.hpp:445:14:[m[K   required from here
[01m[K/home/arian/Framework/src/framework/include/framework/multiply_parallel.hpp:445:139:[m[K [01;35m[Kwarning: [m[Kunused parameter ‘[01m[Ksettings_[m[K’ [[01;35m[K-Wunused-parameter[m[K]
  445 |         void execute_openmp(const std::vector<T>& matrix_a_, const std::vector<T>& matrix_b_, std::vector<T>& matrix_c_, [01;35m[Kconst settings & settings_[m[K )
      |                                                                                                                          [01;35m[K~~~~~~~~~~~~~~~~~^~~~~~~~~[m[K
make[2]: *** [CMakeFiles/main.dir/build.make:63: CMakeFiles/main.dir/src/main.cpp.o] Error 1
make[1]: *** [CMakeFiles/Makefile2:78: CMakeFiles/main.dir/all] Error 2
make: *** [Makefile:141: all] Error 2
