[0.035s] Invoking command in '/home/arian/Framework/build/framework': CMAKE_PREFIX_PATH=${CMAKE_PREFIX_PATH}:/home/arian/ros2_foxy/install/ros2bag:/home/arian/ros2_foxy/install/tracetools_launch:/home/arian/ros2_foxy/install/topic_monitor:/home/arian/ros2_foxy/install/examples_tf2_py:/home/arian/ros2_foxy/install/sros2:/home/arian/ros2_foxy/install/rqt_topic:/home/arian/ros2_foxy/install/rqt_reconfigure:/home/arian/ros2_foxy/install/rqt_action:/home/arian/ros2_foxy/install/rqt:/home/arian/ros2_foxy/install/rqt_graph:/home/arian/ros2_foxy/install/rqt_gui_py:/home/arian/ros2_foxy/install/rqt_gui:/home/arian/ros2_foxy/install/ros2trace:/home/arian/ros2_foxy/install/ros2topic:/home/arian/ros2_foxy/install/ros2test:/home/arian/ros2_foxy/install/ros2component:/home/arian/ros2_foxy/install/ros2param:/home/arian/ros2_foxy/install/ros2lifecycle:/home/arian/ros2_foxy/install/ros2service:/home/arian/ros2_foxy/install/ros2run:/home/arian/ros2_foxy/install/ros2launch:/home/arian/ros2_foxy/install/ros2pkg:/home/arian/ros2_foxy/install/ros2node:/home/arian/ros2_foxy/install/ros2multicast:/home/arian/ros2_foxy/install/ros2interface:/home/arian/ros2_foxy/install/ros2doctor:/home/arian/ros2_foxy/install/ros2action:/home/arian/ros2_foxy/install/ros2cli:/home/arian/ros2_foxy/install/quality_of_service_demo_py:/home/arian/ros2_foxy/install/launch_testing_ros:/home/arian/ros2_foxy/install/launch_ros:/home/arian/ros2_foxy/install/examples_rclpy_minimal_subscriber:/home/arian/ros2_foxy/install/examples_rclpy_minimal_service:/home/arian/ros2_foxy/install/examples_rclpy_minimal_publisher:/home/arian/ros2_foxy/install/examples_rclpy_minimal_client:/home/arian/ros2_foxy/install/examples_rclpy_minimal_action_server:/home/arian/ros2_foxy/install/examples_rclpy_minimal_action_client:/home/arian/ros2_foxy/install/examples_rclpy_executors:/home/arian/ros2_foxy/install/demo_nodes_py:/home/arian/ros2_foxy/install/action_tutorials_py:/home/arian/ros2_foxy/install/ament_uncrustify:/home/arian/ros2_foxy/install/tracetools_trace:/home/arian/ros2_foxy/install/tracetools_read:/home/arian/ros2_foxy/install/test_launch_ros:/home/arian/ros2_foxy/install/rpyutils:/home/arian/ros2_foxy/install/rosidl_runtime_py:/home/arian/ros2_foxy/install/launch_yaml:/home/arian/ros2_foxy/install/launch_xml:/home/arian/ros2_foxy/install/launch_testing:/home/arian/ros2_foxy/install/launch:/home/arian/ros2_foxy/install/osrf_pycommon:/home/arian/ros2_foxy/install/domain_coordinator:/home/arian/ros2_foxy/install/ament_xmllint:/home/arian/ros2_foxy/install/ament_pyflakes:/home/arian/ros2_foxy/install/ament_pycodestyle:/home/arian/ros2_foxy/install/ament_pep257:/home/arian/ros2_foxy/install/ament_pclint:/home/arian/ros2_foxy/install/ament_package:/home/arian/ros2_foxy/install/ament_mypy:/home/arian/ros2_foxy/install/ament_lint_cmake:/home/arian/ros2_foxy/install/ament_flake8:/home/arian/ros2_foxy/install/ament_copyright:/home/arian/ros2_foxy/install/ament_lint:/home/arian/ros2_foxy/install/ament_index_python:/home/arian/ros2_foxy/install/ament_cpplint:/home/arian/ros2_foxy/install/ament_cppcheck:/home/arian/ros2_foxy/install/ament_clang_tidy:/home/arian/ros2_foxy/install/ament_clang_format /usr/bin/cmake --build /home/arian/Framework/build/framework -- -j12 -l12
[0.118s] [35m[1mScanning dependencies of target main[0m
[0.156s] [ 50%] [32mBuilding CXX object CMakeFiles/main.dir/src/main.cpp.o[0m
[0.304s] In file included from [01m[K/home/arian/Framework/src/framework/src/main.cpp:12[m[K:
[0.304s] [01m[K/home/arian/Framework/src/framework/include/framework/multiply_parallel.hpp:356:[m[K [01;35m[Kwarning: [m[Kignoring #pragma omp parallel [[01;35m[K-Wunknown-pragmas[m[K]
[0.304s]   356 |             #pragma omp parallel num_threads(settings_.THREAD_NUMBER)
[0.304s]       | 
[1.252s] In file included from [01m[K/home/arian/Framework/src/framework/src/main.cpp:12[m[K:
[1.252s] [01m[K/home/arian/Framework/src/framework/include/framework/multiply_parallel.hpp:15:5:[m[K [01;35m[Kwarning: [m[Kliteral operator suffixes not preceded by ‘[01m[K_[m[K’ are reserved for future standardization [[01;35m[K-Wliteral-suffix[m[K]
[1.252s]    15 |     [01;35m[Koperator[m[K"" THREADS(unsigned long long _hours)
[1.252s]       |     [01;35m[K^~~~~~~~[m[K
[1.255s] In file included from [01m[K/home/arian/Framework/src/framework/src/main.cpp:12[m[K:
[1.255s] [01m[K/home/arian/Framework/src/framework/include/framework/multiply_parallel.hpp:374:26:[m[K [01;31m[Kerror: [m[Kdeclaration of ‘[01m[Kconst settings& multiply_parallel::settings[m[K’ changes meaning of ‘[01m[Ksettings[m[K’ [[01;31m[K-fpermissive[m[K]
[1.255s]   374 |         const settings & [01;31m[Ksettings[m[K;
[1.255s]       |                          [01;31m[K^~~~~~~~[m[K
[1.256s] In file included from [01m[K/home/arian/Framework/src/framework/src/main.cpp:12[m[K:
[1.256s] [01m[K/home/arian/Framework/src/framework/include/framework/multiply_parallel.hpp:38:8:[m[K [01;36m[Knote: [m[K‘[01m[Ksettings[m[K’ declared here as ‘[01m[Kstruct settings[m[K’
[1.256s]    38 | struct [01;36m[Ksettings[m[K
[1.256s]       |        [01;36m[K^~~~~~~~[m[K
[1.256s] [01m[K/home/arian/Framework/src/framework/include/framework/multiply_parallel.hpp:[m[K In constructor ‘[01m[Kmultiply_parallel::multiply_parallel(const std::vector<int>&, const std::vector<int>&, std::vector<int>&, const settings&)[m[K’:
[1.256s] [01m[K/home/arian/Framework/src/framework/include/framework/multiply_parallel.hpp:122:9:[m[K [01;31m[Kerror: [m[Kuninitialized reference member in ‘[01m[Kconst class std::vector<int>&[m[K’ [[01;31m[K-fpermissive[m[K]
[1.256s]   122 |         [01;31m[Kmultiply_parallel[m[K(const std::vector<int>& matrix_a_, const std::vector<int>& matrix_b_, std::vector<int>& matrix_c_, const settings & settings_)
[1.256s]       |         [01;31m[K^~~~~~~~~~~~~~~~~[m[K
[1.257s] In file included from [01m[K/home/arian/Framework/src/framework/src/main.cpp:12[m[K:
[1.257s] [01m[K/home/arian/Framework/src/framework/include/framework/multiply_parallel.hpp:371:33:[m[K [01;36m[Knote: [m[K‘[01m[Kconst std::vector<int>& multiply_parallel::matrix_a[m[K’ should be initialized
[1.257s]   371 |         const std::vector<int>& [01;36m[Kmatrix_a[m[K;
[1.257s]       |                                 [01;36m[K^~~~~~~~[m[K
[1.257s] In file included from [01m[K/home/arian/Framework/src/framework/src/main.cpp:12[m[K:
[1.257s] [01m[K/home/arian/Framework/src/framework/include/framework/multiply_parallel.hpp:122:9:[m[K [01;31m[Kerror: [m[Kuninitialized reference member in ‘[01m[Kconst class std::vector<int>&[m[K’ [[01;31m[K-fpermissive[m[K]
[1.257s]   122 |         [01;31m[Kmultiply_parallel[m[K(const std::vector<int>& matrix_a_, const std::vector<int>& matrix_b_, std::vector<int>& matrix_c_, const settings & settings_)
[1.258s]       |         [01;31m[K^~~~~~~~~~~~~~~~~[m[K
[1.258s] In file included from [01m[K/home/arian/Framework/src/framework/src/main.cpp:12[m[K:
[1.258s] [01m[K/home/arian/Framework/src/framework/include/framework/multiply_parallel.hpp:372:33:[m[K [01;36m[Knote: [m[K‘[01m[Kconst std::vector<int>& multiply_parallel::matrix_b[m[K’ should be initialized
[1.258s]   372 |         const std::vector<int>& [01;36m[Kmatrix_b[m[K;
[1.258s]       |                                 [01;36m[K^~~~~~~~[m[K
[1.258s] In file included from [01m[K/home/arian/Framework/src/framework/src/main.cpp:12[m[K:
[1.258s] [01m[K/home/arian/Framework/src/framework/include/framework/multiply_parallel.hpp:122:9:[m[K [01;31m[Kerror: [m[Kuninitialized reference member in ‘[01m[Kclass std::vector<int>&[m[K’ [[01;31m[K-fpermissive[m[K]
[1.258s]   122 |         [01;31m[Kmultiply_parallel[m[K(const std::vector<int>& matrix_a_, const std::vector<int>& matrix_b_, std::vector<int>& matrix_c_, const settings & settings_)
[1.258s]       |         [01;31m[K^~~~~~~~~~~~~~~~~[m[K
[1.259s] In file included from [01m[K/home/arian/Framework/src/framework/src/main.cpp:12[m[K:
[1.259s] [01m[K/home/arian/Framework/src/framework/include/framework/multiply_parallel.hpp:373:27:[m[K [01;36m[Knote: [m[K‘[01m[Kstd::vector<int>& multiply_parallel::matrix_c[m[K’ should be initialized
[1.259s]   373 |         std::vector<int>& [01;36m[Kmatrix_c[m[K;
[1.259s]       |                           [01;36m[K^~~~~~~~[m[K
[1.259s] In file included from [01m[K/home/arian/Framework/src/framework/src/main.cpp:12[m[K:
[1.259s] [01m[K/home/arian/Framework/src/framework/include/framework/multiply_parallel.hpp:122:9:[m[K [01;31m[Kerror: [m[Kuninitialized reference member in ‘[01m[Kconst struct settings&[m[K’ [[01;31m[K-fpermissive[m[K]
[1.259s]   122 |         [01;31m[Kmultiply_parallel[m[K(const std::vector<int>& matrix_a_, const std::vector<int>& matrix_b_, std::vector<int>& matrix_c_, const settings & settings_)
[1.259s]       |         [01;31m[K^~~~~~~~~~~~~~~~~[m[K
[1.259s] In file included from [01m[K/home/arian/Framework/src/framework/src/main.cpp:12[m[K:
[1.259s] [01m[K/home/arian/Framework/src/framework/include/framework/multiply_parallel.hpp:374:26:[m[K [01;36m[Knote: [m[K‘[01m[Kconst settings& multiply_parallel::settings[m[K’ should be initialized
[1.260s]   374 |         const settings & [01;36m[Ksettings[m[K;
[1.260s]       |                          [01;36m[K^~~~~~~~[m[K
[1.260s] [01m[K/home/arian/Framework/src/framework/include/framework/multiply_parallel.hpp:124:24:[m[K [01;31m[Kerror: [m[Kpassing ‘[01m[Kconst std::vector<int>[m[K’ as ‘[01m[Kthis[m[K’ argument discards qualifiers [[01;31m[K-fpermissive[m[K]
[1.260s]   124 |             matrix_a = [01;31m[Kmatrix_a_[m[K;
[1.260s]       |                        [01;31m[K^~~~~~~~~[m[K
[1.260s] In file included from [01m[K/usr/include/c++/9/vector:72[m[K,
[1.260s]                  from [01m[K/home/arian/ros2_foxy/install/rclcpp/include/rclcpp/executor.hpp:27[m[K,
[1.260s]                  from [01m[K/home/arian/ros2_foxy/install/rclcpp/include/rclcpp/executors/multi_threaded_executor.hpp:25[m[K,
[1.260s]                  from [01m[K/home/arian/ros2_foxy/install/rclcpp/include/rclcpp/executors.hpp:21[m[K,
[1.261s]                  from [01m[K/home/arian/ros2_foxy/install/rclcpp/include/rclcpp/rclcpp.hpp:146[m[K,
[1.261s]                  from [01m[K/home/arian/Framework/src/framework/src/main.cpp:2[m[K:
[1.261s] [01m[K/usr/include/c++/9/bits/vector.tcc:198:5:[m[K [01;36m[Knote: [m[K  in call to ‘[01m[Kstd::vector<_Tp, _Alloc>& std::vector<_Tp, _Alloc>::operator=(const std::vector<_Tp, _Alloc>&) [with _Tp = int; _Alloc = std::allocator<int>][m[K’
[1.261s]   198 |     [01;36m[Kvector<_Tp, _Alloc>[m[K::
[1.261s]       |     [01;36m[K^~~~~~~~~~~~~~~~~~~[m[K
[1.261s] In file included from [01m[K/home/arian/Framework/src/framework/src/main.cpp:12[m[K:
[1.261s] [01m[K/home/arian/Framework/src/framework/include/framework/multiply_parallel.hpp:125:24:[m[K [01;31m[Kerror: [m[Kpassing ‘[01m[Kconst std::vector<int>[m[K’ as ‘[01m[Kthis[m[K’ argument discards qualifiers [[01;31m[K-fpermissive[m[K]
[1.261s]   125 |             matrix_b = [01;31m[Kmatrix_b_[m[K;
[1.261s]       |                        [01;31m[K^~~~~~~~~[m[K
[1.262s] In file included from [01m[K/usr/include/c++/9/vector:72[m[K,
[1.262s]                  from [01m[K/home/arian/ros2_foxy/install/rclcpp/include/rclcpp/executor.hpp:27[m[K,
[1.262s]                  from [01m[K/home/arian/ros2_foxy/install/rclcpp/include/rclcpp/executors/multi_threaded_executor.hpp:25[m[K,
[1.262s]                  from [01m[K/home/arian/ros2_foxy/install/rclcpp/include/rclcpp/executors.hpp:21[m[K,
[1.262s]                  from [01m[K/home/arian/ros2_foxy/install/rclcpp/include/rclcpp/rclcpp.hpp:146[m[K,
[1.262s]                  from [01m[K/home/arian/Framework/src/framework/src/main.cpp:2[m[K:
[1.262s] [01m[K/usr/include/c++/9/bits/vector.tcc:198:5:[m[K [01;36m[Knote: [m[K  in call to ‘[01m[Kstd::vector<_Tp, _Alloc>& std::vector<_Tp, _Alloc>::operator=(const std::vector<_Tp, _Alloc>&) [with _Tp = int; _Alloc = std::allocator<int>][m[K’
[1.262s]   198 |     [01;36m[Kvector<_Tp, _Alloc>[m[K::
[1.262s]       |     [01;36m[K^~~~~~~~~~~~~~~~~~~[m[K
[1.263s] In file included from [01m[K/home/arian/Framework/src/framework/src/main.cpp:12[m[K:
[1.263s] [01m[K/home/arian/Framework/src/framework/include/framework/multiply_parallel.hpp:127:24:[m[K [01;31m[Kerror: [m[Kpassing ‘[01m[Kconst settings[m[K’ as ‘[01m[Kthis[m[K’ argument discards qualifiers [[01;31m[K-fpermissive[m[K]
[1.263s]   127 |             settings = [01;31m[Ksettings_[m[K;
[1.263s]       |                        [01;31m[K^~~~~~~~~[m[K
[1.263s] In file included from [01m[K/home/arian/Framework/src/framework/src/main.cpp:12[m[K:
[1.263s] [01m[K/home/arian/Framework/src/framework/include/framework/multiply_parallel.hpp:38:8:[m[K [01;36m[Knote: [m[K  in call to ‘[01m[Kconstexpr settings& settings::operator=(const settings&)[m[K’
[1.263s]    38 | struct [01;36m[Ksettings[m[K
[1.263s]       |        [01;36m[K^~~~~~~~[m[K
[1.264s] [01m[K/home/arian/Framework/src/framework/include/framework/multiply_parallel.hpp:122:115:[m[K [01;35m[Kwarning: [m[Kunused parameter ‘[01m[Kmatrix_c_[m[K’ [[01;35m[K-Wunused-parameter[m[K]
[1.264s]   122 |         multiply_parallel(const std::vector<int>& matrix_a_, const std::vector<int>& matrix_b_, [01;35m[Kstd::vector<int>& matrix_c_[m[K, const settings & settings_)
[1.264s]       |                                                                                                 [01;35m[K~~~~~~~~~~~~~~~~~~^~~~~~~~~[m[K
[1.264s] In file included from [01m[K/home/arian/Framework/src/framework/src/main.cpp:12[m[K:
[1.264s] [01m[K/home/arian/Framework/src/framework/include/framework/multiply_parallel.hpp:[m[K In constructor ‘[01m[Kmultiply_parallel::multiply_parallel(const std::vector<int>&, std::vector<int>&, const settings&)[m[K’:
[1.264s] [01m[K/home/arian/Framework/src/framework/include/framework/multiply_parallel.hpp:130:9:[m[K [01;31m[Kerror: [m[Kuninitialized reference member in ‘[01m[Kconst class std::vector<int>&[m[K’ [[01;31m[K-fpermissive[m[K]
[1.264s]   130 |         [01;31m[Kmultiply_parallel[m[K(const std::vector<int>& matrix_a_, std::vector<int>& matrix_c_, const settings & settings_)
[1.264s]       |         [01;31m[K^~~~~~~~~~~~~~~~~[m[K
[1.264s] [01m[K/home/arian/Framework/src/framework/include/framework/multiply_parallel.hpp:371:33:[m[K [01;36m[Knote: [m[K‘[01m[Kconst std::vector<int>& multiply_parallel::matrix_a[m[K’ should be initialized
[1.264s]   371 |         const std::vector<int>& [01;36m[Kmatrix_a[m[K;
[1.265s]       |                                 [01;36m[K^~~~~~~~[m[K
[1.265s] [01m[K/home/arian/Framework/src/framework/include/framework/multiply_parallel.hpp:130:9:[m[K [01;31m[Kerror: [m[Kuninitialized reference member in ‘[01m[Kconst class std::vector<int>&[m[K’ [[01;31m[K-fpermissive[m[K]
[1.265s]   130 |         [01;31m[Kmultiply_parallel[m[K(const std::vector<int>& matrix_a_, std::vector<int>& matrix_c_, const settings & settings_)
[1.265s]       |         [01;31m[K^~~~~~~~~~~~~~~~~[m[K
[1.265s] [01m[K/home/arian/Framework/src/framework/include/framework/multiply_parallel.hpp:372:33:[m[K [01;36m[Knote: [m[K‘[01m[Kconst std::vector<int>& multiply_parallel::matrix_b[m[K’ should be initialized
[1.265s]   372 |         const std::vector<int>& [01;36m[Kmatrix_b[m[K;
[1.265s]       |                                 [01;36m[K^~~~~~~~[m[K
[1.265s] [01m[K/home/arian/Framework/src/framework/include/framework/multiply_parallel.hpp:130:9:[m[K [01;31m[Kerror: [m[Kuninitialized reference member in ‘[01m[Kclass std::vector<int>&[m[K’ [[01;31m[K-fpermissive[m[K]
[1.265s]   130 |         [01;31m[Kmultiply_parallel[m[K(const std::vector<int>& matrix_a_, std::vector<int>& matrix_c_, const settings & settings_)
[1.266s]       |         [01;31m[K^~~~~~~~~~~~~~~~~[m[K
[1.266s] [01m[K/home/arian/Framework/src/framework/include/framework/multiply_parallel.hpp:373:27:[m[K [01;36m[Knote: [m[K‘[01m[Kstd::vector<int>& multiply_parallel::matrix_c[m[K’ should be initialized
[1.266s]   373 |         std::vector<int>& [01;36m[Kmatrix_c[m[K;
[1.266s]       |                           [01;36m[K^~~~~~~~[m[K
[1.266s] [01m[K/home/arian/Framework/src/framework/include/framework/multiply_parallel.hpp:130:9:[m[K [01;31m[Kerror: [m[Kuninitialized reference member in ‘[01m[Kconst struct settings&[m[K’ [[01;31m[K-fpermissive[m[K]
[1.266s]   130 |         [01;31m[Kmultiply_parallel[m[K(const std::vector<int>& matrix_a_, std::vector<int>& matrix_c_, const settings & settings_)
[1.266s]       |         [01;31m[K^~~~~~~~~~~~~~~~~[m[K
[1.266s] [01m[K/home/arian/Framework/src/framework/include/framework/multiply_parallel.hpp:374:26:[m[K [01;36m[Knote: [m[K‘[01m[Kconst settings& multiply_parallel::settings[m[K’ should be initialized
[1.266s]   374 |         const settings & [01;36m[Ksettings[m[K;
[1.267s]       |                          [01;36m[K^~~~~~~~[m[K
[1.267s] [01m[K/home/arian/Framework/src/framework/include/framework/multiply_parallel.hpp:135:102:[m[K [01;31m[Kerror: [m[Kpassing ‘[01m[Kconst std::vector<int>[m[K’ as ‘[01m[Kthis[m[K’ argument discards qualifiers [[01;31m[K-fpermissive[m[K]
[1.267s]   135 |             matrix_a = std::vector<int>{matrix_a_.begin(), (matrix_a_.size() / 2) + matrix_a_.begin()[01;31m[K}[m[K;
[1.267s]       |                                                                                                      [01;31m[K^[m[K
[1.267s] In file included from [01m[K/usr/include/c++/9/vector:67[m[K,
[1.267s]                  from [01m[K/home/arian/ros2_foxy/install/rclcpp/include/rclcpp/executor.hpp:27[m[K,
[1.267s]                  from [01m[K/home/arian/ros2_foxy/install/rclcpp/include/rclcpp/executors/multi_threaded_executor.hpp:25[m[K,
[1.267s]                  from [01m[K/home/arian/ros2_foxy/install/rclcpp/include/rclcpp/executors.hpp:21[m[K,
[1.268s]                  from [01m[K/home/arian/ros2_foxy/install/rclcpp/include/rclcpp/rclcpp.hpp:146[m[K,
[1.268s]                  from [01m[K/home/arian/Framework/src/framework/src/main.cpp:2[m[K:
[1.268s] [01m[K/usr/include/c++/9/bits/stl_vector.h:706:7:[m[K [01;36m[Knote: [m[K  in call to ‘[01m[Kstd::vector<_Tp, _Alloc>& std::vector<_Tp, _Alloc>::operator=(std::vector<_Tp, _Alloc>&&) [with _Tp = int; _Alloc = std::allocator<int>][m[K’
[1.268s]   706 |       [01;36m[Koperator[m[K=(vector&& __x) noexcept(_Alloc_traits::_S_nothrow_move())
[1.268s]       |       [01;36m[K^~~~~~~~[m[K
[1.268s] In file included from [01m[K/home/arian/Framework/src/framework/src/main.cpp:12[m[K:
[1.268s] [01m[K/home/arian/Framework/src/framework/include/framework/multiply_parallel.hpp:136:100:[m[K [01;31m[Kerror: [m[Kpassing ‘[01m[Kconst std::vector<int>[m[K’ as ‘[01m[Kthis[m[K’ argument discards qualifiers [[01;31m[K-fpermissive[m[K]
[1.268s]   136 |             matrix_b = std::vector<int>{(matrix_a_.size() / 2) + matrix_a_.begin(), matrix_a_.end()[01;31m[K}[m[K;
[1.268s]       |                                                                                                    [01;31m[K^[m[K
[1.269s] In file included from [01m[K/usr/include/c++/9/vector:67[m[K,
[1.269s]                  from [01m[K/home/arian/ros2_foxy/install/rclcpp/include/rclcpp/executor.hpp:27[m[K,
[1.269s]                  from [01m[K/home/arian/ros2_foxy/install/rclcpp/include/rclcpp/executors/multi_threaded_executor.hpp:25[m[K,
[1.269s]                  from [01m[K/home/arian/ros2_foxy/install/rclcpp/include/rclcpp/executors.hpp:21[m[K,
[1.269s]                  from [01m[K/home/arian/ros2_foxy/install/rclcpp/include/rclcpp/rclcpp.hpp:146[m[K,
[1.269s]                  from [01m[K/home/arian/Framework/src/framework/src/main.cpp:2[m[K:
[1.269s] [01m[K/usr/include/c++/9/bits/stl_vector.h:706:7:[m[K [01;36m[Knote: [m[K  in call to ‘[01m[Kstd::vector<_Tp, _Alloc>& std::vector<_Tp, _Alloc>::operator=(std::vector<_Tp, _Alloc>&&) [with _Tp = int; _Alloc = std::allocator<int>][m[K’
[1.269s]   706 |       [01;36m[Koperator[m[K=(vector&& __x) noexcept(_Alloc_traits::_S_nothrow_move())
[1.270s]       |       [01;36m[K^~~~~~~~[m[K
[1.270s] In file included from [01m[K/home/arian/Framework/src/framework/src/main.cpp:12[m[K:
[1.270s] [01m[K/home/arian/Framework/src/framework/include/framework/multiply_parallel.hpp:137:24:[m[K [01;31m[Kerror: [m[Kpassing ‘[01m[Kconst settings[m[K’ as ‘[01m[Kthis[m[K’ argument discards qualifiers [[01;31m[K-fpermissive[m[K]
[1.270s]   137 |             settings = [01;31m[Ksettings_[m[K;
[1.270s]       |                        [01;31m[K^~~~~~~~~[m[K
[1.270s] In file included from [01m[K/home/arian/Framework/src/framework/src/main.cpp:12[m[K:
[1.270s] [01m[K/home/arian/Framework/src/framework/include/framework/multiply_parallel.hpp:38:8:[m[K [01;36m[Knote: [m[K  in call to ‘[01m[Kconstexpr settings& settings::operator=(const settings&)[m[K’
[1.270s]    38 | struct [01;36m[Ksettings[m[K
[1.271s]       |        [01;36m[K^~~~~~~~[m[K
[1.271s] In file included from [01m[K/home/arian/Framework/src/framework/src/main.cpp:12[m[K:
[1.271s] [01m[K/home/arian/Framework/src/framework/include/framework/multiply_parallel.hpp:130:80:[m[K [01;35m[Kwarning: [m[Kunused parameter ‘[01m[Kmatrix_c_[m[K’ [[01;35m[K-Wunused-parameter[m[K]
[1.271s]   130 |         multiply_parallel(const std::vector<int>& matrix_a_, [01;35m[Kstd::vector<int>& matrix_c_[m[K, const settings & settings_)
[1.271s]       |                                                              [01;35m[K~~~~~~~~~~~~~~~~~~^~~~~~~~~[m[K
[1.271s] [01m[K/home/arian/Framework/src/framework/include/framework/multiply_parallel.hpp:[m[K In member function ‘[01m[Kvoid multiply_parallel::execute_openmp(const std::vector<int>&, const std::vector<int>&, std::vector<int>&, const settings&)[m[K’:
[1.271s] [01m[K/home/arian/Framework/src/framework/include/framework/multiply_parallel.hpp:354:145:[m[K [01;35m[Kwarning: [m[Kunused parameter ‘[01m[Ksettings_[m[K’ [[01;35m[K-Wunused-parameter[m[K]
[1.271s]   354 |         void execute_openmp(const std::vector<int>& matrix_a_, const std::vector<int>& matrix_b_, std::vector<int>& matrix_c_, [01;35m[Kconst settings & settings_[m[K )
[1.271s]       |                                                                                                                                [01;35m[K~~~~~~~~~~~~~~~~~^~~~~~~~~[m[K
[1.565s] make[2]: *** [CMakeFiles/main.dir/build.make:63: CMakeFiles/main.dir/src/main.cpp.o] Error 1
[1.565s] make[1]: *** [CMakeFiles/Makefile2:78: CMakeFiles/main.dir/all] Error 2
[1.565s] make: *** [Makefile:141: all] Error 2
[1.568s] Invoked command in '/home/arian/Framework/build/framework' returned '2': CMAKE_PREFIX_PATH=${CMAKE_PREFIX_PATH}:/home/arian/ros2_foxy/install/ros2bag:/home/arian/ros2_foxy/install/tracetools_launch:/home/arian/ros2_foxy/install/topic_monitor:/home/arian/ros2_foxy/install/examples_tf2_py:/home/arian/ros2_foxy/install/sros2:/home/arian/ros2_foxy/install/rqt_topic:/home/arian/ros2_foxy/install/rqt_reconfigure:/home/arian/ros2_foxy/install/rqt_action:/home/arian/ros2_foxy/install/rqt:/home/arian/ros2_foxy/install/rqt_graph:/home/arian/ros2_foxy/install/rqt_gui_py:/home/arian/ros2_foxy/install/rqt_gui:/home/arian/ros2_foxy/install/ros2trace:/home/arian/ros2_foxy/install/ros2topic:/home/arian/ros2_foxy/install/ros2test:/home/arian/ros2_foxy/install/ros2component:/home/arian/ros2_foxy/install/ros2param:/home/arian/ros2_foxy/install/ros2lifecycle:/home/arian/ros2_foxy/install/ros2service:/home/arian/ros2_foxy/install/ros2run:/home/arian/ros2_foxy/install/ros2launch:/home/arian/ros2_foxy/install/ros2pkg:/home/arian/ros2_foxy/install/ros2node:/home/arian/ros2_foxy/install/ros2multicast:/home/arian/ros2_foxy/install/ros2interface:/home/arian/ros2_foxy/install/ros2doctor:/home/arian/ros2_foxy/install/ros2action:/home/arian/ros2_foxy/install/ros2cli:/home/arian/ros2_foxy/install/quality_of_service_demo_py:/home/arian/ros2_foxy/install/launch_testing_ros:/home/arian/ros2_foxy/install/launch_ros:/home/arian/ros2_foxy/install/examples_rclpy_minimal_subscriber:/home/arian/ros2_foxy/install/examples_rclpy_minimal_service:/home/arian/ros2_foxy/install/examples_rclpy_minimal_publisher:/home/arian/ros2_foxy/install/examples_rclpy_minimal_client:/home/arian/ros2_foxy/install/examples_rclpy_minimal_action_server:/home/arian/ros2_foxy/install/examples_rclpy_minimal_action_client:/home/arian/ros2_foxy/install/examples_rclpy_executors:/home/arian/ros2_foxy/install/demo_nodes_py:/home/arian/ros2_foxy/install/action_tutorials_py:/home/arian/ros2_foxy/install/ament_uncrustify:/home/arian/ros2_foxy/install/tracetools_trace:/home/arian/ros2_foxy/install/tracetools_read:/home/arian/ros2_foxy/install/test_launch_ros:/home/arian/ros2_foxy/install/rpyutils:/home/arian/ros2_foxy/install/rosidl_runtime_py:/home/arian/ros2_foxy/install/launch_yaml:/home/arian/ros2_foxy/install/launch_xml:/home/arian/ros2_foxy/install/launch_testing:/home/arian/ros2_foxy/install/launch:/home/arian/ros2_foxy/install/osrf_pycommon:/home/arian/ros2_foxy/install/domain_coordinator:/home/arian/ros2_foxy/install/ament_xmllint:/home/arian/ros2_foxy/install/ament_pyflakes:/home/arian/ros2_foxy/install/ament_pycodestyle:/home/arian/ros2_foxy/install/ament_pep257:/home/arian/ros2_foxy/install/ament_pclint:/home/arian/ros2_foxy/install/ament_package:/home/arian/ros2_foxy/install/ament_mypy:/home/arian/ros2_foxy/install/ament_lint_cmake:/home/arian/ros2_foxy/install/ament_flake8:/home/arian/ros2_foxy/install/ament_copyright:/home/arian/ros2_foxy/install/ament_lint:/home/arian/ros2_foxy/install/ament_index_python:/home/arian/ros2_foxy/install/ament_cpplint:/home/arian/ros2_foxy/install/ament_cppcheck:/home/arian/ros2_foxy/install/ament_clang_tidy:/home/arian/ros2_foxy/install/ament_clang_format /usr/bin/cmake --build /home/arian/Framework/build/framework -- -j12 -l12
