In file included from [01m[K/home/arian/Framework/src/framework/src/main.cpp:6[m[K:
[01m[K/home/arian/Framework/src/framework/include/framework/multiply_parallel.hpp:24:91:[m[K [01;31m[Kerror: [m[K‘[01m[Kthis[m[K’ may not be used in this context
   24 |                             std::bind(&framework::utilities::multiply::multiply_function, [01;31m[Kthis[m[K))
      |                                                                                           [01;31m[K^~~~[m[K
[01m[K/home/arian/Framework/src/framework/include/framework/multiply_parallel.hpp:[m[K In member function ‘[01m[Kvoid* framework::utilities::multiply::multiply_function(void*)[m[K’:
[01m[K/home/arian/Framework/src/framework/include/framework/multiply_parallel.hpp:73:33:[m[K [01;31m[Kerror: [m[K‘[01m[Kmatrix_c[m[K’ was not declared in this scope; did you mean ‘[01m[Kmatrix_a[m[K’?
   73 |                                 [01;31m[Kmatrix_c[m[K[i][j] += matrix_a[i][k] * matrix_b[k][j];
      |                                 [01;31m[K^~~~~~~~[m[K
      |                                 [32m[Kmatrix_a[m[K
[01m[K/home/arian/Framework/src/framework/src/main.cpp:[m[K In function ‘[01m[Kint main(int, const char**)[m[K’:
[01m[K/home/arian/Framework/src/framework/src/main.cpp:13:68:[m[K [01;31m[Kerror: [m[Kuse of deleted function ‘[01m[Kframework::utilities::multiply::multiply(const framework::utilities::multiply&)[m[K’
   13 |     auto multiplication = framework::utilities::multiply::Multiply([01;31m[K)[m[K;
      |                                                                    [01;31m[K^[m[K
In file included from [01m[K/home/arian/Framework/src/framework/src/main.cpp:6[m[K:
[01m[K/home/arian/Framework/src/framework/include/framework/multiply_parallel.hpp:62:17:[m[K [01;36m[Knote: [m[Kdeclared here
   62 |                 [01;36m[Kmultiply[m[K(const multiply&) = delete;
      |                 [01;36m[K^~~~~~~~[m[K
[01m[K/home/arian/Framework/src/framework/src/main.cpp:10:14:[m[K [01;35m[Kwarning: [m[Kunused parameter ‘[01m[Kargc[m[K’ [[01;35m[K-Wunused-parameter[m[K]
   10 | int main([01;35m[Kint argc[m[K, const char ** argv)
      |          [01;35m[K~~~~^~~~[m[K
[01m[K/home/arian/Framework/src/framework/src/main.cpp:10:34:[m[K [01;35m[Kwarning: [m[Kunused parameter ‘[01m[Kargv[m[K’ [[01;35m[K-Wunused-parameter[m[K]
   10 | int main(int argc, [01;35m[Kconst char ** argv[m[K)
      |                    [01;35m[K~~~~~~~~~~~~~~^~~~[m[K
make[2]: *** [CMakeFiles/main.dir/build.make:63: CMakeFiles/main.dir/src/main.cpp.o] Error 1
make[1]: *** [CMakeFiles/Makefile2:78: CMakeFiles/main.dir/all] Error 2
make: *** [Makefile:141: all] Error 2
