In file included from [01m[K/home/arian/Framework/src/framework/src/main.cpp:12[m[K:
[01m[K/home/arian/Framework/src/framework/include/framework/multiply_parallel.hpp:456:[m[K [01;35m[Kwarning: [m[Kignoring #pragma omp parallel [[01;35m[K-Wunknown-pragmas[m[K]
  456 |             #pragma omp parallel num_threads(settings_.THREAD_NUMBER)
      | 
[01m[K/home/arian/Framework/src/framework/src/main.cpp:[m[K In function ‘[01m[Kint main()[m[K’:
[01m[K/home/arian/Framework/src/framework/src/main.cpp:120:19:[m[K [01;31m[Kerror: [m[K‘[01m[Ksingle_generator[m[K’ is not a template
  120 |   auto matrix_a = [01;31m[Ksingle_generator[m[K<double>::generate_input(200);
      |                   [01;31m[K^~~~~~~~~~~~~~~~[m[K
[01m[K/home/arian/Framework/src/framework/src/main.cpp:121:19:[m[K [01;31m[Kerror: [m[K‘[01m[Ksingle_generator[m[K’ is not a template
  121 |   auto matrix_b = [01;31m[Ksingle_generator[m[K<double>::generate_input(200);
      |                   [01;31m[K^~~~~~~~~~~~~~~~[m[K
[01m[K/home/arian/Framework/src/framework/src/main.cpp:122:24:[m[K [01;31m[Kerror: [m[K‘[01m[Ksingle_generator[m[K’ is not a template
  122 |   auto matrix_result = [01;31m[Ksingle_generator[m[K<double>::generate_input(200);
      |                        [01;31m[K^~~~~~~~~~~~~~~~[m[K
[01m[K/home/arian/Framework/src/framework/src/main.cpp:125:76:[m[K [01;31m[Kerror: [m[Kno matching function for call to ‘[01m[Kmultiply_parallel<double>::multiply_parallel(std::vector<int>&, std::vector<int>&, std::vector<int>&, settings&)[m[K’
  125 |   multiply_parallel<double> mp(matrix_a, matrix_b, matrix_result, settings_[01;31m[K)[m[K;
      |                                                                            [01;31m[K^[m[K
In file included from [01m[K/home/arian/Framework/src/framework/src/main.cpp:12[m[K:
[01m[K/home/arian/Framework/src/framework/include/framework/multiply_parallel.hpp:222:9:[m[K [01;36m[Knote: [m[Kcandidate: ‘[01m[Kmultiply_parallel<T>::multiply_parallel(const std::vector<BufferT>&, std::vector<BufferT>&, const settings&) [with T = double][m[K’
  222 |         [01;36m[Kmultiply_parallel[m[K(const std::vector<T>& matrix_a_, std::vector<T>& matrix_c_, const settings & settings_) : name("multiply_parallel")
      |         [01;36m[K^~~~~~~~~~~~~~~~~[m[K
[01m[K/home/arian/Framework/src/framework/include/framework/multiply_parallel.hpp:222:9:[m[K [01;36m[Knote: [m[K  candidate expects 3 arguments, 4 provided
[01m[K/home/arian/Framework/src/framework/include/framework/multiply_parallel.hpp:216:9:[m[K [01;36m[Knote: [m[Kcandidate: ‘[01m[Kmultiply_parallel<T>::multiply_parallel(const std::vector<BufferT>&, const std::vector<BufferT>&, std::vector<BufferT>&, const settings&) [with T = double][m[K’
  216 |         [01;36m[Kmultiply_parallel[m[K(const std::vector<T>& matrix_a_, const std::vector<T>& matrix_b_, std::vector<T>& matrix_c_, const settings & settings_) : name("multiply_parallel")
      |         [01;36m[K^~~~~~~~~~~~~~~~~[m[K
[01m[K/home/arian/Framework/src/framework/include/framework/multiply_parallel.hpp:216:49:[m[K [01;36m[Knote: [m[K  no known conversion for argument 1 from ‘[01m[Kstd::vector<int>[m[K’ to ‘[01m[Kconst std::vector<double, std::allocator<double> >&[m[K’
  216 |         multiply_parallel([01;36m[Kconst std::vector<T>& matrix_a_[m[K, const std::vector<T>& matrix_b_, std::vector<T>& matrix_c_, const settings & settings_) : name("multiply_parallel")
      |                           [01;36m[K~~~~~~~~~~~~~~~~~~~~~~^~~~~~~~~[m[K
[01m[K/home/arian/Framework/src/framework/include/framework/multiply_parallel.hpp:211:9:[m[K [01;36m[Knote: [m[Kcandidate: ‘[01m[Kmultiply_parallel<T>::multiply_parallel() [with T = double][m[K’
  211 |         [01;36m[Kmultiply_parallel[m[K() : name("multiply_parallel")
      |         [01;36m[K^~~~~~~~~~~~~~~~~[m[K
[01m[K/home/arian/Framework/src/framework/include/framework/multiply_parallel.hpp:211:9:[m[K [01;36m[Knote: [m[K  candidate expects 0 arguments, 4 provided
[01m[K/home/arian/Framework/src/framework/include/framework/multiply_parallel.hpp:207:7:[m[K [01;36m[Knote: [m[Kcandidate: ‘[01m[Kmultiply_parallel<double>::multiply_parallel(const multiply_parallel<double>&)[m[K’
  207 | class [01;36m[Kmultiply_parallel[m[K : public base_parallel<T>
      |       [01;36m[K^~~~~~~~~~~~~~~~~[m[K
[01m[K/home/arian/Framework/src/framework/include/framework/multiply_parallel.hpp:207:7:[m[K [01;36m[Knote: [m[K  candidate expects 1 argument, 4 provided
[01m[K/home/arian/Framework/src/framework/include/framework/multiply_parallel.hpp:207:7:[m[K [01;36m[Knote: [m[Kcandidate: ‘[01m[Kmultiply_parallel<double>::multiply_parallel(multiply_parallel<double>&&)[m[K’
[01m[K/home/arian/Framework/src/framework/include/framework/multiply_parallel.hpp:207:7:[m[K [01;36m[Knote: [m[K  candidate expects 1 argument, 4 provided
/home/arian/Framework/src/framework/include/framework/multiply_parallel.hpp: In instantiation of ‘[01m[Kstatic std::vector<BufferT> single_generator::generate_input(int) [with T = int][m[K’:
[01m[K/home/arian/Framework/src/framework/src/main.cpp:120:63:[m[K   required from here
[01m[K/home/arian/Framework/src/framework/include/framework/multiply_parallel.hpp:484:30:[m[K [01;35m[Kwarning: [m[Kcomparison of integer expressions of different signedness: ‘[01m[Kint[m[K’ and ‘[01m[Kstd::vector<int>::size_type[m[K’ {aka ‘[01m[Klong unsigned int[m[K’} [[01;35m[K-Wsign-compare[m[K]
  484 |             for(int i = 0; i < temp.capacity(); i++)
/home/arian/Framework/src/framework/include/framework/multiply_parallel.hpp: In instantiation of ‘[01m[Kvoid multiply_parallel<T>::execute_openmp(const std::vector<BufferT>&, const std::vector<BufferT>&, std::vector<BufferT>&, const settings&) [with T = double][m[K’:
[01m[K/home/arian/Framework/src/framework/include/framework/multiply_parallel.hpp:454:14:[m[K   required from here
[01m[K/home/arian/Framework/src/framework/include/framework/multiply_parallel.hpp:454:139:[m[K [01;35m[Kwarning: [m[Kunused parameter ‘[01m[Ksettings_[m[K’ [[01;35m[K-Wunused-parameter[m[K]
  454 |         void execute_openmp(const std::vector<T>& matrix_a_, const std::vector<T>& matrix_b_, std::vector<T>& matrix_c_, [01;35m[Kconst settings & settings_[m[K )
      |                                                                                                                          [01;35m[K~~~~~~~~~~~~~~~~~^~~~~~~~~[m[K
make[2]: *** [CMakeFiles/main.dir/build.make:63: CMakeFiles/main.dir/src/main.cpp.o] Error 1
make[1]: *** [CMakeFiles/Makefile2:78: CMakeFiles/main.dir/all] Error 2
make: *** [Makefile:141: all] Error 2
