[35m[1mScanning dependencies of target main[0m
[ 50%] [32mBuilding CXX object CMakeFiles/main.dir/src/main.cpp.o[0m
In file included from [01m[K/home/arian/Framework/src/framework/src/main.cpp:6[m[K:
[01m[K/home/arian/Framework/src/framework/include/framework/multiply_parallel.hpp:77:10:[m[K [01;31m[Kerror: [m[Kexpected ‘[01m[K;[m[K’ after class definition
   77 |         }
      |          [01;31m[K^[m[K
      |          [32m[K;[m[K
In file included from [01m[K/home/arian/Framework/src/framework/src/main.cpp:6[m[K:
[01m[K/home/arian/Framework/src/framework/include/framework/multiply_parallel.hpp:21:92:[m[K [01;31m[Kerror: [m[K‘[01m[KMultiply[m[K’ is not a class, namespace, or enumeration
   21 |                 void run(int** matrix_a_, int** matrix_b_, void* (*fn)(void*) = std::bind(&[01;31m[KMultiply[m[K::multiply_function, this, std::placeholders::_1))
      |                                                                                            [01;31m[K^~~~~~~~[m[K
[01m[K/home/arian/Framework/src/framework/include/framework/multiply_parallel.hpp:21:121:[m[K [01;31m[Kerror: [m[K‘[01m[Kthis[m[K’ may not be used in this context
   21 |                 void run(int** matrix_a_, int** matrix_b_, void* (*fn)(void*) = std::bind(&Multiply::multiply_function, [01;31m[Kthis[m[K, std::placeholders::_1))
      |                                                                                                                         [01;31m[K^~~~[m[K
In file included from [01m[K/home/arian/Framework/src/framework/src/main.cpp:6[m[K:
[01m[K/home/arian/Framework/src/framework/include/framework/multiply_parallel.hpp:[m[K In member function ‘[01m[Kvoid framework::utilities::multiply::run(int**, int**, void* (*)(void*))[m[K’:
[01m[K/home/arian/Framework/src/framework/include/framework/multiply_parallel.hpp:30:41:[m[K [01;31m[Kerror: [m[K‘[01m[Kthread[m[K’ was not declared in this scope; did you mean ‘[01m[Kstd::thread[m[K’?
   30 |                         pthread_create(&[01;31m[Kthread[m[K[i], NULL, fn, NULL);
      |                                         [01;31m[K^~~~~~[m[K
      |                                         [32m[Kstd::thread[m[K
In file included from [01m[K/usr/include/c++/9/future:39[m[K,
                 from [01m[K/home/arian/ros2_foxy/install/rclcpp/include/rclcpp/executors.hpp:18[m[K,
                 from [01m[K/home/arian/ros2_foxy/install/rclcpp/include/rclcpp/rclcpp.hpp:146[m[K,
                 from [01m[K/home/arian/Framework/src/framework/src/main.cpp:2[m[K:
[01m[K/usr/include/c++/9/thread:62:9:[m[K [01;36m[Knote: [m[K‘[01m[Kstd::thread[m[K’ declared here
   62 |   class [01;36m[Kthread[m[K
      |         [01;36m[K^~~~~~[m[K
In file included from [01m[K/home/arian/Framework/src/framework/src/main.cpp:6[m[K:
[01m[K/home/arian/Framework/src/framework/include/framework/multiply_parallel.hpp:35:38:[m[K [01;31m[Kerror: [m[K‘[01m[Kthread[m[K’ was not declared in this scope; did you mean ‘[01m[Kstd::thread[m[K’?
   35 |                         pthread_join([01;31m[Kthread[m[K[i], NULL);
      |                                      [01;31m[K^~~~~~[m[K
      |                                      [32m[Kstd::thread[m[K
In file included from [01m[K/usr/include/c++/9/future:39[m[K,
                 from [01m[K/home/arian/ros2_foxy/install/rclcpp/include/rclcpp/executors.hpp:18[m[K,
                 from [01m[K/home/arian/ros2_foxy/install/rclcpp/include/rclcpp/rclcpp.hpp:146[m[K,
                 from [01m[K/home/arian/Framework/src/framework/src/main.cpp:2[m[K:
[01m[K/usr/include/c++/9/thread:62:9:[m[K [01;36m[Knote: [m[K‘[01m[Kstd::thread[m[K’ declared here
   62 |   class [01;36m[Kthread[m[K
      |         [01;36m[K^~~~~~[m[K
In file included from [01m[K/home/arian/Framework/src/framework/src/main.cpp:6[m[K:
[01m[K/home/arian/Framework/src/framework/include/framework/multiply_parallel.hpp:26:31:[m[K [01;35m[Kwarning: [m[Kunused variable ‘[01m[Kthreads[m[K’ [[01;35m[K-Wunused-variable[m[K]
   26 |                     pthread_t [01;35m[Kthreads[m[K[1];
      |                               [01;35m[K^~~~~~~[m[K
[01m[K/home/arian/Framework/src/framework/include/framework/multiply_parallel.hpp:[m[K In member function ‘[01m[Kvoid* framework::utilities::multiply::multiply_function(void*)[m[K’:
[01m[K/home/arian/Framework/src/framework/include/framework/multiply_parallel.hpp:64:33:[m[K [01;31m[Kerror: [m[K‘[01m[Kiteration[m[K’ was not declared in this scope
   64 |                     for(int i = [01;31m[Kiteration[m[K; i < 3; i++)
      |                                 [01;31m[K^~~~~~~~~[m[K
[01m[K/home/arian/Framework/src/framework/include/framework/multiply_parallel.hpp:70:33:[m[K [01;31m[Kerror: [m[K‘[01m[Kmatrix_c[m[K’ was not declared in this scope; did you mean ‘[01m[Kmatrix_a[m[K’?
   70 |                                 [01;31m[Kmatrix_c[m[K[i][j] += matrix_a[i][k] * matrix_b[k][j];
      |                                 [01;31m[K^~~~~~~~[m[K
      |                                 [32m[Kmatrix_a[m[K
[01m[K/home/arian/Framework/src/framework/src/main.cpp:[m[K In function ‘[01m[Kint main(int, const char**)[m[K’:
[01m[K/home/arian/Framework/src/framework/src/main.cpp:13:68:[m[K [01;31m[Kerror: [m[Kuse of deleted function ‘[01m[Kframework::utilities::multiply::multiply(const framework::utilities::multiply&)[m[K’
   13 |     auto multiplication = framework::utilities::multiply::Multiply([01;31m[K)[m[K;
      |                                                                    [01;31m[K^[m[K
In file included from [01m[K/home/arian/Framework/src/framework/src/main.cpp:6[m[K:
[01m[K/home/arian/Framework/src/framework/include/framework/multiply_parallel.hpp:59:17:[m[K [01;36m[Knote: [m[Kdeclared here
   59 |                 [01;36m[Kmultiply[m[K(const multiply&) = delete;
      |                 [01;36m[K^~~~~~~~[m[K
[01m[K/home/arian/Framework/src/framework/src/main.cpp:10:14:[m[K [01;35m[Kwarning: [m[Kunused parameter ‘[01m[Kargc[m[K’ [[01;35m[K-Wunused-parameter[m[K]
   10 | int main([01;35m[Kint argc[m[K, const char ** argv)
      |          [01;35m[K~~~~^~~~[m[K
[01m[K/home/arian/Framework/src/framework/src/main.cpp:10:34:[m[K [01;35m[Kwarning: [m[Kunused parameter ‘[01m[Kargv[m[K’ [[01;35m[K-Wunused-parameter[m[K]
   10 | int main(int argc, [01;35m[Kconst char ** argv[m[K)
      |                    [01;35m[K~~~~~~~~~~~~~~^~~~[m[K
make[2]: *** [CMakeFiles/main.dir/build.make:63: CMakeFiles/main.dir/src/main.cpp.o] Error 1
make[1]: *** [CMakeFiles/Makefile2:78: CMakeFiles/main.dir/all] Error 2
make: *** [Makefile:141: all] Error 2
