In file included from [01m[K/home/arian/Framework/src/framework/src/main.cpp:6[m[K:
[01m[K/home/arian/Framework/src/framework/include/framework/multiply_parallel.hpp:57:43:[m[K [01;31m[Kerror: [m[Kexpected ‘[01m[K;[m[K’ at end of member declaration
   57 |                 static void* (*fn(void*))([01;31m[K)[m[K multiply_function_helper(void* context)
      |                                           [01;31m[K^[m[K
      |                                            [32m[K;[m[K
[01m[K/home/arian/Framework/src/framework/include/framework/multiply_parallel.hpp:57:83:[m[K [01;31m[Kerror: [m[KISO C++ forbids declaration of ‘[01m[Kmultiply_function_helper[m[K’ with no type [[01;31m[K-fpermissive[m[K]
   57 |                 static void* (*fn(void*))() multiply_function_helper(void* context[01;31m[K)[m[K
      |                                                                                   [01;31m[K^[m[K
[01m[K/home/arian/Framework/src/framework/include/framework/multiply_parallel.hpp:[m[K In member function ‘[01m[Kvoid framework::utilities::Multiply::run(int**, int**)[m[K’:
[01m[K/home/arian/Framework/src/framework/include/framework/multiply_parallel.hpp:29:91:[m[K [01;31m[Kerror: [m[Kinvalid use of non-static member function ‘[01m[Kint framework::utilities::Multiply::multiply_function_helper(void*)[m[K’
   29 |                         pthread_create(&threads[i], NULL, [01;31m[Kframework::utilities::Multiply::multiply_function_helper[m[K , NULL);
      |                                                           [01;31m[K~~~~~~~~~~~~~~~~~~~~~~~~~~~~~~~~^~~~~~~~~~~~~~~~~~~~~~~~[m[K
[01m[K/home/arian/Framework/src/framework/include/framework/multiply_parallel.hpp:57:45:[m[K [01;36m[Knote: [m[Kdeclared here
   57 |                 static void* (*fn(void*))() [01;36m[Kmultiply_function_helper[m[K(void* context)
      |                                             [01;36m[K^~~~~~~~~~~~~~~~~~~~~~~~[m[K
[01m[K/home/arian/Framework/src/framework/include/framework/multiply_parallel.hpp:[m[K In member function ‘[01m[Kint framework::utilities::Multiply::multiply_function_helper(void*)[m[K’:
[01m[K/home/arian/Framework/src/framework/include/framework/multiply_parallel.hpp:59:50:[m[K [01;31m[Kerror: [m[Kcannot convert ‘[01m[Kframework::utilities::Multiply::multiply_function[m[K’ from type ‘[01m[Kvoid* (framework::utilities::Multiply::)(void*)[m[K’ to type ‘[01m[Kint[m[K’
   59 |                     return ((Multiply*)context)->[01;31m[Kmultiply_function[m[K;
      |                                                  [01;31m[K^~~~~~~~~~~~~~~~~[m[K
[01m[K/home/arian/Framework/src/framework/src/main.cpp:[m[K In function ‘[01m[Kint main(int, const char**)[m[K’:
[01m[K/home/arian/Framework/src/framework/src/main.cpp:12:14:[m[K [01;35m[Kwarning: [m[Kunused parameter ‘[01m[Kargc[m[K’ [[01;35m[K-Wunused-parameter[m[K]
   12 | int main([01;35m[Kint argc[m[K, const char ** argv)
      |          [01;35m[K~~~~^~~~[m[K
[01m[K/home/arian/Framework/src/framework/src/main.cpp:12:34:[m[K [01;35m[Kwarning: [m[Kunused parameter ‘[01m[Kargv[m[K’ [[01;35m[K-Wunused-parameter[m[K]
   12 | int main(int argc, [01;35m[Kconst char ** argv[m[K)
      |                    [01;35m[K~~~~~~~~~~~~~~^~~~[m[K
make[2]: *** [CMakeFiles/main.dir/build.make:63: CMakeFiles/main.dir/src/main.cpp.o] Error 1
make[1]: *** [CMakeFiles/Makefile2:78: CMakeFiles/main.dir/all] Error 2
make: *** [Makefile:141: all] Error 2
