In file included from [01m[K/home/arian/Framework/src/framework/src/main.cpp:7[m[K:
[01m[K/home/arian/Framework/src/framework/include/framework/multiply_parallel.hpp:[m[K In constructor ‘[01m[Kframework::utilities::matrix::matrix(int**)[m[K’:
[01m[K/home/arian/Framework/src/framework/include/framework/multiply_parallel.hpp:21:26:[m[K [01;35m[Kwarning: [m[Kunused parameter ‘[01m[Kmatrix[m[K’ [[01;35m[K-Wunused-parameter[m[K]
   21 |             matrix([01;35m[Kint** matrix[m[K)
      |                    [01;35m[K~~~~~~^~~~~~[m[K
In file included from [01m[K/home/arian/Framework/src/framework/src/main.cpp:7[m[K:
[01m[K/home/arian/Framework/src/framework/include/framework/multiply_parallel.hpp:[m[K In function ‘[01m[Kvoid* framework::matrix_utilities::parallel_multiply_pthread_2(void*)[m[K’:
[01m[K/home/arian/Framework/src/framework/include/framework/multiply_parallel.hpp:92:53:[m[K [01;35m[Kwarning: [m[Kunused variable ‘[01m[Kmatrices[m[K’ [[01;35m[K-Wunused-variable[m[K]
   92 |             framework::container::matrix_container* [01;35m[Kmatrices[m[K = (framework::container::matrix_container*)container;
      |                                                     [01;35m[K^~~~~~~~[m[K
[01m[K/home/arian/Framework/src/framework/include/framework/multiply_parallel.hpp:[m[K In member function ‘[01m[Kvoid framework::matrix_multiply_parallel::execute()[m[K’:
[01m[K/home/arian/Framework/src/framework/include/framework/multiply_parallel.hpp:138:27:[m[K [01;31m[Kerror: [m[Krequest for member ‘[01m[Ka[m[K’ in ‘[01m[K* framework::matrices[m[K’, which is of non-class type ‘[01m[Kframework::container::matrix_container*()[m[K’
  138 |                 matrices->[01;31m[Ka[m[K = matrix_a;
      |                           [01;31m[K^[m[K
[01m[K/home/arian/Framework/src/framework/include/framework/multiply_parallel.hpp:139:27:[m[K [01;31m[Kerror: [m[Krequest for member ‘[01m[Kb[m[K’ in ‘[01m[K* framework::matrices[m[K’, which is of non-class type ‘[01m[Kframework::container::matrix_container*()[m[K’
  139 |                 matrices->[01;31m[Kb[m[K = matrix_b;
      |                           [01;31m[K^[m[K
[01m[K/home/arian/Framework/src/framework/include/framework/multiply_parallel.hpp:140:27:[m[K [01;31m[Kerror: [m[Krequest for member ‘[01m[Kc[m[K’ in ‘[01m[K* framework::matrices[m[K’, which is of non-class type ‘[01m[Kframework::container::matrix_container*()[m[K’
  140 |                 matrices->[01;31m[Kc[m[K = matrix_c;
      |                           [01;31m[K^[m[K
make[2]: *** [CMakeFiles/main.dir/build.make:63: CMakeFiles/main.dir/src/main.cpp.o] Error 1
make[1]: *** [CMakeFiles/Makefile2:78: CMakeFiles/main.dir/all] Error 2
make: *** [Makefile:141: all] Error 2
