[35m[1mScanning dependencies of target main[0m
[ 50%] [32mBuilding CXX object CMakeFiles/main.dir/src/main.cpp.o[0m
[01m[K/home/arian/Framework/src/framework/src/main.cpp:[m[K In function ‘[01m[Kint main()[m[K’:
[01m[K/home/arian/Framework/src/framework/src/main.cpp:22:14:[m[K [01;31m[Kerror: [m[K‘[01m[Ksettings[m[K’ is not a member of ‘[01m[Kframework[m[K’; did you mean ‘[01m[Ksettings[m[K’?
   22 |   framework::[01;31m[Ksettings[m[K input_settings_one   = framework::settings(2_THREADS, SCHEDULING_STRATEGY::SCHEDULING_TS, 19_PRIORITY, AFFINITY::FALSE, PARALLELIZATION_STRATEGY::PTHREADS);
      |              [01;31m[K^~~~~~~~[m[K
In file included from [01m[K/home/arian/Framework/src/framework/include/framework/base/multiply_parallel.hpp:10[m[K,
                 from [01m[K/home/arian/Framework/src/framework/src/main.cpp:1[m[K:
[01m[K/home/arian/Framework/src/framework/include/framework/settings/settings.hpp:13:8:[m[K [01;36m[Knote: [m[K‘[01m[Ksettings[m[K’ declared here
   13 | struct [01;36m[Ksettings[m[K
      |        [01;36m[K^~~~~~~~[m[K
[01m[K/home/arian/Framework/src/framework/src/main.cpp:23:14:[m[K [01;31m[Kerror: [m[K‘[01m[Ksettings[m[K’ is not a member of ‘[01m[Kframework[m[K’; did you mean ‘[01m[Ksettings[m[K’?
   23 |   framework::[01;31m[Ksettings[m[K input_settings_two   = framework::settings(4_THREADS, SCHEDULING_STRATEGY::SCHEDULING_TS, 21_PRIORITY, AFFINITY::TRUE, std::vector<int>{0, 2, 4, 6}, PARALLELIZATION_STRATEGY::PTHREADS);
      |              [01;31m[K^~~~~~~~[m[K
In file included from [01m[K/home/arian/Framework/src/framework/include/framework/base/multiply_parallel.hpp:10[m[K,
                 from [01m[K/home/arian/Framework/src/framework/src/main.cpp:1[m[K:
[01m[K/home/arian/Framework/src/framework/include/framework/settings/settings.hpp:13:8:[m[K [01;36m[Knote: [m[K‘[01m[Ksettings[m[K’ declared here
   13 | struct [01;36m[Ksettings[m[K
      |        [01;36m[K^~~~~~~~[m[K
[01m[K/home/arian/Framework/src/framework/src/main.cpp:23:170:[m[K [01;31m[Kerror: [m[Kexpected primary-expression before ‘[01m[K,[m[K’ token
   23 | gs input_settings_two   = framework::settings(4_THREADS, SCHEDULING_STRATEGY::SCHEDULING_TS, 21_PRIORITY, AFFINITY::TRUE, std::vector<int>{0, 2, 4, 6}[01;31m[K,[m[K PARALLELIZATION_STRATEGY::PTHREADS);
      |                                                                                                                                                       [01;31m[K^[m[K

[01m[K/home/arian/Framework/src/framework/src/main.cpp:24:14:[m[K [01;31m[Kerror: [m[K‘[01m[Ksettings[m[K’ is not a member of ‘[01m[Kframework[m[K’; did you mean ‘[01m[Ksettings[m[K’?
   24 |   framework::[01;31m[Ksettings[m[K input_settings_three = framework::settings(12_THREADS, PARALLELIZATION_STRATEGY::PTHREADS);
      |              [01;31m[K^~~~~~~~[m[K
In file included from [01m[K/home/arian/Framework/src/framework/include/framework/base/multiply_parallel.hpp:10[m[K,
                 from [01m[K/home/arian/Framework/src/framework/src/main.cpp:1[m[K:
[01m[K/home/arian/Framework/src/framework/include/framework/settings/settings.hpp:13:8:[m[K [01;36m[Knote: [m[K‘[01m[Ksettings[m[K’ declared here
   13 | struct [01;36m[Ksettings[m[K
      |        [01;36m[K^~~~~~~~[m[K
[01m[K/home/arian/Framework/src/framework/src/main.cpp:26:151:[m[K [01;31m[Kerror: [m[K‘[01m[Ksettings[m[K’ is not a member of ‘[01m[Kframework[m[K’; did you mean ‘[01m[Ksettings[m[K’?
   26 |   framework::benchmark<int> benchmark_multiply_parallel(new framework::base::multiply_parallel<int>(), matrices_a, matrices_b, std::vector<framework::[01;31m[Ksettings[m[K>{input_settings_one, input_settings_two, input_settings_three});
      |                                                                                                                                                       [01;31m[K^~~~~~~~[m[K
In file included from [01m[K/home/arian/Framework/src/framework/include/framework/base/multiply_parallel.hpp:10[m[K,
                 from [01m[K/home/arian/Framework/src/framework/src/main.cpp:1[m[K:
[01m[K/home/arian/Framework/src/framework/include/framework/settings/settings.hpp:13:8:[m[K [01;36m[Knote: [m[K‘[01m[Ksettings[m[K’ declared here
   13 | struct [01;36m[Ksettings[m[K
      |        [01;36m[K^~~~~~~~[m[K
[01m[K/home/arian/Framework/src/framework/src/main.cpp:26:151:[m[K [01;31m[Kerror: [m[K‘[01m[Ksettings[m[K’ is not a member of ‘[01m[Kframework[m[K’; did you mean ‘[01m[Ksettings[m[K’?
   26 |   framework::benchmark<int> benchmark_multiply_parallel(new framework::base::multiply_parallel<int>(), matrices_a, matrices_b, std::vector<framework::[01;31m[Ksettings[m[K>{input_settings_one, input_settings_two, input_settings_three});
      |                                                                                                                                                       [01;31m[K^~~~~~~~[m[K
In file included from [01m[K/home/arian/Framework/src/framework/include/framework/base/multiply_parallel.hpp:10[m[K,
                 from [01m[K/home/arian/Framework/src/framework/src/main.cpp:1[m[K:
[01m[K/home/arian/Framework/src/framework/include/framework/settings/settings.hpp:13:8:[m[K [01;36m[Knote: [m[K‘[01m[Ksettings[m[K’ declared here
   13 | struct [01;36m[Ksettings[m[K
      |        [01;36m[K^~~~~~~~[m[K
[01m[K/home/arian/Framework/src/framework/src/main.cpp:26:159:[m[K [01;31m[Kerror: [m[Ktemplate argument 1 is invalid
   26 | ork::benchmark<int> benchmark_multiply_parallel(new framework::base::multiply_parallel<int>(), matrices_a, matrices_b, std::vector<framework::settings[01;31m[K>[m[K{input_settings_one, input_settings_two, input_settings_three});
      |                                                                                                                                                       [01;31m[K^[m[K

[01m[K/home/arian/Framework/src/framework/src/main.cpp:26:159:[m[K [01;31m[Kerror: [m[Ktemplate argument 2 is invalid
[01m[K/home/arian/Framework/src/framework/src/main.cpp:26:161:[m[K [01;31m[Kerror: [m[K‘[01m[Kinput_settings_one[m[K’ was not declared in this scope
   26 | k::benchmark<int> benchmark_multiply_parallel(new framework::base::multiply_parallel<int>(), matrices_a, matrices_b, std::vector<framework::settings>{[01;31m[Kinput_settings_one[m[K, input_settings_two, input_settings_three});
      |                                                                                                                                                       [01;31m[K^~~~~~~~~~~~~~~~~~[m[K

[01m[K/home/arian/Framework/src/framework/src/main.cpp:26:181:[m[K [01;31m[Kerror: [m[K‘[01m[Kinput_settings_two[m[K’ was not declared in this scope
   26 | nchmark_multiply_parallel(new framework::base::multiply_parallel<int>(), matrices_a, matrices_b, std::vector<framework::settings>{input_settings_one, [01;31m[Kinput_settings_two[m[K, input_settings_three});
      |                                                                                                                                                       [01;31m[K^~~~~~~~~~~~~~~~~~[m[K

[01m[K/home/arian/Framework/src/framework/src/main.cpp:26:201:[m[K [01;31m[Kerror: [m[K‘[01m[Kinput_settings_three[m[K’ was not declared in this scope
   26 | allel(new framework::base::multiply_parallel<int>(), matrices_a, matrices_b, std::vector<framework::settings>{input_settings_one, input_settings_two, [01;31m[Kinput_settings_three[m[K});
      |                                                                                                                                                       [01;31m[K^~~~~~~~~~~~~~~~~~~~[m[K

In file included from [01m[K/home/arian/Framework/src/framework/src/main.cpp:4[m[K:
/home/arian/Framework/src/framework/include/framework/generators/generator.hpp: In instantiation of ‘[01m[Kstatic std::vector<std::vector<T> > framework::generator::generate_inputs(std::initializer_list<int>) [with T = int][m[K’:
[01m[K/home/arian/Framework/src/framework/src/main.cpp:19:74:[m[K   required from here
[01m[K/home/arian/Framework/src/framework/include/framework/generators/generator.hpp:27:34:[m[K [01;35m[Kwarning: [m[Kcomparison of integer expressions of different signedness: ‘[01m[Kint[m[K’ and ‘[01m[Kstd::vector<int>::size_type[m[K’ {aka ‘[01m[Klong unsigned int[m[K’} [[01;35m[K-Wsign-compare[m[K]
   27 |                 for(int i = 0; i < temp.capacity(); i++)
In file included from [01m[K/home/arian/Framework/src/framework/src/main.cpp:3[m[K:
/home/arian/Framework/src/framework/include/framework/benchmark/benchmark.hpp: In instantiation of ‘[01m[Kvoid framework::benchmark<T>::execute_all() [with K = std::ratio<1, 1000>; T = int][m[K’:
[01m[K/home/arian/Framework/src/framework/src/main.cpp:28:63:[m[K   required from here
[01m[K/home/arian/Framework/src/framework/include/framework/benchmark/benchmark.hpp:64:30:[m[K [01;35m[Kwarning: [m[Kcomparison of integer expressions of different signedness: ‘[01m[Kint[m[K’ and ‘[01m[Kstd::vector<settings>::size_type[m[K’ {aka ‘[01m[Klong unsigned int[m[K’} [[01;35m[K-Wsign-compare[m[K]
   64 |             for(int i = 0; [01;35m[Ki < settingss_.size()[m[K; i++)
      |                            [01;35m[K~~^~~~~~~~~~~~~~~~~~~[m[K
[01m[K/home/arian/Framework/src/framework/include/framework/benchmark/benchmark.hpp:73:34:[m[K [01;35m[Kwarning: [m[Kcomparison of integer expressions of different signedness: ‘[01m[Kint[m[K’ and ‘[01m[Kstd::vector<std::vector<int>, std::allocator<std::vector<int> > >::size_type[m[K’ {aka ‘[01m[Klong unsigned int[m[K’} [[01;35m[K-Wsign-compare[m[K]
   73 |                 for(int j = 0; j < inputs_a_.size(); j++)
[01m[K/home/arian/Framework/src/framework/include/framework/benchmark/benchmark.hpp:87:26:[m[K [01;35m[Kwarning: [m[Kcomparison of integer expressions of different signedness: ‘[01m[Kint[m[K’ and ‘[01m[Kstd::vector<std::vector<int>, std::allocator<std::vector<int> > >::size_type[m[K’ {aka ‘[01m[Klong unsigned int[m[K’} [[01;35m[K-Wsign-compare[m[K]
   87 |                     if([01;35m[Kj != inputs_a_.size() - 1[m[K)
      |                        [01;35m[K~~^~~~~~~~~~~~~~~~~~~~~~~[m[K
[01m[K/home/arian/Framework/src/framework/include/framework/benchmark/benchmark.hpp:95:22:[m[K [01;35m[Kwarning: [m[Kcomparison of integer expressions of different signedness: ‘[01m[Kint[m[K’ and ‘[01m[Kstd::vector<settings>::size_type[m[K’ {aka ‘[01m[Klong unsigned int[m[K’} [[01;35m[K-Wsign-compare[m[K]
   95 |                 if([01;35m[Ki == settingss_.size() - 1[m[K)
      |                    [01;35m[K~~^~~~~~~~~~~~~~~~~~~~~~~~[m[K
In file included from [01m[K/home/arian/Framework/src/framework/include/framework/benchmark/benchmark.hpp:10[m[K,
                 from [01m[K/home/arian/Framework/src/framework/src/main.cpp:3[m[K:
/home/arian/Framework/src/framework/include/framework/generators/json_generator.hpp: In instantiation of ‘[01m[Kframework::json_generator& framework::json_generator::add(const std::chrono::duration<long int, T>&) [with T = std::ratio<1, 1000>][m[K’:
[01m[K/home/arian/Framework/src/framework/include/framework/benchmark/benchmark.hpp:61:29:[m[K   required from ‘[01m[Kvoid framework::benchmark<T>::execute_all() [with K = std::ratio<1, 1000>; T = int][m[K’
[01m[K/home/arian/Framework/src/framework/src/main.cpp:28:63:[m[K   required from here
[01m[K/home/arian/Framework/src/framework/include/framework/generators/json_generator.hpp:44:70:[m[K [01;35m[Kwarning: [m[Kunused parameter ‘[01m[Kduration[m[K’ [[01;35m[K-Wunused-parameter[m[K]
   44 |         json_generator& add([01;35m[Kconst std::chrono::duration<int64_t, T>& duration[m[K)
      |                             [01;35m[K~~~~~~~~~~~~~~~~~~~~~~~~~~~~~~~~~~~~~~~~~^~~~~~~~[m[K
make[2]: *** [CMakeFiles/main.dir/build.make:63: CMakeFiles/main.dir/src/main.cpp.o] Error 1
make[1]: *** [CMakeFiles/Makefile2:78: CMakeFiles/main.dir/all] Error 2
make: *** [Makefile:141: all] Error 2
