[0.037s] Invoking command in '/home/arian/Framework/build/framework': CMAKE_PREFIX_PATH=${CMAKE_PREFIX_PATH}:/home/arian/ros2_foxy/install/ros2bag:/home/arian/ros2_foxy/install/tracetools_launch:/home/arian/ros2_foxy/install/topic_monitor:/home/arian/ros2_foxy/install/examples_tf2_py:/home/arian/ros2_foxy/install/sros2:/home/arian/ros2_foxy/install/rqt_topic:/home/arian/ros2_foxy/install/rqt_reconfigure:/home/arian/ros2_foxy/install/rqt_action:/home/arian/ros2_foxy/install/rqt:/home/arian/ros2_foxy/install/rqt_graph:/home/arian/ros2_foxy/install/rqt_gui_py:/home/arian/ros2_foxy/install/rqt_gui:/home/arian/ros2_foxy/install/ros2trace:/home/arian/ros2_foxy/install/ros2topic:/home/arian/ros2_foxy/install/ros2test:/home/arian/ros2_foxy/install/ros2component:/home/arian/ros2_foxy/install/ros2param:/home/arian/ros2_foxy/install/ros2lifecycle:/home/arian/ros2_foxy/install/ros2service:/home/arian/ros2_foxy/install/ros2run:/home/arian/ros2_foxy/install/ros2launch:/home/arian/ros2_foxy/install/ros2pkg:/home/arian/ros2_foxy/install/ros2node:/home/arian/ros2_foxy/install/ros2multicast:/home/arian/ros2_foxy/install/ros2interface:/home/arian/ros2_foxy/install/ros2doctor:/home/arian/ros2_foxy/install/ros2action:/home/arian/ros2_foxy/install/ros2cli:/home/arian/ros2_foxy/install/quality_of_service_demo_py:/home/arian/ros2_foxy/install/launch_testing_ros:/home/arian/ros2_foxy/install/launch_ros:/home/arian/ros2_foxy/install/examples_rclpy_minimal_subscriber:/home/arian/ros2_foxy/install/examples_rclpy_minimal_service:/home/arian/ros2_foxy/install/examples_rclpy_minimal_publisher:/home/arian/ros2_foxy/install/examples_rclpy_minimal_client:/home/arian/ros2_foxy/install/examples_rclpy_minimal_action_server:/home/arian/ros2_foxy/install/examples_rclpy_minimal_action_client:/home/arian/ros2_foxy/install/examples_rclpy_executors:/home/arian/ros2_foxy/install/demo_nodes_py:/home/arian/ros2_foxy/install/action_tutorials_py:/home/arian/ros2_foxy/install/ament_uncrustify:/home/arian/ros2_foxy/install/tracetools_trace:/home/arian/ros2_foxy/install/tracetools_read:/home/arian/ros2_foxy/install/test_launch_ros:/home/arian/ros2_foxy/install/rpyutils:/home/arian/ros2_foxy/install/rosidl_runtime_py:/home/arian/ros2_foxy/install/launch_yaml:/home/arian/ros2_foxy/install/launch_xml:/home/arian/ros2_foxy/install/launch_testing:/home/arian/ros2_foxy/install/launch:/home/arian/ros2_foxy/install/osrf_pycommon:/home/arian/ros2_foxy/install/domain_coordinator:/home/arian/ros2_foxy/install/ament_xmllint:/home/arian/ros2_foxy/install/ament_pyflakes:/home/arian/ros2_foxy/install/ament_pycodestyle:/home/arian/ros2_foxy/install/ament_pep257:/home/arian/ros2_foxy/install/ament_pclint:/home/arian/ros2_foxy/install/ament_package:/home/arian/ros2_foxy/install/ament_mypy:/home/arian/ros2_foxy/install/ament_lint_cmake:/home/arian/ros2_foxy/install/ament_flake8:/home/arian/ros2_foxy/install/ament_copyright:/home/arian/ros2_foxy/install/ament_lint:/home/arian/ros2_foxy/install/ament_index_python:/home/arian/ros2_foxy/install/ament_cpplint:/home/arian/ros2_foxy/install/ament_cppcheck:/home/arian/ros2_foxy/install/ament_clang_tidy:/home/arian/ros2_foxy/install/ament_clang_format /usr/bin/cmake --build /home/arian/Framework/build/framework -- -j12 -l12
[0.119s] [35m[1mScanning dependencies of target main[0m
[0.157s] [ 50%] [32mBuilding CXX object CMakeFiles/main.dir/src/main.cpp.o[0m
[1.277s] In file included from [01m[K/home/arian/Framework/src/framework/src/main.cpp:7[m[K:
[1.277s] [01m[K/home/arian/Framework/src/framework/include/framework/multiply_parallel.hpp:[m[K In constructor ‘[01m[Kframework::utilities::matrix::matrix(int**)[m[K’:
[1.277s] [01m[K/home/arian/Framework/src/framework/include/framework/multiply_parallel.hpp:21:26:[m[K [01;35m[Kwarning: [m[Kunused parameter ‘[01m[Kmatrix[m[K’ [[01;35m[K-Wunused-parameter[m[K]
[1.277s]    21 |             matrix([01;35m[Kint** matrix[m[K)
[1.277s]       |                    [01;35m[K~~~~~~^~~~~~[m[K
[1.277s] [01m[K/home/arian/Framework/src/framework/include/framework/multiply_parallel.hpp:[m[K In function ‘[01m[Kvoid* framework::utilities::parallel_multiply(void*)[m[K’:
[1.277s] [01m[K/home/arian/Framework/src/framework/include/framework/multiply_parallel.hpp:50:40:[m[K [01;35m[Kwarning: [m[Kunused parameter ‘[01m[Kpayload[m[K’ [[01;35m[K-Wunused-parameter[m[K]
[1.277s]    50 |         void * parallel_multiply([01;35m[Kvoid* payload[m[K)
[1.277s]       |                                  [01;35m[K~~~~~~^~~~~~~[m[K
[1.278s] [01m[K/home/arian/Framework/src/framework/src/main.cpp:[m[K In function ‘[01m[Kint main()[m[K’:
[1.278s] [01m[K/home/arian/Framework/src/framework/src/main.cpp:27:14:[m[K [01;31m[Kerror: [m[Kno match for ‘[01m[Koperator<<[m[K’ (operand types are ‘[01m[Kstd::ostream[m[K’ {aka ‘[01m[Kstd::basic_ostream<char>[m[K’} and ‘[01m[Kvoid[m[K’)
[1.279s]    27 |    [32m[Kstd::cout[m[K [01;31m[K<<[m[K [34m[Kmatrix_a.set_width()[m[K << std::endl;
[1.279s]       |    [32m[K~~~~~~~~~[m[K [01;31m[K^~[m[K [34m[K~~~~~~~~~~~~~~~~~~~~[m[K
[1.279s]       |         [32m[K|[m[K                         [34m[K|[m[K
[1.279s]       |         [32m[K|[m[K                         [34m[Kvoid[m[K
[1.279s]       |         [32m[Kstd::ostream {aka std::basic_ostream<char>}[m[K
[1.279s] In file included from [01m[K/usr/include/c++/9/iostream:39[m[K,
[1.279s]                  from [01m[K/home/arian/Framework/src/framework/src/main.cpp:1[m[K:
[1.279s] [01m[K/usr/include/c++/9/ostream:108:7:[m[K [01;36m[Knote: [m[Kcandidate: ‘[01m[Kstd::basic_ostream<_CharT, _Traits>::__ostream_type& std::basic_ostream<_CharT, _Traits>::operator<<(std::basic_ostream<_CharT, _Traits>::__ostream_type& (*)(std::basic_ostream<_CharT, _Traits>::__ostream_type&)) [with _CharT = char; _Traits = std::char_traits<char>; std::basic_ostream<_CharT, _Traits>::__ostream_type = std::basic_ostream<char>][m[K’
[1.279s]   108 |       [01;36m[Koperator[m[K<<(__ostream_type& (*__pf)(__ostream_type&))
[1.279s]       |       [01;36m[K^~~~~~~~[m[K
[1.279s] [01m[K/usr/include/c++/9/ostream:108:36:[m[K [01;36m[Knote: [m[K  no known conversion for argument 1 from ‘[01m[Kvoid[m[K’ to ‘[01m[Kstd::basic_ostream<char>::__ostream_type& (*)(std::basic_ostream<char>::__ostream_type&)[m[K’ {aka ‘[01m[Kstd::basic_ostream<char>& (*)(std::basic_ostream<char>&)[m[K’}
[1.280s]   108 |       operator<<([01;36m[K__ostream_type& (*__pf)(__ostream_type&)[m[K)
[1.280s]       |                  [01;36m[K~~~~~~~~~~~~~~~~~~^~~~~~~~~~~~~~~~~~~~~~[m[K
[1.280s] [01m[K/usr/include/c++/9/ostream:117:7:[m[K [01;36m[Knote: [m[Kcandidate: ‘[01m[Kstd::basic_ostream<_CharT, _Traits>::__ostream_type& std::basic_ostream<_CharT, _Traits>::operator<<(std::basic_ostream<_CharT, _Traits>::__ios_type& (*)(std::basic_ostream<_CharT, _Traits>::__ios_type&)) [with _CharT = char; _Traits = std::char_traits<char>; std::basic_ostream<_CharT, _Traits>::__ostream_type = std::basic_ostream<char>; std::basic_ostream<_CharT, _Traits>::__ios_type = std::basic_ios<char>][m[K’
[1.280s]   117 |       [01;36m[Koperator[m[K<<(__ios_type& (*__pf)(__ios_type&))
[1.280s]       |       [01;36m[K^~~~~~~~[m[K
[1.280s] [01m[K/usr/include/c++/9/ostream:117:32:[m[K [01;36m[Knote: [m[K  no known conversion for argument 1 from ‘[01m[Kvoid[m[K’ to ‘[01m[Kstd::basic_ostream<char>::__ios_type& (*)(std::basic_ostream<char>::__ios_type&)[m[K’ {aka ‘[01m[Kstd::basic_ios<char>& (*)(std::basic_ios<char>&)[m[K’}
[1.280s]   117 |       operator<<([01;36m[K__ios_type& (*__pf)(__ios_type&)[m[K)
[1.280s]       |                  [01;36m[K~~~~~~~~~~~~~~^~~~~~~~~~~~~~~~~~[m[K
[1.280s] [01m[K/usr/include/c++/9/ostream:127:7:[m[K [01;36m[Knote: [m[Kcandidate: ‘[01m[Kstd::basic_ostream<_CharT, _Traits>::__ostream_type& std::basic_ostream<_CharT, _Traits>::operator<<(std::ios_base& (*)(std::ios_base&)) [with _CharT = char; _Traits = std::char_traits<char>; std::basic_ostream<_CharT, _Traits>::__ostream_type = std::basic_ostream<char>][m[K’
[1.280s]   127 |       [01;36m[Koperator[m[K<<(ios_base& (*__pf) (ios_base&))
[1.280s]       |       [01;36m[K^~~~~~~~[m[K
[1.280s] [01m[K/usr/include/c++/9/ostream:127:30:[m[K [01;36m[Knote: [m[K  no known conversion for argument 1 from ‘[01m[Kvoid[m[K’ to ‘[01m[Kstd::ios_base& (*)(std::ios_base&)[m[K’
[1.280s]   127 |       operator<<([01;36m[Kios_base& (*__pf) (ios_base&)[m[K)
[1.280s]       |                  [01;36m[K~~~~~~~~~~~~^~~~~~~~~~~~~~~~~[m[K
[1.280s] [01m[K/usr/include/c++/9/ostream:166:7:[m[K [01;36m[Knote: [m[Kcandidate: ‘[01m[Kstd::basic_ostream<_CharT, _Traits>::__ostream_type& std::basic_ostream<_CharT, _Traits>::operator<<(long int) [with _CharT = char; _Traits = std::char_traits<char>; std::basic_ostream<_CharT, _Traits>::__ostream_type = std::basic_ostream<char>][m[K’
[1.280s]   166 |       [01;36m[Koperator[m[K<<(long __n)
[1.281s]       |       [01;36m[K^~~~~~~~[m[K
[1.281s] [01m[K/usr/include/c++/9/ostream:166:23:[m[K [01;36m[Knote: [m[K  no known conversion for argument 1 from ‘[01m[Kvoid[m[K’ to ‘[01m[Klong int[m[K’
[1.281s]   166 |       operator<<([01;36m[Klong __n[m[K)
[1.281s]       |                  [01;36m[K~~~~~^~~[m[K
[1.281s] [01m[K/usr/include/c++/9/ostream:170:7:[m[K [01;36m[Knote: [m[Kcandidate: ‘[01m[Kstd::basic_ostream<_CharT, _Traits>::__ostream_type& std::basic_ostream<_CharT, _Traits>::operator<<(long unsigned int) [with _CharT = char; _Traits = std::char_traits<char>; std::basic_ostream<_CharT, _Traits>::__ostream_type = std::basic_ostream<char>][m[K’
[1.281s]   170 |       [01;36m[Koperator[m[K<<(unsigned long __n)
[1.281s]       |       [01;36m[K^~~~~~~~[m[K
[1.281s] [01m[K/usr/include/c++/9/ostream:170:32:[m[K [01;36m[Knote: [m[K  no known conversion for argument 1 from ‘[01m[Kvoid[m[K’ to ‘[01m[Klong unsigned int[m[K’
[1.281s]   170 |       operator<<([01;36m[Kunsigned long __n[m[K)
[1.281s]       |                  [01;36m[K~~~~~~~~~~~~~~^~~[m[K
[1.281s] [01m[K/usr/include/c++/9/ostream:174:7:[m[K [01;36m[Knote: [m[Kcandidate: ‘[01m[Kstd::basic_ostream<_CharT, _Traits>::__ostream_type& std::basic_ostream<_CharT, _Traits>::operator<<(bool) [with _CharT = char; _Traits = std::char_traits<char>; std::basic_ostream<_CharT, _Traits>::__ostream_type = std::basic_ostream<char>][m[K’
[1.281s]   174 |       [01;36m[Koperator[m[K<<(bool __n)
[1.281s]       |       [01;36m[K^~~~~~~~[m[K
[1.281s] [01m[K/usr/include/c++/9/ostream:174:23:[m[K [01;36m[Knote: [m[K  no known conversion for argument 1 from ‘[01m[Kvoid[m[K’ to ‘[01m[Kbool[m[K’
[1.281s]   174 |       operator<<([01;36m[Kbool __n[m[K)
[1.281s]       |                  [01;36m[K~~~~~^~~[m[K
[1.281s] In file included from [01m[K/usr/include/c++/9/ostream:702[m[K,
[1.282s]                  from [01m[K/usr/include/c++/9/iostream:39[m[K,
[1.282s]                  from [01m[K/home/arian/Framework/src/framework/src/main.cpp:1[m[K:
[1.282s] [01m[K/usr/include/c++/9/bits/ostream.tcc:91:5:[m[K [01;36m[Knote: [m[Kcandidate: ‘[01m[Kstd::basic_ostream<_CharT, _Traits>& std::basic_ostream<_CharT, _Traits>::operator<<(short int) [with _CharT = char; _Traits = std::char_traits<char>][m[K’
[1.282s]    91 |     [01;36m[Kbasic_ostream<_CharT, _Traits>[m[K::
[1.282s]       |     [01;36m[K^~~~~~~~~~~~~~~~~~~~~~~~~~~~~~[m[K
[1.282s] [01m[K/usr/include/c++/9/bits/ostream.tcc:92:22:[m[K [01;36m[Knote: [m[K  no known conversion for argument 1 from ‘[01m[Kvoid[m[K’ to ‘[01m[Kshort int[m[K’
[1.282s]    92 |     operator<<([01;36m[Kshort __n[m[K)
[1.282s]       |                [01;36m[K~~~~~~^~~[m[K
[1.282s] In file included from [01m[K/usr/include/c++/9/iostream:39[m[K,
[1.283s]                  from [01m[K/home/arian/Framework/src/framework/src/main.cpp:1[m[K:
[1.283s] [01m[K/usr/include/c++/9/ostream:181:7:[m[K [01;36m[Knote: [m[Kcandidate: ‘[01m[Kstd::basic_ostream<_CharT, _Traits>::__ostream_type& std::basic_ostream<_CharT, _Traits>::operator<<(short unsigned int) [with _CharT = char; _Traits = std::char_traits<char>; std::basic_ostream<_CharT, _Traits>::__ostream_type = std::basic_ostream<char>][m[K’
[1.283s]   181 |       [01;36m[Koperator[m[K<<(unsigned short __n)
[1.283s]       |       [01;36m[K^~~~~~~~[m[K
[1.283s] [01m[K/usr/include/c++/9/ostream:181:33:[m[K [01;36m[Knote: [m[K  no known conversion for argument 1 from ‘[01m[Kvoid[m[K’ to ‘[01m[Kshort unsigned int[m[K’
[1.283s]   181 |       operator<<([01;36m[Kunsigned short __n[m[K)
[1.283s]       |                  [01;36m[K~~~~~~~~~~~~~~~^~~[m[K
[1.283s] In file included from [01m[K/usr/include/c++/9/ostream:702[m[K,
[1.283s]                  from [01m[K/usr/include/c++/9/iostream:39[m[K,
[1.283s]                  from [01m[K/home/arian/Framework/src/framework/src/main.cpp:1[m[K:
[1.283s] [01m[K/usr/include/c++/9/bits/ostream.tcc:105:5:[m[K [01;36m[Knote: [m[Kcandidate: ‘[01m[Kstd::basic_ostream<_CharT, _Traits>& std::basic_ostream<_CharT, _Traits>::operator<<(int) [with _CharT = char; _Traits = std::char_traits<char>][m[K’
[1.283s]   105 |     [01;36m[Kbasic_ostream<_CharT, _Traits>[m[K::
[1.283s]       |     [01;36m[K^~~~~~~~~~~~~~~~~~~~~~~~~~~~~~[m[K
[1.284s] [01m[K/usr/include/c++/9/bits/ostream.tcc:106:20:[m[K [01;36m[Knote: [m[K  no known conversion for argument 1 from ‘[01m[Kvoid[m[K’ to ‘[01m[Kint[m[K’
[1.284s]   106 |     operator<<([01;36m[Kint __n[m[K)
[1.284s]       |                [01;36m[K~~~~^~~[m[K
[1.284s] In file included from [01m[K/usr/include/c++/9/iostream:39[m[K,
[1.284s]                  from [01m[K/home/arian/Framework/src/framework/src/main.cpp:1[m[K:
[1.284s] [01m[K/usr/include/c++/9/ostream:192:7:[m[K [01;36m[Knote: [m[Kcandidate: ‘[01m[Kstd::basic_ostream<_CharT, _Traits>::__ostream_type& std::basic_ostream<_CharT, _Traits>::operator<<(unsigned int) [with _CharT = char; _Traits = std::char_traits<char>; std::basic_ostream<_CharT, _Traits>::__ostream_type = std::basic_ostream<char>][m[K’
[1.284s]   192 |       [01;36m[Koperator[m[K<<(unsigned int __n)
[1.284s]       |       [01;36m[K^~~~~~~~[m[K
[1.284s] [01m[K/usr/include/c++/9/ostream:192:31:[m[K [01;36m[Knote: [m[K  no known conversion for argument 1 from ‘[01m[Kvoid[m[K’ to ‘[01m[Kunsigned int[m[K’
[1.284s]   192 |       operator<<([01;36m[Kunsigned int __n[m[K)
[1.284s]       |                  [01;36m[K~~~~~~~~~~~~~^~~[m[K
[1.284s] [01m[K/usr/include/c++/9/ostream:201:7:[m[K [01;36m[Knote: [m[Kcandidate: ‘[01m[Kstd::basic_ostream<_CharT, _Traits>::__ostream_type& std::basic_ostream<_CharT, _Traits>::operator<<(long long int) [with _CharT = char; _Traits = std::char_traits<char>; std::basic_ostream<_CharT, _Traits>::__ostream_type = std::basic_ostream<char>][m[K’
[1.284s]   201 |       [01;36m[Koperator[m[K<<(long long __n)
[1.284s]       |       [01;36m[K^~~~~~~~[m[K
[1.284s] [01m[K/usr/include/c++/9/ostream:201:28:[m[K [01;36m[Knote: [m[K  no known conversion for argument 1 from ‘[01m[Kvoid[m[K’ to ‘[01m[Klong long int[m[K’
[1.284s]   201 |       operator<<([01;36m[Klong long __n[m[K)
[1.284s]       |                  [01;36m[K~~~~~~~~~~^~~[m[K
[1.285s] [01m[K/usr/include/c++/9/ostream:205:7:[m[K [01;36m[Knote: [m[Kcandidate: ‘[01m[Kstd::basic_ostream<_CharT, _Traits>::__ostream_type& std::basic_ostream<_CharT, _Traits>::operator<<(long long unsigned int) [with _CharT = char; _Traits = std::char_traits<char>; std::basic_ostream<_CharT, _Traits>::__ostream_type = std::basic_ostream<char>][m[K’
[1.285s]   205 |       [01;36m[Koperator[m[K<<(unsigned long long __n)
[1.285s]       |       [01;36m[K^~~~~~~~[m[K
[1.285s] [01m[K/usr/include/c++/9/ostream:205:37:[m[K [01;36m[Knote: [m[K  no known conversion for argument 1 from ‘[01m[Kvoid[m[K’ to ‘[01m[Klong long unsigned int[m[K’
[1.285s]   205 |       operator<<([01;36m[Kunsigned long long __n[m[K)
[1.285s]       |                  [01;36m[K~~~~~~~~~~~~~~~~~~~^~~[m[K
[1.285s] [01m[K/usr/include/c++/9/ostream:220:7:[m[K [01;36m[Knote: [m[Kcandidate: ‘[01m[Kstd::basic_ostream<_CharT, _Traits>::__ostream_type& std::basic_ostream<_CharT, _Traits>::operator<<(double) [with _CharT = char; _Traits = std::char_traits<char>; std::basic_ostream<_CharT, _Traits>::__ostream_type = std::basic_ostream<char>][m[K’
[1.285s]   220 |       [01;36m[Koperator[m[K<<(double __f)
[1.285s]       |       [01;36m[K^~~~~~~~[m[K
[1.285s] [01m[K/usr/include/c++/9/ostream:220:25:[m[K [01;36m[Knote: [m[K  no known conversion for argument 1 from ‘[01m[Kvoid[m[K’ to ‘[01m[Kdouble[m[K’
[1.285s]   220 |       operator<<([01;36m[Kdouble __f[m[K)
[1.285s]       |                  [01;36m[K~~~~~~~^~~[m[K
[1.285s] [01m[K/usr/include/c++/9/ostream:224:7:[m[K [01;36m[Knote: [m[Kcandidate: ‘[01m[Kstd::basic_ostream<_CharT, _Traits>::__ostream_type& std::basic_ostream<_CharT, _Traits>::operator<<(float) [with _CharT = char; _Traits = std::char_traits<char>; std::basic_ostream<_CharT, _Traits>::__ostream_type = std::basic_ostream<char>][m[K’
[1.285s]   224 |       [01;36m[Koperator[m[K<<(float __f)
[1.285s]       |       [01;36m[K^~~~~~~~[m[K
[1.285s] [01m[K/usr/include/c++/9/ostream:224:24:[m[K [01;36m[Knote: [m[K  no known conversion for argument 1 from ‘[01m[Kvoid[m[K’ to ‘[01m[Kfloat[m[K’
[1.285s]   224 |       operator<<([01;36m[Kfloat __f[m[K)
[1.286s]       |                  [01;36m[K~~~~~~^~~[m[K
[1.286s] [01m[K/usr/include/c++/9/ostream:232:7:[m[K [01;36m[Knote: [m[Kcandidate: ‘[01m[Kstd::basic_ostream<_CharT, _Traits>::__ostream_type& std::basic_ostream<_CharT, _Traits>::operator<<(long double) [with _CharT = char; _Traits = std::char_traits<char>; std::basic_ostream<_CharT, _Traits>::__ostream_type = std::basic_ostream<char>][m[K’
[1.286s]   232 |       [01;36m[Koperator[m[K<<(long double __f)
[1.286s]       |       [01;36m[K^~~~~~~~[m[K
[1.286s] [01m[K/usr/include/c++/9/ostream:232:30:[m[K [01;36m[Knote: [m[K  no known conversion for argument 1 from ‘[01m[Kvoid[m[K’ to ‘[01m[Klong double[m[K’
[1.286s]   232 |       operator<<([01;36m[Klong double __f[m[K)
[1.286s]       |                  [01;36m[K~~~~~~~~~~~~^~~[m[K
[1.286s] [01m[K/usr/include/c++/9/ostream:245:7:[m[K [01;36m[Knote: [m[Kcandidate: ‘[01m[Kstd::basic_ostream<_CharT, _Traits>::__ostream_type& std::basic_ostream<_CharT, _Traits>::operator<<(const void*) [with _CharT = char; _Traits = std::char_traits<char>; std::basic_ostream<_CharT, _Traits>::__ostream_type = std::basic_ostream<char>][m[K’
[1.286s]   245 |       [01;36m[Koperator[m[K<<(const void* __p)
[1.286s]       |       [01;36m[K^~~~~~~~[m[K
[1.286s] [01m[K/usr/include/c++/9/ostream:245:30:[m[K [01;36m[Knote: [m[K  no known conversion for argument 1 from ‘[01m[Kvoid[m[K’ to ‘[01m[Kconst void*[m[K’
[1.286s]   245 |       operator<<([01;36m[Kconst void* __p[m[K)
[1.286s]       |                  [01;36m[K~~~~~~~~~~~~^~~[m[K
[1.286s] In file included from [01m[K/usr/include/c++/9/ostream:702[m[K,
[1.286s]                  from [01m[K/usr/include/c++/9/iostream:39[m[K,
[1.286s]                  from [01m[K/home/arian/Framework/src/framework/src/main.cpp:1[m[K:
[1.286s] [01m[K/usr/include/c++/9/bits/ostream.tcc:119:5:[m[K [01;36m[Knote: [m[Kcandidate: ‘[01m[Kstd::basic_ostream<_CharT, _Traits>& std::basic_ostream<_CharT, _Traits>::operator<<(std::basic_ostream<_CharT, _Traits>::__streambuf_type*) [with _CharT = char; _Traits = std::char_traits<char>; std::basic_ostream<_CharT, _Traits>::__streambuf_type = std::basic_streambuf<char>][m[K’
[1.287s]   119 |     [01;36m[Kbasic_ostream<_CharT, _Traits>[m[K::
[1.287s]       |     [01;36m[K^~~~~~~~~~~~~~~~~~~~~~~~~~~~~~[m[K
[1.287s] [01m[K/usr/include/c++/9/bits/ostream.tcc:120:34:[m[K [01;36m[Knote: [m[K  no known conversion for argument 1 from ‘[01m[Kvoid[m[K’ to ‘[01m[Kstd::basic_ostream<char>::__streambuf_type*[m[K’ {aka ‘[01m[Kstd::basic_streambuf<char>*[m[K’}
[1.287s]   120 |     operator<<([01;36m[K__streambuf_type* __sbin[m[K)
[1.287s]       |                [01;36m[K~~~~~~~~~~~~~~~~~~^~~~~~[m[K
[1.287s] In file included from [01m[K/usr/include/c++/9/string:55[m[K,
[1.287s]                  from [01m[K/usr/include/c++/9/bits/locale_classes.h:40[m[K,
[1.287s]                  from [01m[K/usr/include/c++/9/bits/ios_base.h:41[m[K,
[1.287s]                  from [01m[K/usr/include/c++/9/ios:42[m[K,
[1.287s]                  from [01m[K/usr/include/c++/9/ostream:38[m[K,
[1.287s]                  from [01m[K/usr/include/c++/9/iostream:39[m[K,
[1.287s]                  from [01m[K/home/arian/Framework/src/framework/src/main.cpp:1[m[K:
[1.287s] [01m[K/usr/include/c++/9/bits/basic_string.h:6416:5:[m[K [01;36m[Knote: [m[Kcandidate: ‘[01m[Ktemplate<class _CharT, class _Traits, class _Alloc> std::basic_ostream<_CharT, _Traits>& std::operator<<(std::basic_ostream<_CharT, _Traits>&, const std::__cxx11::basic_string<_CharT, _Traits, _Alloc>&)[m[K’
[1.287s]  6416 |     [01;36m[Koperator[m[K<<(basic_ostream<_CharT, _Traits>& __os,
[1.287s]       |     [01;36m[K^~~~~~~~[m[K
[1.287s] [01m[K/usr/include/c++/9/bits/basic_string.h:6416:5:[m[K [01;36m[Knote: [m[K  template argument deduction/substitution failed:
[1.287s] [01m[K/home/arian/Framework/src/framework/src/main.cpp:27:36:[m[K [01;36m[Knote: [m[K  mismatched types ‘[01m[Kconst std::__cxx11::basic_string<_CharT, _Traits, _Alloc>[m[K’ and ‘[01m[Kvoid[m[K’
[1.288s]    27 |    std::cout << matrix_a.set_width([01;36m[K)[m[K << std::endl;
[1.288s]       |                                    [01;36m[K^[m[K
[1.288s] In file included from [01m[K/usr/include/c++/9/bits/ios_base.h:46[m[K,
[1.288s]                  from [01m[K/usr/include/c++/9/ios:42[m[K,
[1.288s]                  from [01m[K/usr/include/c++/9/ostream:38[m[K,
[1.288s]                  from [01m[K/usr/include/c++/9/iostream:39[m[K,
[1.288s]                  from [01m[K/home/arian/Framework/src/framework/src/main.cpp:1[m[K:
[1.288s] [01m[K/usr/include/c++/9/system_error:217:5:[m[K [01;36m[Knote: [m[Kcandidate: ‘[01m[Ktemplate<class _CharT, class _Traits> std::basic_ostream<_CharT, _Traits>& std::operator<<(std::basic_ostream<_CharT, _Traits>&, const std::error_code&)[m[K’
[1.288s]   217 |     [01;36m[Koperator[m[K<<(basic_ostream<_CharT, _Traits>& __os, const error_code& __e)
[1.288s]       |     [01;36m[K^~~~~~~~[m[K
[1.288s] [01m[K/usr/include/c++/9/system_error:217:5:[m[K [01;36m[Knote: [m[K  template argument deduction/substitution failed:
[1.288s] [01m[K/home/arian/Framework/src/framework/src/main.cpp:27:35:[m[K [01;36m[Knote: [m[K  cannot convert ‘[01m[Kmatrix_a.framework::utilities::matrix::set_width()[m[K’ (type ‘[01m[Kvoid[m[K’) to type ‘[01m[Kconst std::error_code&[m[K’
[1.288s]    27 |    std::cout << [01;36m[Kmatrix_a.set_width()[m[K << std::endl;
[1.288s]       |                 [01;36m[K~~~~~~~~~~~~~~~~~~^~[m[K
[1.288s] In file included from [01m[K/usr/include/c++/9/iostream:39[m[K,
[1.288s]                  from [01m[K/home/arian/Framework/src/framework/src/main.cpp:1[m[K:
[1.289s] [01m[K/usr/include/c++/9/ostream:506:5:[m[K [01;36m[Knote: [m[Kcandidate: ‘[01m[Ktemplate<class _CharT, class _Traits> std::basic_ostream<_CharT, _Traits>& std::operator<<(std::basic_ostream<_CharT, _Traits>&, _CharT)[m[K’
[1.289s]   506 |     [01;36m[Koperator[m[K<<(basic_ostream<_CharT, _Traits>& __out, _CharT __c)
[1.289s]       |     [01;36m[K^~~~~~~~[m[K
[1.289s] [01m[K/usr/include/c++/9/ostream:506:5:[m[K [01;36m[Knote: [m[K  template argument deduction/substitution failed:
[1.289s] [01m[K/home/arian/Framework/src/framework/src/main.cpp:27:36:[m[K [01;36m[Knote: [m[K  deduced conflicting types for parameter ‘[01m[K_CharT[m[K’ (‘[01m[Kchar[m[K’ and ‘[01m[Kvoid[m[K’)
[1.289s]    27 |    std::cout << matrix_a.set_width([01;36m[K)[m[K << std::endl;
[1.289s]       |                                    [01;36m[K^[m[K
[1.289s] In file included from [01m[K/usr/include/c++/9/iostream:39[m[K,
[1.289s]                  from [01m[K/home/arian/Framework/src/framework/src/main.cpp:1[m[K:
[1.289s] [01m[K/usr/include/c++/9/ostream:511:5:[m[K [01;36m[Knote: [m[Kcandidate: ‘[01m[Ktemplate<class _CharT, class _Traits> std::basic_ostream<_CharT, _Traits>& std::operator<<(std::basic_ostream<_CharT, _Traits>&, char)[m[K’
[1.289s]   511 |     [01;36m[Koperator[m[K<<(basic_ostream<_CharT, _Traits>& __out, char __c)
[1.289s]       |     [01;36m[K^~~~~~~~[m[K
[1.290s] [01m[K/usr/include/c++/9/ostream:511:5:[m[K [01;36m[Knote: [m[K  template argument deduction/substitution failed:
[1.290s] [01m[K/home/arian/Framework/src/framework/src/main.cpp:27:35:[m[K [01;36m[Knote: [m[K  cannot convert ‘[01m[Kmatrix_a.framework::utilities::matrix::set_width()[m[K’ (type ‘[01m[Kvoid[m[K’) to type ‘[01m[Kchar[m[K’
[1.290s]    27 |    std::cout << [01;36m[Kmatrix_a.set_width()[m[K << std::endl;
[1.290s]       |                 [01;36m[K~~~~~~~~~~~~~~~~~~^~[m[K
[1.290s] In file included from [01m[K/usr/include/c++/9/iostream:39[m[K,
[1.290s]                  from [01m[K/home/arian/Framework/src/framework/src/main.cpp:1[m[K:
[1.290s] [01m[K/usr/include/c++/9/ostream:517:5:[m[K [01;36m[Knote: [m[Kcandidate: ‘[01m[Ktemplate<class _Traits> std::basic_ostream<char, _Traits>& std::operator<<(std::basic_ostream<char, _Traits>&, char)[m[K’
[1.290s]   517 |     [01;36m[Koperator[m[K<<(basic_ostream<char, _Traits>& __out, char __c)
[1.290s]       |     [01;36m[K^~~~~~~~[m[K
[1.290s] [01m[K/usr/include/c++/9/ostream:517:5:[m[K [01;36m[Knote: [m[K  template argument deduction/substitution failed:
[1.291s] [01m[K/home/arian/Framework/src/framework/src/main.cpp:27:35:[m[K [01;36m[Knote: [m[K  cannot convert ‘[01m[Kmatrix_a.framework::utilities::matrix::set_width()[m[K’ (type ‘[01m[Kvoid[m[K’) to type ‘[01m[Kchar[m[K’
[1.291s]    27 |    std::cout << [01;36m[Kmatrix_a.set_width()[m[K << std::endl;
[1.291s]       |                 [01;36m[K~~~~~~~~~~~~~~~~~~^~[m[K
[1.291s] In file included from [01m[K/usr/include/c++/9/iostream:39[m[K,
[1.291s]                  from [01m[K/home/arian/Framework/src/framework/src/main.cpp:1[m[K:
[1.291s] [01m[K/usr/include/c++/9/ostream:523:5:[m[K [01;36m[Knote: [m[Kcandidate: ‘[01m[Ktemplate<class _Traits> std::basic_ostream<char, _Traits>& std::operator<<(std::basic_ostream<char, _Traits>&, signed char)[m[K’
[1.291s]   523 |     [01;36m[Koperator[m[K<<(basic_ostream<char, _Traits>& __out, signed char __c)
[1.291s]       |     [01;36m[K^~~~~~~~[m[K
[1.291s] [01m[K/usr/include/c++/9/ostream:523:5:[m[K [01;36m[Knote: [m[K  template argument deduction/substitution failed:
[1.291s] [01m[K/home/arian/Framework/src/framework/src/main.cpp:27:35:[m[K [01;36m[Knote: [m[K  cannot convert ‘[01m[Kmatrix_a.framework::utilities::matrix::set_width()[m[K’ (type ‘[01m[Kvoid[m[K’) to type ‘[01m[Ksigned char[m[K’
[1.291s]    27 |    std::cout << [01;36m[Kmatrix_a.set_width()[m[K << std::endl;
[1.291s]       |                 [01;36m[K~~~~~~~~~~~~~~~~~~^~[m[K
[1.291s] In file included from [01m[K/usr/include/c++/9/iostream:39[m[K,
[1.291s]                  from [01m[K/home/arian/Framework/src/framework/src/main.cpp:1[m[K:
[1.291s] [01m[K/usr/include/c++/9/ostream:528:5:[m[K [01;36m[Knote: [m[Kcandidate: ‘[01m[Ktemplate<class _Traits> std::basic_ostream<char, _Traits>& std::operator<<(std::basic_ostream<char, _Traits>&, unsigned char)[m[K’
[1.291s]   528 |     [01;36m[Koperator[m[K<<(basic_ostream<char, _Traits>& __out, unsigned char __c)
[1.291s]       |     [01;36m[K^~~~~~~~[m[K
[1.292s] [01m[K/usr/include/c++/9/ostream:528:5:[m[K [01;36m[Knote: [m[K  template argument deduction/substitution failed:
[1.292s] [01m[K/home/arian/Framework/src/framework/src/main.cpp:27:35:[m[K [01;36m[Knote: [m[K  cannot convert ‘[01m[Kmatrix_a.framework::utilities::matrix::set_width()[m[K’ (type ‘[01m[Kvoid[m[K’) to type ‘[01m[Kunsigned char[m[K’
[1.292s]    27 |    std::cout << [01;36m[Kmatrix_a.set_width()[m[K << std::endl;
[1.292s]       |                 [01;36m[K~~~~~~~~~~~~~~~~~~^~[m[K
[1.292s] In file included from [01m[K/usr/include/c++/9/iostream:39[m[K,
[1.292s]                  from [01m[K/home/arian/Framework/src/framework/src/main.cpp:1[m[K:
[1.292s] [01m[K/usr/include/c++/9/ostream:548:5:[m[K [01;36m[Knote: [m[Kcandidate: ‘[01m[Ktemplate<class _CharT, class _Traits> std::basic_ostream<_CharT, _Traits>& std::operator<<(std::basic_ostream<_CharT, _Traits>&, const _CharT*)[m[K’
[1.292s]   548 |     [01;36m[Koperator[m[K<<(basic_ostream<_CharT, _Traits>& __out, const _CharT* __s)
[1.292s]       |     [01;36m[K^~~~~~~~[m[K
[1.292s] [01m[K/usr/include/c++/9/ostream:548:5:[m[K [01;36m[Knote: [m[K  template argument deduction/substitution failed:
[1.292s] [01m[K/home/arian/Framework/src/framework/src/main.cpp:27:36:[m[K [01;36m[Knote: [m[K  mismatched types ‘[01m[Kconst _CharT*[m[K’ and ‘[01m[Kvoid[m[K’
[1.292s]    27 |    std::cout << matrix_a.set_width([01;36m[K)[m[K << std::endl;
[1.292s]       |                                    [01;36m[K^[m[K
[1.292s] In file included from [01m[K/usr/include/c++/9/ostream:702[m[K,
[1.292s]                  from [01m[K/usr/include/c++/9/iostream:39[m[K,
[1.292s]                  from [01m[K/home/arian/Framework/src/framework/src/main.cpp:1[m[K:
[1.292s] [01m[K/usr/include/c++/9/bits/ostream.tcc:321:5:[m[K [01;36m[Knote: [m[Kcandidate: ‘[01m[Ktemplate<class _CharT, class _Traits> std::basic_ostream<_CharT, _Traits>& std::operator<<(std::basic_ostream<_CharT, _Traits>&, const char*)[m[K’
[1.292s]   321 |     [01;36m[Koperator[m[K<<(basic_ostream<_CharT, _Traits>& __out, const char* __s)
[1.293s]       |     [01;36m[K^~~~~~~~[m[K
[1.293s] [01m[K/usr/include/c++/9/bits/ostream.tcc:321:5:[m[K [01;36m[Knote: [m[K  template argument deduction/substitution failed:
[1.293s] [01m[K/home/arian/Framework/src/framework/src/main.cpp:27:35:[m[K [01;36m[Knote: [m[K  cannot convert ‘[01m[Kmatrix_a.framework::utilities::matrix::set_width()[m[K’ (type ‘[01m[Kvoid[m[K’) to type ‘[01m[Kconst char*[m[K’
[1.293s]    27 |    std::cout << [01;36m[Kmatrix_a.set_width()[m[K << std::endl;
[1.293s]       |                 [01;36m[K~~~~~~~~~~~~~~~~~~^~[m[K
[1.293s] In file included from [01m[K/usr/include/c++/9/iostream:39[m[K,
[1.293s]                  from [01m[K/home/arian/Framework/src/framework/src/main.cpp:1[m[K:
[1.293s] [01m[K/usr/include/c++/9/ostream:565:5:[m[K [01;36m[Knote: [m[Kcandidate: ‘[01m[Ktemplate<class _Traits> std::basic_ostream<char, _Traits>& std::operator<<(std::basic_ostream<char, _Traits>&, const char*)[m[K’
[1.293s]   565 |     [01;36m[Koperator[m[K<<(basic_ostream<char, _Traits>& __out, const char* __s)
[1.293s]       |     [01;36m[K^~~~~~~~[m[K
[1.293s] [01m[K/usr/include/c++/9/ostream:565:5:[m[K [01;36m[Knote: [m[K  template argument deduction/substitution failed:
[1.293s] [01m[K/home/arian/Framework/src/framework/src/main.cpp:27:35:[m[K [01;36m[Knote: [m[K  cannot convert ‘[01m[Kmatrix_a.framework::utilities::matrix::set_width()[m[K’ (type ‘[01m[Kvoid[m[K’) to type ‘[01m[Kconst char*[m[K’
[1.293s]    27 |    std::cout << [01;36m[Kmatrix_a.set_width()[m[K << std::endl;
[1.293s]       |                 [01;36m[K~~~~~~~~~~~~~~~~~~^~[m[K
[1.293s] In file included from [01m[K/usr/include/c++/9/iostream:39[m[K,
[1.293s]                  from [01m[K/home/arian/Framework/src/framework/src/main.cpp:1[m[K:
[1.293s] [01m[K/usr/include/c++/9/ostream:578:5:[m[K [01;36m[Knote: [m[Kcandidate: ‘[01m[Ktemplate<class _Traits> std::basic_ostream<char, _Traits>& std::operator<<(std::basic_ostream<char, _Traits>&, const signed char*)[m[K’
[1.294s]   578 |     [01;36m[Koperator[m[K<<(basic_ostream<char, _Traits>& __out, const signed char* __s)
[1.294s]       |     [01;36m[K^~~~~~~~[m[K
[1.294s] [01m[K/usr/include/c++/9/ostream:578:5:[m[K [01;36m[Knote: [m[K  template argument deduction/substitution failed:
[1.294s] [01m[K/home/arian/Framework/src/framework/src/main.cpp:27:35:[m[K [01;36m[Knote: [m[K  cannot convert ‘[01m[Kmatrix_a.framework::utilities::matrix::set_width()[m[K’ (type ‘[01m[Kvoid[m[K’) to type ‘[01m[Kconst signed char*[m[K’
[1.294s]    27 |    std::cout << [01;36m[Kmatrix_a.set_width()[m[K << std::endl;
[1.294s]       |                 [01;36m[K~~~~~~~~~~~~~~~~~~^~[m[K
[1.294s] In file included from [01m[K/usr/include/c++/9/iostream:39[m[K,
[1.294s]                  from [01m[K/home/arian/Framework/src/framework/src/main.cpp:1[m[K:
[1.294s] [01m[K/usr/include/c++/9/ostream:583:5:[m[K [01;36m[Knote: [m[Kcandidate: ‘[01m[Ktemplate<class _Traits> std::basic_ostream<char, _Traits>& std::operator<<(std::basic_ostream<char, _Traits>&, const unsigned char*)[m[K’
[1.294s]   583 |     [01;36m[Koperator[m[K<<(basic_ostream<char, _Traits>& __out, const unsigned char* __s)
[1.294s]       |     [01;36m[K^~~~~~~~[m[K
[1.294s] [01m[K/usr/include/c++/9/ostream:583:5:[m[K [01;36m[Knote: [m[K  template argument deduction/substitution failed:
[1.294s] [01m[K/home/arian/Framework/src/framework/src/main.cpp:27:35:[m[K [01;36m[Knote: [m[K  cannot convert ‘[01m[Kmatrix_a.framework::utilities::matrix::set_width()[m[K’ (type ‘[01m[Kvoid[m[K’) to type ‘[01m[Kconst unsigned char*[m[K’
[1.294s]    27 |    std::cout << [01;36m[Kmatrix_a.set_width()[m[K << std::endl;
[1.294s]       |                 [01;36m[K~~~~~~~~~~~~~~~~~~^~[m[K
[1.294s] In file included from [01m[K/usr/include/c++/9/iostream:39[m[K,
[1.294s]                  from [01m[K/home/arian/Framework/src/framework/src/main.cpp:1[m[K:
[1.294s] [01m[K/usr/include/c++/9/ostream:691:5:[m[K [01;36m[Knote: [m[Kcandidate: ‘[01m[Ktemplate<class _Ostream, class _Tp> typename std::enable_if<std::__and_<std::__not_<std::is_lvalue_reference<_Tp> >, std::__is_convertible_to_basic_ostream<_Ostream>, std::__is_insertable<typename std::__is_convertible_to_basic_ostream<_Tp>::__ostream_type, const _Tp&, void> >::value, typename std::__is_convertible_to_basic_ostream<_Tp>::__ostream_type>::type std::operator<<(_Ostream&&, const _Tp&)[m[K’
[1.295s]   691 |     [01;36m[Koperator[m[K<<(_Ostream&& __os, const _Tp& __x)
[1.295s]       |     [01;36m[K^~~~~~~~[m[K
[1.295s] [01m[K/usr/include/c++/9/ostream:691:5:[m[K [01;36m[Knote: [m[K  template argument deduction/substitution failed:
[1.295s] /usr/include/c++/9/ostream: In substitution of ‘[01m[Ktemplate<class _Ostream, class _Tp> typename std::enable_if<std::__and_<std::__not_<std::is_lvalue_reference<_Tp> >, std::__is_convertible_to_basic_ostream<_Ostream>, std::__is_insertable<typename std::__is_convertible_to_basic_ostream<_Tp>::__ostream_type, const _Tp&, void> >::value, typename std::__is_convertible_to_basic_ostream<_Tp>::__ostream_type>::type std::operator<<(_Ostream&&, const _Tp&) [with _Ostream = std::basic_ostream<char>&; _Tp = void][m[K’:
[1.295s] [01m[K/home/arian/Framework/src/framework/src/main.cpp:27:36:[m[K   required from here
[1.295s] [01m[K/usr/include/c++/9/ostream:691:5:[m[K [01;31m[Kerror: [m[Kforming reference to void
[1.295s] In file included from [01m[K/usr/include/c++/9/memory:81[m[K,
[1.295s]                  from [01m[K/home/arian/ros2_foxy/install/rclcpp/include/rclcpp/rclcpp.hpp:144[m[K,
[1.295s]                  from [01m[K/home/arian/Framework/src/framework/src/main.cpp:2[m[K:
[1.295s] [01m[K/usr/include/c++/9/bits/shared_ptr.h:66:5:[m[K [01;36m[Knote: [m[Kcandidate: ‘[01m[Ktemplate<class _Ch, class _Tr, class _Tp, __gnu_cxx::_Lock_policy _Lp> std::basic_ostream<_CharT, _Traits>& std::operator<<(std::basic_ostream<_CharT, _Traits>&, const std::__shared_ptr<_Tp, _Lp>&)[m[K’
[1.295s]    66 |     [01;36m[Koperator[m[K<<(std::basic_ostream<_Ch, _Tr>& __os,
[1.295s]       |     [01;36m[K^~~~~~~~[m[K
[1.295s] [01m[K/usr/include/c++/9/bits/shared_ptr.h:66:5:[m[K [01;36m[Knote: [m[K  template argument deduction/substitution failed:
[1.295s] [01m[K/home/arian/Framework/src/framework/src/main.cpp:27:36:[m[K [01;36m[Knote: [m[K  mismatched types ‘[01m[Kconst std::__shared_ptr<_Tp, _Lp>[m[K’ and ‘[01m[Kvoid[m[K’
[1.295s]    27 |    std::cout << matrix_a.set_width([01;36m[K)[m[K << std::endl;
[1.295s]       |                                    [01;36m[K^[m[K
[1.295s] In file included from [01m[K/usr/include/c++/9/future:39[m[K,
[1.296s]                  from [01m[K/home/arian/ros2_foxy/install/rclcpp/include/rclcpp/executors.hpp:18[m[K,
[1.296s]                  from [01m[K/home/arian/ros2_foxy/install/rclcpp/include/rclcpp/rclcpp.hpp:146[m[K,
[1.296s]                  from [01m[K/home/arian/Framework/src/framework/src/main.cpp:2[m[K:
[1.296s] [01m[K/usr/include/c++/9/thread:322:5:[m[K [01;36m[Knote: [m[Kcandidate: ‘[01m[Ktemplate<class _CharT, class _Traits> std::basic_ostream<_CharT, _Traits>& std::operator<<(std::basic_ostream<_CharT, _Traits>&, std::thread::id)[m[K’
[1.296s]   322 |     [01;36m[Koperator[m[K<<(basic_ostream<_CharT, _Traits>& __out, thread::id __id)
[1.296s]       |     [01;36m[K^~~~~~~~[m[K
[1.296s] [01m[K/usr/include/c++/9/thread:322:5:[m[K [01;36m[Knote: [m[K  template argument deduction/substitution failed:
[1.296s] [01m[K/home/arian/Framework/src/framework/src/main.cpp:27:35:[m[K [01;36m[Knote: [m[K  cannot convert ‘[01m[Kmatrix_a.framework::utilities::matrix::set_width()[m[K’ (type ‘[01m[Kvoid[m[K’) to type ‘[01m[Kstd::thread::id[m[K’
[1.296s]    27 |    std::cout << [01;36m[Kmatrix_a.set_width()[m[K << std::endl;
[1.296s]       |                 [01;36m[K~~~~~~~~~~~~~~~~~~^~[m[K
[1.587s] make[2]: *** [CMakeFiles/main.dir/build.make:63: CMakeFiles/main.dir/src/main.cpp.o] Error 1
[1.587s] make[1]: *** [CMakeFiles/Makefile2:78: CMakeFiles/main.dir/all] Error 2
[1.587s] make: *** [Makefile:141: all] Error 2
[1.590s] Invoked command in '/home/arian/Framework/build/framework' returned '2': CMAKE_PREFIX_PATH=${CMAKE_PREFIX_PATH}:/home/arian/ros2_foxy/install/ros2bag:/home/arian/ros2_foxy/install/tracetools_launch:/home/arian/ros2_foxy/install/topic_monitor:/home/arian/ros2_foxy/install/examples_tf2_py:/home/arian/ros2_foxy/install/sros2:/home/arian/ros2_foxy/install/rqt_topic:/home/arian/ros2_foxy/install/rqt_reconfigure:/home/arian/ros2_foxy/install/rqt_action:/home/arian/ros2_foxy/install/rqt:/home/arian/ros2_foxy/install/rqt_graph:/home/arian/ros2_foxy/install/rqt_gui_py:/home/arian/ros2_foxy/install/rqt_gui:/home/arian/ros2_foxy/install/ros2trace:/home/arian/ros2_foxy/install/ros2topic:/home/arian/ros2_foxy/install/ros2test:/home/arian/ros2_foxy/install/ros2component:/home/arian/ros2_foxy/install/ros2param:/home/arian/ros2_foxy/install/ros2lifecycle:/home/arian/ros2_foxy/install/ros2service:/home/arian/ros2_foxy/install/ros2run:/home/arian/ros2_foxy/install/ros2launch:/home/arian/ros2_foxy/install/ros2pkg:/home/arian/ros2_foxy/install/ros2node:/home/arian/ros2_foxy/install/ros2multicast:/home/arian/ros2_foxy/install/ros2interface:/home/arian/ros2_foxy/install/ros2doctor:/home/arian/ros2_foxy/install/ros2action:/home/arian/ros2_foxy/install/ros2cli:/home/arian/ros2_foxy/install/quality_of_service_demo_py:/home/arian/ros2_foxy/install/launch_testing_ros:/home/arian/ros2_foxy/install/launch_ros:/home/arian/ros2_foxy/install/examples_rclpy_minimal_subscriber:/home/arian/ros2_foxy/install/examples_rclpy_minimal_service:/home/arian/ros2_foxy/install/examples_rclpy_minimal_publisher:/home/arian/ros2_foxy/install/examples_rclpy_minimal_client:/home/arian/ros2_foxy/install/examples_rclpy_minimal_action_server:/home/arian/ros2_foxy/install/examples_rclpy_minimal_action_client:/home/arian/ros2_foxy/install/examples_rclpy_executors:/home/arian/ros2_foxy/install/demo_nodes_py:/home/arian/ros2_foxy/install/action_tutorials_py:/home/arian/ros2_foxy/install/ament_uncrustify:/home/arian/ros2_foxy/install/tracetools_trace:/home/arian/ros2_foxy/install/tracetools_read:/home/arian/ros2_foxy/install/test_launch_ros:/home/arian/ros2_foxy/install/rpyutils:/home/arian/ros2_foxy/install/rosidl_runtime_py:/home/arian/ros2_foxy/install/launch_yaml:/home/arian/ros2_foxy/install/launch_xml:/home/arian/ros2_foxy/install/launch_testing:/home/arian/ros2_foxy/install/launch:/home/arian/ros2_foxy/install/osrf_pycommon:/home/arian/ros2_foxy/install/domain_coordinator:/home/arian/ros2_foxy/install/ament_xmllint:/home/arian/ros2_foxy/install/ament_pyflakes:/home/arian/ros2_foxy/install/ament_pycodestyle:/home/arian/ros2_foxy/install/ament_pep257:/home/arian/ros2_foxy/install/ament_pclint:/home/arian/ros2_foxy/install/ament_package:/home/arian/ros2_foxy/install/ament_mypy:/home/arian/ros2_foxy/install/ament_lint_cmake:/home/arian/ros2_foxy/install/ament_flake8:/home/arian/ros2_foxy/install/ament_copyright:/home/arian/ros2_foxy/install/ament_lint:/home/arian/ros2_foxy/install/ament_index_python:/home/arian/ros2_foxy/install/ament_cpplint:/home/arian/ros2_foxy/install/ament_cppcheck:/home/arian/ros2_foxy/install/ament_clang_tidy:/home/arian/ros2_foxy/install/ament_clang_format /usr/bin/cmake --build /home/arian/Framework/build/framework -- -j12 -l12
