[35m[1mScanning dependencies of target main[0m
[ 50%] [32mBuilding CXX object CMakeFiles/main.dir/src/main.cpp.o[0m
In file included from [01m[K/home/arian/Framework/src/framework/src/main.cpp:7[m[K:
/home/arian/Framework/src/framework/include/framework/generators/generator.hpp: In instantiation of ‘[01m[Kstatic std::vector<std::vector<T> > framework::generator::generate_inputs(std::initializer_list<int>) [with T = int][m[K’:
[01m[K/home/arian/Framework/src/framework/src/main.cpp:13:68:[m[K   required from here
[01m[K/home/arian/Framework/src/framework/include/framework/generators/generator.hpp:27:34:[m[K [01;35m[Kwarning: [m[Kcomparison of integer expressions of different signedness: ‘[01m[Kint[m[K’ and ‘[01m[Kstd::vector<int>::size_type[m[K’ {aka ‘[01m[Klong unsigned int[m[K’} [[01;35m[K-Wsign-compare[m[K]
   27 |                 for(int i = 0; i < temp.capacity(); i++)
In file included from [01m[K/home/arian/Framework/src/framework/src/main.cpp:6[m[K:
/home/arian/Framework/src/framework/include/framework/benchmark/benchmark.hpp: In instantiation of ‘[01m[Kvoid framework::benchmark<T>::execute_all() [with K = std::ratio<1, 1000>; T = int][m[K’:
[01m[K/home/arian/Framework/src/framework/src/main.cpp:24:62:[m[K   required from here
[01m[K/home/arian/Framework/src/framework/include/framework/benchmark/benchmark.hpp:64:30:[m[K [01;35m[Kwarning: [m[Kcomparison of integer expressions of different signedness: ‘[01m[Kint[m[K’ and ‘[01m[Kstd::vector<framework::settings>::size_type[m[K’ {aka ‘[01m[Klong unsigned int[m[K’} [[01;35m[K-Wsign-compare[m[K]
   64 |             for(int i = 0; [01;35m[Ki < settingss_.size()[m[K; i++)
      |                            [01;35m[K~~^~~~~~~~~~~~~~~~~~~[m[K
[01m[K/home/arian/Framework/src/framework/include/framework/benchmark/benchmark.hpp:73:34:[m[K [01;35m[Kwarning: [m[Kcomparison of integer expressions of different signedness: ‘[01m[Kint[m[K’ and ‘[01m[Kstd::vector<std::vector<int>, std::allocator<std::vector<int> > >::size_type[m[K’ {aka ‘[01m[Klong unsigned int[m[K’} [[01;35m[K-Wsign-compare[m[K]
   73 |                 for(int j = 0; j < inputs_a_.size(); j++)
[01m[K/home/arian/Framework/src/framework/include/framework/benchmark/benchmark.hpp:87:26:[m[K [01;35m[Kwarning: [m[Kcomparison of integer expressions of different signedness: ‘[01m[Kint[m[K’ and ‘[01m[Kstd::vector<std::vector<int>, std::allocator<std::vector<int> > >::size_type[m[K’ {aka ‘[01m[Klong unsigned int[m[K’} [[01;35m[K-Wsign-compare[m[K]
   87 |                     if([01;35m[Kj != inputs_a_.size() - 1[m[K)
      |                        [01;35m[K~~^~~~~~~~~~~~~~~~~~~~~~~[m[K
[01m[K/home/arian/Framework/src/framework/include/framework/benchmark/benchmark.hpp:95:22:[m[K [01;35m[Kwarning: [m[Kcomparison of integer expressions of different signedness: ‘[01m[Kint[m[K’ and ‘[01m[Kstd::vector<framework::settings>::size_type[m[K’ {aka ‘[01m[Klong unsigned int[m[K’} [[01;35m[K-Wsign-compare[m[K]
   95 |                 if([01;35m[Ki == settingss_.size() - 1[m[K)
      |                    [01;35m[K~~^~~~~~~~~~~~~~~~~~~~~~~~[m[K
In file included from [01m[K/home/arian/Framework/src/framework/include/framework/benchmark/benchmark.hpp:10[m[K,
                 from [01m[K/home/arian/Framework/src/framework/src/main.cpp:6[m[K:
/home/arian/Framework/src/framework/include/framework/generators/json_generator.hpp: In instantiation of ‘[01m[Kframework::json_generator& framework::json_generator::add(const std::chrono::duration<long int, T>&) [with T = std::ratio<1, 1000>][m[K’:
[01m[K/home/arian/Framework/src/framework/include/framework/benchmark/benchmark.hpp:61:29:[m[K   required from ‘[01m[Kvoid framework::benchmark<T>::execute_all() [with K = std::ratio<1, 1000>; T = int][m[K’
[01m[K/home/arian/Framework/src/framework/src/main.cpp:24:62:[m[K   required from here
[01m[K/home/arian/Framework/src/framework/include/framework/generators/json_generator.hpp:44:70:[m[K [01;35m[Kwarning: [m[Kunused parameter ‘[01m[Kduration[m[K’ [[01;35m[K-Wunused-parameter[m[K]
   44 |         json_generator& add([01;35m[Kconst std::chrono::duration<int64_t, T>& duration[m[K)
      |                             [01;35m[K~~~~~~~~~~~~~~~~~~~~~~~~~~~~~~~~~~~~~~~~~^~~~~~~~[m[K
In file included from [01m[K/home/arian/Framework/src/framework/src/main.cpp:4[m[K:
/home/arian/Framework/src/framework/include/framework/base/adjoint_parallel.hpp: In instantiation of ‘[01m[Kvoid framework::base::adjoint_parallel_openmp(const std::vector<T>&, const std::vector<T>&, std::vector<T>&, const framework::settings&) [with T = int][m[K’:
[01m[K/home/arian/Framework/src/framework/include/framework/base/adjoint_parallel.hpp:196:40:[m[K   required from ‘[01m[Kvoid framework::base::adjoint_parallel<T>::execute(const std::vector<T>&, const std::vector<T>&, std::vector<T>&, const framework::settings&) [with T = int][m[K’
[01m[K/home/arian/Framework/src/framework/include/framework/base/adjoint_parallel.hpp:174:14:[m[K   required from here
[01m[K/home/arian/Framework/src/framework/include/framework/base/adjoint_parallel.hpp:105:24:[m[K [01;31m[Kerror: [m[Kno matching function for call to ‘[01m[KgetCofactor(const std::vector<int>&, const std::vector<int>&, int&, int&, int&, int&)[m[K’
  105 |             [01;31m[KgetCofactor(matrix_a_, matrix_b_, i, j, matrix_delimeter, matrix_delimeter)[m[K;
      |             [01;31m[K~~~~~~~~~~~^~~~~~~~~~~~~~~~~~~~~~~~~~~~~~~~~~~~~~~~~~~~~~~~~~~~~~~~~~~~~~~~[m[K
In file included from [01m[K/home/arian/Framework/src/framework/src/main.cpp:4[m[K:
[01m[K/home/arian/Framework/src/framework/include/framework/base/adjoint_parallel.hpp:22:6:[m[K [01;36m[Knote: [m[Kcandidate: ‘[01m[Ktemplate<class T> void framework::base::getCofactor(std::vector<T>&, std::vector<T>&, int, int, int, int)[m[K’
   22 | void [01;36m[KgetCofactor[m[K(std::vector<T> & A, std::vector<T> & temp, int p, int q, int n, int width)
      |      [01;36m[K^~~~~~~~~~~[m[K
[01m[K/home/arian/Framework/src/framework/include/framework/base/adjoint_parallel.hpp:22:6:[m[K [01;36m[Knote: [m[K  template argument deduction/substitution failed:
In file included from [01m[K/home/arian/Framework/src/framework/src/main.cpp:4[m[K:
[01m[K/home/arian/Framework/src/framework/include/framework/base/adjoint_parallel.hpp:105:24:[m[K [01;36m[Knote: [m[K  types ‘[01m[Kstd::vector<T>[m[K’ and ‘[01m[Kconst std::vector<int>[m[K’ have incompatible cv-qualifiers
  105 |             [01;36m[KgetCofactor(matrix_a_, matrix_b_, i, j, matrix_delimeter, matrix_delimeter)[m[K;
      |             [01;36m[K~~~~~~~~~~~^~~~~~~~~~~~~~~~~~~~~~~~~~~~~~~~~~~~~~~~~~~~~~~~~~~~~~~~~~~~~~~~[m[K
[01m[K/home/arian/Framework/src/framework/include/framework/base/adjoint_parallel.hpp:107:70:[m[K [01;31m[Kerror: [m[Kno matching function for call to ‘[01m[Kdeterminant(const std::vector<int>&, int, std::vector<int>::size_type, int&)[m[K’
  107 |             matrix_c_[j * matrix_delimeter + i] = (sign)*[01;31m[K(determinant(matrix_b_, matrix_delimeter - 1, matrix_a_.size(), matrix_delimeter))[m[K;
      |                                                          [01;31m[K~~~~~~~~~~~~^~~~~~~~~~~~~~~~~~~~~~~~~~~~~~~~~~~~~~~~~~~~~~~~~~~~~~~~~~~~~~~~~~~~~~[m[K
In file included from [01m[K/home/arian/Framework/src/framework/src/main.cpp:4[m[K:
[01m[K/home/arian/Framework/src/framework/include/framework/base/adjoint_parallel.hpp:45:3:[m[K [01;36m[Knote: [m[Kcandidate: ‘[01m[Ktemplate<class T> T framework::base::determinant(std::vector<T>&, int, int, int)[m[K’
   45 | T [01;36m[Kdeterminant[m[K(std::vector<T> & A, int n, int size, int width)
      |   [01;36m[K^~~~~~~~~~~[m[K
[01m[K/home/arian/Framework/src/framework/include/framework/base/adjoint_parallel.hpp:45:3:[m[K [01;36m[Knote: [m[K  template argument deduction/substitution failed:
In file included from [01m[K/home/arian/Framework/src/framework/src/main.cpp:4[m[K:
[01m[K/home/arian/Framework/src/framework/include/framework/base/adjoint_parallel.hpp:107:70:[m[K [01;36m[Knote: [m[K  types ‘[01m[Kstd::vector<T>[m[K’ and ‘[01m[Kconst std::vector<int>[m[K’ have incompatible cv-qualifiers
  107 |             matrix_c_[j * matrix_delimeter + i] = (sign)*[01;36m[K(determinant(matrix_b_, matrix_delimeter - 1, matrix_a_.size(), matrix_delimeter))[m[K;
      |                                                          [01;36m[K~~~~~~~~~~~~^~~~~~~~~~~~~~~~~~~~~~~~~~~~~~~~~~~~~~~~~~~~~~~~~~~~~~~~~~~~~~~~~~~~~~[m[K
/home/arian/Framework/src/framework/include/framework/base/adjoint_parallel.hpp: In instantiation of ‘[01m[Kvoid framework::base::adjoint_serial(const std::vector<T>&, const std::vector<T>&, std::vector<T>&, const framework::settings&) [with T = int][m[K’:
[01m[K/home/arian/Framework/src/framework/include/framework/base/adjoint_parallel.hpp:200:31:[m[K   required from ‘[01m[Kvoid framework::base::adjoint_parallel<T>::execute(const std::vector<T>&, const std::vector<T>&, std::vector<T>&, const framework::settings&) [with T = int][m[K’
[01m[K/home/arian/Framework/src/framework/include/framework/base/adjoint_parallel.hpp:174:14:[m[K   required from here
[01m[K/home/arian/Framework/src/framework/include/framework/base/adjoint_parallel.hpp:125:24:[m[K [01;31m[Kerror: [m[Kno matching function for call to ‘[01m[KgetCofactor(const std::vector<int>&, const std::vector<int>&, int&, int&, int&, int&)[m[K’
  125 |             [01;31m[KgetCofactor(matrix_a_, matrix_b_, i, j, matrix_delimeter, matrix_delimeter)[m[K;
      |             [01;31m[K~~~~~~~~~~~^~~~~~~~~~~~~~~~~~~~~~~~~~~~~~~~~~~~~~~~~~~~~~~~~~~~~~~~~~~~~~~~[m[K
In file included from [01m[K/home/arian/Framework/src/framework/src/main.cpp:4[m[K:
[01m[K/home/arian/Framework/src/framework/include/framework/base/adjoint_parallel.hpp:22:6:[m[K [01;36m[Knote: [m[Kcandidate: ‘[01m[Ktemplate<class T> void framework::base::getCofactor(std::vector<T>&, std::vector<T>&, int, int, int, int)[m[K’
   22 | void [01;36m[KgetCofactor[m[K(std::vector<T> & A, std::vector<T> & temp, int p, int q, int n, int width)
      |      [01;36m[K^~~~~~~~~~~[m[K
[01m[K/home/arian/Framework/src/framework/include/framework/base/adjoint_parallel.hpp:22:6:[m[K [01;36m[Knote: [m[K  template argument deduction/substitution failed:
In file included from [01m[K/home/arian/Framework/src/framework/src/main.cpp:4[m[K:
[01m[K/home/arian/Framework/src/framework/include/framework/base/adjoint_parallel.hpp:125:24:[m[K [01;36m[Knote: [m[K  types ‘[01m[Kstd::vector<T>[m[K’ and ‘[01m[Kconst std::vector<int>[m[K’ have incompatible cv-qualifiers
  125 |             [01;36m[KgetCofactor(matrix_a_, matrix_b_, i, j, matrix_delimeter, matrix_delimeter)[m[K;
      |             [01;36m[K~~~~~~~~~~~^~~~~~~~~~~~~~~~~~~~~~~~~~~~~~~~~~~~~~~~~~~~~~~~~~~~~~~~~~~~~~~~[m[K
[01m[K/home/arian/Framework/src/framework/include/framework/base/adjoint_parallel.hpp:127:70:[m[K [01;31m[Kerror: [m[Kno matching function for call to ‘[01m[Kdeterminant(const std::vector<int>&, int, std::vector<int>::size_type, int&)[m[K’
  127 |             matrix_c_[j * matrix_delimeter + i] = (sign)*[01;31m[K(determinant(matrix_b_, matrix_delimeter - 1, matrix_a_.size(), matrix_delimeter))[m[K;
      |                                                          [01;31m[K~~~~~~~~~~~~^~~~~~~~~~~~~~~~~~~~~~~~~~~~~~~~~~~~~~~~~~~~~~~~~~~~~~~~~~~~~~~~~~~~~~[m[K
In file included from [01m[K/home/arian/Framework/src/framework/src/main.cpp:4[m[K:
[01m[K/home/arian/Framework/src/framework/include/framework/base/adjoint_parallel.hpp:45:3:[m[K [01;36m[Knote: [m[Kcandidate: ‘[01m[Ktemplate<class T> T framework::base::determinant(std::vector<T>&, int, int, int)[m[K’
   45 | T [01;36m[Kdeterminant[m[K(std::vector<T> & A, int n, int size, int width)
      |   [01;36m[K^~~~~~~~~~~[m[K
[01m[K/home/arian/Framework/src/framework/include/framework/base/adjoint_parallel.hpp:45:3:[m[K [01;36m[Knote: [m[K  template argument deduction/substitution failed:
In file included from [01m[K/home/arian/Framework/src/framework/src/main.cpp:4[m[K:
[01m[K/home/arian/Framework/src/framework/include/framework/base/adjoint_parallel.hpp:127:70:[m[K [01;36m[Knote: [m[K  types ‘[01m[Kstd::vector<T>[m[K’ and ‘[01m[Kconst std::vector<int>[m[K’ have incompatible cv-qualifiers
  127 |             matrix_c_[j * matrix_delimeter + i] = (sign)*[01;36m[K(determinant(matrix_b_, matrix_delimeter - 1, matrix_a_.size(), matrix_delimeter))[m[K;
      |                                                          [01;36m[K~~~~~~~~~~~~^~~~~~~~~~~~~~~~~~~~~~~~~~~~~~~~~~~~~~~~~~~~~~~~~~~~~~~~~~~~~~~~~~~~~~[m[K
[01m[K/home/arian/Framework/src/framework/include/framework/base/adjoint_parallel.hpp:114:131:[m[K [01;35m[Kwarning: [m[Kunused parameter ‘[01m[Ksettings_[m[K’ [[01;35m[K-Wunused-parameter[m[K]
  114 | void adjoint_serial(const std::vector<T>& matrix_a_, const std::vector<T>& matrix_b_, std::vector<T>& matrix_c_, [01;35m[Kconst settings & settings_[m[K )
      |                                                                                                                  [01;35m[K~~~~~~~~~~~~~~~~~^~~~~~~~~[m[K
In file included from [01m[K/home/arian/Framework/src/framework/src/main.cpp:4[m[K:
/home/arian/Framework/src/framework/include/framework/base/adjoint_parallel.hpp: In instantiation of ‘[01m[Kvoid* framework::base::adjoint_parallel_pthread(void*) [with T = int][m[K’:
[01m[K/home/arian/Framework/src/framework/include/framework/base/adjoint_parallel.hpp:234:31:[m[K   required from ‘[01m[Kvoid framework::base::adjoint_parallel<T>::execute_pthread(const std::vector<T>&, const std::vector<T>&, std::vector<T>&, const framework::settings&) [with T = int][m[K’
[01m[K/home/arian/Framework/src/framework/include/framework/base/adjoint_parallel.hpp:205:14:[m[K   required from here
[01m[K/home/arian/Framework/src/framework/include/framework/base/adjoint_parallel.hpp:82:24:[m[K [01;31m[Kerror: [m[Kno matching function for call to ‘[01m[KgetCofactor(const std::vector<int>&, const std::vector<int>&, int&, int&, int&, int&)[m[K’
   82 |             [01;31m[KgetCofactor(iterators_->matrix_a, iterators_->matrix_b, i, j, iterators_->width, iterators_->width)[m[K;
      |             [01;31m[K~~~~~~~~~~~^~~~~~~~~~~~~~~~~~~~~~~~~~~~~~~~~~~~~~~~~~~~~~~~~~~~~~~~~~~~~~~~~~~~~~~~~~~~~~~~~~~~~~~~[m[K
[01m[K/home/arian/Framework/src/framework/include/framework/base/adjoint_parallel.hpp:22:6:[m[K [01;36m[Knote: [m[Kcandidate: ‘[01m[Ktemplate<class T> void framework::base::getCofactor(std::vector<T>&, std::vector<T>&, int, int, int, int)[m[K’
   22 | void [01;36m[KgetCofactor[m[K(std::vector<T> & A, std::vector<T> & temp, int p, int q, int n, int width)
      |      [01;36m[K^~~~~~~~~~~[m[K
[01m[K/home/arian/Framework/src/framework/include/framework/base/adjoint_parallel.hpp:22:6:[m[K [01;36m[Knote: [m[K  template argument deduction/substitution failed:
[01m[K/home/arian/Framework/src/framework/include/framework/base/adjoint_parallel.hpp:82:24:[m[K [01;36m[Knote: [m[K  types ‘[01m[Kstd::vector<T>[m[K’ and ‘[01m[Kconst std::vector<int>[m[K’ have incompatible cv-qualifiers
   82 |             [01;36m[KgetCofactor(iterators_->matrix_a, iterators_->matrix_b, i, j, iterators_->width, iterators_->width)[m[K;
      |             [01;36m[K~~~~~~~~~~~^~~~~~~~~~~~~~~~~~~~~~~~~~~~~~~~~~~~~~~~~~~~~~~~~~~~~~~~~~~~~~~~~~~~~~~~~~~~~~~~~~~~~~~~[m[K
[01m[K/home/arian/Framework/src/framework/include/framework/base/adjoint_parallel.hpp:84:82:[m[K [01;31m[Kerror: [m[Kno matching function for call to ‘[01m[Kdeterminant(const std::vector<int>&, int, int&, int&)[m[K’
   84 |             iterators_->matrix_c[j * iterators_->width + i] = (sign)*[01;31m[K(determinant(iterators_->matrix_b, iterators_->width - 1, iterators_->size, iterators_->width))[m[K;
      |                                                                      [01;31m[K~~~~~~~~~~~~^~~~~~~~~~~~~~~~~~~~~~~~~~~~~~~~~~~~~~~~~~~~~~~~~~~~~~~~~~~~~~~~~~~~~~~~~~~~~~~~~~~[m[K
[01m[K/home/arian/Framework/src/framework/include/framework/base/adjoint_parallel.hpp:45:3:[m[K [01;36m[Knote: [m[Kcandidate: ‘[01m[Ktemplate<class T> T framework::base::determinant(std::vector<T>&, int, int, int)[m[K’
   45 | T [01;36m[Kdeterminant[m[K(std::vector<T> & A, int n, int size, int width)
      |   [01;36m[K^~~~~~~~~~~[m[K
[01m[K/home/arian/Framework/src/framework/include/framework/base/adjoint_parallel.hpp:45:3:[m[K [01;36m[Knote: [m[K  template argument deduction/substitution failed:
[01m[K/home/arian/Framework/src/framework/include/framework/base/adjoint_parallel.hpp:84:82:[m[K [01;36m[Knote: [m[K  types ‘[01m[Kstd::vector<T>[m[K’ and ‘[01m[Kconst std::vector<int>[m[K’ have incompatible cv-qualifiers
   84 |             iterators_->matrix_c[j * iterators_->width + i] = (sign)*[01;36m[K(determinant(iterators_->matrix_b, iterators_->width - 1, iterators_->size, iterators_->width))[m[K;
      |                                                                      [01;36m[K~~~~~~~~~~~~^~~~~~~~~~~~~~~~~~~~~~~~~~~~~~~~~~~~~~~~~~~~~~~~~~~~~~~~~~~~~~~~~~~~~~~~~~~~~~~~~~~[m[K
make[2]: *** [CMakeFiles/main.dir/build.make:63: CMakeFiles/main.dir/src/main.cpp.o] Error 1
make[1]: *** [CMakeFiles/Makefile2:78: CMakeFiles/main.dir/all] Error 2
make: *** [Makefile:141: all] Error 2
