In file included from [01m[K/home/arian/Framework/src/framework/src/main.cpp:1[m[K:
[01m[K/home/arian/Framework/src/framework/include/framework/multiply_parallel.hpp:[m[K In member function ‘[01m[Kvoid multiply_parallel<T>::execute_openmp(const std::vector<T>&, const std::vector<T>&, std::vector<T>&, const settings&)[m[K’:
[01m[K/home/arian/Framework/src/framework/include/framework/multiply_parallel.hpp:295:50:[m[K [01;31m[Kerror: [m[K‘[01m[Kcollapse[m[K’ is not valid for ‘[01m[K#pragma omp parallel[m[K’
  295 |             #pragma omp parallel num_threads(12) [01;31m[Kcollapse[m[K(3)
      |                                                  [01;31m[K^~~~~~~~[m[K
In file included from [01m[K/home/arian/Framework/src/framework/src/main.cpp:4[m[K:
/home/arian/Framework/src/framework/include/framework/generators/generator.hpp: In instantiation of ‘[01m[Kstatic std::vector<std::vector<T> > generator::generate_inputs(std::initializer_list<int>) [with T = int][m[K’:
[01m[K/home/arian/Framework/src/framework/src/main.cpp:20:63:[m[K   required from here
[01m[K/home/arian/Framework/src/framework/include/framework/generators/generator.hpp:24:34:[m[K [01;35m[Kwarning: [m[Kcomparison of integer expressions of different signedness: ‘[01m[Kint[m[K’ and ‘[01m[Kstd::vector<int>::size_type[m[K’ {aka ‘[01m[Klong unsigned int[m[K’} [[01;35m[K-Wsign-compare[m[K]
   24 |                 for(int i = 0; i < temp.capacity(); i++)
In file included from [01m[K/home/arian/Framework/src/framework/src/main.cpp:3[m[K:
/home/arian/Framework/src/framework/include/framework/benchmark/benchmark.hpp: In instantiation of ‘[01m[Kvoid benchmark<T>::execute_all() [with K = std::ratio<1, 1000>; T = int][m[K’:
[01m[K/home/arian/Framework/src/framework/src/main.cpp:29:63:[m[K   required from here
[01m[K/home/arian/Framework/src/framework/include/framework/benchmark/benchmark.hpp:61:30:[m[K [01;35m[Kwarning: [m[Kcomparison of integer expressions of different signedness: ‘[01m[Kint[m[K’ and ‘[01m[Kstd::vector<settings>::size_type[m[K’ {aka ‘[01m[Klong unsigned int[m[K’} [[01;35m[K-Wsign-compare[m[K]
   61 |             for(int i = 0; [01;35m[Ki < settingss_.size()[m[K; i++)
      |                            [01;35m[K~~^~~~~~~~~~~~~~~~~~~[m[K
[01m[K/home/arian/Framework/src/framework/include/framework/benchmark/benchmark.hpp:70:34:[m[K [01;35m[Kwarning: [m[Kcomparison of integer expressions of different signedness: ‘[01m[Kint[m[K’ and ‘[01m[Kstd::vector<std::vector<int>, std::allocator<std::vector<int> > >::size_type[m[K’ {aka ‘[01m[Klong unsigned int[m[K’} [[01;35m[K-Wsign-compare[m[K]
   70 |                 for(int j = 0; j < inputs_a_.size(); j++)
[01m[K/home/arian/Framework/src/framework/include/framework/benchmark/benchmark.hpp:84:26:[m[K [01;35m[Kwarning: [m[Kcomparison of integer expressions of different signedness: ‘[01m[Kint[m[K’ and ‘[01m[Kstd::vector<std::vector<int>, std::allocator<std::vector<int> > >::size_type[m[K’ {aka ‘[01m[Klong unsigned int[m[K’} [[01;35m[K-Wsign-compare[m[K]
   84 |                     if([01;35m[Kj != inputs_a_.size() - 1[m[K)
      |                        [01;35m[K~~^~~~~~~~~~~~~~~~~~~~~~~[m[K
[01m[K/home/arian/Framework/src/framework/include/framework/benchmark/benchmark.hpp:92:22:[m[K [01;35m[Kwarning: [m[Kcomparison of integer expressions of different signedness: ‘[01m[Kint[m[K’ and ‘[01m[Kstd::vector<settings>::size_type[m[K’ {aka ‘[01m[Klong unsigned int[m[K’} [[01;35m[K-Wsign-compare[m[K]
   92 |                 if([01;35m[Ki == settingss_.size() - 1[m[K)
      |                    [01;35m[K~~^~~~~~~~~~~~~~~~~~~~~~~~[m[K
In file included from [01m[K/home/arian/Framework/src/framework/include/framework/benchmark/benchmark.hpp:10[m[K,
                 from [01m[K/home/arian/Framework/src/framework/src/main.cpp:3[m[K:
/home/arian/Framework/src/framework/include/framework/generators/json_generator.hpp: In instantiation of ‘[01m[Kjson_generator& json_generator::add(const std::chrono::duration<long int, T>&) [with T = std::ratio<1, 1000>][m[K’:
[01m[K/home/arian/Framework/src/framework/include/framework/benchmark/benchmark.hpp:58:29:[m[K   required from ‘[01m[Kvoid benchmark<T>::execute_all() [with K = std::ratio<1, 1000>; T = int][m[K’
[01m[K/home/arian/Framework/src/framework/src/main.cpp:29:63:[m[K   required from here
[01m[K/home/arian/Framework/src/framework/include/framework/generators/json_generator.hpp:42:70:[m[K [01;35m[Kwarning: [m[Kunused parameter ‘[01m[Kduration[m[K’ [[01;35m[K-Wunused-parameter[m[K]
   42 |         json_generator& add([01;35m[Kconst std::chrono::duration<int64_t, T>& duration[m[K)
      |                             [01;35m[K~~~~~~~~~~~~~~~~~~~~~~~~~~~~~~~~~~~~~~~~~^~~~~~~~[m[K
In file included from [01m[K/home/arian/Framework/src/framework/src/main.cpp:1[m[K:
/home/arian/Framework/src/framework/include/framework/multiply_parallel.hpp: In instantiation of ‘[01m[Kvoid multiply_parallel<T>::execute_openmp(const std::vector<T>&, const std::vector<T>&, std::vector<T>&, const settings&) [with T = int][m[K’:
[01m[K/home/arian/Framework/src/framework/include/framework/multiply_parallel.hpp:293:14:[m[K   required from here
[01m[K/home/arian/Framework/src/framework/include/framework/multiply_parallel.hpp:293:139:[m[K [01;35m[Kwarning: [m[Kunused parameter ‘[01m[Ksettings_[m[K’ [[01;35m[K-Wunused-parameter[m[K]
  293 |         void execute_openmp(const std::vector<T>& matrix_a_, const std::vector<T>& matrix_b_, std::vector<T>& matrix_c_, [01;35m[Kconst settings & settings_[m[K )
      |                                                                                                                          [01;35m[K~~~~~~~~~~~~~~~~~^~~~~~~~~[m[K
make[2]: *** [CMakeFiles/main.dir/build.make:63: CMakeFiles/main.dir/src/main.cpp.o] Error 1
make[1]: *** [CMakeFiles/Makefile2:78: CMakeFiles/main.dir/all] Error 2
make: *** [Makefile:141: all] Error 2
